[5.691s] DEBUG:colcon:Command line arguments: ['/usr/bin/colcon', 'build']
[5.691s] DEBUG:colcon:Parsed command line arguments: Namespace(log_base=None, log_level=None, verb_name='build', build_base='build', install_base='install', merge_install=False, symlink_install=False, test_result_base=None, continue_on_error=False, executor='parallel', parallel_workers=4, event_handlers=None, ignore_user_meta=False, metas=['./colcon.meta'], base_paths=['.'], packages_ignore=None, packages_ignore_regex=None, paths=None, packages_up_to=None, packages_up_to_regex=None, packages_above=None, packages_above_and_dependencies=None, packages_above_depth=None, packages_select_by_dep=None, packages_skip_by_dep=None, packages_skip_up_to=None, packages_select_build_failed=False, packages_skip_build_finished=False, packages_select_test_failures=False, packages_skip_test_passed=False, packages_select=None, packages_skip=None, packages_select_regex=None, packages_skip_regex=None, packages_start=None, packages_end=None, allow_overriding=[], cmake_args=None, cmake_target=None, cmake_target_skip_unavailable=False, cmake_clean_cache=False, cmake_clean_first=False, cmake_force_configure=False, ament_cmake_args=None, catkin_cmake_args=None, catkin_skip_building_tests=False, verb_parser=<colcon_defaults.argument_parser.defaults.DefaultArgumentsDecorator object at 0xffff874bd900>, verb_extension=<colcon_core.verb.build.BuildVerb object at 0xffff874030d0>, main=<bound method BuildVerb.main of <colcon_core.verb.build.BuildVerb object at 0xffff874030d0>>)
[6.014s] Level 1:colcon.colcon_core.package_discovery:discover_packages(colcon_meta) check parameters
[6.015s] Level 1:colcon.colcon_core.package_discovery:discover_packages(recursive) check parameters
[6.015s] Level 1:colcon.colcon_core.package_discovery:discover_packages(ignore) check parameters
[6.015s] Level 1:colcon.colcon_core.package_discovery:discover_packages(path) check parameters
[6.015s] Level 1:colcon.colcon_core.package_discovery:discover_packages(colcon_meta) discover
[6.016s] Level 1:colcon.colcon_core.package_discovery:discover_packages(recursive) discover
[6.016s] INFO:colcon.colcon_core.package_discovery:Crawling recursively for packages in '/home/burger/worren_hu_ws'
[6.016s] Level 1:colcon.colcon_core.package_identification:_identify(.) by extensions ['ignore', 'ignore_ament_install']
[6.016s] Level 1:colcon.colcon_core.package_identification:_identify(.) by extension 'ignore'
[6.017s] Level 1:colcon.colcon_core.package_identification:_identify(.) by extension 'ignore_ament_install'
[6.017s] Level 1:colcon.colcon_core.package_identification:_identify(.) by extensions ['colcon_pkg']
[6.017s] Level 1:colcon.colcon_core.package_identification:_identify(.) by extension 'colcon_pkg'
[6.018s] Level 1:colcon.colcon_core.package_identification:_identify(.) by extensions ['colcon_meta']
[6.018s] Level 1:colcon.colcon_core.package_identification:_identify(.) by extension 'colcon_meta'
[6.018s] Level 1:colcon.colcon_core.package_identification:_identify(.) by extensions ['ros']
[6.018s] Level 1:colcon.colcon_core.package_identification:_identify(.) by extension 'ros'
[6.066s] Level 1:colcon.colcon_core.package_identification:_identify(.) by extensions ['cmake', 'python']
[6.066s] Level 1:colcon.colcon_core.package_identification:_identify(.) by extension 'cmake'
[6.066s] Level 1:colcon.colcon_core.package_identification:_identify(.) by extension 'python'
[6.067s] Level 1:colcon.colcon_core.package_identification:_identify(.) by extensions ['python_setup_py']
[6.067s] Level 1:colcon.colcon_core.package_identification:_identify(.) by extension 'python_setup_py'
[6.067s] Level 1:colcon.colcon_core.package_identification:_identify(build) by extensions ['ignore', 'ignore_ament_install']
[6.068s] Level 1:colcon.colcon_core.package_identification:_identify(build) by extension 'ignore'
[6.068s] Level 1:colcon.colcon_core.package_identification:_identify(build) ignored
[6.068s] Level 1:colcon.colcon_core.package_identification:_identify(install) by extensions ['ignore', 'ignore_ament_install']
[6.069s] Level 1:colcon.colcon_core.package_identification:_identify(install) by extension 'ignore'
[6.069s] Level 1:colcon.colcon_core.package_identification:_identify(install) ignored
[6.071s] Level 1:colcon.colcon_core.package_identification:_identify(log) by extensions ['ignore', 'ignore_ament_install']
[6.071s] Level 1:colcon.colcon_core.package_identification:_identify(log) by extension 'ignore'
[6.071s] Level 1:colcon.colcon_core.package_identification:_identify(log) ignored
[6.072s] Level 1:colcon.colcon_core.package_identification:_identify(src) by extensions ['ignore', 'ignore_ament_install']
[6.073s] Level 1:colcon.colcon_core.package_identification:_identify(src) by extension 'ignore'
[6.073s] Level 1:colcon.colcon_core.package_identification:_identify(src) by extension 'ignore_ament_install'
[6.073s] Level 1:colcon.colcon_core.package_identification:_identify(src) by extensions ['colcon_pkg']
[6.073s] Level 1:colcon.colcon_core.package_identification:_identify(src) by extension 'colcon_pkg'
[6.074s] Level 1:colcon.colcon_core.package_identification:_identify(src) by extensions ['colcon_meta']
[6.074s] Level 1:colcon.colcon_core.package_identification:_identify(src) by extension 'colcon_meta'
[6.074s] Level 1:colcon.colcon_core.package_identification:_identify(src) by extensions ['ros']
[6.074s] Level 1:colcon.colcon_core.package_identification:_identify(src) by extension 'ros'
[6.074s] Level 1:colcon.colcon_core.package_identification:_identify(src) by extensions ['cmake', 'python']
[6.075s] Level 1:colcon.colcon_core.package_identification:_identify(src) by extension 'cmake'
[6.075s] Level 1:colcon.colcon_core.package_identification:_identify(src) by extension 'python'
[6.075s] Level 1:colcon.colcon_core.package_identification:_identify(src) by extensions ['python_setup_py']
[6.075s] Level 1:colcon.colcon_core.package_identification:_identify(src) by extension 'python_setup_py'
[6.076s] Level 1:colcon.colcon_core.package_identification:_identify(src/follow_objects) by extensions ['ignore', 'ignore_ament_install']
[6.076s] Level 1:colcon.colcon_core.package_identification:_identify(src/follow_objects) by extension 'ignore'
[6.077s] Level 1:colcon.colcon_core.package_identification:_identify(src/follow_objects) by extension 'ignore_ament_install'
[6.077s] Level 1:colcon.colcon_core.package_identification:_identify(src/follow_objects) by extensions ['colcon_pkg']
[6.077s] Level 1:colcon.colcon_core.package_identification:_identify(src/follow_objects) by extension 'colcon_pkg'
[6.077s] Level 1:colcon.colcon_core.package_identification:_identify(src/follow_objects) by extensions ['colcon_meta']
[6.077s] Level 1:colcon.colcon_core.package_identification:_identify(src/follow_objects) by extension 'colcon_meta'
[6.078s] Level 1:colcon.colcon_core.package_identification:_identify(src/follow_objects) by extensions ['ros']
[6.078s] Level 1:colcon.colcon_core.package_identification:_identify(src/follow_objects) by extension 'ros'
[6.091s] DEBUG:colcon.colcon_core.package_identification:Package 'src/follow_objects' with type 'ros.ament_python' and name 'follow_objects'
[6.097s] Level 1:colcon.colcon_core.package_identification:_identify(src/navigate_to_goal) by extensions ['ignore', 'ignore_ament_install']
[6.097s] Level 1:colcon.colcon_core.package_identification:_identify(src/navigate_to_goal) by extension 'ignore'
[6.097s] Level 1:colcon.colcon_core.package_identification:_identify(src/navigate_to_goal) by extension 'ignore_ament_install'
[6.098s] Level 1:colcon.colcon_core.package_identification:_identify(src/navigate_to_goal) by extensions ['colcon_pkg']
[6.098s] Level 1:colcon.colcon_core.package_identification:_identify(src/navigate_to_goal) by extension 'colcon_pkg'
[6.098s] Level 1:colcon.colcon_core.package_identification:_identify(src/navigate_to_goal) by extensions ['colcon_meta']
[6.098s] Level 1:colcon.colcon_core.package_identification:_identify(src/navigate_to_goal) by extension 'colcon_meta'
[6.098s] Level 1:colcon.colcon_core.package_identification:_identify(src/navigate_to_goal) by extensions ['ros']
[6.098s] Level 1:colcon.colcon_core.package_identification:_identify(src/navigate_to_goal) by extension 'ros'
[6.102s] DEBUG:colcon.colcon_core.package_identification:Package 'src/navigate_to_goal' with type 'ros.ament_python' and name 'navigate_to_goal'
[6.104s] Level 1:colcon.colcon_core.package_identification:_identify(src/py_pubsub) by extensions ['ignore', 'ignore_ament_install']
[6.104s] Level 1:colcon.colcon_core.package_identification:_identify(src/py_pubsub) by extension 'ignore'
[6.105s] Level 1:colcon.colcon_core.package_identification:_identify(src/py_pubsub) by extension 'ignore_ament_install'
[6.105s] Level 1:colcon.colcon_core.package_identification:_identify(src/py_pubsub) by extensions ['colcon_pkg']
[6.105s] Level 1:colcon.colcon_core.package_identification:_identify(src/py_pubsub) by extension 'colcon_pkg'
[6.105s] Level 1:colcon.colcon_core.package_identification:_identify(src/py_pubsub) by extensions ['colcon_meta']
[6.105s] Level 1:colcon.colcon_core.package_identification:_identify(src/py_pubsub) by extension 'colcon_meta'
[6.106s] Level 1:colcon.colcon_core.package_identification:_identify(src/py_pubsub) by extensions ['ros']
[6.106s] Level 1:colcon.colcon_core.package_identification:_identify(src/py_pubsub) by extension 'ros'
[6.109s] DEBUG:colcon.colcon_core.package_identification:Package 'src/py_pubsub' with type 'ros.ament_python' and name 'py_pubsub'
[6.115s] Level 1:colcon.colcon_core.package_identification:_identify(src/teamwh_object_follower) by extensions ['ignore', 'ignore_ament_install']
[6.115s] Level 1:colcon.colcon_core.package_identification:_identify(src/teamwh_object_follower) by extension 'ignore'
[6.116s] Level 1:colcon.colcon_core.package_identification:_identify(src/teamwh_object_follower) by extension 'ignore_ament_install'
[6.116s] Level 1:colcon.colcon_core.package_identification:_identify(src/teamwh_object_follower) by extensions ['colcon_pkg']
[6.116s] Level 1:colcon.colcon_core.package_identification:_identify(src/teamwh_object_follower) by extension 'colcon_pkg'
[6.117s] Level 1:colcon.colcon_core.package_identification:_identify(src/teamwh_object_follower) by extensions ['colcon_meta']
[6.117s] Level 1:colcon.colcon_core.package_identification:_identify(src/teamwh_object_follower) by extension 'colcon_meta'
[6.117s] Level 1:colcon.colcon_core.package_identification:_identify(src/teamwh_object_follower) by extensions ['ros']
[6.117s] Level 1:colcon.colcon_core.package_identification:_identify(src/teamwh_object_follower) by extension 'ros'
[6.122s] DEBUG:colcon.colcon_core.package_identification:Package 'src/teamwh_object_follower' with type 'ros.ament_python' and name 'teamwh_object_follower'
[6.123s] Level 1:colcon.colcon_core.package_discovery:discover_packages(recursive) using defaults
[6.123s] Level 1:colcon.colcon_core.package_discovery:discover_packages(ignore) discover
[6.123s] Level 1:colcon.colcon_core.package_discovery:discover_packages(ignore) using defaults
[6.123s] Level 1:colcon.colcon_core.package_discovery:discover_packages(path) discover
[6.123s] Level 1:colcon.colcon_core.package_discovery:discover_packages(path) using defaults
[6.589s] Level 1:colcon.colcon_core.package_discovery:discover_packages(prefix_path) check parameters
[6.589s] Level 1:colcon.colcon_core.package_discovery:discover_packages(prefix_path) discover
[6.745s] DEBUG:colcon.colcon_installed_package_information.package_discovery:Found 8 installed packages in /home/burger/dontTouch_ws/install
[6.818s] DEBUG:colcon.colcon_installed_package_information.package_discovery:Found 244 installed packages in /opt/ros/humble
[6.824s] Level 1:colcon.colcon_core.package_discovery:discover_packages(prefix_path) using defaults
[7.260s] Level 5:colcon.colcon_core.verb:set package 'follow_objects' build argument 'cmake_args' from command line to 'None'
[7.260s] Level 5:colcon.colcon_core.verb:set package 'follow_objects' build argument 'cmake_target' from command line to 'None'
[7.261s] Level 5:colcon.colcon_core.verb:set package 'follow_objects' build argument 'cmake_target_skip_unavailable' from command line to 'False'
[7.261s] Level 5:colcon.colcon_core.verb:set package 'follow_objects' build argument 'cmake_clean_cache' from command line to 'False'
[7.261s] Level 5:colcon.colcon_core.verb:set package 'follow_objects' build argument 'cmake_clean_first' from command line to 'False'
[7.261s] Level 5:colcon.colcon_core.verb:set package 'follow_objects' build argument 'cmake_force_configure' from command line to 'False'
[7.261s] Level 5:colcon.colcon_core.verb:set package 'follow_objects' build argument 'ament_cmake_args' from command line to 'None'
[7.261s] Level 5:colcon.colcon_core.verb:set package 'follow_objects' build argument 'catkin_cmake_args' from command line to 'None'
[7.261s] Level 5:colcon.colcon_core.verb:set package 'follow_objects' build argument 'catkin_skip_building_tests' from command line to 'False'
[7.261s] DEBUG:colcon.colcon_core.verb:Building package 'follow_objects' with the following arguments: {'ament_cmake_args': None, 'build_base': '/home/burger/worren_hu_ws/build/follow_objects', 'catkin_cmake_args': None, 'catkin_skip_building_tests': False, 'cmake_args': None, 'cmake_clean_cache': False, 'cmake_clean_first': False, 'cmake_force_configure': False, 'cmake_target': None, 'cmake_target_skip_unavailable': False, 'install_base': '/home/burger/worren_hu_ws/install/follow_objects', 'merge_install': False, 'path': '/home/burger/worren_hu_ws/src/follow_objects', 'symlink_install': False, 'test_result_base': None}
[7.328s] Level 5:colcon.colcon_core.verb:set package 'navigate_to_goal' build argument 'cmake_args' from command line to 'None'
[7.328s] Level 5:colcon.colcon_core.verb:set package 'navigate_to_goal' build argument 'cmake_target' from command line to 'None'
[7.328s] Level 5:colcon.colcon_core.verb:set package 'navigate_to_goal' build argument 'cmake_target_skip_unavailable' from command line to 'False'
[7.328s] Level 5:colcon.colcon_core.verb:set package 'navigate_to_goal' build argument 'cmake_clean_cache' from command line to 'False'
[7.328s] Level 5:colcon.colcon_core.verb:set package 'navigate_to_goal' build argument 'cmake_clean_first' from command line to 'False'
[7.328s] Level 5:colcon.colcon_core.verb:set package 'navigate_to_goal' build argument 'cmake_force_configure' from command line to 'False'
[7.328s] Level 5:colcon.colcon_core.verb:set package 'navigate_to_goal' build argument 'ament_cmake_args' from command line to 'None'
[7.328s] Level 5:colcon.colcon_core.verb:set package 'navigate_to_goal' build argument 'catkin_cmake_args' from command line to 'None'
[7.329s] Level 5:colcon.colcon_core.verb:set package 'navigate_to_goal' build argument 'catkin_skip_building_tests' from command line to 'False'
[7.329s] DEBUG:colcon.colcon_core.verb:Building package 'navigate_to_goal' with the following arguments: {'ament_cmake_args': None, 'build_base': '/home/burger/worren_hu_ws/build/navigate_to_goal', 'catkin_cmake_args': None, 'catkin_skip_building_tests': False, 'cmake_args': None, 'cmake_clean_cache': False, 'cmake_clean_first': False, 'cmake_force_configure': False, 'cmake_target': None, 'cmake_target_skip_unavailable': False, 'install_base': '/home/burger/worren_hu_ws/install/navigate_to_goal', 'merge_install': False, 'path': '/home/burger/worren_hu_ws/src/navigate_to_goal', 'symlink_install': False, 'test_result_base': None}
[7.403s] Level 5:colcon.colcon_core.verb:set package 'py_pubsub' build argument 'cmake_args' from command line to 'None'
[7.403s] Level 5:colcon.colcon_core.verb:set package 'py_pubsub' build argument 'cmake_target' from command line to 'None'
[7.403s] Level 5:colcon.colcon_core.verb:set package 'py_pubsub' build argument 'cmake_target_skip_unavailable' from command line to 'False'
[7.403s] Level 5:colcon.colcon_core.verb:set package 'py_pubsub' build argument 'cmake_clean_cache' from command line to 'False'
[7.404s] Level 5:colcon.colcon_core.verb:set package 'py_pubsub' build argument 'cmake_clean_first' from command line to 'False'
[7.404s] Level 5:colcon.colcon_core.verb:set package 'py_pubsub' build argument 'cmake_force_configure' from command line to 'False'
[7.404s] Level 5:colcon.colcon_core.verb:set package 'py_pubsub' build argument 'ament_cmake_args' from command line to 'None'
[7.404s] Level 5:colcon.colcon_core.verb:set package 'py_pubsub' build argument 'catkin_cmake_args' from command line to 'None'
[7.404s] Level 5:colcon.colcon_core.verb:set package 'py_pubsub' build argument 'catkin_skip_building_tests' from command line to 'False'
[7.404s] DEBUG:colcon.colcon_core.verb:Building package 'py_pubsub' with the following arguments: {'ament_cmake_args': None, 'build_base': '/home/burger/worren_hu_ws/build/py_pubsub', 'catkin_cmake_args': None, 'catkin_skip_building_tests': False, 'cmake_args': None, 'cmake_clean_cache': False, 'cmake_clean_first': False, 'cmake_force_configure': False, 'cmake_target': None, 'cmake_target_skip_unavailable': False, 'install_base': '/home/burger/worren_hu_ws/install/py_pubsub', 'merge_install': False, 'path': '/home/burger/worren_hu_ws/src/py_pubsub', 'symlink_install': False, 'test_result_base': None}
[7.471s] Level 5:colcon.colcon_core.verb:set package 'teamwh_object_follower' build argument 'cmake_args' from command line to 'None'
[7.471s] Level 5:colcon.colcon_core.verb:set package 'teamwh_object_follower' build argument 'cmake_target' from command line to 'None'
[7.471s] Level 5:colcon.colcon_core.verb:set package 'teamwh_object_follower' build argument 'cmake_target_skip_unavailable' from command line to 'False'
[7.472s] Level 5:colcon.colcon_core.verb:set package 'teamwh_object_follower' build argument 'cmake_clean_cache' from command line to 'False'
[7.472s] Level 5:colcon.colcon_core.verb:set package 'teamwh_object_follower' build argument 'cmake_clean_first' from command line to 'False'
[7.472s] Level 5:colcon.colcon_core.verb:set package 'teamwh_object_follower' build argument 'cmake_force_configure' from command line to 'False'
[7.472s] Level 5:colcon.colcon_core.verb:set package 'teamwh_object_follower' build argument 'ament_cmake_args' from command line to 'None'
[7.472s] Level 5:colcon.colcon_core.verb:set package 'teamwh_object_follower' build argument 'catkin_cmake_args' from command line to 'None'
[7.472s] Level 5:colcon.colcon_core.verb:set package 'teamwh_object_follower' build argument 'catkin_skip_building_tests' from command line to 'False'
[7.472s] DEBUG:colcon.colcon_core.verb:Building package 'teamwh_object_follower' with the following arguments: {'ament_cmake_args': None, 'build_base': '/home/burger/worren_hu_ws/build/teamwh_object_follower', 'catkin_cmake_args': None, 'catkin_skip_building_tests': False, 'cmake_args': None, 'cmake_clean_cache': False, 'cmake_clean_first': False, 'cmake_force_configure': False, 'cmake_target': None, 'cmake_target_skip_unavailable': False, 'install_base': '/home/burger/worren_hu_ws/install/teamwh_object_follower', 'merge_install': False, 'path': '/home/burger/worren_hu_ws/src/teamwh_object_follower', 'symlink_install': False, 'test_result_base': None}
[7.537s] INFO:colcon.colcon_core.executor:Executing jobs using 'parallel' executor
[7.612s] DEBUG:colcon.colcon_parallel_executor.executor.parallel:run_until_complete
[7.614s] INFO:colcon.colcon_ros.task.ament_python.build:Building ROS package in '/home/burger/worren_hu_ws/src/follow_objects' with build type 'ament_python'
[7.614s] Level 1:colcon.colcon_core.shell:create_environment_hook('follow_objects', 'ament_prefix_path')
[7.709s] INFO:colcon.colcon_core.plugin_system:Skipping extension 'colcon_core.shell.bat': Not used on non-Windows systems
[7.710s] INFO:colcon.colcon_core.shell:Creating environment hook '/home/burger/worren_hu_ws/install/follow_objects/share/follow_objects/hook/ament_prefix_path.ps1'
[7.720s] INFO:colcon.colcon_core.shell:Creating environment descriptor '/home/burger/worren_hu_ws/install/follow_objects/share/follow_objects/hook/ament_prefix_path.dsv'
[7.724s] INFO:colcon.colcon_core.shell:Creating environment hook '/home/burger/worren_hu_ws/install/follow_objects/share/follow_objects/hook/ament_prefix_path.sh'
[7.804s] INFO:colcon.colcon_core.shell:Skip shell extension 'powershell' for command environment: Not usable outside of PowerShell
[7.804s] DEBUG:colcon.colcon_core.shell:Skip shell extension 'dsv' for command environment
[8.032s] INFO:colcon.colcon_ros.task.ament_python.build:Building ROS package in '/home/burger/worren_hu_ws/src/navigate_to_goal' with build type 'ament_python'
[8.032s] Level 1:colcon.colcon_core.shell:create_environment_hook('navigate_to_goal', 'ament_prefix_path')
[8.107s] INFO:colcon.colcon_core.shell:Creating environment hook '/home/burger/worren_hu_ws/install/navigate_to_goal/share/navigate_to_goal/hook/ament_prefix_path.ps1'
[8.112s] INFO:colcon.colcon_core.shell:Creating environment descriptor '/home/burger/worren_hu_ws/install/navigate_to_goal/share/navigate_to_goal/hook/ament_prefix_path.dsv'
[8.113s] INFO:colcon.colcon_core.shell:Creating environment hook '/home/burger/worren_hu_ws/install/navigate_to_goal/share/navigate_to_goal/hook/ament_prefix_path.sh'
[8.182s] INFO:colcon.colcon_core.shell:Skip shell extension 'powershell' for command environment: Not usable outside of PowerShell
[8.183s] DEBUG:colcon.colcon_core.shell:Skip shell extension 'dsv' for command environment
[8.406s] INFO:colcon.colcon_ros.task.ament_python.build:Building ROS package in '/home/burger/worren_hu_ws/src/py_pubsub' with build type 'ament_python'
[8.407s] Level 1:colcon.colcon_core.shell:create_environment_hook('py_pubsub', 'ament_prefix_path')
[8.482s] INFO:colcon.colcon_core.shell:Creating environment hook '/home/burger/worren_hu_ws/install/py_pubsub/share/py_pubsub/hook/ament_prefix_path.ps1'
[8.488s] INFO:colcon.colcon_core.shell:Creating environment descriptor '/home/burger/worren_hu_ws/install/py_pubsub/share/py_pubsub/hook/ament_prefix_path.dsv'
[8.490s] INFO:colcon.colcon_core.shell:Creating environment hook '/home/burger/worren_hu_ws/install/py_pubsub/share/py_pubsub/hook/ament_prefix_path.sh'
[8.558s] INFO:colcon.colcon_core.shell:Skip shell extension 'powershell' for command environment: Not usable outside of PowerShell
[8.558s] DEBUG:colcon.colcon_core.shell:Skip shell extension 'dsv' for command environment
[8.826s] INFO:colcon.colcon_ros.task.ament_python.build:Building ROS package in '/home/burger/worren_hu_ws/src/teamwh_object_follower' with build type 'ament_python'
[8.827s] Level 1:colcon.colcon_core.shell:create_environment_hook('teamwh_object_follower', 'ament_prefix_path')
[8.898s] INFO:colcon.colcon_core.shell:Creating environment hook '/home/burger/worren_hu_ws/install/teamwh_object_follower/share/teamwh_object_follower/hook/ament_prefix_path.ps1'
[8.903s] INFO:colcon.colcon_core.shell:Creating environment descriptor '/home/burger/worren_hu_ws/install/teamwh_object_follower/share/teamwh_object_follower/hook/ament_prefix_path.dsv'
[8.905s] INFO:colcon.colcon_core.shell:Creating environment hook '/home/burger/worren_hu_ws/install/teamwh_object_follower/share/teamwh_object_follower/hook/ament_prefix_path.sh'
[8.978s] INFO:colcon.colcon_core.shell:Skip shell extension 'powershell' for command environment: Not usable outside of PowerShell
[8.978s] DEBUG:colcon.colcon_core.shell:Skip shell extension 'dsv' for command environment
[12.155s] INFO:colcon.colcon_core.task.python.build:Building Python package in '/home/burger/worren_hu_ws/src/follow_objects'
[12.231s] INFO:colcon.colcon_core.shell:Skip shell extension 'powershell' for command environment: Not usable outside of PowerShell
[12.231s] DEBUG:colcon.colcon_core.shell:Skip shell extension 'dsv' for command environment
[13.854s] INFO:colcon.colcon_core.task.python.build:Building Python package in '/home/burger/worren_hu_ws/src/navigate_to_goal'
[13.922s] INFO:colcon.colcon_core.shell:Skip shell extension 'powershell' for command environment: Not usable outside of PowerShell
[13.923s] DEBUG:colcon.colcon_core.shell:Skip shell extension 'dsv' for command environment
[15.742s] INFO:colcon.colcon_core.task.python.build:Building Python package in '/home/burger/worren_hu_ws/src/py_pubsub'
[15.821s] INFO:colcon.colcon_core.shell:Skip shell extension 'powershell' for command environment: Not usable outside of PowerShell
[15.821s] DEBUG:colcon.colcon_core.shell:Skip shell extension 'dsv' for command environment
[17.425s] INFO:colcon.colcon_core.task.python.build:Building Python package in '/home/burger/worren_hu_ws/src/teamwh_object_follower'
[17.492s] INFO:colcon.colcon_core.shell:Skip shell extension 'powershell' for command environment: Not usable outside of PowerShell
[17.492s] DEBUG:colcon.colcon_core.shell:Skip shell extension 'dsv' for command environment
[24.638s] DEBUG:colcon.colcon_core.event_handler.log_command:Invoking command in '/home/burger/worren_hu_ws/src/follow_objects': PYTHONPATH=/home/burger/worren_hu_ws/build/follow_objects/prefix_override:/home/burger/worren_hu_ws/install/follow_objects/lib/python3.10/site-packages:${PYTHONPATH} /usr/bin/python3 setup.py egg_info --egg-base ../../build/follow_objects build --build-base /home/burger/worren_hu_ws/build/follow_objects/build install --record /home/burger/worren_hu_ws/build/follow_objects/install.log --single-version-externally-managed
[24.792s] DEBUG:colcon.colcon_core.event_handler.log_command:Invoking command in '/home/burger/worren_hu_ws/src/py_pubsub': PYTHONPATH=/home/burger/worren_hu_ws/build/py_pubsub/prefix_override:/home/burger/worren_hu_ws/install/py_pubsub/lib/python3.10/site-packages:${PYTHONPATH} /usr/bin/python3 setup.py egg_info --egg-base ../../build/py_pubsub build --build-base /home/burger/worren_hu_ws/build/py_pubsub/build install --record /home/burger/worren_hu_ws/build/py_pubsub/install.log --single-version-externally-managed
[24.844s] DEBUG:colcon.colcon_core.event_handler.log_command:Invoking command in '/home/burger/worren_hu_ws/build/navigate_to_goal': PYTHONPATH=/home/burger/worren_hu_ws/build/navigate_to_goal/prefix_override:/home/burger/worren_hu_ws/install/navigate_to_goal/lib/python3.10/site-packages:${PYTHONPATH} /usr/bin/python3 setup.py develop --uninstall --editable --build-directory /home/burger/worren_hu_ws/build/navigate_to_goal/build
[24.876s] DEBUG:colcon.colcon_core.event_handler.log_command:Invoking command in '/home/burger/worren_hu_ws/src/teamwh_object_follower': PYTHONPATH=/home/burger/worren_hu_ws/build/teamwh_object_follower/prefix_override:/home/burger/worren_hu_ws/install/teamwh_object_follower/lib/python3.10/site-packages:${PYTHONPATH} /usr/bin/python3 setup.py egg_info --egg-base ../../build/teamwh_object_follower build --build-base /home/burger/worren_hu_ws/build/teamwh_object_follower/build install --record /home/burger/worren_hu_ws/build/teamwh_object_follower/install.log --single-version-externally-managed
[27.860s] DEBUG:colcon.colcon_core.event_handler.log_command:Invoked command in '/home/burger/worren_hu_ws/src/teamwh_object_follower' returned '0': PYTHONPATH=/home/burger/worren_hu_ws/build/teamwh_object_follower/prefix_override:/home/burger/worren_hu_ws/install/teamwh_object_follower/lib/python3.10/site-packages:${PYTHONPATH} /usr/bin/python3 setup.py egg_info --egg-base ../../build/teamwh_object_follower build --build-base /home/burger/worren_hu_ws/build/teamwh_object_follower/build install --record /home/burger/worren_hu_ws/build/teamwh_object_follower/install.log --single-version-externally-managed
[28.260s] Level 1:colcon.colcon_core.environment:checking '/home/burger/worren_hu_ws/install/teamwh_object_follower' for CMake module files
[28.263s] Level 1:colcon.colcon_core.environment:checking '/home/burger/worren_hu_ws/install/teamwh_object_follower' for CMake config files
[28.292s] Level 1:colcon.colcon_core.environment:checking '/home/burger/worren_hu_ws/install/teamwh_object_follower/lib'
[28.293s] Level 1:colcon.colcon_core.environment:checking '/home/burger/worren_hu_ws/install/teamwh_object_follower/bin'
[28.294s] Level 1:colcon.colcon_core.environment:checking '/home/burger/worren_hu_ws/install/teamwh_object_follower/lib/pkgconfig/teamwh_object_follower.pc'
[28.295s] Level 1:colcon.colcon_core.environment:checking '/home/burger/worren_hu_ws/install/teamwh_object_follower/lib/python3.10/site-packages'
[28.296s] Level 1:colcon.colcon_core.shell:create_environment_hook('teamwh_object_follower', 'pythonpath')
[28.557s] INFO:colcon.colcon_core.shell:Creating environment hook '/home/burger/worren_hu_ws/install/teamwh_object_follower/share/teamwh_object_follower/hook/pythonpath.ps1'
[28.565s] INFO:colcon.colcon_core.shell:Creating environment descriptor '/home/burger/worren_hu_ws/install/teamwh_object_follower/share/teamwh_object_follower/hook/pythonpath.dsv'
[28.569s] INFO:colcon.colcon_core.shell:Creating environment hook '/home/burger/worren_hu_ws/install/teamwh_object_follower/share/teamwh_object_follower/hook/pythonpath.sh'
[28.586s] Level 1:colcon.colcon_core.environment:checking '/home/burger/worren_hu_ws/install/teamwh_object_follower/bin'
[28.586s] Level 1:colcon.colcon_core.environment:create_environment_scripts_only(teamwh_object_follower)
[28.748s] INFO:colcon.colcon_core.shell:Creating package script '/home/burger/worren_hu_ws/install/teamwh_object_follower/share/teamwh_object_follower/package.ps1'
[28.896s] INFO:colcon.colcon_core.shell:Creating package descriptor '/home/burger/worren_hu_ws/install/teamwh_object_follower/share/teamwh_object_follower/package.dsv'
[29.029s] INFO:colcon.colcon_core.shell:Creating package script '/home/burger/worren_hu_ws/install/teamwh_object_follower/share/teamwh_object_follower/package.sh'
[29.111s] INFO:colcon.colcon_core.shell:Creating package script '/home/burger/worren_hu_ws/install/teamwh_object_follower/share/teamwh_object_follower/package.bash'
[29.197s] INFO:colcon.colcon_core.shell:Creating package script '/home/burger/worren_hu_ws/install/teamwh_object_follower/share/teamwh_object_follower/package.zsh'
[29.288s] Level 1:colcon.colcon_core.environment:create_file_with_runtime_dependencies(/home/burger/worren_hu_ws/install/teamwh_object_follower/share/colcon-core/packages/teamwh_object_follower)
[29.303s] DEBUG:colcon.colcon_core.event_handler.log_command:Invoked command in '/home/burger/worren_hu_ws/src/follow_objects' returned '0': PYTHONPATH=/home/burger/worren_hu_ws/build/follow_objects/prefix_override:/home/burger/worren_hu_ws/install/follow_objects/lib/python3.10/site-packages:${PYTHONPATH} /usr/bin/python3 setup.py egg_info --egg-base ../../build/follow_objects build --build-base /home/burger/worren_hu_ws/build/follow_objects/build install --record /home/burger/worren_hu_ws/build/follow_objects/install.log --single-version-externally-managed
[29.466s] Level 1:colcon.colcon_core.environment:checking '/home/burger/worren_hu_ws/install/follow_objects' for CMake module files
[29.469s] Level 1:colcon.colcon_core.environment:checking '/home/burger/worren_hu_ws/install/follow_objects' for CMake config files
[29.476s] Level 1:colcon.colcon_core.environment:checking '/home/burger/worren_hu_ws/install/follow_objects/lib'
[29.476s] Level 1:colcon.colcon_core.environment:checking '/home/burger/worren_hu_ws/install/follow_objects/bin'
[29.476s] Level 1:colcon.colcon_core.environment:checking '/home/burger/worren_hu_ws/install/follow_objects/lib/pkgconfig/follow_objects.pc'
[29.478s] Level 1:colcon.colcon_core.environment:checking '/home/burger/worren_hu_ws/install/follow_objects/lib/python3.10/site-packages'
[29.478s] Level 1:colcon.colcon_core.shell:create_environment_hook('follow_objects', 'pythonpath')
[29.589s] INFO:colcon.colcon_core.shell:Creating environment hook '/home/burger/worren_hu_ws/install/follow_objects/share/follow_objects/hook/pythonpath.ps1'
[29.591s] INFO:colcon.colcon_core.shell:Creating environment descriptor '/home/burger/worren_hu_ws/install/follow_objects/share/follow_objects/hook/pythonpath.dsv'
[29.593s] INFO:colcon.colcon_core.shell:Creating environment hook '/home/burger/worren_hu_ws/install/follow_objects/share/follow_objects/hook/pythonpath.sh'
[29.596s] Level 1:colcon.colcon_core.environment:checking '/home/burger/worren_hu_ws/install/follow_objects/bin'
[29.596s] Level 1:colcon.colcon_core.environment:create_environment_scripts_only(follow_objects)
[29.687s] INFO:colcon.colcon_core.shell:Creating package script '/home/burger/worren_hu_ws/install/follow_objects/share/follow_objects/package.ps1'
[29.690s] INFO:colcon.colcon_core.shell:Creating package descriptor '/home/burger/worren_hu_ws/install/follow_objects/share/follow_objects/package.dsv'
[29.693s] INFO:colcon.colcon_core.shell:Creating package script '/home/burger/worren_hu_ws/install/follow_objects/share/follow_objects/package.sh'
[29.695s] INFO:colcon.colcon_core.shell:Creating package script '/home/burger/worren_hu_ws/install/follow_objects/share/follow_objects/package.bash'
[29.698s] INFO:colcon.colcon_core.shell:Creating package script '/home/burger/worren_hu_ws/install/follow_objects/share/follow_objects/package.zsh'
[29.700s] Level 1:colcon.colcon_core.environment:create_file_with_runtime_dependencies(/home/burger/worren_hu_ws/install/follow_objects/share/colcon-core/packages/follow_objects)
[29.704s] DEBUG:colcon.colcon_core.event_handler.log_command:Invoked command in '/home/burger/worren_hu_ws/src/py_pubsub' returned '0': PYTHONPATH=/home/burger/worren_hu_ws/build/py_pubsub/prefix_override:/home/burger/worren_hu_ws/install/py_pubsub/lib/python3.10/site-packages:${PYTHONPATH} /usr/bin/python3 setup.py egg_info --egg-base ../../build/py_pubsub build --build-base /home/burger/worren_hu_ws/build/py_pubsub/build install --record /home/burger/worren_hu_ws/build/py_pubsub/install.log --single-version-externally-managed
[29.787s] Level 1:colcon.colcon_core.environment:checking '/home/burger/worren_hu_ws/install/py_pubsub' for CMake module files
[29.789s] Level 1:colcon.colcon_core.environment:checking '/home/burger/worren_hu_ws/install/py_pubsub' for CMake config files
[29.890s] Level 1:colcon.colcon_core.environment:checking '/home/burger/worren_hu_ws/install/py_pubsub/lib'
[29.891s] Level 1:colcon.colcon_core.environment:checking '/home/burger/worren_hu_ws/install/py_pubsub/bin'
[29.892s] Level 1:colcon.colcon_core.environment:checking '/home/burger/worren_hu_ws/install/py_pubsub/lib/pkgconfig/py_pubsub.pc'
[29.894s] Level 1:colcon.colcon_core.environment:checking '/home/burger/worren_hu_ws/install/py_pubsub/lib/python3.10/site-packages'
[29.895s] Level 1:colcon.colcon_core.shell:create_environment_hook('py_pubsub', 'pythonpath')
[30.096s] INFO:colcon.colcon_core.shell:Creating environment hook '/home/burger/worren_hu_ws/install/py_pubsub/share/py_pubsub/hook/pythonpath.ps1'
[30.100s] INFO:colcon.colcon_core.shell:Creating environment descriptor '/home/burger/worren_hu_ws/install/py_pubsub/share/py_pubsub/hook/pythonpath.dsv'
[30.103s] INFO:colcon.colcon_core.shell:Creating environment hook '/home/burger/worren_hu_ws/install/py_pubsub/share/py_pubsub/hook/pythonpath.sh'
[30.106s] Level 1:colcon.colcon_core.environment:checking '/home/burger/worren_hu_ws/install/py_pubsub/bin'
[30.107s] Level 1:colcon.colcon_core.environment:create_environment_scripts_only(py_pubsub)
[30.203s] INFO:colcon.colcon_core.shell:Creating package script '/home/burger/worren_hu_ws/install/py_pubsub/share/py_pubsub/package.ps1'
[30.205s] INFO:colcon.colcon_core.shell:Creating package descriptor '/home/burger/worren_hu_ws/install/py_pubsub/share/py_pubsub/package.dsv'
[30.208s] INFO:colcon.colcon_core.shell:Creating package script '/home/burger/worren_hu_ws/install/py_pubsub/share/py_pubsub/package.sh'
[30.211s] INFO:colcon.colcon_core.shell:Creating package script '/home/burger/worren_hu_ws/install/py_pubsub/share/py_pubsub/package.bash'
[30.213s] INFO:colcon.colcon_core.shell:Creating package script '/home/burger/worren_hu_ws/install/py_pubsub/share/py_pubsub/package.zsh'
[30.215s] Level 1:colcon.colcon_core.environment:create_file_with_runtime_dependencies(/home/burger/worren_hu_ws/install/py_pubsub/share/colcon-core/packages/py_pubsub)
[30.628s] DEBUG:colcon.colcon_core.event_handler.log_command:Invoked command in '/home/burger/worren_hu_ws/build/navigate_to_goal' returned '0': PYTHONPATH=/home/burger/worren_hu_ws/build/navigate_to_goal/prefix_override:/home/burger/worren_hu_ws/install/navigate_to_goal/lib/python3.10/site-packages:${PYTHONPATH} /usr/bin/python3 setup.py develop --uninstall --editable --build-directory /home/burger/worren_hu_ws/build/navigate_to_goal/build
[30.632s] DEBUG:colcon.colcon_core.event_handler.log_command:Invoking command in '/home/burger/worren_hu_ws/src/navigate_to_goal': PYTHONPATH=/home/burger/worren_hu_ws/build/navigate_to_goal/prefix_override:/home/burger/worren_hu_ws/install/navigate_to_goal/lib/python3.10/site-packages:${PYTHONPATH} /usr/bin/python3 setup.py egg_info --egg-base ../../build/navigate_to_goal build --build-base /home/burger/worren_hu_ws/build/navigate_to_goal/build install --record /home/burger/worren_hu_ws/build/navigate_to_goal/install.log --single-version-externally-managed
[32.934s] DEBUG:colcon.colcon_core.event_handler.log_command:Invoked command in '/home/burger/worren_hu_ws/src/navigate_to_goal' returned '0': PYTHONPATH=/home/burger/worren_hu_ws/build/navigate_to_goal/prefix_override:/home/burger/worren_hu_ws/install/navigate_to_goal/lib/python3.10/site-packages:${PYTHONPATH} /usr/bin/python3 setup.py egg_info --egg-base ../../build/navigate_to_goal build --build-base /home/burger/worren_hu_ws/build/navigate_to_goal/build install --record /home/burger/worren_hu_ws/build/navigate_to_goal/install.log --single-version-externally-managed
[33.015s] Level 1:colcon.colcon_core.environment:checking '/home/burger/worren_hu_ws/install/navigate_to_goal' for CMake module files
[33.017s] Level 1:colcon.colcon_core.environment:checking '/home/burger/worren_hu_ws/install/navigate_to_goal' for CMake config files
[33.023s] Level 1:colcon.colcon_core.environment:checking '/home/burger/worren_hu_ws/install/navigate_to_goal/lib'
[33.024s] Level 1:colcon.colcon_core.environment:checking '/home/burger/worren_hu_ws/install/navigate_to_goal/bin'
[33.024s] Level 1:colcon.colcon_core.environment:checking '/home/burger/worren_hu_ws/install/navigate_to_goal/lib/pkgconfig/navigate_to_goal.pc'
[33.025s] Level 1:colcon.colcon_core.environment:checking '/home/burger/worren_hu_ws/install/navigate_to_goal/lib/python3.10/site-packages'
[33.026s] Level 1:colcon.colcon_core.shell:create_environment_hook('navigate_to_goal', 'pythonpath')
[33.116s] INFO:colcon.colcon_core.shell:Creating environment hook '/home/burger/worren_hu_ws/install/navigate_to_goal/share/navigate_to_goal/hook/pythonpath.ps1'
[33.121s] INFO:colcon.colcon_core.shell:Creating environment descriptor '/home/burger/worren_hu_ws/install/navigate_to_goal/share/navigate_to_goal/hook/pythonpath.dsv'
[33.125s] INFO:colcon.colcon_core.shell:Creating environment hook '/home/burger/worren_hu_ws/install/navigate_to_goal/share/navigate_to_goal/hook/pythonpath.sh'
[33.129s] Level 1:colcon.colcon_core.environment:checking '/home/burger/worren_hu_ws/install/navigate_to_goal/bin'
[33.131s] Level 1:colcon.colcon_core.environment:create_environment_scripts_only(navigate_to_goal)
[33.230s] INFO:colcon.colcon_core.shell:Creating package script '/home/burger/worren_hu_ws/install/navigate_to_goal/share/navigate_to_goal/package.ps1'
[33.233s] INFO:colcon.colcon_core.shell:Creating package descriptor '/home/burger/worren_hu_ws/install/navigate_to_goal/share/navigate_to_goal/package.dsv'
[33.235s] INFO:colcon.colcon_core.shell:Creating package script '/home/burger/worren_hu_ws/install/navigate_to_goal/share/navigate_to_goal/package.sh'
[33.238s] INFO:colcon.colcon_core.shell:Creating package script '/home/burger/worren_hu_ws/install/navigate_to_goal/share/navigate_to_goal/package.bash'
[33.240s] INFO:colcon.colcon_core.shell:Creating package script '/home/burger/worren_hu_ws/install/navigate_to_goal/share/navigate_to_goal/package.zsh'
[33.243s] Level 1:colcon.colcon_core.environment:create_file_with_runtime_dependencies(/home/burger/worren_hu_ws/install/navigate_to_goal/share/colcon-core/packages/navigate_to_goal)
[33.247s] DEBUG:colcon.colcon_parallel_executor.executor.parallel:closing loop
[33.248s] DEBUG:colcon.colcon_parallel_executor.executor.parallel:loop closed
[33.249s] DEBUG:colcon.colcon_parallel_executor.executor.parallel:run_until_complete finished with '0'
[33.249s] DEBUG:colcon.colcon_core.event_reactor:joining thread
[33.455s] INFO:colcon.colcon_core.plugin_system:Skipping extension 'colcon_notification.desktop_notification.notify_send': Could not find 'notify-send'
[33.455s] INFO:colcon.colcon_core.plugin_system:Skipping extension 'colcon_notification.desktop_notification.terminal_notifier': Not used on non-Darwin systems
[33.456s] INFO:colcon.colcon_core.plugin_system:Skipping extension 'colcon_notification.desktop_notification.win32': Not used on non-Windows systems
[33.456s] INFO:colcon.colcon_notification.desktop_notification:Sending desktop notification using 'notify2'
[33.459s] DEBUG:colcon.colcon_notification.desktop_notification.notify2:Failed to initialize notify2: org.freedesktop.DBus.Error.ServiceUnknown: The name org.freedesktop.Notifications was not provided by any .service files
[33.460s] DEBUG:colcon.colcon_core.event_reactor:joined thread
[33.564s] INFO:colcon.colcon_core.shell:Creating prefix script '/home/burger/worren_hu_ws/install/local_setup.ps1'
[33.571s] INFO:colcon.colcon_core.shell:Creating prefix util module '/home/burger/worren_hu_ws/install/_local_setup_util_ps1.py'
[33.580s] INFO:colcon.colcon_core.shell:Creating prefix chain script '/home/burger/worren_hu_ws/install/setup.ps1'
[33.683s] INFO:colcon.colcon_core.shell:Creating prefix script '/home/burger/worren_hu_ws/install/local_setup.sh'
[33.689s] INFO:colcon.colcon_core.shell:Creating prefix util module '/home/burger/worren_hu_ws/install/_local_setup_util_sh.py'
[33.692s] INFO:colcon.colcon_core.shell:Creating prefix chain script '/home/burger/worren_hu_ws/install/setup.sh'
[33.779s] INFO:colcon.colcon_core.shell:Creating prefix script '/home/burger/worren_hu_ws/install/local_setup.bash'
[33.784s] INFO:colcon.colcon_core.shell:Creating prefix chain script '/home/burger/worren_hu_ws/install/setup.bash'
[33.880s] INFO:colcon.colcon_core.shell:Creating prefix script '/home/burger/worren_hu_ws/install/local_setup.zsh'
[33.885s] INFO:colcon.colcon_core.shell:Creating prefix chain script '/home/burger/worren_hu_ws/install/setup.zsh'
