[4.698s] DEBUG:colcon:Command line arguments: ['/usr/bin/colcon', 'build', '--packages-select', 'teamwh_object_follower']
[4.698s] DEBUG:colcon:Parsed command line arguments: Namespace(log_base=None, log_level=None, verb_name='build', build_base='build', install_base='install', merge_install=False, symlink_install=False, test_result_base=None, continue_on_error=False, executor='parallel', parallel_workers=4, event_handlers=None, ignore_user_meta=False, metas=['./colcon.meta'], base_paths=['.'], packages_ignore=None, packages_ignore_regex=None, paths=None, packages_up_to=None, packages_up_to_regex=None, packages_above=None, packages_above_and_dependencies=None, packages_above_depth=None, packages_select_by_dep=None, packages_skip_by_dep=None, packages_skip_up_to=None, packages_select_build_failed=False, packages_skip_build_finished=False, packages_select_test_failures=False, packages_skip_test_passed=False, packages_select=['teamwh_object_follower'], packages_skip=None, packages_select_regex=None, packages_skip_regex=None, packages_start=None, packages_end=None, allow_overriding=[], cmake_args=None, cmake_target=None, cmake_target_skip_unavailable=False, cmake_clean_cache=False, cmake_clean_first=False, cmake_force_configure=False, ament_cmake_args=None, catkin_cmake_args=None, catkin_skip_building_tests=False, verb_parser=<colcon_defaults.argument_parser.defaults.DefaultArgumentsDecorator object at 0xffffa2885900>, verb_extension=<colcon_core.verb.build.BuildVerb object at 0xffffa27ce500>, main=<bound method BuildVerb.main of <colcon_core.verb.build.BuildVerb object at 0xffffa27ce500>>)
[4.909s] Level 1:colcon.colcon_core.package_discovery:discover_packages(colcon_meta) check parameters
[4.909s] Level 1:colcon.colcon_core.package_discovery:discover_packages(recursive) check parameters
[4.909s] Level 1:colcon.colcon_core.package_discovery:discover_packages(ignore) check parameters
[4.909s] Level 1:colcon.colcon_core.package_discovery:discover_packages(path) check parameters
[4.909s] Level 1:colcon.colcon_core.package_discovery:discover_packages(colcon_meta) discover
[4.910s] Level 1:colcon.colcon_core.package_discovery:discover_packages(recursive) discover
[4.910s] INFO:colcon.colcon_core.package_discovery:Crawling recursively for packages in '/home/burger/worren_hu_ws'
[4.910s] Level 1:colcon.colcon_core.package_identification:_identify(.) by extensions ['ignore', 'ignore_ament_install']
[4.911s] Level 1:colcon.colcon_core.package_identification:_identify(.) by extension 'ignore'
[4.911s] Level 1:colcon.colcon_core.package_identification:_identify(.) by extension 'ignore_ament_install'
[4.911s] Level 1:colcon.colcon_core.package_identification:_identify(.) by extensions ['colcon_pkg']
[4.911s] Level 1:colcon.colcon_core.package_identification:_identify(.) by extension 'colcon_pkg'
[4.912s] Level 1:colcon.colcon_core.package_identification:_identify(.) by extensions ['colcon_meta']
[4.912s] Level 1:colcon.colcon_core.package_identification:_identify(.) by extension 'colcon_meta'
[4.912s] Level 1:colcon.colcon_core.package_identification:_identify(.) by extensions ['ros']
[4.912s] Level 1:colcon.colcon_core.package_identification:_identify(.) by extension 'ros'
[4.959s] Level 1:colcon.colcon_core.package_identification:_identify(.) by extensions ['cmake', 'python']
[4.959s] Level 1:colcon.colcon_core.package_identification:_identify(.) by extension 'cmake'
[4.959s] Level 1:colcon.colcon_core.package_identification:_identify(.) by extension 'python'
[4.959s] Level 1:colcon.colcon_core.package_identification:_identify(.) by extensions ['python_setup_py']
[4.959s] Level 1:colcon.colcon_core.package_identification:_identify(.) by extension 'python_setup_py'
[4.960s] Level 1:colcon.colcon_core.package_identification:_identify(build) by extensions ['ignore', 'ignore_ament_install']
[4.960s] Level 1:colcon.colcon_core.package_identification:_identify(build) by extension 'ignore'
[4.961s] Level 1:colcon.colcon_core.package_identification:_identify(build) ignored
[4.961s] Level 1:colcon.colcon_core.package_identification:_identify(install) by extensions ['ignore', 'ignore_ament_install']
[4.962s] Level 1:colcon.colcon_core.package_identification:_identify(install) by extension 'ignore'
[4.962s] Level 1:colcon.colcon_core.package_identification:_identify(install) ignored
[4.963s] Level 1:colcon.colcon_core.package_identification:_identify(log) by extensions ['ignore', 'ignore_ament_install']
[4.964s] Level 1:colcon.colcon_core.package_identification:_identify(log) by extension 'ignore'
[4.964s] Level 1:colcon.colcon_core.package_identification:_identify(log) ignored
[4.964s] Level 1:colcon.colcon_core.package_identification:_identify(src) by extensions ['ignore', 'ignore_ament_install']
[4.965s] Level 1:colcon.colcon_core.package_identification:_identify(src) by extension 'ignore'
[4.965s] Level 1:colcon.colcon_core.package_identification:_identify(src) by extension 'ignore_ament_install'
[4.965s] Level 1:colcon.colcon_core.package_identification:_identify(src) by extensions ['colcon_pkg']
[4.965s] Level 1:colcon.colcon_core.package_identification:_identify(src) by extension 'colcon_pkg'
[4.965s] Level 1:colcon.colcon_core.package_identification:_identify(src) by extensions ['colcon_meta']
[4.965s] Level 1:colcon.colcon_core.package_identification:_identify(src) by extension 'colcon_meta'
[4.966s] Level 1:colcon.colcon_core.package_identification:_identify(src) by extensions ['ros']
[4.966s] Level 1:colcon.colcon_core.package_identification:_identify(src) by extension 'ros'
[4.966s] Level 1:colcon.colcon_core.package_identification:_identify(src) by extensions ['cmake', 'python']
[4.966s] Level 1:colcon.colcon_core.package_identification:_identify(src) by extension 'cmake'
[4.966s] Level 1:colcon.colcon_core.package_identification:_identify(src) by extension 'python'
[4.967s] Level 1:colcon.colcon_core.package_identification:_identify(src) by extensions ['python_setup_py']
[4.967s] Level 1:colcon.colcon_core.package_identification:_identify(src) by extension 'python_setup_py'
[4.967s] Level 1:colcon.colcon_core.package_identification:_identify(src/follow_objects) by extensions ['ignore', 'ignore_ament_install']
[4.968s] Level 1:colcon.colcon_core.package_identification:_identify(src/follow_objects) by extension 'ignore'
[4.968s] Level 1:colcon.colcon_core.package_identification:_identify(src/follow_objects) by extension 'ignore_ament_install'
[4.968s] Level 1:colcon.colcon_core.package_identification:_identify(src/follow_objects) by extensions ['colcon_pkg']
[4.968s] Level 1:colcon.colcon_core.package_identification:_identify(src/follow_objects) by extension 'colcon_pkg'
[4.969s] Level 1:colcon.colcon_core.package_identification:_identify(src/follow_objects) by extensions ['colcon_meta']
[4.969s] Level 1:colcon.colcon_core.package_identification:_identify(src/follow_objects) by extension 'colcon_meta'
[4.969s] Level 1:colcon.colcon_core.package_identification:_identify(src/follow_objects) by extensions ['ros']
[4.969s] Level 1:colcon.colcon_core.package_identification:_identify(src/follow_objects) by extension 'ros'
[4.978s] DEBUG:colcon.colcon_core.package_identification:Package 'src/follow_objects' with type 'ros.ament_python' and name 'follow_objects'
[4.978s] Level 1:colcon.colcon_core.package_identification:_identify(src/py_pubsub) by extensions ['ignore', 'ignore_ament_install']
[4.979s] Level 1:colcon.colcon_core.package_identification:_identify(src/py_pubsub) by extension 'ignore'
[4.979s] Level 1:colcon.colcon_core.package_identification:_identify(src/py_pubsub) by extension 'ignore_ament_install'
[4.979s] Level 1:colcon.colcon_core.package_identification:_identify(src/py_pubsub) by extensions ['colcon_pkg']
[4.980s] Level 1:colcon.colcon_core.package_identification:_identify(src/py_pubsub) by extension 'colcon_pkg'
[4.980s] Level 1:colcon.colcon_core.package_identification:_identify(src/py_pubsub) by extensions ['colcon_meta']
[4.980s] Level 1:colcon.colcon_core.package_identification:_identify(src/py_pubsub) by extension 'colcon_meta'
[4.980s] Level 1:colcon.colcon_core.package_identification:_identify(src/py_pubsub) by extensions ['ros']
[4.980s] Level 1:colcon.colcon_core.package_identification:_identify(src/py_pubsub) by extension 'ros'
[4.982s] DEBUG:colcon.colcon_core.package_identification:Package 'src/py_pubsub' with type 'ros.ament_python' and name 'py_pubsub'
[4.983s] Level 1:colcon.colcon_core.package_identification:_identify(src/teamwh_object_follower) by extensions ['ignore', 'ignore_ament_install']
[4.983s] Level 1:colcon.colcon_core.package_identification:_identify(src/teamwh_object_follower) by extension 'ignore'
[4.983s] Level 1:colcon.colcon_core.package_identification:_identify(src/teamwh_object_follower) by extension 'ignore_ament_install'
[4.984s] Level 1:colcon.colcon_core.package_identification:_identify(src/teamwh_object_follower) by extensions ['colcon_pkg']
[4.984s] Level 1:colcon.colcon_core.package_identification:_identify(src/teamwh_object_follower) by extension 'colcon_pkg'
[4.984s] Level 1:colcon.colcon_core.package_identification:_identify(src/teamwh_object_follower) by extensions ['colcon_meta']
[4.984s] Level 1:colcon.colcon_core.package_identification:_identify(src/teamwh_object_follower) by extension 'colcon_meta'
[4.985s] Level 1:colcon.colcon_core.package_identification:_identify(src/teamwh_object_follower) by extensions ['ros']
[4.985s] Level 1:colcon.colcon_core.package_identification:_identify(src/teamwh_object_follower) by extension 'ros'
[4.987s] DEBUG:colcon.colcon_core.package_identification:Package 'src/teamwh_object_follower' with type 'ros.ament_python' and name 'teamwh_object_follower'
[4.988s] Level 1:colcon.colcon_core.package_discovery:discover_packages(recursive) using defaults
[4.988s] Level 1:colcon.colcon_core.package_discovery:discover_packages(ignore) discover
[4.988s] Level 1:colcon.colcon_core.package_discovery:discover_packages(ignore) using defaults
[4.988s] Level 1:colcon.colcon_core.package_discovery:discover_packages(path) discover
[4.988s] Level 1:colcon.colcon_core.package_discovery:discover_packages(path) using defaults
[5.271s] INFO:colcon.colcon_core.package_selection:Skipping not selected package 'follow_objects' in 'src/follow_objects'
[5.272s] INFO:colcon.colcon_core.package_selection:Skipping not selected package 'py_pubsub' in 'src/py_pubsub'
[5.417s] Level 1:colcon.colcon_core.package_discovery:discover_packages(prefix_path) check parameters
[5.417s] Level 1:colcon.colcon_core.package_discovery:discover_packages(prefix_path) discover
[5.563s] DEBUG:colcon.colcon_installed_package_information.package_discovery:Found 8 installed packages in /home/burger/dontTouch_ws/install
[5.633s] DEBUG:colcon.colcon_installed_package_information.package_discovery:Found 244 installed packages in /opt/ros/humble
[5.638s] Level 1:colcon.colcon_core.package_discovery:discover_packages(prefix_path) using defaults
[6.031s] Level 5:colcon.colcon_core.verb:set package 'teamwh_object_follower' build argument 'cmake_args' from command line to 'None'
[6.031s] Level 5:colcon.colcon_core.verb:set package 'teamwh_object_follower' build argument 'cmake_target' from command line to 'None'
[6.031s] Level 5:colcon.colcon_core.verb:set package 'teamwh_object_follower' build argument 'cmake_target_skip_unavailable' from command line to 'False'
[6.032s] Level 5:colcon.colcon_core.verb:set package 'teamwh_object_follower' build argument 'cmake_clean_cache' from command line to 'False'
[6.032s] Level 5:colcon.colcon_core.verb:set package 'teamwh_object_follower' build argument 'cmake_clean_first' from command line to 'False'
[6.032s] Level 5:colcon.colcon_core.verb:set package 'teamwh_object_follower' build argument 'cmake_force_configure' from command line to 'False'
[6.032s] Level 5:colcon.colcon_core.verb:set package 'teamwh_object_follower' build argument 'ament_cmake_args' from command line to 'None'
[6.032s] Level 5:colcon.colcon_core.verb:set package 'teamwh_object_follower' build argument 'catkin_cmake_args' from command line to 'None'
[6.032s] Level 5:colcon.colcon_core.verb:set package 'teamwh_object_follower' build argument 'catkin_skip_building_tests' from command line to 'False'
[6.032s] DEBUG:colcon.colcon_core.verb:Building package 'teamwh_object_follower' with the following arguments: {'ament_cmake_args': None, 'build_base': '/home/burger/worren_hu_ws/build/teamwh_object_follower', 'catkin_cmake_args': None, 'catkin_skip_building_tests': False, 'cmake_args': None, 'cmake_clean_cache': False, 'cmake_clean_first': False, 'cmake_force_configure': False, 'cmake_target': None, 'cmake_target_skip_unavailable': False, 'install_base': '/home/burger/worren_hu_ws/install/teamwh_object_follower', 'merge_install': False, 'path': '/home/burger/worren_hu_ws/src/teamwh_object_follower', 'symlink_install': False, 'test_result_base': None}
[6.102s] INFO:colcon.colcon_core.executor:Executing jobs using 'parallel' executor
[6.169s] DEBUG:colcon.colcon_parallel_executor.executor.parallel:run_until_complete
[6.170s] INFO:colcon.colcon_ros.task.ament_python.build:Building ROS package in '/home/burger/worren_hu_ws/src/teamwh_object_follower' with build type 'ament_python'
[6.172s] Level 1:colcon.colcon_core.shell:create_environment_hook('teamwh_object_follower', 'ament_prefix_path')
[6.249s] INFO:colcon.colcon_core.plugin_system:Skipping extension 'colcon_core.shell.bat': Not used on non-Windows systems
[6.250s] INFO:colcon.colcon_core.shell:Creating environment hook '/home/burger/worren_hu_ws/install/teamwh_object_follower/share/teamwh_object_follower/hook/ament_prefix_path.ps1'
[6.253s] INFO:colcon.colcon_core.shell:Creating environment descriptor '/home/burger/worren_hu_ws/install/teamwh_object_follower/share/teamwh_object_follower/hook/ament_prefix_path.dsv'
[6.255s] INFO:colcon.colcon_core.shell:Creating environment hook '/home/burger/worren_hu_ws/install/teamwh_object_follower/share/teamwh_object_follower/hook/ament_prefix_path.sh'
[6.326s] INFO:colcon.colcon_core.shell:Skip shell extension 'powershell' for command environment: Not usable outside of PowerShell
[6.326s] DEBUG:colcon.colcon_core.shell:Skip shell extension 'dsv' for command environment
[7.895s] INFO:colcon.colcon_core.task.python.build:Building Python package in '/home/burger/worren_hu_ws/src/teamwh_object_follower'
[7.961s] INFO:colcon.colcon_core.shell:Skip shell extension 'powershell' for command environment: Not usable outside of PowerShell
[7.962s] DEBUG:colcon.colcon_core.shell:Skip shell extension 'dsv' for command environment
[9.978s] DEBUG:colcon.colcon_core.event_handler.log_command:Invoking command in '/home/burger/worren_hu_ws/src/teamwh_object_follower': PYTHONPATH=/home/burger/worren_hu_ws/build/teamwh_object_follower/prefix_override:/home/burger/worren_hu_ws/install/teamwh_object_follower/lib/python3.10/site-packages:${PYTHONPATH} /usr/bin/python3 setup.py egg_info --egg-base ../../build/teamwh_object_follower build --build-base /home/burger/worren_hu_ws/build/teamwh_object_follower/build install --record /home/burger/worren_hu_ws/build/teamwh_object_follower/install.log --single-version-externally-managed
[11.480s] DEBUG:colcon.colcon_core.event_handler.log_command:Invoked command in '/home/burger/worren_hu_ws/src/teamwh_object_follower' returned '0': PYTHONPATH=/home/burger/worren_hu_ws/build/teamwh_object_follower/prefix_override:/home/burger/worren_hu_ws/install/teamwh_object_follower/lib/python3.10/site-packages:${PYTHONPATH} /usr/bin/python3 setup.py egg_info --egg-base ../../build/teamwh_object_follower build --build-base /home/burger/worren_hu_ws/build/teamwh_object_follower/build install --record /home/burger/worren_hu_ws/build/teamwh_object_follower/install.log --single-version-externally-managed
[11.580s] Level 1:colcon.colcon_core.environment:checking '/home/burger/worren_hu_ws/install/teamwh_object_follower' for CMake module files
[11.582s] Level 1:colcon.colcon_core.environment:checking '/home/burger/worren_hu_ws/install/teamwh_object_follower' for CMake config files
[11.586s] Level 1:colcon.colcon_core.environment:checking '/home/burger/worren_hu_ws/install/teamwh_object_follower/lib'
[11.588s] Level 1:colcon.colcon_core.environment:checking '/home/burger/worren_hu_ws/install/teamwh_object_follower/bin'
[11.588s] Level 1:colcon.colcon_core.environment:checking '/home/burger/worren_hu_ws/install/teamwh_object_follower/lib/pkgconfig/teamwh_object_follower.pc'
[11.590s] Level 1:colcon.colcon_core.environment:checking '/home/burger/worren_hu_ws/install/teamwh_object_follower/lib/python3.10/site-packages'
[11.591s] Level 1:colcon.colcon_core.shell:create_environment_hook('teamwh_object_follower', 'pythonpath')
[11.660s] INFO:colcon.colcon_core.shell:Creating environment hook '/home/burger/worren_hu_ws/install/teamwh_object_follower/share/teamwh_object_follower/hook/pythonpath.ps1'
[11.662s] INFO:colcon.colcon_core.shell:Creating environment descriptor '/home/burger/worren_hu_ws/install/teamwh_object_follower/share/teamwh_object_follower/hook/pythonpath.dsv'
[11.663s] INFO:colcon.colcon_core.shell:Creating environment hook '/home/burger/worren_hu_ws/install/teamwh_object_follower/share/teamwh_object_follower/hook/pythonpath.sh'
[11.666s] Level 1:colcon.colcon_core.environment:checking '/home/burger/worren_hu_ws/install/teamwh_object_follower/bin'
[11.666s] Level 1:colcon.colcon_core.environment:create_environment_scripts_only(teamwh_object_follower)
[11.729s] INFO:colcon.colcon_core.shell:Creating package script '/home/burger/worren_hu_ws/install/teamwh_object_follower/share/teamwh_object_follower/package.ps1'
[11.733s] INFO:colcon.colcon_core.shell:Creating package descriptor '/home/burger/worren_hu_ws/install/teamwh_object_follower/share/teamwh_object_follower/package.dsv'
[11.736s] INFO:colcon.colcon_core.shell:Creating package script '/home/burger/worren_hu_ws/install/teamwh_object_follower/share/teamwh_object_follower/package.sh'
[11.741s] INFO:colcon.colcon_core.shell:Creating package script '/home/burger/worren_hu_ws/install/teamwh_object_follower/share/teamwh_object_follower/package.bash'
[11.745s] INFO:colcon.colcon_core.shell:Creating package script '/home/burger/worren_hu_ws/install/teamwh_object_follower/share/teamwh_object_follower/package.zsh'
[11.749s] Level 1:colcon.colcon_core.environment:create_file_with_runtime_dependencies(/home/burger/worren_hu_ws/install/teamwh_object_follower/share/colcon-core/packages/teamwh_object_follower)
[11.751s] DEBUG:colcon.colcon_parallel_executor.executor.parallel:closing loop
[11.752s] DEBUG:colcon.colcon_parallel_executor.executor.parallel:loop closed
[11.753s] DEBUG:colcon.colcon_parallel_executor.executor.parallel:run_until_complete finished with '0'
[11.754s] DEBUG:colcon.colcon_core.event_reactor:joining thread
[11.849s] INFO:colcon.colcon_core.plugin_system:Skipping extension 'colcon_notification.desktop_notification.notify_send': Could not find 'notify-send'
[11.849s] INFO:colcon.colcon_core.plugin_system:Skipping extension 'colcon_notification.desktop_notification.terminal_notifier': Not used on non-Darwin systems
[11.850s] INFO:colcon.colcon_core.plugin_system:Skipping extension 'colcon_notification.desktop_notification.win32': Not used on non-Windows systems
[11.850s] INFO:colcon.colcon_notification.desktop_notification:Sending desktop notification using 'notify2'
[11.853s] DEBUG:colcon.colcon_notification.desktop_notification.notify2:Failed to initialize notify2: org.freedesktop.DBus.Error.ServiceUnknown: The name org.freedesktop.Notifications was not provided by any .service files
[11.854s] DEBUG:colcon.colcon_core.event_reactor:joined thread
[11.966s] INFO:colcon.colcon_core.shell:Creating prefix script '/home/burger/worren_hu_ws/install/local_setup.ps1'
[11.969s] INFO:colcon.colcon_core.shell:Creating prefix util module '/home/burger/worren_hu_ws/install/_local_setup_util_ps1.py'
[11.975s] INFO:colcon.colcon_core.shell:Creating prefix chain script '/home/burger/worren_hu_ws/install/setup.ps1'
[12.049s] INFO:colcon.colcon_core.shell:Creating prefix script '/home/burger/worren_hu_ws/install/local_setup.sh'
[12.051s] INFO:colcon.colcon_core.shell:Creating prefix util module '/home/burger/worren_hu_ws/install/_local_setup_util_sh.py'
[12.053s] INFO:colcon.colcon_core.shell:Creating prefix chain script '/home/burger/worren_hu_ws/install/setup.sh'
[12.130s] INFO:colcon.colcon_core.shell:Creating prefix script '/home/burger/worren_hu_ws/install/local_setup.bash'
[12.132s] INFO:colcon.colcon_core.shell:Creating prefix chain script '/home/burger/worren_hu_ws/install/setup.bash'
[12.206s] INFO:colcon.colcon_core.shell:Creating prefix script '/home/burger/worren_hu_ws/install/local_setup.zsh'
[12.208s] INFO:colcon.colcon_core.shell:Creating prefix chain script '/home/burger/worren_hu_ws/install/setup.zsh'
