[4.989s] DEBUG:colcon:Command line arguments: ['/usr/bin/colcon', 'build', '--packages-select', 'teamwh_object_follower']
[4.989s] DEBUG:colcon:Parsed command line arguments: Namespace(log_base=None, log_level=None, verb_name='build', build_base='build', install_base='install', merge_install=False, symlink_install=False, test_result_base=None, continue_on_error=False, executor='parallel', parallel_workers=4, event_handlers=None, ignore_user_meta=False, metas=['./colcon.meta'], base_paths=['.'], packages_ignore=None, packages_ignore_regex=None, paths=None, packages_up_to=None, packages_up_to_regex=None, packages_above=None, packages_above_and_dependencies=None, packages_above_depth=None, packages_select_by_dep=None, packages_skip_by_dep=None, packages_skip_up_to=None, packages_select_build_failed=False, packages_skip_build_finished=False, packages_select_test_failures=False, packages_skip_test_passed=False, packages_select=['teamwh_object_follower'], packages_skip=None, packages_select_regex=None, packages_skip_regex=None, packages_start=None, packages_end=None, allow_overriding=[], cmake_args=None, cmake_target=None, cmake_target_skip_unavailable=False, cmake_clean_cache=False, cmake_clean_first=False, cmake_force_configure=False, ament_cmake_args=None, catkin_cmake_args=None, catkin_skip_building_tests=False, verb_parser=<colcon_defaults.argument_parser.defaults.DefaultArgumentsDecorator object at 0xffffbd105900>, verb_extension=<colcon_core.verb.build.BuildVerb object at 0xffffbd04d120>, main=<bound method BuildVerb.main of <colcon_core.verb.build.BuildVerb object at 0xffffbd04d120>>)
[5.231s] Level 1:colcon.colcon_core.package_discovery:discover_packages(colcon_meta) check parameters
[5.232s] Level 1:colcon.colcon_core.package_discovery:discover_packages(recursive) check parameters
[5.232s] Level 1:colcon.colcon_core.package_discovery:discover_packages(ignore) check parameters
[5.232s] Level 1:colcon.colcon_core.package_discovery:discover_packages(path) check parameters
[5.232s] Level 1:colcon.colcon_core.package_discovery:discover_packages(colcon_meta) discover
[5.233s] Level 1:colcon.colcon_core.package_discovery:discover_packages(recursive) discover
[5.233s] INFO:colcon.colcon_core.package_discovery:Crawling recursively for packages in '/home/burger/worren_hu_ws'
[5.233s] Level 1:colcon.colcon_core.package_identification:_identify(.) by extensions ['ignore', 'ignore_ament_install']
[5.234s] Level 1:colcon.colcon_core.package_identification:_identify(.) by extension 'ignore'
[5.234s] Level 1:colcon.colcon_core.package_identification:_identify(.) by extension 'ignore_ament_install'
[5.234s] Level 1:colcon.colcon_core.package_identification:_identify(.) by extensions ['colcon_pkg']
[5.234s] Level 1:colcon.colcon_core.package_identification:_identify(.) by extension 'colcon_pkg'
[5.235s] Level 1:colcon.colcon_core.package_identification:_identify(.) by extensions ['colcon_meta']
[5.235s] Level 1:colcon.colcon_core.package_identification:_identify(.) by extension 'colcon_meta'
[5.235s] Level 1:colcon.colcon_core.package_identification:_identify(.) by extensions ['ros']
[5.235s] Level 1:colcon.colcon_core.package_identification:_identify(.) by extension 'ros'
[5.283s] Level 1:colcon.colcon_core.package_identification:_identify(.) by extensions ['cmake', 'python']
[5.284s] Level 1:colcon.colcon_core.package_identification:_identify(.) by extension 'cmake'
[5.284s] Level 1:colcon.colcon_core.package_identification:_identify(.) by extension 'python'
[5.284s] Level 1:colcon.colcon_core.package_identification:_identify(.) by extensions ['python_setup_py']
[5.284s] Level 1:colcon.colcon_core.package_identification:_identify(.) by extension 'python_setup_py'
[5.285s] Level 1:colcon.colcon_core.package_identification:_identify(build) by extensions ['ignore', 'ignore_ament_install']
[5.285s] Level 1:colcon.colcon_core.package_identification:_identify(build) by extension 'ignore'
[5.286s] Level 1:colcon.colcon_core.package_identification:_identify(build) ignored
[5.286s] Level 1:colcon.colcon_core.package_identification:_identify(install) by extensions ['ignore', 'ignore_ament_install']
[5.287s] Level 1:colcon.colcon_core.package_identification:_identify(install) by extension 'ignore'
[5.287s] Level 1:colcon.colcon_core.package_identification:_identify(install) ignored
[5.288s] Level 1:colcon.colcon_core.package_identification:_identify(log) by extensions ['ignore', 'ignore_ament_install']
[5.289s] Level 1:colcon.colcon_core.package_identification:_identify(log) by extension 'ignore'
[5.289s] Level 1:colcon.colcon_core.package_identification:_identify(log) ignored
[5.289s] Level 1:colcon.colcon_core.package_identification:_identify(src) by extensions ['ignore', 'ignore_ament_install']
[5.290s] Level 1:colcon.colcon_core.package_identification:_identify(src) by extension 'ignore'
[5.290s] Level 1:colcon.colcon_core.package_identification:_identify(src) by extension 'ignore_ament_install'
[5.290s] Level 1:colcon.colcon_core.package_identification:_identify(src) by extensions ['colcon_pkg']
[5.290s] Level 1:colcon.colcon_core.package_identification:_identify(src) by extension 'colcon_pkg'
[5.291s] Level 1:colcon.colcon_core.package_identification:_identify(src) by extensions ['colcon_meta']
[5.291s] Level 1:colcon.colcon_core.package_identification:_identify(src) by extension 'colcon_meta'
[5.291s] Level 1:colcon.colcon_core.package_identification:_identify(src) by extensions ['ros']
[5.291s] Level 1:colcon.colcon_core.package_identification:_identify(src) by extension 'ros'
[5.291s] Level 1:colcon.colcon_core.package_identification:_identify(src) by extensions ['cmake', 'python']
[5.292s] Level 1:colcon.colcon_core.package_identification:_identify(src) by extension 'cmake'
[5.292s] Level 1:colcon.colcon_core.package_identification:_identify(src) by extension 'python'
[5.292s] Level 1:colcon.colcon_core.package_identification:_identify(src) by extensions ['python_setup_py']
[5.292s] Level 1:colcon.colcon_core.package_identification:_identify(src) by extension 'python_setup_py'
[5.293s] Level 1:colcon.colcon_core.package_identification:_identify(src/follow_objects) by extensions ['ignore', 'ignore_ament_install']
[5.293s] Level 1:colcon.colcon_core.package_identification:_identify(src/follow_objects) by extension 'ignore'
[5.294s] Level 1:colcon.colcon_core.package_identification:_identify(src/follow_objects) by extension 'ignore_ament_install'
[5.294s] Level 1:colcon.colcon_core.package_identification:_identify(src/follow_objects) by extensions ['colcon_pkg']
[5.294s] Level 1:colcon.colcon_core.package_identification:_identify(src/follow_objects) by extension 'colcon_pkg'
[5.295s] Level 1:colcon.colcon_core.package_identification:_identify(src/follow_objects) by extensions ['colcon_meta']
[5.295s] Level 1:colcon.colcon_core.package_identification:_identify(src/follow_objects) by extension 'colcon_meta'
[5.295s] Level 1:colcon.colcon_core.package_identification:_identify(src/follow_objects) by extensions ['ros']
[5.295s] Level 1:colcon.colcon_core.package_identification:_identify(src/follow_objects) by extension 'ros'
[5.307s] DEBUG:colcon.colcon_core.package_identification:Package 'src/follow_objects' with type 'ros.ament_python' and name 'follow_objects'
[5.308s] Level 1:colcon.colcon_core.package_identification:_identify(src/py_pubsub) by extensions ['ignore', 'ignore_ament_install']
[5.309s] Level 1:colcon.colcon_core.package_identification:_identify(src/py_pubsub) by extension 'ignore'
[5.309s] Level 1:colcon.colcon_core.package_identification:_identify(src/py_pubsub) by extension 'ignore_ament_install'
[5.310s] Level 1:colcon.colcon_core.package_identification:_identify(src/py_pubsub) by extensions ['colcon_pkg']
[5.311s] Level 1:colcon.colcon_core.package_identification:_identify(src/py_pubsub) by extension 'colcon_pkg'
[5.312s] Level 1:colcon.colcon_core.package_identification:_identify(src/py_pubsub) by extensions ['colcon_meta']
[5.312s] Level 1:colcon.colcon_core.package_identification:_identify(src/py_pubsub) by extension 'colcon_meta'
[5.313s] Level 1:colcon.colcon_core.package_identification:_identify(src/py_pubsub) by extensions ['ros']
[5.313s] Level 1:colcon.colcon_core.package_identification:_identify(src/py_pubsub) by extension 'ros'
[5.316s] DEBUG:colcon.colcon_core.package_identification:Package 'src/py_pubsub' with type 'ros.ament_python' and name 'py_pubsub'
[5.317s] Level 1:colcon.colcon_core.package_identification:_identify(src/teamwh_object_follower) by extensions ['ignore', 'ignore_ament_install']
[5.318s] Level 1:colcon.colcon_core.package_identification:_identify(src/teamwh_object_follower) by extension 'ignore'
[5.319s] Level 1:colcon.colcon_core.package_identification:_identify(src/teamwh_object_follower) by extension 'ignore_ament_install'
[5.320s] Level 1:colcon.colcon_core.package_identification:_identify(src/teamwh_object_follower) by extensions ['colcon_pkg']
[5.320s] Level 1:colcon.colcon_core.package_identification:_identify(src/teamwh_object_follower) by extension 'colcon_pkg'
[5.321s] Level 1:colcon.colcon_core.package_identification:_identify(src/teamwh_object_follower) by extensions ['colcon_meta']
[5.321s] Level 1:colcon.colcon_core.package_identification:_identify(src/teamwh_object_follower) by extension 'colcon_meta'
[5.322s] Level 1:colcon.colcon_core.package_identification:_identify(src/teamwh_object_follower) by extensions ['ros']
[5.322s] Level 1:colcon.colcon_core.package_identification:_identify(src/teamwh_object_follower) by extension 'ros'
[5.325s] DEBUG:colcon.colcon_core.package_identification:Package 'src/teamwh_object_follower' with type 'ros.ament_python' and name 'teamwh_object_follower'
[5.325s] Level 1:colcon.colcon_core.package_discovery:discover_packages(recursive) using defaults
[5.326s] Level 1:colcon.colcon_core.package_discovery:discover_packages(ignore) discover
[5.326s] Level 1:colcon.colcon_core.package_discovery:discover_packages(ignore) using defaults
[5.327s] Level 1:colcon.colcon_core.package_discovery:discover_packages(path) discover
[5.327s] Level 1:colcon.colcon_core.package_discovery:discover_packages(path) using defaults
[5.615s] INFO:colcon.colcon_core.package_selection:Skipping not selected package 'follow_objects' in 'src/follow_objects'
[5.615s] INFO:colcon.colcon_core.package_selection:Skipping not selected package 'py_pubsub' in 'src/py_pubsub'
[5.767s] Level 1:colcon.colcon_core.package_discovery:discover_packages(prefix_path) check parameters
[5.767s] Level 1:colcon.colcon_core.package_discovery:discover_packages(prefix_path) discover
[5.920s] DEBUG:colcon.colcon_installed_package_information.package_discovery:Found 8 installed packages in /home/burger/dontTouch_ws/install
[5.993s] DEBUG:colcon.colcon_installed_package_information.package_discovery:Found 244 installed packages in /opt/ros/humble
[5.999s] Level 1:colcon.colcon_core.package_discovery:discover_packages(prefix_path) using defaults
[6.419s] Level 5:colcon.colcon_core.verb:set package 'teamwh_object_follower' build argument 'cmake_args' from command line to 'None'
[6.419s] Level 5:colcon.colcon_core.verb:set package 'teamwh_object_follower' build argument 'cmake_target' from command line to 'None'
[6.420s] Level 5:colcon.colcon_core.verb:set package 'teamwh_object_follower' build argument 'cmake_target_skip_unavailable' from command line to 'False'
[6.420s] Level 5:colcon.colcon_core.verb:set package 'teamwh_object_follower' build argument 'cmake_clean_cache' from command line to 'False'
[6.420s] Level 5:colcon.colcon_core.verb:set package 'teamwh_object_follower' build argument 'cmake_clean_first' from command line to 'False'
[6.420s] Level 5:colcon.colcon_core.verb:set package 'teamwh_object_follower' build argument 'cmake_force_configure' from command line to 'False'
[6.420s] Level 5:colcon.colcon_core.verb:set package 'teamwh_object_follower' build argument 'ament_cmake_args' from command line to 'None'
[6.420s] Level 5:colcon.colcon_core.verb:set package 'teamwh_object_follower' build argument 'catkin_cmake_args' from command line to 'None'
[6.420s] Level 5:colcon.colcon_core.verb:set package 'teamwh_object_follower' build argument 'catkin_skip_building_tests' from command line to 'False'
[6.420s] DEBUG:colcon.colcon_core.verb:Building package 'teamwh_object_follower' with the following arguments: {'ament_cmake_args': None, 'build_base': '/home/burger/worren_hu_ws/build/teamwh_object_follower', 'catkin_cmake_args': None, 'catkin_skip_building_tests': False, 'cmake_args': None, 'cmake_clean_cache': False, 'cmake_clean_first': False, 'cmake_force_configure': False, 'cmake_target': None, 'cmake_target_skip_unavailable': False, 'install_base': '/home/burger/worren_hu_ws/install/teamwh_object_follower', 'merge_install': False, 'path': '/home/burger/worren_hu_ws/src/teamwh_object_follower', 'symlink_install': False, 'test_result_base': None}
[6.486s] INFO:colcon.colcon_core.executor:Executing jobs using 'parallel' executor
[6.556s] DEBUG:colcon.colcon_parallel_executor.executor.parallel:run_until_complete
[6.557s] INFO:colcon.colcon_ros.task.ament_python.build:Building ROS package in '/home/burger/worren_hu_ws/src/teamwh_object_follower' with build type 'ament_python'
[6.558s] Level 1:colcon.colcon_core.shell:create_environment_hook('teamwh_object_follower', 'ament_prefix_path')
[6.642s] INFO:colcon.colcon_core.plugin_system:Skipping extension 'colcon_core.shell.bat': Not used on non-Windows systems
[6.643s] INFO:colcon.colcon_core.shell:Creating environment hook '/home/burger/worren_hu_ws/install/teamwh_object_follower/share/teamwh_object_follower/hook/ament_prefix_path.ps1'
[6.646s] INFO:colcon.colcon_core.shell:Creating environment descriptor '/home/burger/worren_hu_ws/install/teamwh_object_follower/share/teamwh_object_follower/hook/ament_prefix_path.dsv'
[6.649s] INFO:colcon.colcon_core.shell:Creating environment hook '/home/burger/worren_hu_ws/install/teamwh_object_follower/share/teamwh_object_follower/hook/ament_prefix_path.sh'
[6.721s] INFO:colcon.colcon_core.shell:Skip shell extension 'powershell' for command environment: Not usable outside of PowerShell
[6.721s] DEBUG:colcon.colcon_core.shell:Skip shell extension 'dsv' for command environment
[8.349s] INFO:colcon.colcon_core.task.python.build:Building Python package in '/home/burger/worren_hu_ws/src/teamwh_object_follower'
[8.429s] INFO:colcon.colcon_core.shell:Skip shell extension 'powershell' for command environment: Not usable outside of PowerShell
[8.429s] DEBUG:colcon.colcon_core.shell:Skip shell extension 'dsv' for command environment
[10.549s] DEBUG:colcon.colcon_core.event_handler.log_command:Invoking command in '/home/burger/worren_hu_ws/src/teamwh_object_follower': PYTHONPATH=/home/burger/worren_hu_ws/build/teamwh_object_follower/prefix_override:/home/burger/worren_hu_ws/install/teamwh_object_follower/lib/python3.10/site-packages:${PYTHONPATH} /usr/bin/python3 setup.py egg_info --egg-base ../../build/teamwh_object_follower build --build-base /home/burger/worren_hu_ws/build/teamwh_object_follower/build install --record /home/burger/worren_hu_ws/build/teamwh_object_follower/install.log --single-version-externally-managed
[12.142s] DEBUG:colcon.colcon_core.event_handler.log_command:Invoked command in '/home/burger/worren_hu_ws/src/teamwh_object_follower' returned '0': PYTHONPATH=/home/burger/worren_hu_ws/build/teamwh_object_follower/prefix_override:/home/burger/worren_hu_ws/install/teamwh_object_follower/lib/python3.10/site-packages:${PYTHONPATH} /usr/bin/python3 setup.py egg_info --egg-base ../../build/teamwh_object_follower build --build-base /home/burger/worren_hu_ws/build/teamwh_object_follower/build install --record /home/burger/worren_hu_ws/build/teamwh_object_follower/install.log --single-version-externally-managed
[12.280s] Level 1:colcon.colcon_core.environment:checking '/home/burger/worren_hu_ws/install/teamwh_object_follower' for CMake module files
[12.282s] Level 1:colcon.colcon_core.environment:checking '/home/burger/worren_hu_ws/install/teamwh_object_follower' for CMake config files
[12.286s] Level 1:colcon.colcon_core.environment:checking '/home/burger/worren_hu_ws/install/teamwh_object_follower/lib'
[12.287s] Level 1:colcon.colcon_core.environment:checking '/home/burger/worren_hu_ws/install/teamwh_object_follower/bin'
[12.288s] Level 1:colcon.colcon_core.environment:checking '/home/burger/worren_hu_ws/install/teamwh_object_follower/lib/pkgconfig/teamwh_object_follower.pc'
[12.289s] Level 1:colcon.colcon_core.environment:checking '/home/burger/worren_hu_ws/install/teamwh_object_follower/lib/python3.10/site-packages'
[12.289s] Level 1:colcon.colcon_core.shell:create_environment_hook('teamwh_object_follower', 'pythonpath')
[12.361s] INFO:colcon.colcon_core.shell:Creating environment hook '/home/burger/worren_hu_ws/install/teamwh_object_follower/share/teamwh_object_follower/hook/pythonpath.ps1'
[12.364s] INFO:colcon.colcon_core.shell:Creating environment descriptor '/home/burger/worren_hu_ws/install/teamwh_object_follower/share/teamwh_object_follower/hook/pythonpath.dsv'
[12.366s] INFO:colcon.colcon_core.shell:Creating environment hook '/home/burger/worren_hu_ws/install/teamwh_object_follower/share/teamwh_object_follower/hook/pythonpath.sh'
[12.369s] Level 1:colcon.colcon_core.environment:checking '/home/burger/worren_hu_ws/install/teamwh_object_follower/bin'
[12.369s] Level 1:colcon.colcon_core.environment:create_environment_scripts_only(teamwh_object_follower)
[12.445s] INFO:colcon.colcon_core.shell:Creating package script '/home/burger/worren_hu_ws/install/teamwh_object_follower/share/teamwh_object_follower/package.ps1'
[12.449s] INFO:colcon.colcon_core.shell:Creating package descriptor '/home/burger/worren_hu_ws/install/teamwh_object_follower/share/teamwh_object_follower/package.dsv'
[12.452s] INFO:colcon.colcon_core.shell:Creating package script '/home/burger/worren_hu_ws/install/teamwh_object_follower/share/teamwh_object_follower/package.sh'
[12.455s] INFO:colcon.colcon_core.shell:Creating package script '/home/burger/worren_hu_ws/install/teamwh_object_follower/share/teamwh_object_follower/package.bash'
[12.459s] INFO:colcon.colcon_core.shell:Creating package script '/home/burger/worren_hu_ws/install/teamwh_object_follower/share/teamwh_object_follower/package.zsh'
[12.463s] Level 1:colcon.colcon_core.environment:create_file_with_runtime_dependencies(/home/burger/worren_hu_ws/install/teamwh_object_follower/share/colcon-core/packages/teamwh_object_follower)
[12.466s] DEBUG:colcon.colcon_parallel_executor.executor.parallel:closing loop
[12.467s] DEBUG:colcon.colcon_parallel_executor.executor.parallel:loop closed
[12.467s] DEBUG:colcon.colcon_parallel_executor.executor.parallel:run_until_complete finished with '0'
[12.468s] DEBUG:colcon.colcon_core.event_reactor:joining thread
[12.556s] INFO:colcon.colcon_core.plugin_system:Skipping extension 'colcon_notification.desktop_notification.notify_send': Could not find 'notify-send'
[12.557s] INFO:colcon.colcon_core.plugin_system:Skipping extension 'colcon_notification.desktop_notification.terminal_notifier': Not used on non-Darwin systems
[12.557s] INFO:colcon.colcon_core.plugin_system:Skipping extension 'colcon_notification.desktop_notification.win32': Not used on non-Windows systems
[12.557s] INFO:colcon.colcon_notification.desktop_notification:Sending desktop notification using 'notify2'
[12.561s] DEBUG:colcon.colcon_notification.desktop_notification.notify2:Failed to initialize notify2: org.freedesktop.DBus.Error.ServiceUnknown: The name org.freedesktop.Notifications was not provided by any .service files
[12.561s] DEBUG:colcon.colcon_core.event_reactor:joined thread
[12.683s] INFO:colcon.colcon_core.shell:Creating prefix script '/home/burger/worren_hu_ws/install/local_setup.ps1'
[12.687s] INFO:colcon.colcon_core.shell:Creating prefix util module '/home/burger/worren_hu_ws/install/_local_setup_util_ps1.py'
[12.692s] INFO:colcon.colcon_core.shell:Creating prefix chain script '/home/burger/worren_hu_ws/install/setup.ps1'
[12.772s] INFO:colcon.colcon_core.shell:Creating prefix script '/home/burger/worren_hu_ws/install/local_setup.sh'
[12.775s] INFO:colcon.colcon_core.shell:Creating prefix util module '/home/burger/worren_hu_ws/install/_local_setup_util_sh.py'
[12.778s] INFO:colcon.colcon_core.shell:Creating prefix chain script '/home/burger/worren_hu_ws/install/setup.sh'
[12.854s] INFO:colcon.colcon_core.shell:Creating prefix script '/home/burger/worren_hu_ws/install/local_setup.bash'
[12.856s] INFO:colcon.colcon_core.shell:Creating prefix chain script '/home/burger/worren_hu_ws/install/setup.bash'
[12.930s] INFO:colcon.colcon_core.shell:Creating prefix script '/home/burger/worren_hu_ws/install/local_setup.zsh'
[12.934s] INFO:colcon.colcon_core.shell:Creating prefix chain script '/home/burger/worren_hu_ws/install/setup.zsh'
