[4.697s] DEBUG:colcon:Command line arguments: ['/usr/bin/colcon', 'build', '--packages-select', 'py_srvcli']
[4.697s] DEBUG:colcon:Parsed command line arguments: Namespace(log_base=None, log_level=None, verb_name='build', build_base='build', install_base='install', merge_install=False, symlink_install=False, test_result_base=None, continue_on_error=False, executor='parallel', parallel_workers=4, event_handlers=None, ignore_user_meta=False, metas=['./colcon.meta'], base_paths=['.'], packages_ignore=None, packages_ignore_regex=None, paths=None, packages_up_to=None, packages_up_to_regex=None, packages_above=None, packages_above_and_dependencies=None, packages_above_depth=None, packages_select_by_dep=None, packages_skip_by_dep=None, packages_skip_up_to=None, packages_select_build_failed=False, packages_skip_build_finished=False, packages_select_test_failures=False, packages_skip_test_passed=False, packages_select=['py_srvcli'], packages_skip=None, packages_select_regex=None, packages_skip_regex=None, packages_start=None, packages_end=None, allow_overriding=[], cmake_args=None, cmake_target=None, cmake_target_skip_unavailable=False, cmake_clean_cache=False, cmake_clean_first=False, cmake_force_configure=False, ament_cmake_args=None, catkin_cmake_args=None, catkin_skip_building_tests=False, verb_parser=<colcon_defaults.argument_parser.defaults.DefaultArgumentsDecorator object at 0xffff975aa470>, verb_extension=<colcon_core.verb.build.BuildVerb object at 0xffff9779b970>, main=<bound method BuildVerb.main of <colcon_core.verb.build.BuildVerb object at 0xffff9779b970>>)
[4.959s] Level 1:colcon.colcon_core.package_discovery:discover_packages(colcon_meta) check parameters
[4.959s] Level 1:colcon.colcon_core.package_discovery:discover_packages(recursive) check parameters
[4.959s] Level 1:colcon.colcon_core.package_discovery:discover_packages(ignore) check parameters
[4.959s] Level 1:colcon.colcon_core.package_discovery:discover_packages(path) check parameters
[4.959s] Level 1:colcon.colcon_core.package_discovery:discover_packages(colcon_meta) discover
[4.960s] Level 1:colcon.colcon_core.package_discovery:discover_packages(recursive) discover
[4.960s] INFO:colcon.colcon_core.package_discovery:Crawling recursively for packages in '/home/burger/worren_hu_ws'
[4.960s] Level 1:colcon.colcon_core.package_identification:_identify(.) by extensions ['ignore', 'ignore_ament_install']
[4.961s] Level 1:colcon.colcon_core.package_identification:_identify(.) by extension 'ignore'
[4.961s] Level 1:colcon.colcon_core.package_identification:_identify(.) by extension 'ignore_ament_install'
[4.961s] Level 1:colcon.colcon_core.package_identification:_identify(.) by extensions ['colcon_pkg']
[4.961s] Level 1:colcon.colcon_core.package_identification:_identify(.) by extension 'colcon_pkg'
[4.961s] Level 1:colcon.colcon_core.package_identification:_identify(.) by extensions ['colcon_meta']
[4.961s] Level 1:colcon.colcon_core.package_identification:_identify(.) by extension 'colcon_meta'
[4.962s] Level 1:colcon.colcon_core.package_identification:_identify(.) by extensions ['ros']
[4.962s] Level 1:colcon.colcon_core.package_identification:_identify(.) by extension 'ros'
[5.023s] Level 1:colcon.colcon_core.package_identification:_identify(.) by extensions ['cmake', 'python']
[5.024s] Level 1:colcon.colcon_core.package_identification:_identify(.) by extension 'cmake'
[5.024s] Level 1:colcon.colcon_core.package_identification:_identify(.) by extension 'python'
[5.024s] Level 1:colcon.colcon_core.package_identification:_identify(.) by extensions ['python_setup_py']
[5.024s] Level 1:colcon.colcon_core.package_identification:_identify(.) by extension 'python_setup_py'
[5.025s] Level 1:colcon.colcon_core.package_identification:_identify(build) by extensions ['ignore', 'ignore_ament_install']
[5.025s] Level 1:colcon.colcon_core.package_identification:_identify(build) by extension 'ignore'
[5.025s] Level 1:colcon.colcon_core.package_identification:_identify(build) ignored
[5.026s] Level 1:colcon.colcon_core.package_identification:_identify(install) by extensions ['ignore', 'ignore_ament_install']
[5.026s] Level 1:colcon.colcon_core.package_identification:_identify(install) by extension 'ignore'
[5.027s] Level 1:colcon.colcon_core.package_identification:_identify(install) ignored
[5.027s] Level 1:colcon.colcon_core.package_identification:_identify(log) by extensions ['ignore', 'ignore_ament_install']
[5.027s] Level 1:colcon.colcon_core.package_identification:_identify(log) by extension 'ignore'
[5.028s] Level 1:colcon.colcon_core.package_identification:_identify(log) ignored
[5.028s] Level 1:colcon.colcon_core.package_identification:_identify(src) by extensions ['ignore', 'ignore_ament_install']
[5.028s] Level 1:colcon.colcon_core.package_identification:_identify(src) by extension 'ignore'
[5.028s] Level 1:colcon.colcon_core.package_identification:_identify(src) by extension 'ignore_ament_install'
[5.029s] Level 1:colcon.colcon_core.package_identification:_identify(src) by extensions ['colcon_pkg']
[5.029s] Level 1:colcon.colcon_core.package_identification:_identify(src) by extension 'colcon_pkg'
[5.029s] Level 1:colcon.colcon_core.package_identification:_identify(src) by extensions ['colcon_meta']
[5.029s] Level 1:colcon.colcon_core.package_identification:_identify(src) by extension 'colcon_meta'
[5.029s] Level 1:colcon.colcon_core.package_identification:_identify(src) by extensions ['ros']
[5.029s] Level 1:colcon.colcon_core.package_identification:_identify(src) by extension 'ros'
[5.030s] Level 1:colcon.colcon_core.package_identification:_identify(src) by extensions ['cmake', 'python']
[5.030s] Level 1:colcon.colcon_core.package_identification:_identify(src) by extension 'cmake'
[5.030s] Level 1:colcon.colcon_core.package_identification:_identify(src) by extension 'python'
[5.030s] Level 1:colcon.colcon_core.package_identification:_identify(src) by extensions ['python_setup_py']
[5.030s] Level 1:colcon.colcon_core.package_identification:_identify(src) by extension 'python_setup_py'
[5.031s] Level 1:colcon.colcon_core.package_identification:_identify(src/follow_objects) by extensions ['ignore', 'ignore_ament_install']
[5.031s] Level 1:colcon.colcon_core.package_identification:_identify(src/follow_objects) by extension 'ignore'
[5.031s] Level 1:colcon.colcon_core.package_identification:_identify(src/follow_objects) by extension 'ignore_ament_install'
[5.032s] Level 1:colcon.colcon_core.package_identification:_identify(src/follow_objects) by extensions ['colcon_pkg']
[5.032s] Level 1:colcon.colcon_core.package_identification:_identify(src/follow_objects) by extension 'colcon_pkg'
[5.032s] Level 1:colcon.colcon_core.package_identification:_identify(src/follow_objects) by extensions ['colcon_meta']
[5.032s] Level 1:colcon.colcon_core.package_identification:_identify(src/follow_objects) by extension 'colcon_meta'
[5.032s] Level 1:colcon.colcon_core.package_identification:_identify(src/follow_objects) by extensions ['ros']
[5.032s] Level 1:colcon.colcon_core.package_identification:_identify(src/follow_objects) by extension 'ros'
[5.040s] DEBUG:colcon.colcon_core.package_identification:Package 'src/follow_objects' with type 'ros.ament_python' and name 'follow_objects'
[5.041s] Level 1:colcon.colcon_core.package_identification:_identify(src/py_srvcli) by extensions ['ignore', 'ignore_ament_install']
[5.041s] Level 1:colcon.colcon_core.package_identification:_identify(src/py_srvcli) by extension 'ignore'
[5.042s] Level 1:colcon.colcon_core.package_identification:_identify(src/py_srvcli) by extension 'ignore_ament_install'
[5.042s] Level 1:colcon.colcon_core.package_identification:_identify(src/py_srvcli) by extensions ['colcon_pkg']
[5.042s] Level 1:colcon.colcon_core.package_identification:_identify(src/py_srvcli) by extension 'colcon_pkg'
[5.042s] Level 1:colcon.colcon_core.package_identification:_identify(src/py_srvcli) by extensions ['colcon_meta']
[5.042s] Level 1:colcon.colcon_core.package_identification:_identify(src/py_srvcli) by extension 'colcon_meta'
[5.043s] Level 1:colcon.colcon_core.package_identification:_identify(src/py_srvcli) by extensions ['ros']
[5.043s] Level 1:colcon.colcon_core.package_identification:_identify(src/py_srvcli) by extension 'ros'
[5.046s] DEBUG:colcon.colcon_core.package_identification:Package 'src/py_srvcli' with type 'ros.ament_python' and name 'py_srvcli'
[5.046s] Level 1:colcon.colcon_core.package_identification:_identify(src/raspicam_node) by extensions ['ignore', 'ignore_ament_install']
[5.047s] Level 1:colcon.colcon_core.package_identification:_identify(src/raspicam_node) by extension 'ignore'
[5.047s] Level 1:colcon.colcon_core.package_identification:_identify(src/raspicam_node) by extension 'ignore_ament_install'
[5.047s] Level 1:colcon.colcon_core.package_identification:_identify(src/raspicam_node) by extensions ['colcon_pkg']
[5.047s] Level 1:colcon.colcon_core.package_identification:_identify(src/raspicam_node) by extension 'colcon_pkg'
[5.048s] Level 1:colcon.colcon_core.package_identification:_identify(src/raspicam_node) by extensions ['colcon_meta']
[5.048s] Level 1:colcon.colcon_core.package_identification:_identify(src/raspicam_node) by extension 'colcon_meta'
[5.048s] Level 1:colcon.colcon_core.package_identification:_identify(src/raspicam_node) by extensions ['ros']
[5.048s] Level 1:colcon.colcon_core.package_identification:_identify(src/raspicam_node) by extension 'ros'
[5.052s] DEBUG:colcon.colcon_core.package_identification:Package 'src/raspicam_node' with type 'ros.catkin' and name 'raspicam_node'
[5.053s] Level 1:colcon.colcon_core.package_discovery:discover_packages(recursive) using defaults
[5.053s] Level 1:colcon.colcon_core.package_discovery:discover_packages(ignore) discover
[5.053s] Level 1:colcon.colcon_core.package_discovery:discover_packages(ignore) using defaults
[5.053s] Level 1:colcon.colcon_core.package_discovery:discover_packages(path) discover
[5.053s] Level 1:colcon.colcon_core.package_discovery:discover_packages(path) using defaults
[5.346s] INFO:colcon.colcon_core.package_selection:Skipping not selected package 'follow_objects' in 'src/follow_objects'
[5.346s] INFO:colcon.colcon_core.package_selection:Skipping not selected package 'raspicam_node' in 'src/raspicam_node'
[5.485s] Level 1:colcon.colcon_core.package_discovery:discover_packages(prefix_path) check parameters
[5.485s] Level 1:colcon.colcon_core.package_discovery:discover_packages(prefix_path) discover
[5.635s] DEBUG:colcon.colcon_installed_package_information.package_discovery:Found 8 installed packages in /home/burger/dontTouch_ws/install
[5.711s] DEBUG:colcon.colcon_installed_package_information.package_discovery:Found 244 installed packages in /opt/ros/humble
[5.716s] Level 1:colcon.colcon_core.package_discovery:discover_packages(prefix_path) using defaults
[6.060s] Level 5:colcon.colcon_core.verb:set package 'py_srvcli' build argument 'cmake_args' from command line to 'None'
[6.061s] Level 5:colcon.colcon_core.verb:set package 'py_srvcli' build argument 'cmake_target' from command line to 'None'
[6.061s] Level 5:colcon.colcon_core.verb:set package 'py_srvcli' build argument 'cmake_target_skip_unavailable' from command line to 'False'
[6.061s] Level 5:colcon.colcon_core.verb:set package 'py_srvcli' build argument 'cmake_clean_cache' from command line to 'False'
[6.061s] Level 5:colcon.colcon_core.verb:set package 'py_srvcli' build argument 'cmake_clean_first' from command line to 'False'
[6.061s] Level 5:colcon.colcon_core.verb:set package 'py_srvcli' build argument 'cmake_force_configure' from command line to 'False'
[6.061s] Level 5:colcon.colcon_core.verb:set package 'py_srvcli' build argument 'ament_cmake_args' from command line to 'None'
[6.061s] Level 5:colcon.colcon_core.verb:set package 'py_srvcli' build argument 'catkin_cmake_args' from command line to 'None'
[6.061s] Level 5:colcon.colcon_core.verb:set package 'py_srvcli' build argument 'catkin_skip_building_tests' from command line to 'False'
[6.062s] DEBUG:colcon.colcon_core.verb:Building package 'py_srvcli' with the following arguments: {'ament_cmake_args': None, 'build_base': '/home/burger/worren_hu_ws/build/py_srvcli', 'catkin_cmake_args': None, 'catkin_skip_building_tests': False, 'cmake_args': None, 'cmake_clean_cache': False, 'cmake_clean_first': False, 'cmake_force_configure': False, 'cmake_target': None, 'cmake_target_skip_unavailable': False, 'install_base': '/home/burger/worren_hu_ws/install/py_srvcli', 'merge_install': False, 'path': '/home/burger/worren_hu_ws/src/py_srvcli', 'symlink_install': False, 'test_result_base': None}
[6.133s] INFO:colcon.colcon_core.executor:Executing jobs using 'parallel' executor
[6.202s] DEBUG:colcon.colcon_parallel_executor.executor.parallel:run_until_complete
[6.203s] INFO:colcon.colcon_ros.task.ament_python.build:Building ROS package in '/home/burger/worren_hu_ws/src/py_srvcli' with build type 'ament_python'
[6.203s] Level 1:colcon.colcon_core.shell:create_environment_hook('py_srvcli', 'ament_prefix_path')
[6.286s] INFO:colcon.colcon_core.plugin_system:Skipping extension 'colcon_core.shell.bat': Not used on non-Windows systems
[6.287s] INFO:colcon.colcon_core.shell:Creating environment hook '/home/burger/worren_hu_ws/install/py_srvcli/share/py_srvcli/hook/ament_prefix_path.ps1'
[6.290s] INFO:colcon.colcon_core.shell:Creating environment descriptor '/home/burger/worren_hu_ws/install/py_srvcli/share/py_srvcli/hook/ament_prefix_path.dsv'
[6.292s] INFO:colcon.colcon_core.shell:Creating environment hook '/home/burger/worren_hu_ws/install/py_srvcli/share/py_srvcli/hook/ament_prefix_path.sh'
[6.361s] INFO:colcon.colcon_core.shell:Skip shell extension 'powershell' for command environment: Not usable outside of PowerShell
[6.362s] DEBUG:colcon.colcon_core.shell:Skip shell extension 'dsv' for command environment
[7.536s] INFO:colcon.colcon_core.task.python.build:Building Python package in '/home/burger/worren_hu_ws/src/py_srvcli'
[7.605s] INFO:colcon.colcon_core.shell:Skip shell extension 'powershell' for command environment: Not usable outside of PowerShell
[7.605s] DEBUG:colcon.colcon_core.shell:Skip shell extension 'dsv' for command environment
[11.012s] DEBUG:colcon.colcon_core.event_handler.log_command:Invoking command in '/home/burger/worren_hu_ws/src/py_srvcli': PYTHONPATH=/home/burger/worren_hu_ws/build/py_srvcli/prefix_override:/home/burger/worren_hu_ws/install/py_srvcli/lib/python3.10/site-packages:${PYTHONPATH} /usr/bin/python3 setup.py egg_info --egg-base ../../build/py_srvcli build --build-base /home/burger/worren_hu_ws/build/py_srvcli/build install --record /home/burger/worren_hu_ws/build/py_srvcli/install.log --single-version-externally-managed
[13.507s] DEBUG:colcon.colcon_core.event_handler.log_command:Invoked command in '/home/burger/worren_hu_ws/src/py_srvcli' returned '0': PYTHONPATH=/home/burger/worren_hu_ws/build/py_srvcli/prefix_override:/home/burger/worren_hu_ws/install/py_srvcli/lib/python3.10/site-packages:${PYTHONPATH} /usr/bin/python3 setup.py egg_info --egg-base ../../build/py_srvcli build --build-base /home/burger/worren_hu_ws/build/py_srvcli/build install --record /home/burger/worren_hu_ws/build/py_srvcli/install.log --single-version-externally-managed
[13.602s] Level 1:colcon.colcon_core.environment:checking '/home/burger/worren_hu_ws/install/py_srvcli' for CMake module files
[13.605s] Level 1:colcon.colcon_core.environment:checking '/home/burger/worren_hu_ws/install/py_srvcli' for CMake config files
[13.608s] Level 1:colcon.colcon_core.environment:checking '/home/burger/worren_hu_ws/install/py_srvcli/lib'
[13.609s] Level 1:colcon.colcon_core.environment:checking '/home/burger/worren_hu_ws/install/py_srvcli/bin'
[13.609s] Level 1:colcon.colcon_core.environment:checking '/home/burger/worren_hu_ws/install/py_srvcli/lib/pkgconfig/py_srvcli.pc'
[13.610s] Level 1:colcon.colcon_core.environment:checking '/home/burger/worren_hu_ws/install/py_srvcli/lib/python3.10/site-packages'
[13.610s] Level 1:colcon.colcon_core.shell:create_environment_hook('py_srvcli', 'pythonpath')
[13.686s] INFO:colcon.colcon_core.shell:Creating environment hook '/home/burger/worren_hu_ws/install/py_srvcli/share/py_srvcli/hook/pythonpath.ps1'
[13.689s] INFO:colcon.colcon_core.shell:Creating environment descriptor '/home/burger/worren_hu_ws/install/py_srvcli/share/py_srvcli/hook/pythonpath.dsv'
[13.690s] INFO:colcon.colcon_core.shell:Creating environment hook '/home/burger/worren_hu_ws/install/py_srvcli/share/py_srvcli/hook/pythonpath.sh'
[13.692s] Level 1:colcon.colcon_core.environment:checking '/home/burger/worren_hu_ws/install/py_srvcli/bin'
[13.693s] Level 1:colcon.colcon_core.environment:create_environment_scripts_only(py_srvcli)
[13.759s] INFO:colcon.colcon_core.shell:Creating package script '/home/burger/worren_hu_ws/install/py_srvcli/share/py_srvcli/package.ps1'
[13.763s] INFO:colcon.colcon_core.shell:Creating package descriptor '/home/burger/worren_hu_ws/install/py_srvcli/share/py_srvcli/package.dsv'
[13.766s] INFO:colcon.colcon_core.shell:Creating package script '/home/burger/worren_hu_ws/install/py_srvcli/share/py_srvcli/package.sh'
[13.770s] INFO:colcon.colcon_core.shell:Creating package script '/home/burger/worren_hu_ws/install/py_srvcli/share/py_srvcli/package.bash'
[13.774s] INFO:colcon.colcon_core.shell:Creating package script '/home/burger/worren_hu_ws/install/py_srvcli/share/py_srvcli/package.zsh'
[13.777s] Level 1:colcon.colcon_core.environment:create_file_with_runtime_dependencies(/home/burger/worren_hu_ws/install/py_srvcli/share/colcon-core/packages/py_srvcli)
[13.779s] DEBUG:colcon.colcon_parallel_executor.executor.parallel:closing loop
[13.780s] DEBUG:colcon.colcon_parallel_executor.executor.parallel:loop closed
[13.780s] DEBUG:colcon.colcon_parallel_executor.executor.parallel:run_until_complete finished with '0'
[13.780s] DEBUG:colcon.colcon_core.event_reactor:joining thread
[13.880s] INFO:colcon.colcon_core.plugin_system:Skipping extension 'colcon_notification.desktop_notification.notify_send': Could not find 'notify-send'
[13.880s] INFO:colcon.colcon_core.plugin_system:Skipping extension 'colcon_notification.desktop_notification.terminal_notifier': Not used on non-Darwin systems
[13.881s] INFO:colcon.colcon_core.plugin_system:Skipping extension 'colcon_notification.desktop_notification.win32': Not used on non-Windows systems
[13.881s] INFO:colcon.colcon_notification.desktop_notification:Sending desktop notification using 'notify2'
[13.884s] DEBUG:colcon.colcon_notification.desktop_notification.notify2:Failed to initialize notify2: org.freedesktop.DBus.Error.ServiceUnknown: The name org.freedesktop.Notifications was not provided by any .service files
[13.884s] DEBUG:colcon.colcon_core.event_reactor:joined thread
[13.951s] INFO:colcon.colcon_core.shell:Creating prefix script '/home/burger/worren_hu_ws/install/local_setup.ps1'
[13.955s] INFO:colcon.colcon_core.shell:Creating prefix util module '/home/burger/worren_hu_ws/install/_local_setup_util_ps1.py'
[13.961s] INFO:colcon.colcon_core.shell:Creating prefix chain script '/home/burger/worren_hu_ws/install/setup.ps1'
[14.041s] INFO:colcon.colcon_core.shell:Creating prefix script '/home/burger/worren_hu_ws/install/local_setup.sh'
[14.043s] INFO:colcon.colcon_core.shell:Creating prefix util module '/home/burger/worren_hu_ws/install/_local_setup_util_sh.py'
[14.046s] INFO:colcon.colcon_core.shell:Creating prefix chain script '/home/burger/worren_hu_ws/install/setup.sh'
[14.118s] INFO:colcon.colcon_core.shell:Creating prefix script '/home/burger/worren_hu_ws/install/local_setup.bash'
[14.121s] INFO:colcon.colcon_core.shell:Creating prefix chain script '/home/burger/worren_hu_ws/install/setup.bash'
[14.194s] INFO:colcon.colcon_core.shell:Creating prefix script '/home/burger/worren_hu_ws/install/local_setup.zsh'
[14.197s] INFO:colcon.colcon_core.shell:Creating prefix chain script '/home/burger/worren_hu_ws/install/setup.zsh'
