/home/burger/worren_hu_ws/install/py_pubsub/lib/python3.10/site-packages/py_pubsub/turn_turtlebot.py
/home/burger/worren_hu_ws/install/py_pubsub/lib/python3.10/site-packages/py_pubsub/view_image_raw.py
/home/burger/worren_hu_ws/install/py_pubsub/lib/python3.10/site-packages/py_pubsub/my_node.py
/home/burger/worren_hu_ws/install/py_pubsub/lib/python3.10/site-packages/py_pubsub/__init__.py
/home/burger/worren_hu_ws/install/py_pubsub/lib/python3.10/site-packages/py_pubsub/find_object.py
/home/burger/worren_hu_ws/install/py_pubsub/lib/python3.10/site-packages/py_pubsub/find_object2.py
/home/burger/worren_hu_ws/install/py_pubsub/lib/python3.10/site-packages/py_pubsub/view_camera.py
/home/burger/worren_hu_ws/install/py_pubsub/lib/python3.10/site-packages/py_pubsub/__pycache__/turn_turtlebot.cpython-310.pyc
/home/burger/worren_hu_ws/install/py_pubsub/lib/python3.10/site-packages/py_pubsub/__pycache__/view_image_raw.cpython-310.pyc
/home/burger/worren_hu_ws/install/py_pubsub/lib/python3.10/site-packages/py_pubsub/__pycache__/my_node.cpython-310.pyc
/home/burger/worren_hu_ws/install/py_pubsub/lib/python3.10/site-packages/py_pubsub/__pycache__/__init__.cpython-310.pyc
/home/burger/worren_hu_ws/install/py_pubsub/lib/python3.10/site-packages/py_pubsub/__pycache__/find_object.cpython-310.pyc
/home/burger/worren_hu_ws/install/py_pubsub/lib/python3.10/site-packages/py_pubsub/__pycache__/find_object2.cpython-310.pyc
/home/burger/worren_hu_ws/install/py_pubsub/lib/python3.10/site-packages/py_pubsub/__pycache__/view_camera.cpython-310.pyc
/home/burger/worren_hu_ws/install/py_pubsub/share/ament_index/resource_index/packages/py_pubsub
/home/burger/worren_hu_ws/install/py_pubsub/share/py_pubsub/package.xml
/home/burger/worren_hu_ws/install/py_pubsub/lib/python3.10/site-packages/py_pubsub-0.0.0-py3.10.egg-info/entry_points.txt
/home/burger/worren_hu_ws/install/py_pubsub/lib/python3.10/site-packages/py_pubsub-0.0.0-py3.10.egg-info/SOURCES.txt
/home/burger/worren_hu_ws/install/py_pubsub/lib/python3.10/site-packages/py_pubsub-0.0.0-py3.10.egg-info/dependency_links.txt
/home/burger/worren_hu_ws/install/py_pubsub/lib/python3.10/site-packages/py_pubsub-0.0.0-py3.10.egg-info/PKG-INFO
/home/burger/worren_hu_ws/install/py_pubsub/lib/python3.10/site-packages/py_pubsub-0.0.0-py3.10.egg-info/zip-safe
/home/burger/worren_hu_ws/install/py_pubsub/lib/python3.10/site-packages/py_pubsub-0.0.0-py3.10.egg-info/requires.txt
/home/burger/worren_hu_ws/install/py_pubsub/lib/python3.10/site-packages/py_pubsub-0.0.0-py3.10.egg-info/top_level.txt
/home/burger/worren_hu_ws/install/py_pubsub/lib/py_pubsub/my_node = follow_objects.my_node:mainfind_object2 = follow_objects.find_object2:mainturn_turtlebot
