[4.828s] DEBUG:colcon:Command line arguments: ['/usr/bin/colcon', 'build', '--packages-select', 'follow_objects']
[4.828s] DEBUG:colcon:Parsed command line arguments: Namespace(log_base=None, log_level=None, verb_name='build', build_base='build', install_base='install', merge_install=False, symlink_install=False, test_result_base=None, continue_on_error=False, executor='parallel', parallel_workers=4, event_handlers=None, ignore_user_meta=False, metas=['./colcon.meta'], base_paths=['.'], packages_ignore=None, packages_ignore_regex=None, paths=None, packages_up_to=None, packages_up_to_regex=None, packages_above=None, packages_above_and_dependencies=None, packages_above_depth=None, packages_select_by_dep=None, packages_skip_by_dep=None, packages_skip_up_to=None, packages_select_build_failed=False, packages_skip_build_finished=False, packages_select_test_failures=False, packages_skip_test_passed=False, packages_select=['follow_objects'], packages_skip=None, packages_select_regex=None, packages_skip_regex=None, packages_start=None, packages_end=None, allow_overriding=[], cmake_args=None, cmake_target=None, cmake_target_skip_unavailable=False, cmake_clean_cache=False, cmake_clean_first=False, cmake_force_configure=False, ament_cmake_args=None, catkin_cmake_args=None, catkin_skip_building_tests=False, verb_parser=<colcon_defaults.argument_parser.defaults.DefaultArgumentsDecorator object at 0xffff92d2d960>, verb_extension=<colcon_core.verb.build.BuildVerb object at 0xffff92c68c70>, main=<bound method BuildVerb.main of <colcon_core.verb.build.BuildVerb object at 0xffff92c68c70>>)
[5.047s] Level 1:colcon.colcon_core.package_discovery:discover_packages(colcon_meta) check parameters
[5.047s] Level 1:colcon.colcon_core.package_discovery:discover_packages(recursive) check parameters
[5.047s] Level 1:colcon.colcon_core.package_discovery:discover_packages(ignore) check parameters
[5.048s] Level 1:colcon.colcon_core.package_discovery:discover_packages(path) check parameters
[5.048s] Level 1:colcon.colcon_core.package_discovery:discover_packages(colcon_meta) discover
[5.049s] Level 1:colcon.colcon_core.package_discovery:discover_packages(recursive) discover
[5.049s] INFO:colcon.colcon_core.package_discovery:Crawling recursively for packages in '/home/burger/worren_hu_ws'
[5.050s] Level 1:colcon.colcon_core.package_identification:_identify(.) by extensions ['ignore', 'ignore_ament_install']
[5.051s] Level 1:colcon.colcon_core.package_identification:_identify(.) by extension 'ignore'
[5.052s] Level 1:colcon.colcon_core.package_identification:_identify(.) by extension 'ignore_ament_install'
[5.053s] Level 1:colcon.colcon_core.package_identification:_identify(.) by extensions ['colcon_pkg']
[5.054s] Level 1:colcon.colcon_core.package_identification:_identify(.) by extension 'colcon_pkg'
[5.055s] Level 1:colcon.colcon_core.package_identification:_identify(.) by extensions ['colcon_meta']
[5.056s] Level 1:colcon.colcon_core.package_identification:_identify(.) by extension 'colcon_meta'
[5.056s] Level 1:colcon.colcon_core.package_identification:_identify(.) by extensions ['ros']
[5.057s] Level 1:colcon.colcon_core.package_identification:_identify(.) by extension 'ros'
[5.108s] Level 1:colcon.colcon_core.package_identification:_identify(.) by extensions ['cmake', 'python']
[5.108s] Level 1:colcon.colcon_core.package_identification:_identify(.) by extension 'cmake'
[5.109s] Level 1:colcon.colcon_core.package_identification:_identify(.) by extension 'python'
[5.109s] Level 1:colcon.colcon_core.package_identification:_identify(.) by extensions ['python_setup_py']
[5.109s] Level 1:colcon.colcon_core.package_identification:_identify(.) by extension 'python_setup_py'
[5.110s] Level 1:colcon.colcon_core.package_identification:_identify(build) by extensions ['ignore', 'ignore_ament_install']
[5.110s] Level 1:colcon.colcon_core.package_identification:_identify(build) by extension 'ignore'
[5.110s] Level 1:colcon.colcon_core.package_identification:_identify(build) ignored
[5.111s] Level 1:colcon.colcon_core.package_identification:_identify(install) by extensions ['ignore', 'ignore_ament_install']
[5.112s] Level 1:colcon.colcon_core.package_identification:_identify(install) by extension 'ignore'
[5.112s] Level 1:colcon.colcon_core.package_identification:_identify(install) ignored
[5.113s] Level 1:colcon.colcon_core.package_identification:_identify(log) by extensions ['ignore', 'ignore_ament_install']
[5.113s] Level 1:colcon.colcon_core.package_identification:_identify(log) by extension 'ignore'
[5.114s] Level 1:colcon.colcon_core.package_identification:_identify(log) ignored
[5.114s] Level 1:colcon.colcon_core.package_identification:_identify(src) by extensions ['ignore', 'ignore_ament_install']
[5.114s] Level 1:colcon.colcon_core.package_identification:_identify(src) by extension 'ignore'
[5.115s] Level 1:colcon.colcon_core.package_identification:_identify(src) by extension 'ignore_ament_install'
[5.115s] Level 1:colcon.colcon_core.package_identification:_identify(src) by extensions ['colcon_pkg']
[5.115s] Level 1:colcon.colcon_core.package_identification:_identify(src) by extension 'colcon_pkg'
[5.115s] Level 1:colcon.colcon_core.package_identification:_identify(src) by extensions ['colcon_meta']
[5.115s] Level 1:colcon.colcon_core.package_identification:_identify(src) by extension 'colcon_meta'
[5.115s] Level 1:colcon.colcon_core.package_identification:_identify(src) by extensions ['ros']
[5.116s] Level 1:colcon.colcon_core.package_identification:_identify(src) by extension 'ros'
[5.116s] Level 1:colcon.colcon_core.package_identification:_identify(src) by extensions ['cmake', 'python']
[5.116s] Level 1:colcon.colcon_core.package_identification:_identify(src) by extension 'cmake'
[5.117s] Level 1:colcon.colcon_core.package_identification:_identify(src) by extension 'python'
[5.117s] Level 1:colcon.colcon_core.package_identification:_identify(src) by extensions ['python_setup_py']
[5.118s] Level 1:colcon.colcon_core.package_identification:_identify(src) by extension 'python_setup_py'
[5.118s] Level 1:colcon.colcon_core.package_identification:_identify(src/follow_objects) by extensions ['ignore', 'ignore_ament_install']
[5.119s] Level 1:colcon.colcon_core.package_identification:_identify(src/follow_objects) by extension 'ignore'
[5.119s] Level 1:colcon.colcon_core.package_identification:_identify(src/follow_objects) by extension 'ignore_ament_install'
[5.119s] Level 1:colcon.colcon_core.package_identification:_identify(src/follow_objects) by extensions ['colcon_pkg']
[5.120s] Level 1:colcon.colcon_core.package_identification:_identify(src/follow_objects) by extension 'colcon_pkg'
[5.120s] Level 1:colcon.colcon_core.package_identification:_identify(src/follow_objects) by extensions ['colcon_meta']
[5.120s] Level 1:colcon.colcon_core.package_identification:_identify(src/follow_objects) by extension 'colcon_meta'
[5.120s] Level 1:colcon.colcon_core.package_identification:_identify(src/follow_objects) by extensions ['ros']
[5.120s] Level 1:colcon.colcon_core.package_identification:_identify(src/follow_objects) by extension 'ros'
[5.129s] DEBUG:colcon.colcon_core.package_identification:Package 'src/follow_objects' with type 'ros.ament_python' and name 'follow_objects'
[5.130s] Level 1:colcon.colcon_core.package_identification:_identify(src/py_pubsub) by extensions ['ignore', 'ignore_ament_install']
[5.131s] Level 1:colcon.colcon_core.package_identification:_identify(src/py_pubsub) by extension 'ignore'
[5.131s] Level 1:colcon.colcon_core.package_identification:_identify(src/py_pubsub) by extension 'ignore_ament_install'
[5.131s] Level 1:colcon.colcon_core.package_identification:_identify(src/py_pubsub) by extensions ['colcon_pkg']
[5.131s] Level 1:colcon.colcon_core.package_identification:_identify(src/py_pubsub) by extension 'colcon_pkg'
[5.132s] Level 1:colcon.colcon_core.package_identification:_identify(src/py_pubsub) by extensions ['colcon_meta']
[5.132s] Level 1:colcon.colcon_core.package_identification:_identify(src/py_pubsub) by extension 'colcon_meta'
[5.132s] Level 1:colcon.colcon_core.package_identification:_identify(src/py_pubsub) by extensions ['ros']
[5.132s] Level 1:colcon.colcon_core.package_identification:_identify(src/py_pubsub) by extension 'ros'
[5.134s] DEBUG:colcon.colcon_core.package_identification:Package 'src/py_pubsub' with type 'ros.ament_python' and name 'py_pubsub'
[5.134s] Level 1:colcon.colcon_core.package_discovery:discover_packages(recursive) using defaults
[5.135s] Level 1:colcon.colcon_core.package_discovery:discover_packages(ignore) discover
[5.135s] Level 1:colcon.colcon_core.package_discovery:discover_packages(ignore) using defaults
[5.135s] Level 1:colcon.colcon_core.package_discovery:discover_packages(path) discover
[5.135s] Level 1:colcon.colcon_core.package_discovery:discover_packages(path) using defaults
[5.427s] INFO:colcon.colcon_core.package_selection:Skipping not selected package 'py_pubsub' in 'src/py_pubsub'
[5.572s] Level 1:colcon.colcon_core.package_discovery:discover_packages(prefix_path) check parameters
[5.572s] Level 1:colcon.colcon_core.package_discovery:discover_packages(prefix_path) discover
[5.722s] DEBUG:colcon.colcon_installed_package_information.package_discovery:Found 8 installed packages in /home/burger/dontTouch_ws/install
[5.803s] DEBUG:colcon.colcon_installed_package_information.package_discovery:Found 244 installed packages in /opt/ros/humble
[5.808s] Level 1:colcon.colcon_core.package_discovery:discover_packages(prefix_path) using defaults
[6.210s] Level 5:colcon.colcon_core.verb:set package 'follow_objects' build argument 'cmake_args' from command line to 'None'
[6.210s] Level 5:colcon.colcon_core.verb:set package 'follow_objects' build argument 'cmake_target' from command line to 'None'
[6.211s] Level 5:colcon.colcon_core.verb:set package 'follow_objects' build argument 'cmake_target_skip_unavailable' from command line to 'False'
[6.211s] Level 5:colcon.colcon_core.verb:set package 'follow_objects' build argument 'cmake_clean_cache' from command line to 'False'
[6.211s] Level 5:colcon.colcon_core.verb:set package 'follow_objects' build argument 'cmake_clean_first' from command line to 'False'
[6.211s] Level 5:colcon.colcon_core.verb:set package 'follow_objects' build argument 'cmake_force_configure' from command line to 'False'
[6.211s] Level 5:colcon.colcon_core.verb:set package 'follow_objects' build argument 'ament_cmake_args' from command line to 'None'
[6.211s] Level 5:colcon.colcon_core.verb:set package 'follow_objects' build argument 'catkin_cmake_args' from command line to 'None'
[6.211s] Level 5:colcon.colcon_core.verb:set package 'follow_objects' build argument 'catkin_skip_building_tests' from command line to 'False'
[6.211s] DEBUG:colcon.colcon_core.verb:Building package 'follow_objects' with the following arguments: {'ament_cmake_args': None, 'build_base': '/home/burger/worren_hu_ws/build/follow_objects', 'catkin_cmake_args': None, 'catkin_skip_building_tests': False, 'cmake_args': None, 'cmake_clean_cache': False, 'cmake_clean_first': False, 'cmake_force_configure': False, 'cmake_target': None, 'cmake_target_skip_unavailable': False, 'install_base': '/home/burger/worren_hu_ws/install/follow_objects', 'merge_install': False, 'path': '/home/burger/worren_hu_ws/src/follow_objects', 'symlink_install': False, 'test_result_base': None}
[6.276s] INFO:colcon.colcon_core.executor:Executing jobs using 'parallel' executor
[6.353s] DEBUG:colcon.colcon_parallel_executor.executor.parallel:run_until_complete
[6.355s] INFO:colcon.colcon_ros.task.ament_python.build:Building ROS package in '/home/burger/worren_hu_ws/src/follow_objects' with build type 'ament_python'
[6.356s] Level 1:colcon.colcon_core.shell:create_environment_hook('follow_objects', 'ament_prefix_path')
[6.429s] INFO:colcon.colcon_core.plugin_system:Skipping extension 'colcon_core.shell.bat': Not used on non-Windows systems
[6.430s] INFO:colcon.colcon_core.shell:Creating environment hook '/home/burger/worren_hu_ws/install/follow_objects/share/follow_objects/hook/ament_prefix_path.ps1'
[6.432s] INFO:colcon.colcon_core.shell:Creating environment descriptor '/home/burger/worren_hu_ws/install/follow_objects/share/follow_objects/hook/ament_prefix_path.dsv'
[6.435s] INFO:colcon.colcon_core.shell:Creating environment hook '/home/burger/worren_hu_ws/install/follow_objects/share/follow_objects/hook/ament_prefix_path.sh'
[6.512s] INFO:colcon.colcon_core.shell:Skip shell extension 'powershell' for command environment: Not usable outside of PowerShell
[6.513s] DEBUG:colcon.colcon_core.shell:Skip shell extension 'dsv' for command environment
[8.152s] INFO:colcon.colcon_core.task.python.build:Building Python package in '/home/burger/worren_hu_ws/src/follow_objects'
[8.222s] INFO:colcon.colcon_core.shell:Skip shell extension 'powershell' for command environment: Not usable outside of PowerShell
[8.222s] DEBUG:colcon.colcon_core.shell:Skip shell extension 'dsv' for command environment
[10.296s] DEBUG:colcon.colcon_core.event_handler.log_command:Invoking command in '/home/burger/worren_hu_ws/src/follow_objects': PYTHONPATH=/home/burger/worren_hu_ws/build/follow_objects/prefix_override:/home/burger/worren_hu_ws/install/follow_objects/lib/python3.10/site-packages:${PYTHONPATH} /usr/bin/python3 setup.py egg_info --egg-base ../../build/follow_objects build --build-base /home/burger/worren_hu_ws/build/follow_objects/build install --record /home/burger/worren_hu_ws/build/follow_objects/install.log --single-version-externally-managed
[11.869s] DEBUG:colcon.colcon_core.event_handler.log_command:Invoked command in '/home/burger/worren_hu_ws/src/follow_objects' returned '0': PYTHONPATH=/home/burger/worren_hu_ws/build/follow_objects/prefix_override:/home/burger/worren_hu_ws/install/follow_objects/lib/python3.10/site-packages:${PYTHONPATH} /usr/bin/python3 setup.py egg_info --egg-base ../../build/follow_objects build --build-base /home/burger/worren_hu_ws/build/follow_objects/build install --record /home/burger/worren_hu_ws/build/follow_objects/install.log --single-version-externally-managed
[11.957s] Level 1:colcon.colcon_core.environment:checking '/home/burger/worren_hu_ws/install/follow_objects' for CMake module files
[11.959s] Level 1:colcon.colcon_core.environment:checking '/home/burger/worren_hu_ws/install/follow_objects' for CMake config files
[11.963s] Level 1:colcon.colcon_core.environment:checking '/home/burger/worren_hu_ws/install/follow_objects/lib'
[11.964s] Level 1:colcon.colcon_core.environment:checking '/home/burger/worren_hu_ws/install/follow_objects/bin'
[11.965s] Level 1:colcon.colcon_core.environment:checking '/home/burger/worren_hu_ws/install/follow_objects/lib/pkgconfig/follow_objects.pc'
[11.965s] Level 1:colcon.colcon_core.environment:checking '/home/burger/worren_hu_ws/install/follow_objects/lib/python3.10/site-packages'
[11.966s] Level 1:colcon.colcon_core.shell:create_environment_hook('follow_objects', 'pythonpath')
[12.032s] INFO:colcon.colcon_core.shell:Creating environment hook '/home/burger/worren_hu_ws/install/follow_objects/share/follow_objects/hook/pythonpath.ps1'
[12.034s] INFO:colcon.colcon_core.shell:Creating environment descriptor '/home/burger/worren_hu_ws/install/follow_objects/share/follow_objects/hook/pythonpath.dsv'
[12.036s] INFO:colcon.colcon_core.shell:Creating environment hook '/home/burger/worren_hu_ws/install/follow_objects/share/follow_objects/hook/pythonpath.sh'
[12.039s] Level 1:colcon.colcon_core.environment:checking '/home/burger/worren_hu_ws/install/follow_objects/bin'
[12.039s] Level 1:colcon.colcon_core.environment:create_environment_scripts_only(follow_objects)
[12.110s] INFO:colcon.colcon_core.shell:Creating package script '/home/burger/worren_hu_ws/install/follow_objects/share/follow_objects/package.ps1'
[12.114s] INFO:colcon.colcon_core.shell:Creating package descriptor '/home/burger/worren_hu_ws/install/follow_objects/share/follow_objects/package.dsv'
[12.118s] INFO:colcon.colcon_core.shell:Creating package script '/home/burger/worren_hu_ws/install/follow_objects/share/follow_objects/package.sh'
[12.124s] INFO:colcon.colcon_core.shell:Creating package script '/home/burger/worren_hu_ws/install/follow_objects/share/follow_objects/package.bash'
[12.129s] INFO:colcon.colcon_core.shell:Creating package script '/home/burger/worren_hu_ws/install/follow_objects/share/follow_objects/package.zsh'
[12.134s] Level 1:colcon.colcon_core.environment:create_file_with_runtime_dependencies(/home/burger/worren_hu_ws/install/follow_objects/share/colcon-core/packages/follow_objects)
[12.137s] DEBUG:colcon.colcon_parallel_executor.executor.parallel:closing loop
[12.139s] DEBUG:colcon.colcon_parallel_executor.executor.parallel:loop closed
[12.139s] DEBUG:colcon.colcon_parallel_executor.executor.parallel:run_until_complete finished with '0'
[12.140s] DEBUG:colcon.colcon_core.event_reactor:joining thread
[12.229s] INFO:colcon.colcon_core.plugin_system:Skipping extension 'colcon_notification.desktop_notification.notify_send': Could not find 'notify-send'
[12.229s] INFO:colcon.colcon_core.plugin_system:Skipping extension 'colcon_notification.desktop_notification.terminal_notifier': Not used on non-Darwin systems
[12.229s] INFO:colcon.colcon_core.plugin_system:Skipping extension 'colcon_notification.desktop_notification.win32': Not used on non-Windows systems
[12.230s] INFO:colcon.colcon_notification.desktop_notification:Sending desktop notification using 'notify2'
[12.232s] DEBUG:colcon.colcon_notification.desktop_notification.notify2:Failed to initialize notify2: org.freedesktop.DBus.Error.ServiceUnknown: The name org.freedesktop.Notifications was not provided by any .service files
[12.233s] DEBUG:colcon.colcon_core.event_reactor:joined thread
[12.351s] INFO:colcon.colcon_core.shell:Creating prefix script '/home/burger/worren_hu_ws/install/local_setup.ps1'
[12.354s] INFO:colcon.colcon_core.shell:Creating prefix util module '/home/burger/worren_hu_ws/install/_local_setup_util_ps1.py'
[12.360s] INFO:colcon.colcon_core.shell:Creating prefix chain script '/home/burger/worren_hu_ws/install/setup.ps1'
[12.435s] INFO:colcon.colcon_core.shell:Creating prefix script '/home/burger/worren_hu_ws/install/local_setup.sh'
[12.438s] INFO:colcon.colcon_core.shell:Creating prefix util module '/home/burger/worren_hu_ws/install/_local_setup_util_sh.py'
[12.441s] INFO:colcon.colcon_core.shell:Creating prefix chain script '/home/burger/worren_hu_ws/install/setup.sh'
[12.526s] INFO:colcon.colcon_core.shell:Creating prefix script '/home/burger/worren_hu_ws/install/local_setup.bash'
[12.528s] INFO:colcon.colcon_core.shell:Creating prefix chain script '/home/burger/worren_hu_ws/install/setup.bash'
[12.604s] INFO:colcon.colcon_core.shell:Creating prefix script '/home/burger/worren_hu_ws/install/local_setup.zsh'
[12.606s] INFO:colcon.colcon_core.shell:Creating prefix chain script '/home/burger/worren_hu_ws/install/setup.zsh'
