[5.116s] DEBUG:colcon:Command line arguments: ['/usr/bin/colcon', 'build', '--packages-select', 'navigate_to_goal']
[5.116s] DEBUG:colcon:Parsed command line arguments: Namespace(log_base=None, log_level=None, verb_name='build', build_base='build', install_base='install', merge_install=False, symlink_install=False, test_result_base=None, continue_on_error=False, executor='parallel', parallel_workers=4, event_handlers=None, ignore_user_meta=False, metas=['./colcon.meta'], base_paths=['.'], packages_ignore=None, packages_ignore_regex=None, paths=None, packages_up_to=None, packages_up_to_regex=None, packages_above=None, packages_above_and_dependencies=None, packages_above_depth=None, packages_select_by_dep=None, packages_skip_by_dep=None, packages_skip_up_to=None, packages_select_build_failed=False, packages_skip_build_finished=False, packages_select_test_failures=False, packages_skip_test_passed=False, packages_select=['navigate_to_goal'], packages_skip=None, packages_select_regex=None, packages_skip_regex=None, packages_start=None, packages_end=None, allow_overriding=[], cmake_args=None, cmake_target=None, cmake_target_skip_unavailable=False, cmake_clean_cache=False, cmake_clean_first=False, cmake_force_configure=False, ament_cmake_args=None, catkin_cmake_args=None, catkin_skip_building_tests=False, verb_parser=<colcon_defaults.argument_parser.defaults.DefaultArgumentsDecorator object at 0xffffafe75900>, verb_extension=<colcon_core.verb.build.BuildVerb object at 0xffffafdbd120>, main=<bound method BuildVerb.main of <colcon_core.verb.build.BuildVerb object at 0xffffafdbd120>>)
[5.388s] Level 1:colcon.colcon_core.package_discovery:discover_packages(colcon_meta) check parameters
[5.389s] Level 1:colcon.colcon_core.package_discovery:discover_packages(recursive) check parameters
[5.389s] Level 1:colcon.colcon_core.package_discovery:discover_packages(ignore) check parameters
[5.389s] Level 1:colcon.colcon_core.package_discovery:discover_packages(path) check parameters
[5.389s] Level 1:colcon.colcon_core.package_discovery:discover_packages(colcon_meta) discover
[5.389s] Level 1:colcon.colcon_core.package_discovery:discover_packages(recursive) discover
[5.389s] INFO:colcon.colcon_core.package_discovery:Crawling recursively for packages in '/home/burger/worren_hu_ws'
[5.390s] Level 1:colcon.colcon_core.package_identification:_identify(.) by extensions ['ignore', 'ignore_ament_install']
[5.390s] Level 1:colcon.colcon_core.package_identification:_identify(.) by extension 'ignore'
[5.391s] Level 1:colcon.colcon_core.package_identification:_identify(.) by extension 'ignore_ament_install'
[5.391s] Level 1:colcon.colcon_core.package_identification:_identify(.) by extensions ['colcon_pkg']
[5.391s] Level 1:colcon.colcon_core.package_identification:_identify(.) by extension 'colcon_pkg'
[5.391s] Level 1:colcon.colcon_core.package_identification:_identify(.) by extensions ['colcon_meta']
[5.392s] Level 1:colcon.colcon_core.package_identification:_identify(.) by extension 'colcon_meta'
[5.392s] Level 1:colcon.colcon_core.package_identification:_identify(.) by extensions ['ros']
[5.392s] Level 1:colcon.colcon_core.package_identification:_identify(.) by extension 'ros'
[5.439s] Level 1:colcon.colcon_core.package_identification:_identify(.) by extensions ['cmake', 'python']
[5.439s] Level 1:colcon.colcon_core.package_identification:_identify(.) by extension 'cmake'
[5.439s] Level 1:colcon.colcon_core.package_identification:_identify(.) by extension 'python'
[5.439s] Level 1:colcon.colcon_core.package_identification:_identify(.) by extensions ['python_setup_py']
[5.440s] Level 1:colcon.colcon_core.package_identification:_identify(.) by extension 'python_setup_py'
[5.440s] Level 1:colcon.colcon_core.package_identification:_identify(build) by extensions ['ignore', 'ignore_ament_install']
[5.441s] Level 1:colcon.colcon_core.package_identification:_identify(build) by extension 'ignore'
[5.441s] Level 1:colcon.colcon_core.package_identification:_identify(build) ignored
[5.442s] Level 1:colcon.colcon_core.package_identification:_identify(install) by extensions ['ignore', 'ignore_ament_install']
[5.442s] Level 1:colcon.colcon_core.package_identification:_identify(install) by extension 'ignore'
[5.442s] Level 1:colcon.colcon_core.package_identification:_identify(install) ignored
[5.444s] Level 1:colcon.colcon_core.package_identification:_identify(log) by extensions ['ignore', 'ignore_ament_install']
[5.445s] Level 1:colcon.colcon_core.package_identification:_identify(log) by extension 'ignore'
[5.445s] Level 1:colcon.colcon_core.package_identification:_identify(log) ignored
[5.445s] Level 1:colcon.colcon_core.package_identification:_identify(src) by extensions ['ignore', 'ignore_ament_install']
[5.446s] Level 1:colcon.colcon_core.package_identification:_identify(src) by extension 'ignore'
[5.446s] Level 1:colcon.colcon_core.package_identification:_identify(src) by extension 'ignore_ament_install'
[5.446s] Level 1:colcon.colcon_core.package_identification:_identify(src) by extensions ['colcon_pkg']
[5.447s] Level 1:colcon.colcon_core.package_identification:_identify(src) by extension 'colcon_pkg'
[5.447s] Level 1:colcon.colcon_core.package_identification:_identify(src) by extensions ['colcon_meta']
[5.447s] Level 1:colcon.colcon_core.package_identification:_identify(src) by extension 'colcon_meta'
[5.447s] Level 1:colcon.colcon_core.package_identification:_identify(src) by extensions ['ros']
[5.447s] Level 1:colcon.colcon_core.package_identification:_identify(src) by extension 'ros'
[5.448s] Level 1:colcon.colcon_core.package_identification:_identify(src) by extensions ['cmake', 'python']
[5.448s] Level 1:colcon.colcon_core.package_identification:_identify(src) by extension 'cmake'
[5.448s] Level 1:colcon.colcon_core.package_identification:_identify(src) by extension 'python'
[5.448s] Level 1:colcon.colcon_core.package_identification:_identify(src) by extensions ['python_setup_py']
[5.448s] Level 1:colcon.colcon_core.package_identification:_identify(src) by extension 'python_setup_py'
[5.449s] Level 1:colcon.colcon_core.package_identification:_identify(src/follow_objects) by extensions ['ignore', 'ignore_ament_install']
[5.450s] Level 1:colcon.colcon_core.package_identification:_identify(src/follow_objects) by extension 'ignore'
[5.450s] Level 1:colcon.colcon_core.package_identification:_identify(src/follow_objects) by extension 'ignore_ament_install'
[5.450s] Level 1:colcon.colcon_core.package_identification:_identify(src/follow_objects) by extensions ['colcon_pkg']
[5.450s] Level 1:colcon.colcon_core.package_identification:_identify(src/follow_objects) by extension 'colcon_pkg'
[5.451s] Level 1:colcon.colcon_core.package_identification:_identify(src/follow_objects) by extensions ['colcon_meta']
[5.451s] Level 1:colcon.colcon_core.package_identification:_identify(src/follow_objects) by extension 'colcon_meta'
[5.451s] Level 1:colcon.colcon_core.package_identification:_identify(src/follow_objects) by extensions ['ros']
[5.451s] Level 1:colcon.colcon_core.package_identification:_identify(src/follow_objects) by extension 'ros'
[5.466s] DEBUG:colcon.colcon_core.package_identification:Package 'src/follow_objects' with type 'ros.ament_python' and name 'follow_objects'
[5.467s] Level 1:colcon.colcon_core.package_identification:_identify(src/navigate_to_goal) by extensions ['ignore', 'ignore_ament_install']
[5.468s] Level 1:colcon.colcon_core.package_identification:_identify(src/navigate_to_goal) by extension 'ignore'
[5.468s] Level 1:colcon.colcon_core.package_identification:_identify(src/navigate_to_goal) by extension 'ignore_ament_install'
[5.469s] Level 1:colcon.colcon_core.package_identification:_identify(src/navigate_to_goal) by extensions ['colcon_pkg']
[5.469s] Level 1:colcon.colcon_core.package_identification:_identify(src/navigate_to_goal) by extension 'colcon_pkg'
[5.469s] Level 1:colcon.colcon_core.package_identification:_identify(src/navigate_to_goal) by extensions ['colcon_meta']
[5.469s] Level 1:colcon.colcon_core.package_identification:_identify(src/navigate_to_goal) by extension 'colcon_meta'
[5.469s] Level 1:colcon.colcon_core.package_identification:_identify(src/navigate_to_goal) by extensions ['ros']
[5.470s] Level 1:colcon.colcon_core.package_identification:_identify(src/navigate_to_goal) by extension 'ros'
[5.473s] DEBUG:colcon.colcon_core.package_identification:Package 'src/navigate_to_goal' with type 'ros.ament_python' and name 'navigate_to_goal'
[5.474s] Level 1:colcon.colcon_core.package_identification:_identify(src/py_pubsub) by extensions ['ignore', 'ignore_ament_install']
[5.474s] Level 1:colcon.colcon_core.package_identification:_identify(src/py_pubsub) by extension 'ignore'
[5.474s] Level 1:colcon.colcon_core.package_identification:_identify(src/py_pubsub) by extension 'ignore_ament_install'
[5.475s] Level 1:colcon.colcon_core.package_identification:_identify(src/py_pubsub) by extensions ['colcon_pkg']
[5.475s] Level 1:colcon.colcon_core.package_identification:_identify(src/py_pubsub) by extension 'colcon_pkg'
[5.475s] Level 1:colcon.colcon_core.package_identification:_identify(src/py_pubsub) by extensions ['colcon_meta']
[5.475s] Level 1:colcon.colcon_core.package_identification:_identify(src/py_pubsub) by extension 'colcon_meta'
[5.475s] Level 1:colcon.colcon_core.package_identification:_identify(src/py_pubsub) by extensions ['ros']
[5.475s] Level 1:colcon.colcon_core.package_identification:_identify(src/py_pubsub) by extension 'ros'
[5.479s] DEBUG:colcon.colcon_core.package_identification:Package 'src/py_pubsub' with type 'ros.ament_python' and name 'py_pubsub'
[5.479s] Level 1:colcon.colcon_core.package_identification:_identify(src/teamwh_object_follower) by extensions ['ignore', 'ignore_ament_install']
[5.480s] Level 1:colcon.colcon_core.package_identification:_identify(src/teamwh_object_follower) by extension 'ignore'
[5.480s] Level 1:colcon.colcon_core.package_identification:_identify(src/teamwh_object_follower) by extension 'ignore_ament_install'
[5.481s] Level 1:colcon.colcon_core.package_identification:_identify(src/teamwh_object_follower) by extensions ['colcon_pkg']
[5.481s] Level 1:colcon.colcon_core.package_identification:_identify(src/teamwh_object_follower) by extension 'colcon_pkg'
[5.481s] Level 1:colcon.colcon_core.package_identification:_identify(src/teamwh_object_follower) by extensions ['colcon_meta']
[5.481s] Level 1:colcon.colcon_core.package_identification:_identify(src/teamwh_object_follower) by extension 'colcon_meta'
[5.481s] Level 1:colcon.colcon_core.package_identification:_identify(src/teamwh_object_follower) by extensions ['ros']
[5.482s] Level 1:colcon.colcon_core.package_identification:_identify(src/teamwh_object_follower) by extension 'ros'
[5.485s] DEBUG:colcon.colcon_core.package_identification:Package 'src/teamwh_object_follower' with type 'ros.ament_python' and name 'teamwh_object_follower'
[5.485s] Level 1:colcon.colcon_core.package_discovery:discover_packages(recursive) using defaults
[5.486s] Level 1:colcon.colcon_core.package_discovery:discover_packages(ignore) discover
[5.486s] Level 1:colcon.colcon_core.package_discovery:discover_packages(ignore) using defaults
[5.486s] Level 1:colcon.colcon_core.package_discovery:discover_packages(path) discover
[5.486s] Level 1:colcon.colcon_core.package_discovery:discover_packages(path) using defaults
[5.786s] INFO:colcon.colcon_core.package_selection:Skipping not selected package 'follow_objects' in 'src/follow_objects'
[5.787s] INFO:colcon.colcon_core.package_selection:Skipping not selected package 'py_pubsub' in 'src/py_pubsub'
[5.787s] INFO:colcon.colcon_core.package_selection:Skipping not selected package 'teamwh_object_follower' in 'src/teamwh_object_follower'
[5.918s] Level 1:colcon.colcon_core.package_discovery:discover_packages(prefix_path) check parameters
[5.918s] Level 1:colcon.colcon_core.package_discovery:discover_packages(prefix_path) discover
[6.072s] DEBUG:colcon.colcon_installed_package_information.package_discovery:Found 8 installed packages in /home/burger/dontTouch_ws/install
[6.144s] DEBUG:colcon.colcon_installed_package_information.package_discovery:Found 244 installed packages in /opt/ros/humble
[6.149s] Level 1:colcon.colcon_core.package_discovery:discover_packages(prefix_path) using defaults
[6.568s] Level 5:colcon.colcon_core.verb:set package 'navigate_to_goal' build argument 'cmake_args' from command line to 'None'
[6.568s] Level 5:colcon.colcon_core.verb:set package 'navigate_to_goal' build argument 'cmake_target' from command line to 'None'
[6.569s] Level 5:colcon.colcon_core.verb:set package 'navigate_to_goal' build argument 'cmake_target_skip_unavailable' from command line to 'False'
[6.569s] Level 5:colcon.colcon_core.verb:set package 'navigate_to_goal' build argument 'cmake_clean_cache' from command line to 'False'
[6.569s] Level 5:colcon.colcon_core.verb:set package 'navigate_to_goal' build argument 'cmake_clean_first' from command line to 'False'
[6.569s] Level 5:colcon.colcon_core.verb:set package 'navigate_to_goal' build argument 'cmake_force_configure' from command line to 'False'
[6.569s] Level 5:colcon.colcon_core.verb:set package 'navigate_to_goal' build argument 'ament_cmake_args' from command line to 'None'
[6.569s] Level 5:colcon.colcon_core.verb:set package 'navigate_to_goal' build argument 'catkin_cmake_args' from command line to 'None'
[6.569s] Level 5:colcon.colcon_core.verb:set package 'navigate_to_goal' build argument 'catkin_skip_building_tests' from command line to 'False'
[6.570s] DEBUG:colcon.colcon_core.verb:Building package 'navigate_to_goal' with the following arguments: {'ament_cmake_args': None, 'build_base': '/home/burger/worren_hu_ws/build/navigate_to_goal', 'catkin_cmake_args': None, 'catkin_skip_building_tests': False, 'cmake_args': None, 'cmake_clean_cache': False, 'cmake_clean_first': False, 'cmake_force_configure': False, 'cmake_target': None, 'cmake_target_skip_unavailable': False, 'install_base': '/home/burger/worren_hu_ws/install/navigate_to_goal', 'merge_install': False, 'path': '/home/burger/worren_hu_ws/src/navigate_to_goal', 'symlink_install': False, 'test_result_base': None}
[6.634s] INFO:colcon.colcon_core.executor:Executing jobs using 'parallel' executor
[6.701s] DEBUG:colcon.colcon_parallel_executor.executor.parallel:run_until_complete
[6.702s] INFO:colcon.colcon_ros.task.ament_python.build:Building ROS package in '/home/burger/worren_hu_ws/src/navigate_to_goal' with build type 'ament_python'
[6.704s] Level 1:colcon.colcon_core.shell:create_environment_hook('navigate_to_goal', 'ament_prefix_path')
[6.786s] INFO:colcon.colcon_core.plugin_system:Skipping extension 'colcon_core.shell.bat': Not used on non-Windows systems
[6.787s] INFO:colcon.colcon_core.shell:Creating environment hook '/home/burger/worren_hu_ws/install/navigate_to_goal/share/navigate_to_goal/hook/ament_prefix_path.ps1'
[6.791s] INFO:colcon.colcon_core.shell:Creating environment descriptor '/home/burger/worren_hu_ws/install/navigate_to_goal/share/navigate_to_goal/hook/ament_prefix_path.dsv'
[6.793s] INFO:colcon.colcon_core.shell:Creating environment hook '/home/burger/worren_hu_ws/install/navigate_to_goal/share/navigate_to_goal/hook/ament_prefix_path.sh'
[6.867s] INFO:colcon.colcon_core.shell:Skip shell extension 'powershell' for command environment: Not usable outside of PowerShell
[6.868s] DEBUG:colcon.colcon_core.shell:Skip shell extension 'dsv' for command environment
[8.461s] INFO:colcon.colcon_core.task.python.build:Building Python package in '/home/burger/worren_hu_ws/src/navigate_to_goal'
[8.535s] INFO:colcon.colcon_core.shell:Skip shell extension 'powershell' for command environment: Not usable outside of PowerShell
[8.535s] DEBUG:colcon.colcon_core.shell:Skip shell extension 'dsv' for command environment
[11.017s] DEBUG:colcon.colcon_core.event_handler.log_command:Invoking command in '/home/burger/worren_hu_ws/src/navigate_to_goal': PYTHONPATH=/home/burger/worren_hu_ws/build/navigate_to_goal/prefix_override:/home/burger/worren_hu_ws/install/navigate_to_goal/lib/python3.10/site-packages:${PYTHONPATH} /usr/bin/python3 setup.py egg_info --egg-base ../../build/navigate_to_goal build --build-base /home/burger/worren_hu_ws/build/navigate_to_goal/build install --record /home/burger/worren_hu_ws/build/navigate_to_goal/install.log --single-version-externally-managed
[12.519s] DEBUG:colcon.colcon_core.event_handler.log_command:Invoked command in '/home/burger/worren_hu_ws/src/navigate_to_goal' returned '0': PYTHONPATH=/home/burger/worren_hu_ws/build/navigate_to_goal/prefix_override:/home/burger/worren_hu_ws/install/navigate_to_goal/lib/python3.10/site-packages:${PYTHONPATH} /usr/bin/python3 setup.py egg_info --egg-base ../../build/navigate_to_goal build --build-base /home/burger/worren_hu_ws/build/navigate_to_goal/build install --record /home/burger/worren_hu_ws/build/navigate_to_goal/install.log --single-version-externally-managed
[12.618s] Level 1:colcon.colcon_core.environment:checking '/home/burger/worren_hu_ws/install/navigate_to_goal' for CMake module files
[12.621s] Level 1:colcon.colcon_core.environment:checking '/home/burger/worren_hu_ws/install/navigate_to_goal' for CMake config files
[12.624s] Level 1:colcon.colcon_core.environment:checking '/home/burger/worren_hu_ws/install/navigate_to_goal/lib'
[12.625s] Level 1:colcon.colcon_core.environment:checking '/home/burger/worren_hu_ws/install/navigate_to_goal/bin'
[12.626s] Level 1:colcon.colcon_core.environment:checking '/home/burger/worren_hu_ws/install/navigate_to_goal/lib/pkgconfig/navigate_to_goal.pc'
[12.627s] Level 1:colcon.colcon_core.environment:checking '/home/burger/worren_hu_ws/install/navigate_to_goal/lib/python3.10/site-packages'
[12.627s] Level 1:colcon.colcon_core.shell:create_environment_hook('navigate_to_goal', 'pythonpath')
[12.694s] INFO:colcon.colcon_core.shell:Creating environment hook '/home/burger/worren_hu_ws/install/navigate_to_goal/share/navigate_to_goal/hook/pythonpath.ps1'
[12.696s] INFO:colcon.colcon_core.shell:Creating environment descriptor '/home/burger/worren_hu_ws/install/navigate_to_goal/share/navigate_to_goal/hook/pythonpath.dsv'
[12.698s] INFO:colcon.colcon_core.shell:Creating environment hook '/home/burger/worren_hu_ws/install/navigate_to_goal/share/navigate_to_goal/hook/pythonpath.sh'
[12.700s] Level 1:colcon.colcon_core.environment:checking '/home/burger/worren_hu_ws/install/navigate_to_goal/bin'
[12.701s] Level 1:colcon.colcon_core.environment:create_environment_scripts_only(navigate_to_goal)
[12.767s] INFO:colcon.colcon_core.shell:Creating package script '/home/burger/worren_hu_ws/install/navigate_to_goal/share/navigate_to_goal/package.ps1'
[12.772s] INFO:colcon.colcon_core.shell:Creating package descriptor '/home/burger/worren_hu_ws/install/navigate_to_goal/share/navigate_to_goal/package.dsv'
[12.775s] INFO:colcon.colcon_core.shell:Creating package script '/home/burger/worren_hu_ws/install/navigate_to_goal/share/navigate_to_goal/package.sh'
[12.779s] INFO:colcon.colcon_core.shell:Creating package script '/home/burger/worren_hu_ws/install/navigate_to_goal/share/navigate_to_goal/package.bash'
[12.783s] INFO:colcon.colcon_core.shell:Creating package script '/home/burger/worren_hu_ws/install/navigate_to_goal/share/navigate_to_goal/package.zsh'
[12.786s] Level 1:colcon.colcon_core.environment:create_file_with_runtime_dependencies(/home/burger/worren_hu_ws/install/navigate_to_goal/share/colcon-core/packages/navigate_to_goal)
[12.787s] DEBUG:colcon.colcon_parallel_executor.executor.parallel:closing loop
[12.789s] DEBUG:colcon.colcon_parallel_executor.executor.parallel:loop closed
[12.790s] DEBUG:colcon.colcon_parallel_executor.executor.parallel:run_until_complete finished with '0'
[12.790s] DEBUG:colcon.colcon_core.event_reactor:joining thread
[12.967s] INFO:colcon.colcon_core.plugin_system:Skipping extension 'colcon_notification.desktop_notification.notify_send': Could not find 'notify-send'
[12.967s] INFO:colcon.colcon_core.plugin_system:Skipping extension 'colcon_notification.desktop_notification.terminal_notifier': Not used on non-Darwin systems
[12.968s] INFO:colcon.colcon_core.plugin_system:Skipping extension 'colcon_notification.desktop_notification.win32': Not used on non-Windows systems
[12.968s] INFO:colcon.colcon_notification.desktop_notification:Sending desktop notification using 'notify2'
[13.044s] DEBUG:colcon.colcon_notification.desktop_notification.notify2:Failed to initialize notify2: org.freedesktop.DBus.Error.ServiceUnknown: The name org.freedesktop.Notifications was not provided by any .service files
[13.045s] DEBUG:colcon.colcon_core.event_reactor:joined thread
[13.157s] INFO:colcon.colcon_core.shell:Creating prefix script '/home/burger/worren_hu_ws/install/local_setup.ps1'
[13.163s] INFO:colcon.colcon_core.shell:Creating prefix util module '/home/burger/worren_hu_ws/install/_local_setup_util_ps1.py'
[13.171s] INFO:colcon.colcon_core.shell:Creating prefix chain script '/home/burger/worren_hu_ws/install/setup.ps1'
[13.248s] INFO:colcon.colcon_core.shell:Creating prefix script '/home/burger/worren_hu_ws/install/local_setup.sh'
[13.254s] INFO:colcon.colcon_core.shell:Creating prefix util module '/home/burger/worren_hu_ws/install/_local_setup_util_sh.py'
[13.256s] INFO:colcon.colcon_core.shell:Creating prefix chain script '/home/burger/worren_hu_ws/install/setup.sh'
[13.333s] INFO:colcon.colcon_core.shell:Creating prefix script '/home/burger/worren_hu_ws/install/local_setup.bash'
[13.338s] INFO:colcon.colcon_core.shell:Creating prefix chain script '/home/burger/worren_hu_ws/install/setup.bash'
[13.415s] INFO:colcon.colcon_core.shell:Creating prefix script '/home/burger/worren_hu_ws/install/local_setup.zsh'
[13.421s] INFO:colcon.colcon_core.shell:Creating prefix chain script '/home/burger/worren_hu_ws/install/setup.zsh'
