[4.950s] DEBUG:colcon:Command line arguments: ['/usr/bin/colcon', 'build', '--symlink-install', '--packages-select', 'navigate_to_goal']
[4.950s] DEBUG:colcon:Parsed command line arguments: Namespace(log_base=None, log_level=None, verb_name='build', build_base='build', install_base='install', merge_install=False, symlink_install=True, test_result_base=None, continue_on_error=False, executor='parallel', parallel_workers=4, event_handlers=None, ignore_user_meta=False, metas=['./colcon.meta'], base_paths=['.'], packages_ignore=None, packages_ignore_regex=None, paths=None, packages_up_to=None, packages_up_to_regex=None, packages_above=None, packages_above_and_dependencies=None, packages_above_depth=None, packages_select_by_dep=None, packages_skip_by_dep=None, packages_skip_up_to=None, packages_select_build_failed=False, packages_skip_build_finished=False, packages_select_test_failures=False, packages_skip_test_passed=False, packages_select=['navigate_to_goal'], packages_skip=None, packages_select_regex=None, packages_skip_regex=None, packages_start=None, packages_end=None, allow_overriding=[], cmake_args=None, cmake_target=None, cmake_target_skip_unavailable=False, cmake_clean_cache=False, cmake_clean_first=False, cmake_force_configure=False, ament_cmake_args=None, catkin_cmake_args=None, catkin_skip_building_tests=False, verb_parser=<colcon_defaults.argument_parser.defaults.DefaultArgumentsDecorator object at 0xffffb5155960>, verb_extension=<colcon_core.verb.build.BuildVerb object at 0xffffb509b160>, main=<bound method BuildVerb.main of <colcon_core.verb.build.BuildVerb object at 0xffffb509b160>>)
[5.187s] Level 1:colcon.colcon_core.package_discovery:discover_packages(colcon_meta) check parameters
[5.187s] Level 1:colcon.colcon_core.package_discovery:discover_packages(recursive) check parameters
[5.188s] Level 1:colcon.colcon_core.package_discovery:discover_packages(ignore) check parameters
[5.188s] Level 1:colcon.colcon_core.package_discovery:discover_packages(path) check parameters
[5.188s] Level 1:colcon.colcon_core.package_discovery:discover_packages(colcon_meta) discover
[5.188s] Level 1:colcon.colcon_core.package_discovery:discover_packages(recursive) discover
[5.188s] INFO:colcon.colcon_core.package_discovery:Crawling recursively for packages in '/home/burger/worren_hu_ws'
[5.189s] Level 1:colcon.colcon_core.package_identification:_identify(.) by extensions ['ignore', 'ignore_ament_install']
[5.189s] Level 1:colcon.colcon_core.package_identification:_identify(.) by extension 'ignore'
[5.189s] Level 1:colcon.colcon_core.package_identification:_identify(.) by extension 'ignore_ament_install'
[5.190s] Level 1:colcon.colcon_core.package_identification:_identify(.) by extensions ['colcon_pkg']
[5.190s] Level 1:colcon.colcon_core.package_identification:_identify(.) by extension 'colcon_pkg'
[5.190s] Level 1:colcon.colcon_core.package_identification:_identify(.) by extensions ['colcon_meta']
[5.190s] Level 1:colcon.colcon_core.package_identification:_identify(.) by extension 'colcon_meta'
[5.190s] Level 1:colcon.colcon_core.package_identification:_identify(.) by extensions ['ros']
[5.190s] Level 1:colcon.colcon_core.package_identification:_identify(.) by extension 'ros'
[5.252s] Level 1:colcon.colcon_core.package_identification:_identify(.) by extensions ['cmake', 'python']
[5.252s] Level 1:colcon.colcon_core.package_identification:_identify(.) by extension 'cmake'
[5.255s] Level 1:colcon.colcon_core.package_identification:_identify(.) by extension 'python'
[5.256s] Level 1:colcon.colcon_core.package_identification:_identify(.) by extensions ['python_setup_py']
[5.256s] Level 1:colcon.colcon_core.package_identification:_identify(.) by extension 'python_setup_py'
[5.256s] Level 1:colcon.colcon_core.package_identification:_identify(build) by extensions ['ignore', 'ignore_ament_install']
[5.257s] Level 1:colcon.colcon_core.package_identification:_identify(build) by extension 'ignore'
[5.257s] Level 1:colcon.colcon_core.package_identification:_identify(build) ignored
[5.258s] Level 1:colcon.colcon_core.package_identification:_identify(install) by extensions ['ignore', 'ignore_ament_install']
[5.258s] Level 1:colcon.colcon_core.package_identification:_identify(install) by extension 'ignore'
[5.259s] Level 1:colcon.colcon_core.package_identification:_identify(install) ignored
[5.260s] Level 1:colcon.colcon_core.package_identification:_identify(log) by extensions ['ignore', 'ignore_ament_install']
[5.261s] Level 1:colcon.colcon_core.package_identification:_identify(log) by extension 'ignore'
[5.261s] Level 1:colcon.colcon_core.package_identification:_identify(log) ignored
[5.261s] Level 1:colcon.colcon_core.package_identification:_identify(src) by extensions ['ignore', 'ignore_ament_install']
[5.262s] Level 1:colcon.colcon_core.package_identification:_identify(src) by extension 'ignore'
[5.262s] Level 1:colcon.colcon_core.package_identification:_identify(src) by extension 'ignore_ament_install'
[5.262s] Level 1:colcon.colcon_core.package_identification:_identify(src) by extensions ['colcon_pkg']
[5.262s] Level 1:colcon.colcon_core.package_identification:_identify(src) by extension 'colcon_pkg'
[5.263s] Level 1:colcon.colcon_core.package_identification:_identify(src) by extensions ['colcon_meta']
[5.263s] Level 1:colcon.colcon_core.package_identification:_identify(src) by extension 'colcon_meta'
[5.263s] Level 1:colcon.colcon_core.package_identification:_identify(src) by extensions ['ros']
[5.263s] Level 1:colcon.colcon_core.package_identification:_identify(src) by extension 'ros'
[5.263s] Level 1:colcon.colcon_core.package_identification:_identify(src) by extensions ['cmake', 'python']
[5.264s] Level 1:colcon.colcon_core.package_identification:_identify(src) by extension 'cmake'
[5.264s] Level 1:colcon.colcon_core.package_identification:_identify(src) by extension 'python'
[5.264s] Level 1:colcon.colcon_core.package_identification:_identify(src) by extensions ['python_setup_py']
[5.264s] Level 1:colcon.colcon_core.package_identification:_identify(src) by extension 'python_setup_py'
[5.264s] Level 1:colcon.colcon_core.package_identification:_identify(src/follow_objects) by extensions ['ignore', 'ignore_ament_install']
[5.265s] Level 1:colcon.colcon_core.package_identification:_identify(src/follow_objects) by extension 'ignore'
[5.265s] Level 1:colcon.colcon_core.package_identification:_identify(src/follow_objects) by extension 'ignore_ament_install'
[5.266s] Level 1:colcon.colcon_core.package_identification:_identify(src/follow_objects) by extensions ['colcon_pkg']
[5.266s] Level 1:colcon.colcon_core.package_identification:_identify(src/follow_objects) by extension 'colcon_pkg'
[5.266s] Level 1:colcon.colcon_core.package_identification:_identify(src/follow_objects) by extensions ['colcon_meta']
[5.266s] Level 1:colcon.colcon_core.package_identification:_identify(src/follow_objects) by extension 'colcon_meta'
[5.266s] Level 1:colcon.colcon_core.package_identification:_identify(src/follow_objects) by extensions ['ros']
[5.266s] Level 1:colcon.colcon_core.package_identification:_identify(src/follow_objects) by extension 'ros'
[5.280s] DEBUG:colcon.colcon_core.package_identification:Package 'src/follow_objects' with type 'ros.ament_python' and name 'follow_objects'
[5.280s] Level 1:colcon.colcon_core.package_identification:_identify(src/navigate_to_goal) by extensions ['ignore', 'ignore_ament_install']
[5.281s] Level 1:colcon.colcon_core.package_identification:_identify(src/navigate_to_goal) by extension 'ignore'
[5.281s] Level 1:colcon.colcon_core.package_identification:_identify(src/navigate_to_goal) by extension 'ignore_ament_install'
[5.281s] Level 1:colcon.colcon_core.package_identification:_identify(src/navigate_to_goal) by extensions ['colcon_pkg']
[5.281s] Level 1:colcon.colcon_core.package_identification:_identify(src/navigate_to_goal) by extension 'colcon_pkg'
[5.282s] Level 1:colcon.colcon_core.package_identification:_identify(src/navigate_to_goal) by extensions ['colcon_meta']
[5.282s] Level 1:colcon.colcon_core.package_identification:_identify(src/navigate_to_goal) by extension 'colcon_meta'
[5.282s] Level 1:colcon.colcon_core.package_identification:_identify(src/navigate_to_goal) by extensions ['ros']
[5.282s] Level 1:colcon.colcon_core.package_identification:_identify(src/navigate_to_goal) by extension 'ros'
[5.284s] DEBUG:colcon.colcon_core.package_identification:Package 'src/navigate_to_goal' with type 'ros.ament_python' and name 'navigate_to_goal'
[5.285s] Level 1:colcon.colcon_core.package_identification:_identify(src/py_pubsub) by extensions ['ignore', 'ignore_ament_install']
[5.286s] Level 1:colcon.colcon_core.package_identification:_identify(src/py_pubsub) by extension 'ignore'
[5.286s] Level 1:colcon.colcon_core.package_identification:_identify(src/py_pubsub) by extension 'ignore_ament_install'
[5.286s] Level 1:colcon.colcon_core.package_identification:_identify(src/py_pubsub) by extensions ['colcon_pkg']
[5.287s] Level 1:colcon.colcon_core.package_identification:_identify(src/py_pubsub) by extension 'colcon_pkg'
[5.287s] Level 1:colcon.colcon_core.package_identification:_identify(src/py_pubsub) by extensions ['colcon_meta']
[5.287s] Level 1:colcon.colcon_core.package_identification:_identify(src/py_pubsub) by extension 'colcon_meta'
[5.287s] Level 1:colcon.colcon_core.package_identification:_identify(src/py_pubsub) by extensions ['ros']
[5.287s] Level 1:colcon.colcon_core.package_identification:_identify(src/py_pubsub) by extension 'ros'
[5.290s] DEBUG:colcon.colcon_core.package_identification:Package 'src/py_pubsub' with type 'ros.ament_python' and name 'py_pubsub'
[5.291s] Level 1:colcon.colcon_core.package_identification:_identify(src/teamwh_object_follower) by extensions ['ignore', 'ignore_ament_install']
[5.292s] Level 1:colcon.colcon_core.package_identification:_identify(src/teamwh_object_follower) by extension 'ignore'
[5.292s] Level 1:colcon.colcon_core.package_identification:_identify(src/teamwh_object_follower) by extension 'ignore_ament_install'
[5.292s] Level 1:colcon.colcon_core.package_identification:_identify(src/teamwh_object_follower) by extensions ['colcon_pkg']
[5.293s] Level 1:colcon.colcon_core.package_identification:_identify(src/teamwh_object_follower) by extension 'colcon_pkg'
[5.293s] Level 1:colcon.colcon_core.package_identification:_identify(src/teamwh_object_follower) by extensions ['colcon_meta']
[5.293s] Level 1:colcon.colcon_core.package_identification:_identify(src/teamwh_object_follower) by extension 'colcon_meta'
[5.294s] Level 1:colcon.colcon_core.package_identification:_identify(src/teamwh_object_follower) by extensions ['ros']
[5.294s] Level 1:colcon.colcon_core.package_identification:_identify(src/teamwh_object_follower) by extension 'ros'
[5.298s] DEBUG:colcon.colcon_core.package_identification:Package 'src/teamwh_object_follower' with type 'ros.ament_python' and name 'teamwh_object_follower'
[5.298s] Level 1:colcon.colcon_core.package_discovery:discover_packages(recursive) using defaults
[5.298s] Level 1:colcon.colcon_core.package_discovery:discover_packages(ignore) discover
[5.298s] Level 1:colcon.colcon_core.package_discovery:discover_packages(ignore) using defaults
[5.299s] Level 1:colcon.colcon_core.package_discovery:discover_packages(path) discover
[5.299s] Level 1:colcon.colcon_core.package_discovery:discover_packages(path) using defaults
[5.710s] INFO:colcon.colcon_core.package_selection:Skipping not selected package 'follow_objects' in 'src/follow_objects'
[5.710s] INFO:colcon.colcon_core.package_selection:Skipping not selected package 'py_pubsub' in 'src/py_pubsub'
[5.710s] INFO:colcon.colcon_core.package_selection:Skipping not selected package 'teamwh_object_follower' in 'src/teamwh_object_follower'
[5.839s] Level 1:colcon.colcon_core.package_discovery:discover_packages(prefix_path) check parameters
[5.840s] Level 1:colcon.colcon_core.package_discovery:discover_packages(prefix_path) discover
[5.995s] DEBUG:colcon.colcon_installed_package_information.package_discovery:Found 8 installed packages in /home/burger/dontTouch_ws/install
[6.074s] DEBUG:colcon.colcon_installed_package_information.package_discovery:Found 244 installed packages in /opt/ros/humble
[6.079s] Level 1:colcon.colcon_core.package_discovery:discover_packages(prefix_path) using defaults
[6.500s] Level 5:colcon.colcon_core.verb:set package 'navigate_to_goal' build argument 'cmake_args' from command line to 'None'
[6.500s] Level 5:colcon.colcon_core.verb:set package 'navigate_to_goal' build argument 'cmake_target' from command line to 'None'
[6.501s] Level 5:colcon.colcon_core.verb:set package 'navigate_to_goal' build argument 'cmake_target_skip_unavailable' from command line to 'False'
[6.501s] Level 5:colcon.colcon_core.verb:set package 'navigate_to_goal' build argument 'cmake_clean_cache' from command line to 'False'
[6.501s] Level 5:colcon.colcon_core.verb:set package 'navigate_to_goal' build argument 'cmake_clean_first' from command line to 'False'
[6.501s] Level 5:colcon.colcon_core.verb:set package 'navigate_to_goal' build argument 'cmake_force_configure' from command line to 'False'
[6.501s] Level 5:colcon.colcon_core.verb:set package 'navigate_to_goal' build argument 'ament_cmake_args' from command line to 'None'
[6.501s] Level 5:colcon.colcon_core.verb:set package 'navigate_to_goal' build argument 'catkin_cmake_args' from command line to 'None'
[6.501s] Level 5:colcon.colcon_core.verb:set package 'navigate_to_goal' build argument 'catkin_skip_building_tests' from command line to 'False'
[6.501s] DEBUG:colcon.colcon_core.verb:Building package 'navigate_to_goal' with the following arguments: {'ament_cmake_args': None, 'build_base': '/home/burger/worren_hu_ws/build/navigate_to_goal', 'catkin_cmake_args': None, 'catkin_skip_building_tests': False, 'cmake_args': None, 'cmake_clean_cache': False, 'cmake_clean_first': False, 'cmake_force_configure': False, 'cmake_target': None, 'cmake_target_skip_unavailable': False, 'install_base': '/home/burger/worren_hu_ws/install/navigate_to_goal', 'merge_install': False, 'path': '/home/burger/worren_hu_ws/src/navigate_to_goal', 'symlink_install': True, 'test_result_base': None}
[6.570s] INFO:colcon.colcon_core.executor:Executing jobs using 'parallel' executor
[6.644s] DEBUG:colcon.colcon_parallel_executor.executor.parallel:run_until_complete
[6.644s] INFO:colcon.colcon_ros.task.ament_python.build:Building ROS package in '/home/burger/worren_hu_ws/src/navigate_to_goal' with build type 'ament_python'
[6.646s] Level 1:colcon.colcon_core.shell:create_environment_hook('navigate_to_goal', 'ament_prefix_path')
[6.730s] INFO:colcon.colcon_core.plugin_system:Skipping extension 'colcon_core.shell.bat': Not used on non-Windows systems
[6.731s] INFO:colcon.colcon_core.shell:Creating environment hook '/home/burger/worren_hu_ws/install/navigate_to_goal/share/navigate_to_goal/hook/ament_prefix_path.ps1'
[6.734s] INFO:colcon.colcon_core.shell:Creating environment descriptor '/home/burger/worren_hu_ws/install/navigate_to_goal/share/navigate_to_goal/hook/ament_prefix_path.dsv'
[6.736s] INFO:colcon.colcon_core.shell:Creating environment hook '/home/burger/worren_hu_ws/install/navigate_to_goal/share/navigate_to_goal/hook/ament_prefix_path.sh'
[6.819s] INFO:colcon.colcon_core.shell:Skip shell extension 'powershell' for command environment: Not usable outside of PowerShell
[6.819s] DEBUG:colcon.colcon_core.shell:Skip shell extension 'dsv' for command environment
[8.431s] INFO:colcon.colcon_core.task.python.build:Building Python package in '/home/burger/worren_hu_ws/src/navigate_to_goal'
[8.499s] INFO:colcon.colcon_core.shell:Skip shell extension 'powershell' for command environment: Not usable outside of PowerShell
[8.499s] DEBUG:colcon.colcon_core.shell:Skip shell extension 'dsv' for command environment
[10.878s] DEBUG:colcon.colcon_core.event_handler.log_command:Invoking command in '/home/burger/worren_hu_ws/build/navigate_to_goal': PYTHONPATH=/home/burger/worren_hu_ws/build/navigate_to_goal/prefix_override:/home/burger/worren_hu_ws/install/navigate_to_goal/lib/python3.10/site-packages:${PYTHONPATH} /usr/bin/python3 setup.py develop --editable --build-directory /home/burger/worren_hu_ws/build/navigate_to_goal/build --no-deps install_data
[13.260s] Level 1:colcon.colcon_core.shell:create_environment_hook('navigate_to_goal', 'pythonpath_develop')
[13.271s] DEBUG:colcon.colcon_core.event_handler.log_command:Invoked command in '/home/burger/worren_hu_ws/build/navigate_to_goal' returned '0': PYTHONPATH=/home/burger/worren_hu_ws/build/navigate_to_goal/prefix_override:/home/burger/worren_hu_ws/install/navigate_to_goal/lib/python3.10/site-packages:${PYTHONPATH} /usr/bin/python3 setup.py develop --editable --build-directory /home/burger/worren_hu_ws/build/navigate_to_goal/build --no-deps install_data
[13.330s] INFO:colcon.colcon_core.shell:Creating environment hook '/home/burger/worren_hu_ws/build/navigate_to_goal/share/navigate_to_goal/hook/pythonpath_develop.ps1'
[13.332s] INFO:colcon.colcon_core.shell:Creating environment descriptor '/home/burger/worren_hu_ws/build/navigate_to_goal/share/navigate_to_goal/hook/pythonpath_develop.dsv'
[13.334s] INFO:colcon.colcon_core.shell:Creating environment hook '/home/burger/worren_hu_ws/build/navigate_to_goal/share/navigate_to_goal/hook/pythonpath_develop.sh'
[13.417s] Level 1:colcon.colcon_core.environment:checking '/home/burger/worren_hu_ws/install/navigate_to_goal' for CMake module files
[13.420s] Level 1:colcon.colcon_core.environment:checking '/home/burger/worren_hu_ws/install/navigate_to_goal' for CMake config files
[13.424s] Level 1:colcon.colcon_core.environment:checking '/home/burger/worren_hu_ws/install/navigate_to_goal/lib'
[13.425s] Level 1:colcon.colcon_core.environment:checking '/home/burger/worren_hu_ws/install/navigate_to_goal/bin'
[13.425s] Level 1:colcon.colcon_core.environment:checking '/home/burger/worren_hu_ws/install/navigate_to_goal/lib/pkgconfig/navigate_to_goal.pc'
[13.426s] Level 1:colcon.colcon_core.environment:checking '/home/burger/worren_hu_ws/install/navigate_to_goal/lib/python3.10/site-packages'
[13.426s] Level 1:colcon.colcon_core.shell:create_environment_hook('navigate_to_goal', 'pythonpath')
[13.494s] INFO:colcon.colcon_core.shell:Creating environment hook '/home/burger/worren_hu_ws/install/navigate_to_goal/share/navigate_to_goal/hook/pythonpath.ps1'
[13.496s] INFO:colcon.colcon_core.shell:Creating environment descriptor '/home/burger/worren_hu_ws/install/navigate_to_goal/share/navigate_to_goal/hook/pythonpath.dsv'
[13.498s] INFO:colcon.colcon_core.shell:Creating environment hook '/home/burger/worren_hu_ws/install/navigate_to_goal/share/navigate_to_goal/hook/pythonpath.sh'
[13.501s] Level 1:colcon.colcon_core.environment:checking '/home/burger/worren_hu_ws/install/navigate_to_goal/bin'
[13.501s] Level 1:colcon.colcon_core.environment:create_environment_scripts_only(navigate_to_goal)
[13.577s] INFO:colcon.colcon_core.shell:Creating package script '/home/burger/worren_hu_ws/install/navigate_to_goal/share/navigate_to_goal/package.ps1'
[13.581s] INFO:colcon.colcon_core.shell:Creating package descriptor '/home/burger/worren_hu_ws/install/navigate_to_goal/share/navigate_to_goal/package.dsv'
[13.584s] INFO:colcon.colcon_core.shell:Creating package script '/home/burger/worren_hu_ws/install/navigate_to_goal/share/navigate_to_goal/package.sh'
[13.588s] INFO:colcon.colcon_core.shell:Creating package script '/home/burger/worren_hu_ws/install/navigate_to_goal/share/navigate_to_goal/package.bash'
[13.591s] INFO:colcon.colcon_core.shell:Creating package script '/home/burger/worren_hu_ws/install/navigate_to_goal/share/navigate_to_goal/package.zsh'
[13.594s] Level 1:colcon.colcon_core.environment:create_file_with_runtime_dependencies(/home/burger/worren_hu_ws/install/navigate_to_goal/share/colcon-core/packages/navigate_to_goal)
[13.596s] DEBUG:colcon.colcon_parallel_executor.executor.parallel:closing loop
[13.597s] DEBUG:colcon.colcon_parallel_executor.executor.parallel:loop closed
[13.598s] DEBUG:colcon.colcon_parallel_executor.executor.parallel:run_until_complete finished with '0'
[13.598s] DEBUG:colcon.colcon_core.event_reactor:joining thread
[13.692s] INFO:colcon.colcon_core.plugin_system:Skipping extension 'colcon_notification.desktop_notification.notify_send': Could not find 'notify-send'
[13.692s] INFO:colcon.colcon_core.plugin_system:Skipping extension 'colcon_notification.desktop_notification.terminal_notifier': Not used on non-Darwin systems
[13.692s] INFO:colcon.colcon_core.plugin_system:Skipping extension 'colcon_notification.desktop_notification.win32': Not used on non-Windows systems
[13.693s] INFO:colcon.colcon_notification.desktop_notification:Sending desktop notification using 'notify2'
[13.696s] DEBUG:colcon.colcon_notification.desktop_notification.notify2:Failed to initialize notify2: org.freedesktop.DBus.Error.ServiceUnknown: The name org.freedesktop.Notifications was not provided by any .service files
[13.696s] DEBUG:colcon.colcon_core.event_reactor:joined thread
[13.811s] INFO:colcon.colcon_core.shell:Creating prefix script '/home/burger/worren_hu_ws/install/local_setup.ps1'
[13.815s] INFO:colcon.colcon_core.shell:Creating prefix util module '/home/burger/worren_hu_ws/install/_local_setup_util_ps1.py'
[13.822s] INFO:colcon.colcon_core.shell:Creating prefix chain script '/home/burger/worren_hu_ws/install/setup.ps1'
[13.904s] INFO:colcon.colcon_core.shell:Creating prefix script '/home/burger/worren_hu_ws/install/local_setup.sh'
[13.907s] INFO:colcon.colcon_core.shell:Creating prefix util module '/home/burger/worren_hu_ws/install/_local_setup_util_sh.py'
[13.909s] INFO:colcon.colcon_core.shell:Creating prefix chain script '/home/burger/worren_hu_ws/install/setup.sh'
[13.986s] INFO:colcon.colcon_core.shell:Creating prefix script '/home/burger/worren_hu_ws/install/local_setup.bash'
[13.988s] INFO:colcon.colcon_core.shell:Creating prefix chain script '/home/burger/worren_hu_ws/install/setup.bash'
[14.068s] INFO:colcon.colcon_core.shell:Creating prefix script '/home/burger/worren_hu_ws/install/local_setup.zsh'
[14.071s] INFO:colcon.colcon_core.shell:Creating prefix chain script '/home/burger/worren_hu_ws/install/setup.zsh'
