[5.524s] DEBUG:colcon:Command line arguments: ['/usr/bin/colcon', 'build', '--packages-select', 'follow_objects']
[5.525s] DEBUG:colcon:Parsed command line arguments: Namespace(log_base=None, log_level=None, verb_name='build', build_base='build', install_base='install', merge_install=False, symlink_install=False, test_result_base=None, continue_on_error=False, executor='parallel', parallel_workers=4, event_handlers=None, ignore_user_meta=False, metas=['./colcon.meta'], base_paths=['.'], packages_ignore=None, packages_ignore_regex=None, paths=None, packages_up_to=None, packages_up_to_regex=None, packages_above=None, packages_above_and_dependencies=None, packages_above_depth=None, packages_select_by_dep=None, packages_skip_by_dep=None, packages_skip_up_to=None, packages_select_build_failed=False, packages_skip_build_finished=False, packages_select_test_failures=False, packages_skip_test_passed=False, packages_select=['follow_objects'], packages_skip=None, packages_select_regex=None, packages_skip_regex=None, packages_start=None, packages_end=None, allow_overriding=[], cmake_args=None, cmake_target=None, cmake_target_skip_unavailable=False, cmake_clean_cache=False, cmake_clean_first=False, cmake_force_configure=False, ament_cmake_args=None, catkin_cmake_args=None, catkin_skip_building_tests=False, verb_parser=<colcon_defaults.argument_parser.defaults.DefaultArgumentsDecorator object at 0xffffaad75840>, verb_extension=<colcon_core.verb.build.BuildVerb object at 0xffffaacba110>, main=<bound method BuildVerb.main of <colcon_core.verb.build.BuildVerb object at 0xffffaacba110>>)
[5.819s] Level 1:colcon.colcon_core.package_discovery:discover_packages(colcon_meta) check parameters
[5.820s] Level 1:colcon.colcon_core.package_discovery:discover_packages(recursive) check parameters
[5.820s] Level 1:colcon.colcon_core.package_discovery:discover_packages(ignore) check parameters
[5.820s] Level 1:colcon.colcon_core.package_discovery:discover_packages(path) check parameters
[5.821s] Level 1:colcon.colcon_core.package_discovery:discover_packages(colcon_meta) discover
[5.821s] Level 1:colcon.colcon_core.package_discovery:discover_packages(recursive) discover
[5.821s] INFO:colcon.colcon_core.package_discovery:Crawling recursively for packages in '/home/burger/worren_hu_ws'
[5.822s] Level 1:colcon.colcon_core.package_identification:_identify(.) by extensions ['ignore', 'ignore_ament_install']
[5.822s] Level 1:colcon.colcon_core.package_identification:_identify(.) by extension 'ignore'
[5.823s] Level 1:colcon.colcon_core.package_identification:_identify(.) by extension 'ignore_ament_install'
[5.823s] Level 1:colcon.colcon_core.package_identification:_identify(.) by extensions ['colcon_pkg']
[5.824s] Level 1:colcon.colcon_core.package_identification:_identify(.) by extension 'colcon_pkg'
[5.824s] Level 1:colcon.colcon_core.package_identification:_identify(.) by extensions ['colcon_meta']
[5.824s] Level 1:colcon.colcon_core.package_identification:_identify(.) by extension 'colcon_meta'
[5.825s] Level 1:colcon.colcon_core.package_identification:_identify(.) by extensions ['ros']
[5.825s] Level 1:colcon.colcon_core.package_identification:_identify(.) by extension 'ros'
[5.889s] Level 1:colcon.colcon_core.package_identification:_identify(.) by extensions ['cmake', 'python']
[5.889s] Level 1:colcon.colcon_core.package_identification:_identify(.) by extension 'cmake'
[5.890s] Level 1:colcon.colcon_core.package_identification:_identify(.) by extension 'python'
[5.890s] Level 1:colcon.colcon_core.package_identification:_identify(.) by extensions ['python_setup_py']
[5.890s] Level 1:colcon.colcon_core.package_identification:_identify(.) by extension 'python_setup_py'
[5.891s] Level 1:colcon.colcon_core.package_identification:_identify(build) by extensions ['ignore', 'ignore_ament_install']
[5.892s] Level 1:colcon.colcon_core.package_identification:_identify(build) by extension 'ignore'
[5.892s] Level 1:colcon.colcon_core.package_identification:_identify(build) ignored
[5.893s] Level 1:colcon.colcon_core.package_identification:_identify(install) by extensions ['ignore', 'ignore_ament_install']
[5.894s] Level 1:colcon.colcon_core.package_identification:_identify(install) by extension 'ignore'
[5.894s] Level 1:colcon.colcon_core.package_identification:_identify(install) ignored
[5.896s] Level 1:colcon.colcon_core.package_identification:_identify(log) by extensions ['ignore', 'ignore_ament_install']
[5.897s] Level 1:colcon.colcon_core.package_identification:_identify(log) by extension 'ignore'
[5.897s] Level 1:colcon.colcon_core.package_identification:_identify(log) ignored
[5.898s] Level 1:colcon.colcon_core.package_identification:_identify(src) by extensions ['ignore', 'ignore_ament_install']
[5.898s] Level 1:colcon.colcon_core.package_identification:_identify(src) by extension 'ignore'
[5.898s] Level 1:colcon.colcon_core.package_identification:_identify(src) by extension 'ignore_ament_install'
[5.899s] Level 1:colcon.colcon_core.package_identification:_identify(src) by extensions ['colcon_pkg']
[5.899s] Level 1:colcon.colcon_core.package_identification:_identify(src) by extension 'colcon_pkg'
[5.899s] Level 1:colcon.colcon_core.package_identification:_identify(src) by extensions ['colcon_meta']
[5.899s] Level 1:colcon.colcon_core.package_identification:_identify(src) by extension 'colcon_meta'
[5.900s] Level 1:colcon.colcon_core.package_identification:_identify(src) by extensions ['ros']
[5.900s] Level 1:colcon.colcon_core.package_identification:_identify(src) by extension 'ros'
[5.901s] Level 1:colcon.colcon_core.package_identification:_identify(src) by extensions ['cmake', 'python']
[5.901s] Level 1:colcon.colcon_core.package_identification:_identify(src) by extension 'cmake'
[5.901s] Level 1:colcon.colcon_core.package_identification:_identify(src) by extension 'python'
[5.902s] Level 1:colcon.colcon_core.package_identification:_identify(src) by extensions ['python_setup_py']
[5.902s] Level 1:colcon.colcon_core.package_identification:_identify(src) by extension 'python_setup_py'
[5.903s] Level 1:colcon.colcon_core.package_identification:_identify(src/follow_objects) by extensions ['ignore', 'ignore_ament_install']
[5.904s] Level 1:colcon.colcon_core.package_identification:_identify(src/follow_objects) by extension 'ignore'
[5.905s] Level 1:colcon.colcon_core.package_identification:_identify(src/follow_objects) by extension 'ignore_ament_install'
[5.905s] Level 1:colcon.colcon_core.package_identification:_identify(src/follow_objects) by extensions ['colcon_pkg']
[5.906s] Level 1:colcon.colcon_core.package_identification:_identify(src/follow_objects) by extension 'colcon_pkg'
[5.906s] Level 1:colcon.colcon_core.package_identification:_identify(src/follow_objects) by extensions ['colcon_meta']
[5.907s] Level 1:colcon.colcon_core.package_identification:_identify(src/follow_objects) by extension 'colcon_meta'
[5.907s] Level 1:colcon.colcon_core.package_identification:_identify(src/follow_objects) by extensions ['ros']
[5.907s] Level 1:colcon.colcon_core.package_identification:_identify(src/follow_objects) by extension 'ros'
[5.919s] DEBUG:colcon.colcon_core.package_identification:Package 'src/follow_objects' with type 'ros.ament_python' and name 'follow_objects'
[5.920s] Level 1:colcon.colcon_core.package_identification:_identify(src/py_pubsub) by extensions ['ignore', 'ignore_ament_install']
[5.921s] Level 1:colcon.colcon_core.package_identification:_identify(src/py_pubsub) by extension 'ignore'
[5.921s] Level 1:colcon.colcon_core.package_identification:_identify(src/py_pubsub) by extension 'ignore_ament_install'
[5.921s] Level 1:colcon.colcon_core.package_identification:_identify(src/py_pubsub) by extensions ['colcon_pkg']
[5.921s] Level 1:colcon.colcon_core.package_identification:_identify(src/py_pubsub) by extension 'colcon_pkg'
[5.922s] Level 1:colcon.colcon_core.package_identification:_identify(src/py_pubsub) by extensions ['colcon_meta']
[5.922s] Level 1:colcon.colcon_core.package_identification:_identify(src/py_pubsub) by extension 'colcon_meta'
[5.922s] Level 1:colcon.colcon_core.package_identification:_identify(src/py_pubsub) by extensions ['ros']
[5.922s] Level 1:colcon.colcon_core.package_identification:_identify(src/py_pubsub) by extension 'ros'
[5.925s] DEBUG:colcon.colcon_core.package_identification:Package 'src/py_pubsub' with type 'ros.ament_python' and name 'py_pubsub'
[5.925s] Level 1:colcon.colcon_core.package_discovery:discover_packages(recursive) using defaults
[5.926s] Level 1:colcon.colcon_core.package_discovery:discover_packages(ignore) discover
[5.926s] Level 1:colcon.colcon_core.package_discovery:discover_packages(ignore) using defaults
[5.926s] Level 1:colcon.colcon_core.package_discovery:discover_packages(path) discover
[5.926s] Level 1:colcon.colcon_core.package_discovery:discover_packages(path) using defaults
[6.273s] INFO:colcon.colcon_core.package_selection:Skipping not selected package 'py_pubsub' in 'src/py_pubsub'
[6.425s] Level 1:colcon.colcon_core.package_discovery:discover_packages(prefix_path) check parameters
[6.426s] Level 1:colcon.colcon_core.package_discovery:discover_packages(prefix_path) discover
[6.589s] DEBUG:colcon.colcon_installed_package_information.package_discovery:Found 8 installed packages in /home/burger/dontTouch_ws/install
[6.665s] DEBUG:colcon.colcon_installed_package_information.package_discovery:Found 244 installed packages in /opt/ros/humble
[6.670s] Level 1:colcon.colcon_core.package_discovery:discover_packages(prefix_path) using defaults
[7.125s] Level 5:colcon.colcon_core.verb:set package 'follow_objects' build argument 'cmake_args' from command line to 'None'
[7.125s] Level 5:colcon.colcon_core.verb:set package 'follow_objects' build argument 'cmake_target' from command line to 'None'
[7.125s] Level 5:colcon.colcon_core.verb:set package 'follow_objects' build argument 'cmake_target_skip_unavailable' from command line to 'False'
[7.125s] Level 5:colcon.colcon_core.verb:set package 'follow_objects' build argument 'cmake_clean_cache' from command line to 'False'
[7.125s] Level 5:colcon.colcon_core.verb:set package 'follow_objects' build argument 'cmake_clean_first' from command line to 'False'
[7.126s] Level 5:colcon.colcon_core.verb:set package 'follow_objects' build argument 'cmake_force_configure' from command line to 'False'
[7.126s] Level 5:colcon.colcon_core.verb:set package 'follow_objects' build argument 'ament_cmake_args' from command line to 'None'
[7.126s] Level 5:colcon.colcon_core.verb:set package 'follow_objects' build argument 'catkin_cmake_args' from command line to 'None'
[7.126s] Level 5:colcon.colcon_core.verb:set package 'follow_objects' build argument 'catkin_skip_building_tests' from command line to 'False'
[7.126s] DEBUG:colcon.colcon_core.verb:Building package 'follow_objects' with the following arguments: {'ament_cmake_args': None, 'build_base': '/home/burger/worren_hu_ws/build/follow_objects', 'catkin_cmake_args': None, 'catkin_skip_building_tests': False, 'cmake_args': None, 'cmake_clean_cache': False, 'cmake_clean_first': False, 'cmake_force_configure': False, 'cmake_target': None, 'cmake_target_skip_unavailable': False, 'install_base': '/home/burger/worren_hu_ws/install/follow_objects', 'merge_install': False, 'path': '/home/burger/worren_hu_ws/src/follow_objects', 'symlink_install': False, 'test_result_base': None}
[7.193s] INFO:colcon.colcon_core.executor:Executing jobs using 'parallel' executor
[7.269s] DEBUG:colcon.colcon_parallel_executor.executor.parallel:run_until_complete
[7.270s] INFO:colcon.colcon_ros.task.ament_python.build:Building ROS package in '/home/burger/worren_hu_ws/src/follow_objects' with build type 'ament_python'
[7.271s] Level 1:colcon.colcon_core.shell:create_environment_hook('follow_objects', 'ament_prefix_path')
[7.359s] INFO:colcon.colcon_core.plugin_system:Skipping extension 'colcon_core.shell.bat': Not used on non-Windows systems
[7.361s] INFO:colcon.colcon_core.shell:Creating environment hook '/home/burger/worren_hu_ws/install/follow_objects/share/follow_objects/hook/ament_prefix_path.ps1'
[7.365s] INFO:colcon.colcon_core.shell:Creating environment descriptor '/home/burger/worren_hu_ws/install/follow_objects/share/follow_objects/hook/ament_prefix_path.dsv'
[7.371s] INFO:colcon.colcon_core.shell:Creating environment hook '/home/burger/worren_hu_ws/install/follow_objects/share/follow_objects/hook/ament_prefix_path.sh'
[7.456s] INFO:colcon.colcon_core.shell:Skip shell extension 'powershell' for command environment: Not usable outside of PowerShell
[7.457s] DEBUG:colcon.colcon_core.shell:Skip shell extension 'dsv' for command environment
[9.156s] INFO:colcon.colcon_core.task.python.build:Building Python package in '/home/burger/worren_hu_ws/src/follow_objects'
[9.227s] INFO:colcon.colcon_core.shell:Skip shell extension 'powershell' for command environment: Not usable outside of PowerShell
[9.227s] DEBUG:colcon.colcon_core.shell:Skip shell extension 'dsv' for command environment
[11.883s] DEBUG:colcon.colcon_core.event_handler.log_command:Invoking command in '/home/burger/worren_hu_ws/src/follow_objects': PYTHONPATH=/home/burger/worren_hu_ws/build/follow_objects/prefix_override:/home/burger/worren_hu_ws/install/follow_objects/lib/python3.10/site-packages:${PYTHONPATH} /usr/bin/python3 setup.py egg_info --egg-base ../../build/follow_objects build --build-base /home/burger/worren_hu_ws/build/follow_objects/build install --record /home/burger/worren_hu_ws/build/follow_objects/install.log --single-version-externally-managed
[13.536s] DEBUG:colcon.colcon_core.event_handler.log_command:Invoked command in '/home/burger/worren_hu_ws/src/follow_objects' returned '0': PYTHONPATH=/home/burger/worren_hu_ws/build/follow_objects/prefix_override:/home/burger/worren_hu_ws/install/follow_objects/lib/python3.10/site-packages:${PYTHONPATH} /usr/bin/python3 setup.py egg_info --egg-base ../../build/follow_objects build --build-base /home/burger/worren_hu_ws/build/follow_objects/build install --record /home/burger/worren_hu_ws/build/follow_objects/install.log --single-version-externally-managed
[13.627s] Level 1:colcon.colcon_core.environment:checking '/home/burger/worren_hu_ws/install/follow_objects' for CMake module files
[13.630s] Level 1:colcon.colcon_core.environment:checking '/home/burger/worren_hu_ws/install/follow_objects' for CMake config files
[13.634s] Level 1:colcon.colcon_core.environment:checking '/home/burger/worren_hu_ws/install/follow_objects/lib'
[13.636s] Level 1:colcon.colcon_core.environment:checking '/home/burger/worren_hu_ws/install/follow_objects/bin'
[13.636s] Level 1:colcon.colcon_core.environment:checking '/home/burger/worren_hu_ws/install/follow_objects/lib/pkgconfig/follow_objects.pc'
[13.638s] Level 1:colcon.colcon_core.environment:checking '/home/burger/worren_hu_ws/install/follow_objects/lib/python3.10/site-packages'
[13.639s] Level 1:colcon.colcon_core.shell:create_environment_hook('follow_objects', 'pythonpath')
[13.724s] INFO:colcon.colcon_core.shell:Creating environment hook '/home/burger/worren_hu_ws/install/follow_objects/share/follow_objects/hook/pythonpath.ps1'
[13.726s] INFO:colcon.colcon_core.shell:Creating environment descriptor '/home/burger/worren_hu_ws/install/follow_objects/share/follow_objects/hook/pythonpath.dsv'
[13.728s] INFO:colcon.colcon_core.shell:Creating environment hook '/home/burger/worren_hu_ws/install/follow_objects/share/follow_objects/hook/pythonpath.sh'
[13.731s] Level 1:colcon.colcon_core.environment:checking '/home/burger/worren_hu_ws/install/follow_objects/bin'
[13.731s] Level 1:colcon.colcon_core.environment:create_environment_scripts_only(follow_objects)
[13.805s] INFO:colcon.colcon_core.shell:Creating package script '/home/burger/worren_hu_ws/install/follow_objects/share/follow_objects/package.ps1'
[13.810s] INFO:colcon.colcon_core.shell:Creating package descriptor '/home/burger/worren_hu_ws/install/follow_objects/share/follow_objects/package.dsv'
[13.817s] INFO:colcon.colcon_core.shell:Creating package script '/home/burger/worren_hu_ws/install/follow_objects/share/follow_objects/package.sh'
[13.824s] INFO:colcon.colcon_core.shell:Creating package script '/home/burger/worren_hu_ws/install/follow_objects/share/follow_objects/package.bash'
[13.831s] INFO:colcon.colcon_core.shell:Creating package script '/home/burger/worren_hu_ws/install/follow_objects/share/follow_objects/package.zsh'
[13.837s] Level 1:colcon.colcon_core.environment:create_file_with_runtime_dependencies(/home/burger/worren_hu_ws/install/follow_objects/share/colcon-core/packages/follow_objects)
[13.838s] DEBUG:colcon.colcon_parallel_executor.executor.parallel:closing loop
[13.840s] DEBUG:colcon.colcon_parallel_executor.executor.parallel:loop closed
[13.840s] DEBUG:colcon.colcon_parallel_executor.executor.parallel:run_until_complete finished with '0'
[13.841s] DEBUG:colcon.colcon_core.event_reactor:joining thread
[13.943s] INFO:colcon.colcon_core.plugin_system:Skipping extension 'colcon_notification.desktop_notification.notify_send': Could not find 'notify-send'
[13.943s] INFO:colcon.colcon_core.plugin_system:Skipping extension 'colcon_notification.desktop_notification.terminal_notifier': Not used on non-Darwin systems
[13.944s] INFO:colcon.colcon_core.plugin_system:Skipping extension 'colcon_notification.desktop_notification.win32': Not used on non-Windows systems
[13.944s] INFO:colcon.colcon_notification.desktop_notification:Sending desktop notification using 'notify2'
[13.987s] DEBUG:colcon.colcon_notification.desktop_notification.notify2:Failed to initialize notify2: org.freedesktop.DBus.Error.ServiceUnknown: The name org.freedesktop.Notifications was not provided by any .service files
[13.987s] DEBUG:colcon.colcon_core.event_reactor:joined thread
[14.111s] INFO:colcon.colcon_core.shell:Creating prefix script '/home/burger/worren_hu_ws/install/local_setup.ps1'
[14.116s] INFO:colcon.colcon_core.shell:Creating prefix util module '/home/burger/worren_hu_ws/install/_local_setup_util_ps1.py'
[14.125s] INFO:colcon.colcon_core.shell:Creating prefix chain script '/home/burger/worren_hu_ws/install/setup.ps1'
[14.209s] INFO:colcon.colcon_core.shell:Creating prefix script '/home/burger/worren_hu_ws/install/local_setup.sh'
[14.215s] INFO:colcon.colcon_core.shell:Creating prefix util module '/home/burger/worren_hu_ws/install/_local_setup_util_sh.py'
[14.217s] INFO:colcon.colcon_core.shell:Creating prefix chain script '/home/burger/worren_hu_ws/install/setup.sh'
[14.298s] INFO:colcon.colcon_core.shell:Creating prefix script '/home/burger/worren_hu_ws/install/local_setup.bash'
[14.303s] INFO:colcon.colcon_core.shell:Creating prefix chain script '/home/burger/worren_hu_ws/install/setup.bash'
[14.396s] INFO:colcon.colcon_core.shell:Creating prefix script '/home/burger/worren_hu_ws/install/local_setup.zsh'
[14.401s] INFO:colcon.colcon_core.shell:Creating prefix chain script '/home/burger/worren_hu_ws/install/setup.zsh'
