[6.507s] DEBUG:colcon:Command line arguments: ['/usr/bin/colcon', 'build', '--packages-select', 'py_pubsub']
[6.507s] DEBUG:colcon:Parsed command line arguments: Namespace(log_base=None, log_level=None, verb_name='build', build_base='build', install_base='install', merge_install=False, symlink_install=False, test_result_base=None, continue_on_error=False, executor='parallel', parallel_workers=4, event_handlers=None, ignore_user_meta=False, metas=['./colcon.meta'], base_paths=['.'], packages_ignore=None, packages_ignore_regex=None, paths=None, packages_up_to=None, packages_up_to_regex=None, packages_above=None, packages_above_and_dependencies=None, packages_above_depth=None, packages_select_by_dep=None, packages_skip_by_dep=None, packages_skip_up_to=None, packages_select_build_failed=False, packages_skip_build_finished=False, packages_select_test_failures=False, packages_skip_test_passed=False, packages_select=['py_pubsub'], packages_skip=None, packages_select_regex=None, packages_skip_regex=None, packages_start=None, packages_end=None, allow_overriding=[], cmake_args=None, cmake_target=None, cmake_target_skip_unavailable=False, cmake_clean_cache=False, cmake_clean_first=False, cmake_force_configure=False, ament_cmake_args=None, catkin_cmake_args=None, catkin_skip_building_tests=False, verb_parser=<colcon_defaults.argument_parser.defaults.DefaultArgumentsDecorator object at 0xffffa4516440>, verb_extension=<colcon_core.verb.build.BuildVerb object at 0xffffa46eb940>, main=<bound method BuildVerb.main of <colcon_core.verb.build.BuildVerb object at 0xffffa46eb940>>)
[6.867s] Level 1:colcon.colcon_core.package_discovery:discover_packages(colcon_meta) check parameters
[6.868s] Level 1:colcon.colcon_core.package_discovery:discover_packages(recursive) check parameters
[6.868s] Level 1:colcon.colcon_core.package_discovery:discover_packages(ignore) check parameters
[6.868s] Level 1:colcon.colcon_core.package_discovery:discover_packages(path) check parameters
[6.868s] Level 1:colcon.colcon_core.package_discovery:discover_packages(colcon_meta) discover
[6.868s] Level 1:colcon.colcon_core.package_discovery:discover_packages(recursive) discover
[6.868s] INFO:colcon.colcon_core.package_discovery:Crawling recursively for packages in '/home/burger/worren_hu_ws'
[6.869s] Level 1:colcon.colcon_core.package_identification:_identify(.) by extensions ['ignore', 'ignore_ament_install']
[6.869s] Level 1:colcon.colcon_core.package_identification:_identify(.) by extension 'ignore'
[6.870s] Level 1:colcon.colcon_core.package_identification:_identify(.) by extension 'ignore_ament_install'
[6.870s] Level 1:colcon.colcon_core.package_identification:_identify(.) by extensions ['colcon_pkg']
[6.870s] Level 1:colcon.colcon_core.package_identification:_identify(.) by extension 'colcon_pkg'
[6.871s] Level 1:colcon.colcon_core.package_identification:_identify(.) by extensions ['colcon_meta']
[6.871s] Level 1:colcon.colcon_core.package_identification:_identify(.) by extension 'colcon_meta'
[6.871s] Level 1:colcon.colcon_core.package_identification:_identify(.) by extensions ['ros']
[6.871s] Level 1:colcon.colcon_core.package_identification:_identify(.) by extension 'ros'
[6.951s] Level 1:colcon.colcon_core.package_identification:_identify(.) by extensions ['cmake', 'python']
[6.951s] Level 1:colcon.colcon_core.package_identification:_identify(.) by extension 'cmake'
[6.951s] Level 1:colcon.colcon_core.package_identification:_identify(.) by extension 'python'
[6.952s] Level 1:colcon.colcon_core.package_identification:_identify(.) by extensions ['python_setup_py']
[6.952s] Level 1:colcon.colcon_core.package_identification:_identify(.) by extension 'python_setup_py'
[6.952s] Level 1:colcon.colcon_core.package_identification:_identify(build) by extensions ['ignore', 'ignore_ament_install']
[6.953s] Level 1:colcon.colcon_core.package_identification:_identify(build) by extension 'ignore'
[6.953s] Level 1:colcon.colcon_core.package_identification:_identify(build) ignored
[6.954s] Level 1:colcon.colcon_core.package_identification:_identify(install) by extensions ['ignore', 'ignore_ament_install']
[6.955s] Level 1:colcon.colcon_core.package_identification:_identify(install) by extension 'ignore'
[6.955s] Level 1:colcon.colcon_core.package_identification:_identify(install) ignored
[6.957s] Level 1:colcon.colcon_core.package_identification:_identify(log) by extensions ['ignore', 'ignore_ament_install']
[6.957s] Level 1:colcon.colcon_core.package_identification:_identify(log) by extension 'ignore'
[6.957s] Level 1:colcon.colcon_core.package_identification:_identify(log) ignored
[6.958s] Level 1:colcon.colcon_core.package_identification:_identify(src) by extensions ['ignore', 'ignore_ament_install']
[6.958s] Level 1:colcon.colcon_core.package_identification:_identify(src) by extension 'ignore'
[6.959s] Level 1:colcon.colcon_core.package_identification:_identify(src) by extension 'ignore_ament_install'
[6.959s] Level 1:colcon.colcon_core.package_identification:_identify(src) by extensions ['colcon_pkg']
[6.959s] Level 1:colcon.colcon_core.package_identification:_identify(src) by extension 'colcon_pkg'
[6.959s] Level 1:colcon.colcon_core.package_identification:_identify(src) by extensions ['colcon_meta']
[6.960s] Level 1:colcon.colcon_core.package_identification:_identify(src) by extension 'colcon_meta'
[6.960s] Level 1:colcon.colcon_core.package_identification:_identify(src) by extensions ['ros']
[6.960s] Level 1:colcon.colcon_core.package_identification:_identify(src) by extension 'ros'
[6.960s] Level 1:colcon.colcon_core.package_identification:_identify(src) by extensions ['cmake', 'python']
[6.961s] Level 1:colcon.colcon_core.package_identification:_identify(src) by extension 'cmake'
[6.961s] Level 1:colcon.colcon_core.package_identification:_identify(src) by extension 'python'
[6.961s] Level 1:colcon.colcon_core.package_identification:_identify(src) by extensions ['python_setup_py']
[6.961s] Level 1:colcon.colcon_core.package_identification:_identify(src) by extension 'python_setup_py'
[6.962s] Level 1:colcon.colcon_core.package_identification:_identify(src/follow_objects) by extensions ['ignore', 'ignore_ament_install']
[6.963s] Level 1:colcon.colcon_core.package_identification:_identify(src/follow_objects) by extension 'ignore'
[6.963s] Level 1:colcon.colcon_core.package_identification:_identify(src/follow_objects) by extension 'ignore_ament_install'
[6.963s] Level 1:colcon.colcon_core.package_identification:_identify(src/follow_objects) by extensions ['colcon_pkg']
[6.964s] Level 1:colcon.colcon_core.package_identification:_identify(src/follow_objects) by extension 'colcon_pkg'
[6.964s] Level 1:colcon.colcon_core.package_identification:_identify(src/follow_objects) by extensions ['colcon_meta']
[6.964s] Level 1:colcon.colcon_core.package_identification:_identify(src/follow_objects) by extension 'colcon_meta'
[6.965s] Level 1:colcon.colcon_core.package_identification:_identify(src/follow_objects) by extensions ['ros']
[6.965s] Level 1:colcon.colcon_core.package_identification:_identify(src/follow_objects) by extension 'ros'
[6.981s] DEBUG:colcon.colcon_core.package_identification:Package 'src/follow_objects' with type 'ros.ament_python' and name 'follow_objects'
[6.982s] Level 1:colcon.colcon_core.package_identification:_identify(src/py_pubsub) by extensions ['ignore', 'ignore_ament_install']
[6.983s] Level 1:colcon.colcon_core.package_identification:_identify(src/py_pubsub) by extension 'ignore'
[6.984s] Level 1:colcon.colcon_core.package_identification:_identify(src/py_pubsub) by extension 'ignore_ament_install'
[6.985s] Level 1:colcon.colcon_core.package_identification:_identify(src/py_pubsub) by extensions ['colcon_pkg']
[6.985s] Level 1:colcon.colcon_core.package_identification:_identify(src/py_pubsub) by extension 'colcon_pkg'
[6.986s] Level 1:colcon.colcon_core.package_identification:_identify(src/py_pubsub) by extensions ['colcon_meta']
[6.987s] Level 1:colcon.colcon_core.package_identification:_identify(src/py_pubsub) by extension 'colcon_meta'
[6.988s] Level 1:colcon.colcon_core.package_identification:_identify(src/py_pubsub) by extensions ['ros']
[6.988s] Level 1:colcon.colcon_core.package_identification:_identify(src/py_pubsub) by extension 'ros'
[6.993s] DEBUG:colcon.colcon_core.package_identification:Package 'src/py_pubsub' with type 'ros.ament_python' and name 'py_pubsub'
[6.993s] Level 1:colcon.colcon_core.package_discovery:discover_packages(recursive) using defaults
[6.994s] Level 1:colcon.colcon_core.package_discovery:discover_packages(ignore) discover
[6.994s] Level 1:colcon.colcon_core.package_discovery:discover_packages(ignore) using defaults
[6.994s] Level 1:colcon.colcon_core.package_discovery:discover_packages(path) discover
[6.995s] Level 1:colcon.colcon_core.package_discovery:discover_packages(path) using defaults
[7.404s] INFO:colcon.colcon_core.package_selection:Skipping not selected package 'follow_objects' in 'src/follow_objects'
[7.599s] Level 1:colcon.colcon_core.package_discovery:discover_packages(prefix_path) check parameters
[7.599s] Level 1:colcon.colcon_core.package_discovery:discover_packages(prefix_path) discover
[7.807s] DEBUG:colcon.colcon_installed_package_information.package_discovery:Found 8 installed packages in /home/burger/dontTouch_ws/install
[7.920s] DEBUG:colcon.colcon_installed_package_information.package_discovery:Found 244 installed packages in /opt/ros/humble
[7.926s] Level 1:colcon.colcon_core.package_discovery:discover_packages(prefix_path) using defaults
[8.378s] Level 5:colcon.colcon_core.verb:set package 'py_pubsub' build argument 'cmake_args' from command line to 'None'
[8.378s] Level 5:colcon.colcon_core.verb:set package 'py_pubsub' build argument 'cmake_target' from command line to 'None'
[8.378s] Level 5:colcon.colcon_core.verb:set package 'py_pubsub' build argument 'cmake_target_skip_unavailable' from command line to 'False'
[8.378s] Level 5:colcon.colcon_core.verb:set package 'py_pubsub' build argument 'cmake_clean_cache' from command line to 'False'
[8.378s] Level 5:colcon.colcon_core.verb:set package 'py_pubsub' build argument 'cmake_clean_first' from command line to 'False'
[8.379s] Level 5:colcon.colcon_core.verb:set package 'py_pubsub' build argument 'cmake_force_configure' from command line to 'False'
[8.379s] Level 5:colcon.colcon_core.verb:set package 'py_pubsub' build argument 'ament_cmake_args' from command line to 'None'
[8.379s] Level 5:colcon.colcon_core.verb:set package 'py_pubsub' build argument 'catkin_cmake_args' from command line to 'None'
[8.379s] Level 5:colcon.colcon_core.verb:set package 'py_pubsub' build argument 'catkin_skip_building_tests' from command line to 'False'
[8.379s] DEBUG:colcon.colcon_core.verb:Building package 'py_pubsub' with the following arguments: {'ament_cmake_args': None, 'build_base': '/home/burger/worren_hu_ws/build/py_pubsub', 'catkin_cmake_args': None, 'catkin_skip_building_tests': False, 'cmake_args': None, 'cmake_clean_cache': False, 'cmake_clean_first': False, 'cmake_force_configure': False, 'cmake_target': None, 'cmake_target_skip_unavailable': False, 'install_base': '/home/burger/worren_hu_ws/install/py_pubsub', 'merge_install': False, 'path': '/home/burger/worren_hu_ws/src/py_pubsub', 'symlink_install': False, 'test_result_base': None}
[8.482s] INFO:colcon.colcon_core.executor:Executing jobs using 'parallel' executor
[8.573s] DEBUG:colcon.colcon_parallel_executor.executor.parallel:run_until_complete
[8.574s] INFO:colcon.colcon_ros.task.ament_python.build:Building ROS package in '/home/burger/worren_hu_ws/src/py_pubsub' with build type 'ament_python'
[8.575s] Level 1:colcon.colcon_core.shell:create_environment_hook('py_pubsub', 'ament_prefix_path')
[8.695s] INFO:colcon.colcon_core.plugin_system:Skipping extension 'colcon_core.shell.bat': Not used on non-Windows systems
[8.696s] INFO:colcon.colcon_core.shell:Creating environment hook '/home/burger/worren_hu_ws/install/py_pubsub/share/py_pubsub/hook/ament_prefix_path.ps1'
[8.699s] INFO:colcon.colcon_core.shell:Creating environment descriptor '/home/burger/worren_hu_ws/install/py_pubsub/share/py_pubsub/hook/ament_prefix_path.dsv'
[8.701s] INFO:colcon.colcon_core.shell:Creating environment hook '/home/burger/worren_hu_ws/install/py_pubsub/share/py_pubsub/hook/ament_prefix_path.sh'
[8.808s] INFO:colcon.colcon_core.shell:Skip shell extension 'powershell' for command environment: Not usable outside of PowerShell
[8.808s] DEBUG:colcon.colcon_core.shell:Skip shell extension 'dsv' for command environment
[10.384s] INFO:colcon.colcon_core.task.python.build:Building Python package in '/home/burger/worren_hu_ws/src/py_pubsub'
[10.529s] INFO:colcon.colcon_core.shell:Skip shell extension 'powershell' for command environment: Not usable outside of PowerShell
[10.530s] DEBUG:colcon.colcon_core.shell:Skip shell extension 'dsv' for command environment
[15.193s] DEBUG:colcon.colcon_core.event_handler.log_command:Invoking command in '/home/burger/worren_hu_ws/src/py_pubsub': PYTHONPATH=/home/burger/worren_hu_ws/build/py_pubsub/prefix_override:/home/burger/worren_hu_ws/install/py_pubsub/lib/python3.10/site-packages:${PYTHONPATH} /usr/bin/python3 setup.py egg_info --egg-base ../../build/py_pubsub build --build-base /home/burger/worren_hu_ws/build/py_pubsub/build install --record /home/burger/worren_hu_ws/build/py_pubsub/install.log --single-version-externally-managed
[18.490s] DEBUG:colcon.colcon_core.event_handler.log_command:Invoked command in '/home/burger/worren_hu_ws/src/py_pubsub' returned '0': PYTHONPATH=/home/burger/worren_hu_ws/build/py_pubsub/prefix_override:/home/burger/worren_hu_ws/install/py_pubsub/lib/python3.10/site-packages:${PYTHONPATH} /usr/bin/python3 setup.py egg_info --egg-base ../../build/py_pubsub build --build-base /home/burger/worren_hu_ws/build/py_pubsub/build install --record /home/burger/worren_hu_ws/build/py_pubsub/install.log --single-version-externally-managed
[18.607s] Level 1:colcon.colcon_core.environment:checking '/home/burger/worren_hu_ws/install/py_pubsub' for CMake module files
[18.610s] Level 1:colcon.colcon_core.environment:checking '/home/burger/worren_hu_ws/install/py_pubsub' for CMake config files
[18.614s] Level 1:colcon.colcon_core.environment:checking '/home/burger/worren_hu_ws/install/py_pubsub/lib'
[18.615s] Level 1:colcon.colcon_core.environment:checking '/home/burger/worren_hu_ws/install/py_pubsub/bin'
[18.615s] Level 1:colcon.colcon_core.environment:checking '/home/burger/worren_hu_ws/install/py_pubsub/lib/pkgconfig/py_pubsub.pc'
[18.616s] Level 1:colcon.colcon_core.environment:checking '/home/burger/worren_hu_ws/install/py_pubsub/lib/python3.10/site-packages'
[18.617s] Level 1:colcon.colcon_core.shell:create_environment_hook('py_pubsub', 'pythonpath')
[18.715s] INFO:colcon.colcon_core.shell:Creating environment hook '/home/burger/worren_hu_ws/install/py_pubsub/share/py_pubsub/hook/pythonpath.ps1'
[18.717s] INFO:colcon.colcon_core.shell:Creating environment descriptor '/home/burger/worren_hu_ws/install/py_pubsub/share/py_pubsub/hook/pythonpath.dsv'
[18.718s] INFO:colcon.colcon_core.shell:Creating environment hook '/home/burger/worren_hu_ws/install/py_pubsub/share/py_pubsub/hook/pythonpath.sh'
[18.721s] Level 1:colcon.colcon_core.environment:checking '/home/burger/worren_hu_ws/install/py_pubsub/bin'
[18.722s] Level 1:colcon.colcon_core.environment:create_environment_scripts_only(py_pubsub)
[18.809s] INFO:colcon.colcon_core.shell:Creating package script '/home/burger/worren_hu_ws/install/py_pubsub/share/py_pubsub/package.ps1'
[18.814s] INFO:colcon.colcon_core.shell:Creating package descriptor '/home/burger/worren_hu_ws/install/py_pubsub/share/py_pubsub/package.dsv'
[18.818s] INFO:colcon.colcon_core.shell:Creating package script '/home/burger/worren_hu_ws/install/py_pubsub/share/py_pubsub/package.sh'
[18.822s] INFO:colcon.colcon_core.shell:Creating package script '/home/burger/worren_hu_ws/install/py_pubsub/share/py_pubsub/package.bash'
[18.827s] INFO:colcon.colcon_core.shell:Creating package script '/home/burger/worren_hu_ws/install/py_pubsub/share/py_pubsub/package.zsh'
[18.830s] Level 1:colcon.colcon_core.environment:create_file_with_runtime_dependencies(/home/burger/worren_hu_ws/install/py_pubsub/share/colcon-core/packages/py_pubsub)
[18.834s] DEBUG:colcon.colcon_parallel_executor.executor.parallel:closing loop
[18.836s] DEBUG:colcon.colcon_parallel_executor.executor.parallel:loop closed
[18.836s] DEBUG:colcon.colcon_parallel_executor.executor.parallel:run_until_complete finished with '0'
[18.836s] DEBUG:colcon.colcon_core.event_reactor:joining thread
[18.958s] INFO:colcon.colcon_core.plugin_system:Skipping extension 'colcon_notification.desktop_notification.notify_send': Could not find 'notify-send'
[18.959s] INFO:colcon.colcon_core.plugin_system:Skipping extension 'colcon_notification.desktop_notification.terminal_notifier': Not used on non-Darwin systems
[18.959s] INFO:colcon.colcon_core.plugin_system:Skipping extension 'colcon_notification.desktop_notification.win32': Not used on non-Windows systems
[18.959s] INFO:colcon.colcon_notification.desktop_notification:Sending desktop notification using 'notify2'
[18.963s] DEBUG:colcon.colcon_notification.desktop_notification.notify2:Failed to initialize notify2: org.freedesktop.DBus.Error.ServiceUnknown: The name org.freedesktop.Notifications was not provided by any .service files
[18.964s] DEBUG:colcon.colcon_core.event_reactor:joined thread
[19.055s] INFO:colcon.colcon_core.shell:Creating prefix script '/home/burger/worren_hu_ws/install/local_setup.ps1'
[19.059s] INFO:colcon.colcon_core.shell:Creating prefix util module '/home/burger/worren_hu_ws/install/_local_setup_util_ps1.py'
[19.066s] INFO:colcon.colcon_core.shell:Creating prefix chain script '/home/burger/worren_hu_ws/install/setup.ps1'
[19.173s] INFO:colcon.colcon_core.shell:Creating prefix script '/home/burger/worren_hu_ws/install/local_setup.sh'
[19.175s] INFO:colcon.colcon_core.shell:Creating prefix util module '/home/burger/worren_hu_ws/install/_local_setup_util_sh.py'
[19.178s] INFO:colcon.colcon_core.shell:Creating prefix chain script '/home/burger/worren_hu_ws/install/setup.sh'
[19.267s] INFO:colcon.colcon_core.shell:Creating prefix script '/home/burger/worren_hu_ws/install/local_setup.bash'
[19.269s] INFO:colcon.colcon_core.shell:Creating prefix chain script '/home/burger/worren_hu_ws/install/setup.bash'
[19.357s] INFO:colcon.colcon_core.shell:Creating prefix script '/home/burger/worren_hu_ws/install/local_setup.zsh'
[19.360s] INFO:colcon.colcon_core.shell:Creating prefix chain script '/home/burger/worren_hu_ws/install/setup.zsh'
