[4.818s] DEBUG:colcon:Command line arguments: ['/usr/bin/colcon', 'build', '--packages-select', 'follow_objects']
[4.818s] DEBUG:colcon:Parsed command line arguments: Namespace(log_base=None, log_level=None, verb_name='build', build_base='build', install_base='install', merge_install=False, symlink_install=False, test_result_base=None, continue_on_error=False, executor='parallel', parallel_workers=4, event_handlers=None, ignore_user_meta=False, metas=['./colcon.meta'], base_paths=['.'], packages_ignore=None, packages_ignore_regex=None, paths=None, packages_up_to=None, packages_up_to_regex=None, packages_above=None, packages_above_and_dependencies=None, packages_above_depth=None, packages_select_by_dep=None, packages_skip_by_dep=None, packages_skip_up_to=None, packages_select_build_failed=False, packages_skip_build_finished=False, packages_select_test_failures=False, packages_skip_test_passed=False, packages_select=['follow_objects'], packages_skip=None, packages_select_regex=None, packages_skip_regex=None, packages_start=None, packages_end=None, allow_overriding=[], cmake_args=None, cmake_target=None, cmake_target_skip_unavailable=False, cmake_clean_cache=False, cmake_clean_first=False, cmake_force_configure=False, ament_cmake_args=None, catkin_cmake_args=None, catkin_skip_building_tests=False, verb_parser=<colcon_defaults.argument_parser.defaults.DefaultArgumentsDecorator object at 0xffff93c259c0>, verb_extension=<colcon_core.verb.build.BuildVerb object at 0xffff93b6f400>, main=<bound method BuildVerb.main of <colcon_core.verb.build.BuildVerb object at 0xffff93b6f400>>)
[5.033s] Level 1:colcon.colcon_core.package_discovery:discover_packages(colcon_meta) check parameters
[5.034s] Level 1:colcon.colcon_core.package_discovery:discover_packages(recursive) check parameters
[5.034s] Level 1:colcon.colcon_core.package_discovery:discover_packages(ignore) check parameters
[5.034s] Level 1:colcon.colcon_core.package_discovery:discover_packages(path) check parameters
[5.034s] Level 1:colcon.colcon_core.package_discovery:discover_packages(colcon_meta) discover
[5.034s] Level 1:colcon.colcon_core.package_discovery:discover_packages(recursive) discover
[5.035s] INFO:colcon.colcon_core.package_discovery:Crawling recursively for packages in '/home/burger/worren_hu_ws'
[5.035s] Level 1:colcon.colcon_core.package_identification:_identify(.) by extensions ['ignore', 'ignore_ament_install']
[5.035s] Level 1:colcon.colcon_core.package_identification:_identify(.) by extension 'ignore'
[5.036s] Level 1:colcon.colcon_core.package_identification:_identify(.) by extension 'ignore_ament_install'
[5.036s] Level 1:colcon.colcon_core.package_identification:_identify(.) by extensions ['colcon_pkg']
[5.036s] Level 1:colcon.colcon_core.package_identification:_identify(.) by extension 'colcon_pkg'
[5.036s] Level 1:colcon.colcon_core.package_identification:_identify(.) by extensions ['colcon_meta']
[5.036s] Level 1:colcon.colcon_core.package_identification:_identify(.) by extension 'colcon_meta'
[5.037s] Level 1:colcon.colcon_core.package_identification:_identify(.) by extensions ['ros']
[5.037s] Level 1:colcon.colcon_core.package_identification:_identify(.) by extension 'ros'
[5.084s] Level 1:colcon.colcon_core.package_identification:_identify(.) by extensions ['cmake', 'python']
[5.084s] Level 1:colcon.colcon_core.package_identification:_identify(.) by extension 'cmake'
[5.084s] Level 1:colcon.colcon_core.package_identification:_identify(.) by extension 'python'
[5.085s] Level 1:colcon.colcon_core.package_identification:_identify(.) by extensions ['python_setup_py']
[5.085s] Level 1:colcon.colcon_core.package_identification:_identify(.) by extension 'python_setup_py'
[5.085s] Level 1:colcon.colcon_core.package_identification:_identify(build) by extensions ['ignore', 'ignore_ament_install']
[5.086s] Level 1:colcon.colcon_core.package_identification:_identify(build) by extension 'ignore'
[5.086s] Level 1:colcon.colcon_core.package_identification:_identify(build) ignored
[5.087s] Level 1:colcon.colcon_core.package_identification:_identify(install) by extensions ['ignore', 'ignore_ament_install']
[5.088s] Level 1:colcon.colcon_core.package_identification:_identify(install) by extension 'ignore'
[5.088s] Level 1:colcon.colcon_core.package_identification:_identify(install) ignored
[5.089s] Level 1:colcon.colcon_core.package_identification:_identify(log) by extensions ['ignore', 'ignore_ament_install']
[5.090s] Level 1:colcon.colcon_core.package_identification:_identify(log) by extension 'ignore'
[5.090s] Level 1:colcon.colcon_core.package_identification:_identify(log) ignored
[5.090s] Level 1:colcon.colcon_core.package_identification:_identify(src) by extensions ['ignore', 'ignore_ament_install']
[5.091s] Level 1:colcon.colcon_core.package_identification:_identify(src) by extension 'ignore'
[5.091s] Level 1:colcon.colcon_core.package_identification:_identify(src) by extension 'ignore_ament_install'
[5.091s] Level 1:colcon.colcon_core.package_identification:_identify(src) by extensions ['colcon_pkg']
[5.091s] Level 1:colcon.colcon_core.package_identification:_identify(src) by extension 'colcon_pkg'
[5.092s] Level 1:colcon.colcon_core.package_identification:_identify(src) by extensions ['colcon_meta']
[5.092s] Level 1:colcon.colcon_core.package_identification:_identify(src) by extension 'colcon_meta'
[5.092s] Level 1:colcon.colcon_core.package_identification:_identify(src) by extensions ['ros']
[5.092s] Level 1:colcon.colcon_core.package_identification:_identify(src) by extension 'ros'
[5.092s] Level 1:colcon.colcon_core.package_identification:_identify(src) by extensions ['cmake', 'python']
[5.093s] Level 1:colcon.colcon_core.package_identification:_identify(src) by extension 'cmake'
[5.093s] Level 1:colcon.colcon_core.package_identification:_identify(src) by extension 'python'
[5.093s] Level 1:colcon.colcon_core.package_identification:_identify(src) by extensions ['python_setup_py']
[5.093s] Level 1:colcon.colcon_core.package_identification:_identify(src) by extension 'python_setup_py'
[5.094s] Level 1:colcon.colcon_core.package_identification:_identify(src/follow_objects) by extensions ['ignore', 'ignore_ament_install']
[5.094s] Level 1:colcon.colcon_core.package_identification:_identify(src/follow_objects) by extension 'ignore'
[5.094s] Level 1:colcon.colcon_core.package_identification:_identify(src/follow_objects) by extension 'ignore_ament_install'
[5.094s] Level 1:colcon.colcon_core.package_identification:_identify(src/follow_objects) by extensions ['colcon_pkg']
[5.095s] Level 1:colcon.colcon_core.package_identification:_identify(src/follow_objects) by extension 'colcon_pkg'
[5.095s] Level 1:colcon.colcon_core.package_identification:_identify(src/follow_objects) by extensions ['colcon_meta']
[5.095s] Level 1:colcon.colcon_core.package_identification:_identify(src/follow_objects) by extension 'colcon_meta'
[5.095s] Level 1:colcon.colcon_core.package_identification:_identify(src/follow_objects) by extensions ['ros']
[5.095s] Level 1:colcon.colcon_core.package_identification:_identify(src/follow_objects) by extension 'ros'
[5.104s] DEBUG:colcon.colcon_core.package_identification:Package 'src/follow_objects' with type 'ros.ament_python' and name 'follow_objects'
[5.105s] Level 1:colcon.colcon_core.package_identification:_identify(src/py_pubsub) by extensions ['ignore', 'ignore_ament_install']
[5.105s] Level 1:colcon.colcon_core.package_identification:_identify(src/py_pubsub) by extension 'ignore'
[5.106s] Level 1:colcon.colcon_core.package_identification:_identify(src/py_pubsub) by extension 'ignore_ament_install'
[5.106s] Level 1:colcon.colcon_core.package_identification:_identify(src/py_pubsub) by extensions ['colcon_pkg']
[5.106s] Level 1:colcon.colcon_core.package_identification:_identify(src/py_pubsub) by extension 'colcon_pkg'
[5.106s] Level 1:colcon.colcon_core.package_identification:_identify(src/py_pubsub) by extensions ['colcon_meta']
[5.106s] Level 1:colcon.colcon_core.package_identification:_identify(src/py_pubsub) by extension 'colcon_meta'
[5.107s] Level 1:colcon.colcon_core.package_identification:_identify(src/py_pubsub) by extensions ['ros']
[5.107s] Level 1:colcon.colcon_core.package_identification:_identify(src/py_pubsub) by extension 'ros'
[5.109s] DEBUG:colcon.colcon_core.package_identification:Package 'src/py_pubsub' with type 'ros.ament_python' and name 'py_pubsub'
[5.109s] Level 1:colcon.colcon_core.package_discovery:discover_packages(recursive) using defaults
[5.109s] Level 1:colcon.colcon_core.package_discovery:discover_packages(ignore) discover
[5.109s] Level 1:colcon.colcon_core.package_discovery:discover_packages(ignore) using defaults
[5.109s] Level 1:colcon.colcon_core.package_discovery:discover_packages(path) discover
[5.110s] Level 1:colcon.colcon_core.package_discovery:discover_packages(path) using defaults
[5.398s] INFO:colcon.colcon_core.package_selection:Skipping not selected package 'py_pubsub' in 'src/py_pubsub'
[5.546s] Level 1:colcon.colcon_core.package_discovery:discover_packages(prefix_path) check parameters
[5.547s] Level 1:colcon.colcon_core.package_discovery:discover_packages(prefix_path) discover
[5.697s] DEBUG:colcon.colcon_installed_package_information.package_discovery:Found 8 installed packages in /home/burger/dontTouch_ws/install
[5.769s] DEBUG:colcon.colcon_installed_package_information.package_discovery:Found 244 installed packages in /opt/ros/humble
[5.774s] Level 1:colcon.colcon_core.package_discovery:discover_packages(prefix_path) using defaults
[6.175s] Level 5:colcon.colcon_core.verb:set package 'follow_objects' build argument 'cmake_args' from command line to 'None'
[6.176s] Level 5:colcon.colcon_core.verb:set package 'follow_objects' build argument 'cmake_target' from command line to 'None'
[6.176s] Level 5:colcon.colcon_core.verb:set package 'follow_objects' build argument 'cmake_target_skip_unavailable' from command line to 'False'
[6.176s] Level 5:colcon.colcon_core.verb:set package 'follow_objects' build argument 'cmake_clean_cache' from command line to 'False'
[6.176s] Level 5:colcon.colcon_core.verb:set package 'follow_objects' build argument 'cmake_clean_first' from command line to 'False'
[6.176s] Level 5:colcon.colcon_core.verb:set package 'follow_objects' build argument 'cmake_force_configure' from command line to 'False'
[6.176s] Level 5:colcon.colcon_core.verb:set package 'follow_objects' build argument 'ament_cmake_args' from command line to 'None'
[6.176s] Level 5:colcon.colcon_core.verb:set package 'follow_objects' build argument 'catkin_cmake_args' from command line to 'None'
[6.177s] Level 5:colcon.colcon_core.verb:set package 'follow_objects' build argument 'catkin_skip_building_tests' from command line to 'False'
[6.177s] DEBUG:colcon.colcon_core.verb:Building package 'follow_objects' with the following arguments: {'ament_cmake_args': None, 'build_base': '/home/burger/worren_hu_ws/build/follow_objects', 'catkin_cmake_args': None, 'catkin_skip_building_tests': False, 'cmake_args': None, 'cmake_clean_cache': False, 'cmake_clean_first': False, 'cmake_force_configure': False, 'cmake_target': None, 'cmake_target_skip_unavailable': False, 'install_base': '/home/burger/worren_hu_ws/install/follow_objects', 'merge_install': False, 'path': '/home/burger/worren_hu_ws/src/follow_objects', 'symlink_install': False, 'test_result_base': None}
[6.248s] INFO:colcon.colcon_core.executor:Executing jobs using 'parallel' executor
[6.316s] DEBUG:colcon.colcon_parallel_executor.executor.parallel:run_until_complete
[6.317s] INFO:colcon.colcon_ros.task.ament_python.build:Building ROS package in '/home/burger/worren_hu_ws/src/follow_objects' with build type 'ament_python'
[6.318s] Level 1:colcon.colcon_core.shell:create_environment_hook('follow_objects', 'ament_prefix_path')
[6.399s] INFO:colcon.colcon_core.plugin_system:Skipping extension 'colcon_core.shell.bat': Not used on non-Windows systems
[6.400s] INFO:colcon.colcon_core.shell:Creating environment hook '/home/burger/worren_hu_ws/install/follow_objects/share/follow_objects/hook/ament_prefix_path.ps1'
[6.403s] INFO:colcon.colcon_core.shell:Creating environment descriptor '/home/burger/worren_hu_ws/install/follow_objects/share/follow_objects/hook/ament_prefix_path.dsv'
[6.405s] INFO:colcon.colcon_core.shell:Creating environment hook '/home/burger/worren_hu_ws/install/follow_objects/share/follow_objects/hook/ament_prefix_path.sh'
[6.476s] INFO:colcon.colcon_core.shell:Skip shell extension 'powershell' for command environment: Not usable outside of PowerShell
[6.477s] DEBUG:colcon.colcon_core.shell:Skip shell extension 'dsv' for command environment
[8.079s] INFO:colcon.colcon_core.task.python.build:Building Python package in '/home/burger/worren_hu_ws/src/follow_objects'
[8.149s] INFO:colcon.colcon_core.shell:Skip shell extension 'powershell' for command environment: Not usable outside of PowerShell
[8.150s] DEBUG:colcon.colcon_core.shell:Skip shell extension 'dsv' for command environment
[10.281s] DEBUG:colcon.colcon_core.event_handler.log_command:Invoking command in '/home/burger/worren_hu_ws/src/follow_objects': PYTHONPATH=/home/burger/worren_hu_ws/build/follow_objects/prefix_override:/home/burger/worren_hu_ws/install/follow_objects/lib/python3.10/site-packages:${PYTHONPATH} /usr/bin/python3 setup.py egg_info --egg-base ../../build/follow_objects build --build-base /home/burger/worren_hu_ws/build/follow_objects/build install --record /home/burger/worren_hu_ws/build/follow_objects/install.log --single-version-externally-managed
[11.900s] DEBUG:colcon.colcon_core.event_handler.log_command:Invoked command in '/home/burger/worren_hu_ws/src/follow_objects' returned '0': PYTHONPATH=/home/burger/worren_hu_ws/build/follow_objects/prefix_override:/home/burger/worren_hu_ws/install/follow_objects/lib/python3.10/site-packages:${PYTHONPATH} /usr/bin/python3 setup.py egg_info --egg-base ../../build/follow_objects build --build-base /home/burger/worren_hu_ws/build/follow_objects/build install --record /home/burger/worren_hu_ws/build/follow_objects/install.log --single-version-externally-managed
[11.979s] Level 1:colcon.colcon_core.environment:checking '/home/burger/worren_hu_ws/install/follow_objects' for CMake module files
[11.982s] Level 1:colcon.colcon_core.environment:checking '/home/burger/worren_hu_ws/install/follow_objects' for CMake config files
[11.986s] Level 1:colcon.colcon_core.environment:checking '/home/burger/worren_hu_ws/install/follow_objects/lib'
[11.988s] Level 1:colcon.colcon_core.environment:checking '/home/burger/worren_hu_ws/install/follow_objects/bin'
[11.990s] Level 1:colcon.colcon_core.environment:checking '/home/burger/worren_hu_ws/install/follow_objects/lib/pkgconfig/follow_objects.pc'
[11.991s] Level 1:colcon.colcon_core.environment:checking '/home/burger/worren_hu_ws/install/follow_objects/lib/python3.10/site-packages'
[11.991s] Level 1:colcon.colcon_core.shell:create_environment_hook('follow_objects', 'pythonpath')
[12.069s] INFO:colcon.colcon_core.shell:Creating environment hook '/home/burger/worren_hu_ws/install/follow_objects/share/follow_objects/hook/pythonpath.ps1'
[12.071s] INFO:colcon.colcon_core.shell:Creating environment descriptor '/home/burger/worren_hu_ws/install/follow_objects/share/follow_objects/hook/pythonpath.dsv'
[12.073s] INFO:colcon.colcon_core.shell:Creating environment hook '/home/burger/worren_hu_ws/install/follow_objects/share/follow_objects/hook/pythonpath.sh'
[12.075s] Level 1:colcon.colcon_core.environment:checking '/home/burger/worren_hu_ws/install/follow_objects/bin'
[12.076s] Level 1:colcon.colcon_core.environment:create_environment_scripts_only(follow_objects)
[12.146s] INFO:colcon.colcon_core.shell:Creating package script '/home/burger/worren_hu_ws/install/follow_objects/share/follow_objects/package.ps1'
[12.150s] INFO:colcon.colcon_core.shell:Creating package descriptor '/home/burger/worren_hu_ws/install/follow_objects/share/follow_objects/package.dsv'
[12.153s] INFO:colcon.colcon_core.shell:Creating package script '/home/burger/worren_hu_ws/install/follow_objects/share/follow_objects/package.sh'
[12.156s] INFO:colcon.colcon_core.shell:Creating package script '/home/burger/worren_hu_ws/install/follow_objects/share/follow_objects/package.bash'
[12.159s] INFO:colcon.colcon_core.shell:Creating package script '/home/burger/worren_hu_ws/install/follow_objects/share/follow_objects/package.zsh'
[12.162s] Level 1:colcon.colcon_core.environment:create_file_with_runtime_dependencies(/home/burger/worren_hu_ws/install/follow_objects/share/colcon-core/packages/follow_objects)
[12.166s] DEBUG:colcon.colcon_parallel_executor.executor.parallel:closing loop
[12.167s] DEBUG:colcon.colcon_parallel_executor.executor.parallel:loop closed
[12.167s] DEBUG:colcon.colcon_parallel_executor.executor.parallel:run_until_complete finished with '0'
[12.168s] DEBUG:colcon.colcon_core.event_reactor:joining thread
[12.261s] INFO:colcon.colcon_core.plugin_system:Skipping extension 'colcon_notification.desktop_notification.notify_send': Could not find 'notify-send'
[12.261s] INFO:colcon.colcon_core.plugin_system:Skipping extension 'colcon_notification.desktop_notification.terminal_notifier': Not used on non-Darwin systems
[12.262s] INFO:colcon.colcon_core.plugin_system:Skipping extension 'colcon_notification.desktop_notification.win32': Not used on non-Windows systems
[12.262s] INFO:colcon.colcon_notification.desktop_notification:Sending desktop notification using 'notify2'
[12.265s] DEBUG:colcon.colcon_notification.desktop_notification.notify2:Failed to initialize notify2: org.freedesktop.DBus.Error.ServiceUnknown: The name org.freedesktop.Notifications was not provided by any .service files
[12.265s] DEBUG:colcon.colcon_core.event_reactor:joined thread
[12.384s] INFO:colcon.colcon_core.shell:Creating prefix script '/home/burger/worren_hu_ws/install/local_setup.ps1'
[12.388s] INFO:colcon.colcon_core.shell:Creating prefix util module '/home/burger/worren_hu_ws/install/_local_setup_util_ps1.py'
[12.394s] INFO:colcon.colcon_core.shell:Creating prefix chain script '/home/burger/worren_hu_ws/install/setup.ps1'
[12.468s] INFO:colcon.colcon_core.shell:Creating prefix script '/home/burger/worren_hu_ws/install/local_setup.sh'
[12.470s] INFO:colcon.colcon_core.shell:Creating prefix util module '/home/burger/worren_hu_ws/install/_local_setup_util_sh.py'
[12.473s] INFO:colcon.colcon_core.shell:Creating prefix chain script '/home/burger/worren_hu_ws/install/setup.sh'
[12.555s] INFO:colcon.colcon_core.shell:Creating prefix script '/home/burger/worren_hu_ws/install/local_setup.bash'
[12.558s] INFO:colcon.colcon_core.shell:Creating prefix chain script '/home/burger/worren_hu_ws/install/setup.bash'
[12.632s] INFO:colcon.colcon_core.shell:Creating prefix script '/home/burger/worren_hu_ws/install/local_setup.zsh'
[12.634s] INFO:colcon.colcon_core.shell:Creating prefix chain script '/home/burger/worren_hu_ws/install/setup.zsh'
