[8.137s] DEBUG:colcon:Command line arguments: ['/usr/bin/colcon', 'build', '--packages-select', 'follow_objects']
[8.138s] DEBUG:colcon:Parsed command line arguments: Namespace(log_base=None, log_level=None, verb_name='build', build_base='build', install_base='install', merge_install=False, symlink_install=False, test_result_base=None, continue_on_error=False, executor='parallel', parallel_workers=4, event_handlers=None, ignore_user_meta=False, metas=['./colcon.meta'], base_paths=['.'], packages_ignore=None, packages_ignore_regex=None, paths=None, packages_up_to=None, packages_up_to_regex=None, packages_above=None, packages_above_and_dependencies=None, packages_above_depth=None, packages_select_by_dep=None, packages_skip_by_dep=None, packages_skip_up_to=None, packages_select_build_failed=False, packages_skip_build_finished=False, packages_select_test_failures=False, packages_skip_test_passed=False, packages_select=['follow_objects'], packages_skip=None, packages_select_regex=None, packages_skip_regex=None, packages_start=None, packages_end=None, allow_overriding=[], cmake_args=None, cmake_target=None, cmake_target_skip_unavailable=False, cmake_clean_cache=False, cmake_clean_first=False, cmake_force_configure=False, ament_cmake_args=None, catkin_cmake_args=None, catkin_skip_building_tests=False, verb_parser=<colcon_defaults.argument_parser.defaults.DefaultArgumentsDecorator object at 0xffffabc05960>, verb_extension=<colcon_core.verb.build.BuildVerb object at 0xffffabb42410>, main=<bound method BuildVerb.main of <colcon_core.verb.build.BuildVerb object at 0xffffabb42410>>)
[8.439s] Level 1:colcon.colcon_core.package_discovery:discover_packages(colcon_meta) check parameters
[8.439s] Level 1:colcon.colcon_core.package_discovery:discover_packages(recursive) check parameters
[8.439s] Level 1:colcon.colcon_core.package_discovery:discover_packages(ignore) check parameters
[8.440s] Level 1:colcon.colcon_core.package_discovery:discover_packages(path) check parameters
[8.440s] Level 1:colcon.colcon_core.package_discovery:discover_packages(colcon_meta) discover
[8.440s] Level 1:colcon.colcon_core.package_discovery:discover_packages(recursive) discover
[8.440s] INFO:colcon.colcon_core.package_discovery:Crawling recursively for packages in '/home/burger/worren_hu_ws'
[8.440s] Level 1:colcon.colcon_core.package_identification:_identify(.) by extensions ['ignore', 'ignore_ament_install']
[8.441s] Level 1:colcon.colcon_core.package_identification:_identify(.) by extension 'ignore'
[8.441s] Level 1:colcon.colcon_core.package_identification:_identify(.) by extension 'ignore_ament_install'
[8.441s] Level 1:colcon.colcon_core.package_identification:_identify(.) by extensions ['colcon_pkg']
[8.442s] Level 1:colcon.colcon_core.package_identification:_identify(.) by extension 'colcon_pkg'
[8.442s] Level 1:colcon.colcon_core.package_identification:_identify(.) by extensions ['colcon_meta']
[8.442s] Level 1:colcon.colcon_core.package_identification:_identify(.) by extension 'colcon_meta'
[8.442s] Level 1:colcon.colcon_core.package_identification:_identify(.) by extensions ['ros']
[8.442s] Level 1:colcon.colcon_core.package_identification:_identify(.) by extension 'ros'
[8.509s] Level 1:colcon.colcon_core.package_identification:_identify(.) by extensions ['cmake', 'python']
[8.509s] Level 1:colcon.colcon_core.package_identification:_identify(.) by extension 'cmake'
[8.509s] Level 1:colcon.colcon_core.package_identification:_identify(.) by extension 'python'
[8.510s] Level 1:colcon.colcon_core.package_identification:_identify(.) by extensions ['python_setup_py']
[8.510s] Level 1:colcon.colcon_core.package_identification:_identify(.) by extension 'python_setup_py'
[8.511s] Level 1:colcon.colcon_core.package_identification:_identify(build) by extensions ['ignore', 'ignore_ament_install']
[8.512s] Level 1:colcon.colcon_core.package_identification:_identify(build) by extension 'ignore'
[8.512s] Level 1:colcon.colcon_core.package_identification:_identify(build) ignored
[8.513s] Level 1:colcon.colcon_core.package_identification:_identify(install) by extensions ['ignore', 'ignore_ament_install']
[8.514s] Level 1:colcon.colcon_core.package_identification:_identify(install) by extension 'ignore'
[8.515s] Level 1:colcon.colcon_core.package_identification:_identify(install) ignored
[8.516s] Level 1:colcon.colcon_core.package_identification:_identify(log) by extensions ['ignore', 'ignore_ament_install']
[8.517s] Level 1:colcon.colcon_core.package_identification:_identify(log) by extension 'ignore'
[8.518s] Level 1:colcon.colcon_core.package_identification:_identify(log) ignored
[8.518s] Level 1:colcon.colcon_core.package_identification:_identify(src) by extensions ['ignore', 'ignore_ament_install']
[8.519s] Level 1:colcon.colcon_core.package_identification:_identify(src) by extension 'ignore'
[8.519s] Level 1:colcon.colcon_core.package_identification:_identify(src) by extension 'ignore_ament_install'
[8.520s] Level 1:colcon.colcon_core.package_identification:_identify(src) by extensions ['colcon_pkg']
[8.520s] Level 1:colcon.colcon_core.package_identification:_identify(src) by extension 'colcon_pkg'
[8.520s] Level 1:colcon.colcon_core.package_identification:_identify(src) by extensions ['colcon_meta']
[8.520s] Level 1:colcon.colcon_core.package_identification:_identify(src) by extension 'colcon_meta'
[8.521s] Level 1:colcon.colcon_core.package_identification:_identify(src) by extensions ['ros']
[8.521s] Level 1:colcon.colcon_core.package_identification:_identify(src) by extension 'ros'
[8.522s] Level 1:colcon.colcon_core.package_identification:_identify(src) by extensions ['cmake', 'python']
[8.522s] Level 1:colcon.colcon_core.package_identification:_identify(src) by extension 'cmake'
[8.522s] Level 1:colcon.colcon_core.package_identification:_identify(src) by extension 'python'
[8.523s] Level 1:colcon.colcon_core.package_identification:_identify(src) by extensions ['python_setup_py']
[8.523s] Level 1:colcon.colcon_core.package_identification:_identify(src) by extension 'python_setup_py'
[8.523s] Level 1:colcon.colcon_core.package_identification:_identify(src/follow_objects) by extensions ['ignore', 'ignore_ament_install']
[8.524s] Level 1:colcon.colcon_core.package_identification:_identify(src/follow_objects) by extension 'ignore'
[8.524s] Level 1:colcon.colcon_core.package_identification:_identify(src/follow_objects) by extension 'ignore_ament_install'
[8.524s] Level 1:colcon.colcon_core.package_identification:_identify(src/follow_objects) by extensions ['colcon_pkg']
[8.524s] Level 1:colcon.colcon_core.package_identification:_identify(src/follow_objects) by extension 'colcon_pkg'
[8.525s] Level 1:colcon.colcon_core.package_identification:_identify(src/follow_objects) by extensions ['colcon_meta']
[8.525s] Level 1:colcon.colcon_core.package_identification:_identify(src/follow_objects) by extension 'colcon_meta'
[8.525s] Level 1:colcon.colcon_core.package_identification:_identify(src/follow_objects) by extensions ['ros']
[8.525s] Level 1:colcon.colcon_core.package_identification:_identify(src/follow_objects) by extension 'ros'
[8.538s] DEBUG:colcon.colcon_core.package_identification:Package 'src/follow_objects' with type 'ros.ament_python' and name 'follow_objects'
[8.538s] Level 1:colcon.colcon_core.package_identification:_identify(src/py_pubsub) by extensions ['ignore', 'ignore_ament_install']
[8.539s] Level 1:colcon.colcon_core.package_identification:_identify(src/py_pubsub) by extension 'ignore'
[8.539s] Level 1:colcon.colcon_core.package_identification:_identify(src/py_pubsub) by extension 'ignore_ament_install'
[8.540s] Level 1:colcon.colcon_core.package_identification:_identify(src/py_pubsub) by extensions ['colcon_pkg']
[8.540s] Level 1:colcon.colcon_core.package_identification:_identify(src/py_pubsub) by extension 'colcon_pkg'
[8.540s] Level 1:colcon.colcon_core.package_identification:_identify(src/py_pubsub) by extensions ['colcon_meta']
[8.540s] Level 1:colcon.colcon_core.package_identification:_identify(src/py_pubsub) by extension 'colcon_meta'
[8.540s] Level 1:colcon.colcon_core.package_identification:_identify(src/py_pubsub) by extensions ['ros']
[8.541s] Level 1:colcon.colcon_core.package_identification:_identify(src/py_pubsub) by extension 'ros'
[8.543s] DEBUG:colcon.colcon_core.package_identification:Package 'src/py_pubsub' with type 'ros.ament_python' and name 'py_pubsub'
[8.544s] Level 1:colcon.colcon_core.package_discovery:discover_packages(recursive) using defaults
[8.544s] Level 1:colcon.colcon_core.package_discovery:discover_packages(ignore) discover
[8.544s] Level 1:colcon.colcon_core.package_discovery:discover_packages(ignore) using defaults
[8.544s] Level 1:colcon.colcon_core.package_discovery:discover_packages(path) discover
[8.544s] Level 1:colcon.colcon_core.package_discovery:discover_packages(path) using defaults
[8.940s] INFO:colcon.colcon_core.package_selection:Skipping not selected package 'py_pubsub' in 'src/py_pubsub'
[9.083s] Level 1:colcon.colcon_core.package_discovery:discover_packages(prefix_path) check parameters
[9.083s] Level 1:colcon.colcon_core.package_discovery:discover_packages(prefix_path) discover
[9.245s] DEBUG:colcon.colcon_installed_package_information.package_discovery:Found 8 installed packages in /home/burger/dontTouch_ws/install
[9.318s] DEBUG:colcon.colcon_installed_package_information.package_discovery:Found 244 installed packages in /opt/ros/humble
[9.324s] Level 1:colcon.colcon_core.package_discovery:discover_packages(prefix_path) using defaults
[9.760s] Level 5:colcon.colcon_core.verb:set package 'follow_objects' build argument 'cmake_args' from command line to 'None'
[9.760s] Level 5:colcon.colcon_core.verb:set package 'follow_objects' build argument 'cmake_target' from command line to 'None'
[9.760s] Level 5:colcon.colcon_core.verb:set package 'follow_objects' build argument 'cmake_target_skip_unavailable' from command line to 'False'
[9.761s] Level 5:colcon.colcon_core.verb:set package 'follow_objects' build argument 'cmake_clean_cache' from command line to 'False'
[9.761s] Level 5:colcon.colcon_core.verb:set package 'follow_objects' build argument 'cmake_clean_first' from command line to 'False'
[9.761s] Level 5:colcon.colcon_core.verb:set package 'follow_objects' build argument 'cmake_force_configure' from command line to 'False'
[9.761s] Level 5:colcon.colcon_core.verb:set package 'follow_objects' build argument 'ament_cmake_args' from command line to 'None'
[9.761s] Level 5:colcon.colcon_core.verb:set package 'follow_objects' build argument 'catkin_cmake_args' from command line to 'None'
[9.761s] Level 5:colcon.colcon_core.verb:set package 'follow_objects' build argument 'catkin_skip_building_tests' from command line to 'False'
[9.761s] DEBUG:colcon.colcon_core.verb:Building package 'follow_objects' with the following arguments: {'ament_cmake_args': None, 'build_base': '/home/burger/worren_hu_ws/build/follow_objects', 'catkin_cmake_args': None, 'catkin_skip_building_tests': False, 'cmake_args': None, 'cmake_clean_cache': False, 'cmake_clean_first': False, 'cmake_force_configure': False, 'cmake_target': None, 'cmake_target_skip_unavailable': False, 'install_base': '/home/burger/worren_hu_ws/install/follow_objects', 'merge_install': False, 'path': '/home/burger/worren_hu_ws/src/follow_objects', 'symlink_install': False, 'test_result_base': None}
[9.827s] INFO:colcon.colcon_core.executor:Executing jobs using 'parallel' executor
[9.905s] DEBUG:colcon.colcon_parallel_executor.executor.parallel:run_until_complete
[9.907s] INFO:colcon.colcon_ros.task.ament_python.build:Building ROS package in '/home/burger/worren_hu_ws/src/follow_objects' with build type 'ament_python'
[9.908s] Level 1:colcon.colcon_core.shell:create_environment_hook('follow_objects', 'ament_prefix_path')
[9.991s] INFO:colcon.colcon_core.plugin_system:Skipping extension 'colcon_core.shell.bat': Not used on non-Windows systems
[9.992s] INFO:colcon.colcon_core.shell:Creating environment hook '/home/burger/worren_hu_ws/install/follow_objects/share/follow_objects/hook/ament_prefix_path.ps1'
[9.996s] INFO:colcon.colcon_core.shell:Creating environment descriptor '/home/burger/worren_hu_ws/install/follow_objects/share/follow_objects/hook/ament_prefix_path.dsv'
[10.039s] INFO:colcon.colcon_core.shell:Creating environment hook '/home/burger/worren_hu_ws/install/follow_objects/share/follow_objects/hook/ament_prefix_path.sh'
[10.190s] INFO:colcon.colcon_core.shell:Skip shell extension 'powershell' for command environment: Not usable outside of PowerShell
[10.190s] DEBUG:colcon.colcon_core.shell:Skip shell extension 'dsv' for command environment
[11.932s] INFO:colcon.colcon_core.task.python.build:Building Python package in '/home/burger/worren_hu_ws/src/follow_objects'
[12.003s] INFO:colcon.colcon_core.shell:Skip shell extension 'powershell' for command environment: Not usable outside of PowerShell
[12.004s] DEBUG:colcon.colcon_core.shell:Skip shell extension 'dsv' for command environment
[15.841s] DEBUG:colcon.colcon_core.event_handler.log_command:Invoking command in '/home/burger/worren_hu_ws/src/follow_objects': PYTHONPATH=/home/burger/worren_hu_ws/build/follow_objects/prefix_override:/home/burger/worren_hu_ws/install/follow_objects/lib/python3.10/site-packages:${PYTHONPATH} /usr/bin/python3 setup.py egg_info --egg-base ../../build/follow_objects build --build-base /home/burger/worren_hu_ws/build/follow_objects/build install --record /home/burger/worren_hu_ws/build/follow_objects/install.log --single-version-externally-managed
[17.732s] DEBUG:colcon.colcon_core.event_handler.log_command:Invoked command in '/home/burger/worren_hu_ws/src/follow_objects' returned '0': PYTHONPATH=/home/burger/worren_hu_ws/build/follow_objects/prefix_override:/home/burger/worren_hu_ws/install/follow_objects/lib/python3.10/site-packages:${PYTHONPATH} /usr/bin/python3 setup.py egg_info --egg-base ../../build/follow_objects build --build-base /home/burger/worren_hu_ws/build/follow_objects/build install --record /home/burger/worren_hu_ws/build/follow_objects/install.log --single-version-externally-managed
[17.848s] Level 1:colcon.colcon_core.environment:checking '/home/burger/worren_hu_ws/install/follow_objects' for CMake module files
[17.851s] Level 1:colcon.colcon_core.environment:checking '/home/burger/worren_hu_ws/install/follow_objects' for CMake config files
[17.855s] Level 1:colcon.colcon_core.environment:checking '/home/burger/worren_hu_ws/install/follow_objects/lib'
[17.856s] Level 1:colcon.colcon_core.environment:checking '/home/burger/worren_hu_ws/install/follow_objects/bin'
[17.856s] Level 1:colcon.colcon_core.environment:checking '/home/burger/worren_hu_ws/install/follow_objects/lib/pkgconfig/follow_objects.pc'
[17.857s] Level 1:colcon.colcon_core.environment:checking '/home/burger/worren_hu_ws/install/follow_objects/lib/python3.10/site-packages'
[17.857s] Level 1:colcon.colcon_core.shell:create_environment_hook('follow_objects', 'pythonpath')
[17.950s] INFO:colcon.colcon_core.shell:Creating environment hook '/home/burger/worren_hu_ws/install/follow_objects/share/follow_objects/hook/pythonpath.ps1'
[17.954s] INFO:colcon.colcon_core.shell:Creating environment descriptor '/home/burger/worren_hu_ws/install/follow_objects/share/follow_objects/hook/pythonpath.dsv'
[17.956s] INFO:colcon.colcon_core.shell:Creating environment hook '/home/burger/worren_hu_ws/install/follow_objects/share/follow_objects/hook/pythonpath.sh'
[17.960s] Level 1:colcon.colcon_core.environment:checking '/home/burger/worren_hu_ws/install/follow_objects/bin'
[17.961s] Level 1:colcon.colcon_core.environment:create_environment_scripts_only(follow_objects)
[18.038s] INFO:colcon.colcon_core.shell:Creating package script '/home/burger/worren_hu_ws/install/follow_objects/share/follow_objects/package.ps1'
[18.185s] INFO:colcon.colcon_core.shell:Creating package descriptor '/home/burger/worren_hu_ws/install/follow_objects/share/follow_objects/package.dsv'
[18.264s] INFO:colcon.colcon_core.shell:Creating package script '/home/burger/worren_hu_ws/install/follow_objects/share/follow_objects/package.sh'
[18.342s] INFO:colcon.colcon_core.shell:Creating package script '/home/burger/worren_hu_ws/install/follow_objects/share/follow_objects/package.bash'
[18.423s] INFO:colcon.colcon_core.shell:Creating package script '/home/burger/worren_hu_ws/install/follow_objects/share/follow_objects/package.zsh'
[18.502s] Level 1:colcon.colcon_core.environment:create_file_with_runtime_dependencies(/home/burger/worren_hu_ws/install/follow_objects/share/colcon-core/packages/follow_objects)
[18.504s] DEBUG:colcon.colcon_parallel_executor.executor.parallel:closing loop
[18.505s] DEBUG:colcon.colcon_parallel_executor.executor.parallel:loop closed
[18.506s] DEBUG:colcon.colcon_parallel_executor.executor.parallel:run_until_complete finished with '0'
[18.508s] DEBUG:colcon.colcon_core.event_reactor:joining thread
[21.817s] INFO:colcon.colcon_core.plugin_system:Skipping extension 'colcon_notification.desktop_notification.notify_send': Could not find 'notify-send'
[21.817s] INFO:colcon.colcon_core.plugin_system:Skipping extension 'colcon_notification.desktop_notification.terminal_notifier': Not used on non-Darwin systems
[21.817s] INFO:colcon.colcon_core.plugin_system:Skipping extension 'colcon_notification.desktop_notification.win32': Not used on non-Windows systems
[21.818s] INFO:colcon.colcon_notification.desktop_notification:Sending desktop notification using 'notify2'
[21.861s] DEBUG:colcon.colcon_notification.desktop_notification.notify2:Failed to initialize notify2: org.freedesktop.DBus.Error.ServiceUnknown: The name org.freedesktop.Notifications was not provided by any .service files
[21.861s] DEBUG:colcon.colcon_core.event_reactor:joined thread
[21.978s] INFO:colcon.colcon_core.shell:Creating prefix script '/home/burger/worren_hu_ws/install/local_setup.ps1'
[21.983s] INFO:colcon.colcon_core.shell:Creating prefix util module '/home/burger/worren_hu_ws/install/_local_setup_util_ps1.py'
[21.992s] INFO:colcon.colcon_core.shell:Creating prefix chain script '/home/burger/worren_hu_ws/install/setup.ps1'
[22.068s] INFO:colcon.colcon_core.shell:Creating prefix script '/home/burger/worren_hu_ws/install/local_setup.sh'
[22.074s] INFO:colcon.colcon_core.shell:Creating prefix util module '/home/burger/worren_hu_ws/install/_local_setup_util_sh.py'
[22.076s] INFO:colcon.colcon_core.shell:Creating prefix chain script '/home/burger/worren_hu_ws/install/setup.sh'
[22.160s] INFO:colcon.colcon_core.shell:Creating prefix script '/home/burger/worren_hu_ws/install/local_setup.bash'
[22.165s] INFO:colcon.colcon_core.shell:Creating prefix chain script '/home/burger/worren_hu_ws/install/setup.bash'
[22.243s] INFO:colcon.colcon_core.shell:Creating prefix script '/home/burger/worren_hu_ws/install/local_setup.zsh'
[22.249s] INFO:colcon.colcon_core.shell:Creating prefix chain script '/home/burger/worren_hu_ws/install/setup.zsh'
