[5.433s] DEBUG:colcon:Command line arguments: ['/usr/bin/colcon', 'build', '--symlink-install', '--packages-select', 'find_way_out']
[5.433s] DEBUG:colcon:Parsed command line arguments: Namespace(log_base=None, log_level=None, verb_name='build', build_base='build', install_base='install', merge_install=False, symlink_install=True, test_result_base=None, continue_on_error=False, executor='parallel', parallel_workers=4, event_handlers=None, ignore_user_meta=False, metas=['./colcon.meta'], base_paths=['.'], packages_ignore=None, packages_ignore_regex=None, paths=None, packages_up_to=None, packages_up_to_regex=None, packages_above=None, packages_above_and_dependencies=None, packages_above_depth=None, packages_select_by_dep=None, packages_skip_by_dep=None, packages_skip_up_to=None, packages_select_build_failed=False, packages_skip_build_finished=False, packages_select_test_failures=False, packages_skip_test_passed=False, packages_select=['find_way_out'], packages_skip=None, packages_select_regex=None, packages_skip_regex=None, packages_start=None, packages_end=None, allow_overriding=[], cmake_args=None, cmake_target=None, cmake_target_skip_unavailable=False, cmake_clean_cache=False, cmake_clean_first=False, cmake_force_configure=False, ament_cmake_args=None, catkin_cmake_args=None, catkin_skip_building_tests=False, verb_parser=<colcon_defaults.argument_parser.defaults.DefaultArgumentsDecorator object at 0xffff8d8ad900>, verb_extension=<colcon_core.verb.build.BuildVerb object at 0xffff8d7f5b40>, main=<bound method BuildVerb.main of <colcon_core.verb.build.BuildVerb object at 0xffff8d7f5b40>>)
[5.724s] Level 1:colcon.colcon_core.package_discovery:discover_packages(colcon_meta) check parameters
[5.725s] Level 1:colcon.colcon_core.package_discovery:discover_packages(recursive) check parameters
[5.725s] Level 1:colcon.colcon_core.package_discovery:discover_packages(ignore) check parameters
[5.725s] Level 1:colcon.colcon_core.package_discovery:discover_packages(path) check parameters
[5.725s] Level 1:colcon.colcon_core.package_discovery:discover_packages(colcon_meta) discover
[5.726s] Level 1:colcon.colcon_core.package_discovery:discover_packages(recursive) discover
[5.726s] INFO:colcon.colcon_core.package_discovery:Crawling recursively for packages in '/home/burger/worren_hu_ws'
[5.726s] Level 1:colcon.colcon_core.package_identification:_identify(.) by extensions ['ignore', 'ignore_ament_install']
[5.727s] Level 1:colcon.colcon_core.package_identification:_identify(.) by extension 'ignore'
[5.727s] Level 1:colcon.colcon_core.package_identification:_identify(.) by extension 'ignore_ament_install'
[5.727s] Level 1:colcon.colcon_core.package_identification:_identify(.) by extensions ['colcon_pkg']
[5.727s] Level 1:colcon.colcon_core.package_identification:_identify(.) by extension 'colcon_pkg'
[5.728s] Level 1:colcon.colcon_core.package_identification:_identify(.) by extensions ['colcon_meta']
[5.728s] Level 1:colcon.colcon_core.package_identification:_identify(.) by extension 'colcon_meta'
[5.728s] Level 1:colcon.colcon_core.package_identification:_identify(.) by extensions ['ros']
[5.728s] Level 1:colcon.colcon_core.package_identification:_identify(.) by extension 'ros'
[6.034s] Level 1:colcon.colcon_core.package_identification:_identify(.) by extensions ['cmake', 'python']
[6.034s] Level 1:colcon.colcon_core.package_identification:_identify(.) by extension 'cmake'
[6.034s] Level 1:colcon.colcon_core.package_identification:_identify(.) by extension 'python'
[6.035s] Level 1:colcon.colcon_core.package_identification:_identify(.) by extensions ['python_setup_py']
[6.035s] Level 1:colcon.colcon_core.package_identification:_identify(.) by extension 'python_setup_py'
[6.036s] Level 1:colcon.colcon_core.package_identification:_identify(build) by extensions ['ignore', 'ignore_ament_install']
[6.036s] Level 1:colcon.colcon_core.package_identification:_identify(build) by extension 'ignore'
[6.037s] Level 1:colcon.colcon_core.package_identification:_identify(build) ignored
[6.037s] Level 1:colcon.colcon_core.package_identification:_identify(install) by extensions ['ignore', 'ignore_ament_install']
[6.038s] Level 1:colcon.colcon_core.package_identification:_identify(install) by extension 'ignore'
[6.038s] Level 1:colcon.colcon_core.package_identification:_identify(install) ignored
[6.040s] Level 1:colcon.colcon_core.package_identification:_identify(log) by extensions ['ignore', 'ignore_ament_install']
[6.040s] Level 1:colcon.colcon_core.package_identification:_identify(log) by extension 'ignore'
[6.040s] Level 1:colcon.colcon_core.package_identification:_identify(log) ignored
[6.041s] Level 1:colcon.colcon_core.package_identification:_identify(src) by extensions ['ignore', 'ignore_ament_install']
[6.041s] Level 1:colcon.colcon_core.package_identification:_identify(src) by extension 'ignore'
[6.042s] Level 1:colcon.colcon_core.package_identification:_identify(src) by extension 'ignore_ament_install'
[6.042s] Level 1:colcon.colcon_core.package_identification:_identify(src) by extensions ['colcon_pkg']
[6.042s] Level 1:colcon.colcon_core.package_identification:_identify(src) by extension 'colcon_pkg'
[6.042s] Level 1:colcon.colcon_core.package_identification:_identify(src) by extensions ['colcon_meta']
[6.042s] Level 1:colcon.colcon_core.package_identification:_identify(src) by extension 'colcon_meta'
[6.043s] Level 1:colcon.colcon_core.package_identification:_identify(src) by extensions ['ros']
[6.043s] Level 1:colcon.colcon_core.package_identification:_identify(src) by extension 'ros'
[6.043s] Level 1:colcon.colcon_core.package_identification:_identify(src) by extensions ['cmake', 'python']
[6.044s] Level 1:colcon.colcon_core.package_identification:_identify(src) by extension 'cmake'
[6.045s] Level 1:colcon.colcon_core.package_identification:_identify(src) by extension 'python'
[6.045s] Level 1:colcon.colcon_core.package_identification:_identify(src) by extensions ['python_setup_py']
[6.046s] Level 1:colcon.colcon_core.package_identification:_identify(src) by extension 'python_setup_py'
[6.046s] Level 1:colcon.colcon_core.package_identification:_identify(src/find_way_out) by extensions ['ignore', 'ignore_ament_install']
[6.047s] Level 1:colcon.colcon_core.package_identification:_identify(src/find_way_out) by extension 'ignore'
[6.047s] Level 1:colcon.colcon_core.package_identification:_identify(src/find_way_out) by extension 'ignore_ament_install'
[6.047s] Level 1:colcon.colcon_core.package_identification:_identify(src/find_way_out) by extensions ['colcon_pkg']
[6.048s] Level 1:colcon.colcon_core.package_identification:_identify(src/find_way_out) by extension 'colcon_pkg'
[6.048s] Level 1:colcon.colcon_core.package_identification:_identify(src/find_way_out) by extensions ['colcon_meta']
[6.048s] Level 1:colcon.colcon_core.package_identification:_identify(src/find_way_out) by extension 'colcon_meta'
[6.048s] Level 1:colcon.colcon_core.package_identification:_identify(src/find_way_out) by extensions ['ros']
[6.048s] Level 1:colcon.colcon_core.package_identification:_identify(src/find_way_out) by extension 'ros'
[6.163s] DEBUG:colcon.colcon_core.package_identification:Package 'src/find_way_out' with type 'ros.ament_python' and name 'find_way_out'
[6.164s] Level 1:colcon.colcon_core.package_identification:_identify(src/follow_objects) by extensions ['ignore', 'ignore_ament_install']
[6.164s] Level 1:colcon.colcon_core.package_identification:_identify(src/follow_objects) by extension 'ignore'
[6.165s] Level 1:colcon.colcon_core.package_identification:_identify(src/follow_objects) by extension 'ignore_ament_install'
[6.165s] Level 1:colcon.colcon_core.package_identification:_identify(src/follow_objects) by extensions ['colcon_pkg']
[6.165s] Level 1:colcon.colcon_core.package_identification:_identify(src/follow_objects) by extension 'colcon_pkg'
[6.165s] Level 1:colcon.colcon_core.package_identification:_identify(src/follow_objects) by extensions ['colcon_meta']
[6.165s] Level 1:colcon.colcon_core.package_identification:_identify(src/follow_objects) by extension 'colcon_meta'
[6.166s] Level 1:colcon.colcon_core.package_identification:_identify(src/follow_objects) by extensions ['ros']
[6.166s] Level 1:colcon.colcon_core.package_identification:_identify(src/follow_objects) by extension 'ros'
[6.182s] DEBUG:colcon.colcon_core.package_identification:Package 'src/follow_objects' with type 'ros.ament_python' and name 'follow_objects'
[6.183s] Level 1:colcon.colcon_core.package_identification:_identify(src/navigate_to_goal) by extensions ['ignore', 'ignore_ament_install']
[6.183s] Level 1:colcon.colcon_core.package_identification:_identify(src/navigate_to_goal) by extension 'ignore'
[6.184s] Level 1:colcon.colcon_core.package_identification:_identify(src/navigate_to_goal) by extension 'ignore_ament_install'
[6.184s] Level 1:colcon.colcon_core.package_identification:_identify(src/navigate_to_goal) by extensions ['colcon_pkg']
[6.185s] Level 1:colcon.colcon_core.package_identification:_identify(src/navigate_to_goal) by extension 'colcon_pkg'
[6.185s] Level 1:colcon.colcon_core.package_identification:_identify(src/navigate_to_goal) by extensions ['colcon_meta']
[6.185s] Level 1:colcon.colcon_core.package_identification:_identify(src/navigate_to_goal) by extension 'colcon_meta'
[6.185s] Level 1:colcon.colcon_core.package_identification:_identify(src/navigate_to_goal) by extensions ['ros']
[6.186s] Level 1:colcon.colcon_core.package_identification:_identify(src/navigate_to_goal) by extension 'ros'
[6.200s] DEBUG:colcon.colcon_core.package_identification:Package 'src/navigate_to_goal' with type 'ros.ament_python' and name 'navigate_to_goal'
[6.201s] Level 1:colcon.colcon_core.package_identification:_identify(src/py_pubsub) by extensions ['ignore', 'ignore_ament_install']
[6.202s] Level 1:colcon.colcon_core.package_identification:_identify(src/py_pubsub) by extension 'ignore'
[6.206s] Level 1:colcon.colcon_core.package_identification:_identify(src/py_pubsub) by extension 'ignore_ament_install'
[6.207s] Level 1:colcon.colcon_core.package_identification:_identify(src/py_pubsub) by extensions ['colcon_pkg']
[6.207s] Level 1:colcon.colcon_core.package_identification:_identify(src/py_pubsub) by extension 'colcon_pkg'
[6.208s] Level 1:colcon.colcon_core.package_identification:_identify(src/py_pubsub) by extensions ['colcon_meta']
[6.209s] Level 1:colcon.colcon_core.package_identification:_identify(src/py_pubsub) by extension 'colcon_meta'
[6.209s] Level 1:colcon.colcon_core.package_identification:_identify(src/py_pubsub) by extensions ['ros']
[6.209s] Level 1:colcon.colcon_core.package_identification:_identify(src/py_pubsub) by extension 'ros'
[6.220s] DEBUG:colcon.colcon_core.package_identification:Package 'src/py_pubsub' with type 'ros.ament_python' and name 'py_pubsub'
[6.222s] Level 1:colcon.colcon_core.package_identification:_identify(src/teamwh_object_follower) by extensions ['ignore', 'ignore_ament_install']
[6.223s] Level 1:colcon.colcon_core.package_identification:_identify(src/teamwh_object_follower) by extension 'ignore'
[6.224s] Level 1:colcon.colcon_core.package_identification:_identify(src/teamwh_object_follower) by extension 'ignore_ament_install'
[6.224s] Level 1:colcon.colcon_core.package_identification:_identify(src/teamwh_object_follower) by extensions ['colcon_pkg']
[6.225s] Level 1:colcon.colcon_core.package_identification:_identify(src/teamwh_object_follower) by extension 'colcon_pkg'
[6.225s] Level 1:colcon.colcon_core.package_identification:_identify(src/teamwh_object_follower) by extensions ['colcon_meta']
[6.225s] Level 1:colcon.colcon_core.package_identification:_identify(src/teamwh_object_follower) by extension 'colcon_meta'
[6.226s] Level 1:colcon.colcon_core.package_identification:_identify(src/teamwh_object_follower) by extensions ['ros']
[6.226s] Level 1:colcon.colcon_core.package_identification:_identify(src/teamwh_object_follower) by extension 'ros'
[6.240s] DEBUG:colcon.colcon_core.package_identification:Package 'src/teamwh_object_follower' with type 'ros.ament_python' and name 'teamwh_object_follower'
[6.240s] Level 1:colcon.colcon_core.package_discovery:discover_packages(recursive) using defaults
[6.240s] Level 1:colcon.colcon_core.package_discovery:discover_packages(ignore) discover
[6.241s] Level 1:colcon.colcon_core.package_discovery:discover_packages(ignore) using defaults
[6.241s] Level 1:colcon.colcon_core.package_discovery:discover_packages(path) discover
[6.241s] Level 1:colcon.colcon_core.package_discovery:discover_packages(path) using defaults
[6.588s] INFO:colcon.colcon_core.package_selection:Skipping not selected package 'follow_objects' in 'src/follow_objects'
[6.588s] INFO:colcon.colcon_core.package_selection:Skipping not selected package 'navigate_to_goal' in 'src/navigate_to_goal'
[6.588s] INFO:colcon.colcon_core.package_selection:Skipping not selected package 'py_pubsub' in 'src/py_pubsub'
[6.588s] INFO:colcon.colcon_core.package_selection:Skipping not selected package 'teamwh_object_follower' in 'src/teamwh_object_follower'
[6.731s] Level 1:colcon.colcon_core.package_discovery:discover_packages(prefix_path) check parameters
[6.731s] Level 1:colcon.colcon_core.package_discovery:discover_packages(prefix_path) discover
[6.895s] DEBUG:colcon.colcon_installed_package_information.package_discovery:Found 8 installed packages in /home/burger/dontTouch_ws/install
[6.967s] DEBUG:colcon.colcon_installed_package_information.package_discovery:Found 244 installed packages in /opt/ros/humble
[6.973s] Level 1:colcon.colcon_core.package_discovery:discover_packages(prefix_path) using defaults
[7.424s] Level 5:colcon.colcon_core.verb:set package 'find_way_out' build argument 'cmake_args' from command line to 'None'
[7.424s] Level 5:colcon.colcon_core.verb:set package 'find_way_out' build argument 'cmake_target' from command line to 'None'
[7.424s] Level 5:colcon.colcon_core.verb:set package 'find_way_out' build argument 'cmake_target_skip_unavailable' from command line to 'False'
[7.424s] Level 5:colcon.colcon_core.verb:set package 'find_way_out' build argument 'cmake_clean_cache' from command line to 'False'
[7.424s] Level 5:colcon.colcon_core.verb:set package 'find_way_out' build argument 'cmake_clean_first' from command line to 'False'
[7.424s] Level 5:colcon.colcon_core.verb:set package 'find_way_out' build argument 'cmake_force_configure' from command line to 'False'
[7.425s] Level 5:colcon.colcon_core.verb:set package 'find_way_out' build argument 'ament_cmake_args' from command line to 'None'
[7.425s] Level 5:colcon.colcon_core.verb:set package 'find_way_out' build argument 'catkin_cmake_args' from command line to 'None'
[7.425s] Level 5:colcon.colcon_core.verb:set package 'find_way_out' build argument 'catkin_skip_building_tests' from command line to 'False'
[7.425s] DEBUG:colcon.colcon_core.verb:Building package 'find_way_out' with the following arguments: {'ament_cmake_args': None, 'build_base': '/home/burger/worren_hu_ws/build/find_way_out', 'catkin_cmake_args': None, 'catkin_skip_building_tests': False, 'cmake_args': None, 'cmake_clean_cache': False, 'cmake_clean_first': False, 'cmake_force_configure': False, 'cmake_target': None, 'cmake_target_skip_unavailable': False, 'install_base': '/home/burger/worren_hu_ws/install/find_way_out', 'merge_install': False, 'path': '/home/burger/worren_hu_ws/src/find_way_out', 'symlink_install': True, 'test_result_base': None}
[7.490s] INFO:colcon.colcon_core.executor:Executing jobs using 'parallel' executor
[7.567s] DEBUG:colcon.colcon_parallel_executor.executor.parallel:run_until_complete
[7.568s] INFO:colcon.colcon_ros.task.ament_python.build:Building ROS package in '/home/burger/worren_hu_ws/src/find_way_out' with build type 'ament_python'
[7.569s] Level 1:colcon.colcon_core.shell:create_environment_hook('find_way_out', 'ament_prefix_path')
[7.654s] INFO:colcon.colcon_core.plugin_system:Skipping extension 'colcon_core.shell.bat': Not used on non-Windows systems
[7.654s] INFO:colcon.colcon_core.shell:Creating environment hook '/home/burger/worren_hu_ws/install/find_way_out/share/find_way_out/hook/ament_prefix_path.ps1'
[7.658s] INFO:colcon.colcon_core.shell:Creating environment descriptor '/home/burger/worren_hu_ws/install/find_way_out/share/find_way_out/hook/ament_prefix_path.dsv'
[7.662s] INFO:colcon.colcon_core.shell:Creating environment hook '/home/burger/worren_hu_ws/install/find_way_out/share/find_way_out/hook/ament_prefix_path.sh'
[7.743s] INFO:colcon.colcon_core.shell:Skip shell extension 'powershell' for command environment: Not usable outside of PowerShell
[7.743s] DEBUG:colcon.colcon_core.shell:Skip shell extension 'dsv' for command environment
[9.411s] INFO:colcon.colcon_core.task.python.build:Building Python package in '/home/burger/worren_hu_ws/src/find_way_out'
[9.492s] INFO:colcon.colcon_core.shell:Skip shell extension 'powershell' for command environment: Not usable outside of PowerShell
[9.494s] DEBUG:colcon.colcon_core.shell:Skip shell extension 'dsv' for command environment
[12.163s] DEBUG:colcon.colcon_core.event_handler.log_command:Invoking command in '/home/burger/worren_hu_ws/build/find_way_out': PYTHONPATH=/home/burger/worren_hu_ws/build/find_way_out/prefix_override:/home/burger/worren_hu_ws/install/find_way_out/lib/python3.10/site-packages:${PYTHONPATH} /usr/bin/python3 setup.py develop --editable --build-directory /home/burger/worren_hu_ws/build/find_way_out/build --no-deps install_data
[14.686s] Level 1:colcon.colcon_core.shell:create_environment_hook('find_way_out', 'pythonpath_develop')
[14.694s] DEBUG:colcon.colcon_core.event_handler.log_command:Invoked command in '/home/burger/worren_hu_ws/build/find_way_out' returned '0': PYTHONPATH=/home/burger/worren_hu_ws/build/find_way_out/prefix_override:/home/burger/worren_hu_ws/install/find_way_out/lib/python3.10/site-packages:${PYTHONPATH} /usr/bin/python3 setup.py develop --editable --build-directory /home/burger/worren_hu_ws/build/find_way_out/build --no-deps install_data
[14.761s] INFO:colcon.colcon_core.shell:Creating environment hook '/home/burger/worren_hu_ws/build/find_way_out/share/find_way_out/hook/pythonpath_develop.ps1'
[14.763s] INFO:colcon.colcon_core.shell:Creating environment descriptor '/home/burger/worren_hu_ws/build/find_way_out/share/find_way_out/hook/pythonpath_develop.dsv'
[14.765s] INFO:colcon.colcon_core.shell:Creating environment hook '/home/burger/worren_hu_ws/build/find_way_out/share/find_way_out/hook/pythonpath_develop.sh'
[14.863s] Level 1:colcon.colcon_core.environment:checking '/home/burger/worren_hu_ws/install/find_way_out' for CMake module files
[14.865s] Level 1:colcon.colcon_core.environment:checking '/home/burger/worren_hu_ws/install/find_way_out' for CMake config files
[14.869s] Level 1:colcon.colcon_core.environment:checking '/home/burger/worren_hu_ws/install/find_way_out/lib'
[14.870s] Level 1:colcon.colcon_core.environment:checking '/home/burger/worren_hu_ws/install/find_way_out/bin'
[14.870s] Level 1:colcon.colcon_core.environment:checking '/home/burger/worren_hu_ws/install/find_way_out/lib/pkgconfig/find_way_out.pc'
[14.871s] Level 1:colcon.colcon_core.environment:checking '/home/burger/worren_hu_ws/install/find_way_out/lib/python3.10/site-packages'
[14.872s] Level 1:colcon.colcon_core.shell:create_environment_hook('find_way_out', 'pythonpath')
[14.938s] INFO:colcon.colcon_core.shell:Creating environment hook '/home/burger/worren_hu_ws/install/find_way_out/share/find_way_out/hook/pythonpath.ps1'
[14.940s] INFO:colcon.colcon_core.shell:Creating environment descriptor '/home/burger/worren_hu_ws/install/find_way_out/share/find_way_out/hook/pythonpath.dsv'
[14.942s] INFO:colcon.colcon_core.shell:Creating environment hook '/home/burger/worren_hu_ws/install/find_way_out/share/find_way_out/hook/pythonpath.sh'
[14.947s] Level 1:colcon.colcon_core.environment:checking '/home/burger/worren_hu_ws/install/find_way_out/bin'
[14.947s] Level 1:colcon.colcon_core.environment:create_environment_scripts_only(find_way_out)
[15.029s] INFO:colcon.colcon_core.shell:Creating package script '/home/burger/worren_hu_ws/install/find_way_out/share/find_way_out/package.ps1'
[15.035s] INFO:colcon.colcon_core.shell:Creating package descriptor '/home/burger/worren_hu_ws/install/find_way_out/share/find_way_out/package.dsv'
[15.052s] INFO:colcon.colcon_core.shell:Creating package script '/home/burger/worren_hu_ws/install/find_way_out/share/find_way_out/package.sh'
[15.064s] INFO:colcon.colcon_core.shell:Creating package script '/home/burger/worren_hu_ws/install/find_way_out/share/find_way_out/package.bash'
[15.069s] INFO:colcon.colcon_core.shell:Creating package script '/home/burger/worren_hu_ws/install/find_way_out/share/find_way_out/package.zsh'
[15.075s] Level 1:colcon.colcon_core.environment:create_file_with_runtime_dependencies(/home/burger/worren_hu_ws/install/find_way_out/share/colcon-core/packages/find_way_out)
[15.079s] DEBUG:colcon.colcon_parallel_executor.executor.parallel:closing loop
[15.079s] DEBUG:colcon.colcon_parallel_executor.executor.parallel:loop closed
[15.080s] DEBUG:colcon.colcon_parallel_executor.executor.parallel:run_until_complete finished with '0'
[15.080s] DEBUG:colcon.colcon_core.event_reactor:joining thread
[15.222s] INFO:colcon.colcon_core.plugin_system:Skipping extension 'colcon_notification.desktop_notification.notify_send': Could not find 'notify-send'
[15.223s] INFO:colcon.colcon_core.plugin_system:Skipping extension 'colcon_notification.desktop_notification.terminal_notifier': Not used on non-Darwin systems
[15.223s] INFO:colcon.colcon_core.plugin_system:Skipping extension 'colcon_notification.desktop_notification.win32': Not used on non-Windows systems
[15.223s] INFO:colcon.colcon_notification.desktop_notification:Sending desktop notification using 'notify2'
[15.257s] DEBUG:colcon.colcon_notification.desktop_notification.notify2:Failed to initialize notify2: org.freedesktop.DBus.Error.ServiceUnknown: The name org.freedesktop.Notifications was not provided by any .service files
[15.258s] DEBUG:colcon.colcon_core.event_reactor:joined thread
[15.365s] INFO:colcon.colcon_core.shell:Creating prefix script '/home/burger/worren_hu_ws/install/local_setup.ps1'
[15.371s] INFO:colcon.colcon_core.shell:Creating prefix util module '/home/burger/worren_hu_ws/install/_local_setup_util_ps1.py'
[15.382s] INFO:colcon.colcon_core.shell:Creating prefix chain script '/home/burger/worren_hu_ws/install/setup.ps1'
[15.466s] INFO:colcon.colcon_core.shell:Creating prefix script '/home/burger/worren_hu_ws/install/local_setup.sh'
[15.471s] INFO:colcon.colcon_core.shell:Creating prefix util module '/home/burger/worren_hu_ws/install/_local_setup_util_sh.py'
[15.474s] INFO:colcon.colcon_core.shell:Creating prefix chain script '/home/burger/worren_hu_ws/install/setup.sh'
[15.554s] INFO:colcon.colcon_core.shell:Creating prefix script '/home/burger/worren_hu_ws/install/local_setup.bash'
[15.559s] INFO:colcon.colcon_core.shell:Creating prefix chain script '/home/burger/worren_hu_ws/install/setup.bash'
[15.640s] INFO:colcon.colcon_core.shell:Creating prefix script '/home/burger/worren_hu_ws/install/local_setup.zsh'
[15.645s] INFO:colcon.colcon_core.shell:Creating prefix chain script '/home/burger/worren_hu_ws/install/setup.zsh'
