/home/worren_hu/ros2_ws/src/follow_objects/install/follow_objects/lib/python3.10/site-packages/follow_objects/__init__.py
/home/worren_hu/ros2_ws/src/follow_objects/install/follow_objects/lib/python3.10/site-packages/follow_objects/turn_turtlebot.py
/home/worren_hu/ros2_ws/src/follow_objects/install/follow_objects/lib/python3.10/site-packages/follow_objects/find_object.py
/home/worren_hu/ros2_ws/src/follow_objects/install/follow_objects/lib/python3.10/site-packages/follow_objects/my_node.py
/home/worren_hu/ros2_ws/src/follow_objects/install/follow_objects/lib/python3.10/site-packages/follow_objects/view_image_raw.py
/home/worren_hu/ros2_ws/src/follow_objects/install/follow_objects/lib/python3.10/site-packages/follow_objects/find_object2.py
/home/worren_hu/ros2_ws/src/follow_objects/install/follow_objects/lib/python3.10/site-packages/follow_objects/__pycache__/__init__.cpython-310.pyc
/home/worren_hu/ros2_ws/src/follow_objects/install/follow_objects/lib/python3.10/site-packages/follow_objects/__pycache__/turn_turtlebot.cpython-310.pyc
/home/worren_hu/ros2_ws/src/follow_objects/install/follow_objects/lib/python3.10/site-packages/follow_objects/__pycache__/find_object.cpython-310.pyc
/home/worren_hu/ros2_ws/src/follow_objects/install/follow_objects/lib/python3.10/site-packages/follow_objects/__pycache__/my_node.cpython-310.pyc
/home/worren_hu/ros2_ws/src/follow_objects/install/follow_objects/lib/python3.10/site-packages/follow_objects/__pycache__/view_image_raw.cpython-310.pyc
/home/worren_hu/ros2_ws/src/follow_objects/install/follow_objects/lib/python3.10/site-packages/follow_objects/__pycache__/find_object2.cpython-310.pyc
/home/worren_hu/ros2_ws/src/follow_objects/install/follow_objects/share/ament_index/resource_index/packages/follow_objects
/home/worren_hu/ros2_ws/src/follow_objects/install/follow_objects/share/follow_objects/package.xml
/home/worren_hu/ros2_ws/src/follow_objects/install/follow_objects/share/follow_objects/launch/follow_object_launch.py
/home/worren_hu/ros2_ws/src/follow_objects/install/follow_objects/lib/python3.10/site-packages/follow_objects-0.0.0-py3.10.egg-info/entry_points.txt
/home/worren_hu/ros2_ws/src/follow_objects/install/follow_objects/lib/python3.10/site-packages/follow_objects-0.0.0-py3.10.egg-info/zip-safe
/home/worren_hu/ros2_ws/src/follow_objects/install/follow_objects/lib/python3.10/site-packages/follow_objects-0.0.0-py3.10.egg-info/top_level.txt
/home/worren_hu/ros2_ws/src/follow_objects/install/follow_objects/lib/python3.10/site-packages/follow_objects-0.0.0-py3.10.egg-info/requires.txt
/home/worren_hu/ros2_ws/src/follow_objects/install/follow_objects/lib/python3.10/site-packages/follow_objects-0.0.0-py3.10.egg-info/SOURCES.txt
/home/worren_hu/ros2_ws/src/follow_objects/install/follow_objects/lib/python3.10/site-packages/follow_objects-0.0.0-py3.10.egg-info/PKG-INFO
/home/worren_hu/ros2_ws/src/follow_objects/install/follow_objects/lib/python3.10/site-packages/follow_objects-0.0.0-py3.10.egg-info/dependency_links.txt
/home/worren_hu/ros2_ws/src/follow_objects/install/follow_objects/lib/follow_objects/my_node = follow_objects.my_node:mainfind_object2 = follow_objects.find_object2:mainturn_turtlebot
