running develop
running egg_info
writing manifest file '../../build/navigate_to_goal/navigate_to_goal.egg-info/SOURCES.txt'
running build
running build_py
copying navigate_to_goal/get_robot_location.py -> /home/burger/worren_hu_ws/build/navigate_to_goal/build/lib/navigate_to_goal
copying navigate_to_goal/go_to_goal.py -> /home/burger/worren_hu_ws/build/navigate_to_goal/build/lib/navigate_to_goal
copying navigate_to_goal/get_object_range.py -> /home/burger/worren_hu_ws/build/navigate_to_goal/build/lib/navigate_to_goal
running install
running install_lib
creating /home/burger/worren_hu_ws/install/navigate_to_goal/lib/python3.10/site-packages/navigate_to_goal
byte-compiling /home/burger/worren_hu_ws/install/navigate_to_goal/lib/python3.10/site-packages/navigate_to_goal/get_robot_location.py to get_robot_location.cpython-310.pyc
byte-compiling /home/burger/worren_hu_ws/install/navigate_to_goal/lib/python3.10/site-packages/navigate_to_goal/go_to_goal.py to go_to_goal.cpython-310.pyc
byte-compiling /home/burger/worren_hu_ws/install/navigate_to_goal/lib/python3.10/site-packages/navigate_to_goal/__init__.py to __init__.cpython-310.pyc
byte-compiling /home/burger/worren_hu_ws/install/navigate_to_goal/lib/python3.10/site-packages/navigate_to_goal/get_object_range.py to get_object_range.cpython-310.pyc
running install_data
running install_egg_info
Copying ../../build/navigate_to_goal/navigate_to_goal.egg-info to /home/burger/worren_hu_ws/install/navigate_to_goal/lib/python3.10/site-packages/navigate_to_goal-0.0.0-py3.10.egg-info
running install_scripts
writing list of installed files to '/home/burger/worren_hu_ws/build/navigate_to_goal/install.log'
