[4.716s] Invoking command in '/home/burger/worren_hu_ws/src/py_pubsub': PYTHONPATH=/home/burger/worren_hu_ws/build/py_pubsub/prefix_override:/home/burger/worren_hu_ws/install/py_pubsub/lib/python3.10/site-packages:${PYTHONPATH} /usr/bin/python3 setup.py egg_info --egg-base ../../build/py_pubsub build --build-base /home/burger/worren_hu_ws/build/py_pubsub/build install --record /home/burger/worren_hu_ws/build/py_pubsub/install.log --single-version-externally-managed
[5.755s] running egg_info
[5.830s] writing ../../build/py_pubsub/py_pubsub.egg-info/PKG-INFO
[5.834s] writing dependency_links to ../../build/py_pubsub/py_pubsub.egg-info/dependency_links.txt
[5.836s] deleting ../../build/py_pubsub/py_pubsub.egg-info/entry_points.txt
[5.836s] writing requirements to ../../build/py_pubsub/py_pubsub.egg-info/requires.txt
[5.837s] writing top-level names to ../../build/py_pubsub/py_pubsub.egg-info/top_level.txt
[5.985s] reading manifest file '../../build/py_pubsub/py_pubsub.egg-info/SOURCES.txt'
[5.987s] adding license file 'LICENSE'
[5.989s] writing manifest file '../../build/py_pubsub/py_pubsub.egg-info/SOURCES.txt'
[5.992s] running build
[5.993s] running build_py
[5.997s] copying py_pubsub/__init__.py -> /home/burger/worren_hu_ws/build/py_pubsub/build/lib/py_pubsub
[5.998s] running install
[5.999s] /home/burger/.local/lib/python3.10/site-packages/setuptools/_distutils/cmd.py:66: SetuptoolsDeprecationWarning: setup.py install is deprecated.
[5.999s] !!
[6.000s] 
[6.001s]         ********************************************************************************
[6.001s]         Please avoid running ``setup.py`` directly.
[6.002s]         Instead, use pypa/build, pypa/installer or other
[6.003s]         standards-based tools.
[6.003s] 
[6.003s]         See https://blog.ganssle.io/articles/2021/10/setup-py-deprecated.html for details.
[6.004s]         ********************************************************************************
[6.004s] 
[6.005s] !!
[6.005s]   self.initialize_options()
[6.021s] running install_lib
[6.091s] copying /home/burger/worren_hu_ws/build/py_pubsub/build/lib/py_pubsub/__init__.py -> /home/burger/worren_hu_ws/install/py_pubsub/lib/python3.10/site-packages/py_pubsub
[6.094s] byte-compiling /home/burger/worren_hu_ws/install/py_pubsub/lib/python3.10/site-packages/py_pubsub/__init__.py to __init__.cpython-310.pyc
[6.096s] running install_data
[6.170s] copying resource/py_pubsub -> /home/burger/worren_hu_ws/install/py_pubsub/share/ament_index/resource_index/packages
[6.173s] copying package.xml -> /home/burger/worren_hu_ws/install/py_pubsub/share/py_pubsub
[6.174s] running install_egg_info
[6.245s] removing '/home/burger/worren_hu_ws/install/py_pubsub/lib/python3.10/site-packages/py_pubsub-0.0.0-py3.10.egg-info' (and everything under it)
[6.247s] Copying ../../build/py_pubsub/py_pubsub.egg-info to /home/burger/worren_hu_ws/install/py_pubsub/lib/python3.10/site-packages/py_pubsub-0.0.0-py3.10.egg-info
[6.253s] running install_scripts
[6.984s] writing list of installed files to '/home/burger/worren_hu_ws/build/py_pubsub/install.log'
[7.138s] Invoked command in '/home/burger/worren_hu_ws/src/py_pubsub' returned '0': PYTHONPATH=/home/burger/worren_hu_ws/build/py_pubsub/prefix_override:/home/burger/worren_hu_ws/install/py_pubsub/lib/python3.10/site-packages:${PYTHONPATH} /usr/bin/python3 setup.py egg_info --egg-base ../../build/py_pubsub build --build-base /home/burger/worren_hu_ws/build/py_pubsub/build install --record /home/burger/worren_hu_ws/build/py_pubsub/install.log --single-version-externally-managed
