/home/burger/worren_hu_ws/install/follow_objects/lib/python3.10/site-packages/follow_objects/turn_turtlebot.py
/home/burger/worren_hu_ws/install/follow_objects/lib/python3.10/site-packages/follow_objects/view_image_raw.py
/home/burger/worren_hu_ws/install/follow_objects/lib/python3.10/site-packages/follow_objects/my_node.py
/home/burger/worren_hu_ws/install/follow_objects/lib/python3.10/site-packages/follow_objects/__init__.py
/home/burger/worren_hu_ws/install/follow_objects/lib/python3.10/site-packages/follow_objects/find_object.py
/home/burger/worren_hu_ws/install/follow_objects/lib/python3.10/site-packages/follow_objects/find_object2.py
/home/burger/worren_hu_ws/install/follow_objects/lib/python3.10/site-packages/follow_objects/view_camera.py
/home/burger/worren_hu_ws/install/follow_objects/lib/python3.10/site-packages/follow_objects/__pycache__/turn_turtlebot.cpython-310.pyc
/home/burger/worren_hu_ws/install/follow_objects/lib/python3.10/site-packages/follow_objects/__pycache__/view_image_raw.cpython-310.pyc
/home/burger/worren_hu_ws/install/follow_objects/lib/python3.10/site-packages/follow_objects/__pycache__/my_node.cpython-310.pyc
/home/burger/worren_hu_ws/install/follow_objects/lib/python3.10/site-packages/follow_objects/__pycache__/__init__.cpython-310.pyc
/home/burger/worren_hu_ws/install/follow_objects/lib/python3.10/site-packages/follow_objects/__pycache__/find_object.cpython-310.pyc
/home/burger/worren_hu_ws/install/follow_objects/lib/python3.10/site-packages/follow_objects/__pycache__/find_object2.cpython-310.pyc
/home/burger/worren_hu_ws/install/follow_objects/lib/python3.10/site-packages/follow_objects/__pycache__/view_camera.cpython-310.pyc
/home/burger/worren_hu_ws/install/follow_objects/share/ament_index/resource_index/packages/follow_objects
/home/burger/worren_hu_ws/install/follow_objects/share/follow_objects/package.xml
/home/burger/worren_hu_ws/install/follow_objects/lib/python3.10/site-packages/follow_objects-0.0.0-py3.10.egg-info/entry_points.txt
/home/burger/worren_hu_ws/install/follow_objects/lib/python3.10/site-packages/follow_objects-0.0.0-py3.10.egg-info/SOURCES.txt
/home/burger/worren_hu_ws/install/follow_objects/lib/python3.10/site-packages/follow_objects-0.0.0-py3.10.egg-info/dependency_links.txt
/home/burger/worren_hu_ws/install/follow_objects/lib/python3.10/site-packages/follow_objects-0.0.0-py3.10.egg-info/PKG-INFO
/home/burger/worren_hu_ws/install/follow_objects/lib/python3.10/site-packages/follow_objects-0.0.0-py3.10.egg-info/zip-safe
/home/burger/worren_hu_ws/install/follow_objects/lib/python3.10/site-packages/follow_objects-0.0.0-py3.10.egg-info/requires.txt
/home/burger/worren_hu_ws/install/follow_objects/lib/python3.10/site-packages/follow_objects-0.0.0-py3.10.egg-info/top_level.txt
/home/burger/worren_hu_ws/install/follow_objects/lib/follow_objects/find_object2
/home/burger/worren_hu_ws/install/follow_objects/lib/follow_objects/my_node
/home/burger/worren_hu_ws/install/follow_objects/lib/follow_objects/turn_turtlebot
