/home/burger/worren_hu_ws/install/navigate_to_goal/lib/python3.10/site-packages/navigate_to_goal/get_robot_location.py
/home/burger/worren_hu_ws/install/navigate_to_goal/lib/python3.10/site-packages/navigate_to_goal/go_to_goal.py
/home/burger/worren_hu_ws/install/navigate_to_goal/lib/python3.10/site-packages/navigate_to_goal/__init__.py
/home/burger/worren_hu_ws/install/navigate_to_goal/lib/python3.10/site-packages/navigate_to_goal/get_object_range.py
/home/burger/worren_hu_ws/install/navigate_to_goal/lib/python3.10/site-packages/navigate_to_goal/__pycache__/get_robot_location.cpython-310.pyc
/home/burger/worren_hu_ws/install/navigate_to_goal/lib/python3.10/site-packages/navigate_to_goal/__pycache__/go_to_goal.cpython-310.pyc
/home/burger/worren_hu_ws/install/navigate_to_goal/lib/python3.10/site-packages/navigate_to_goal/__pycache__/__init__.cpython-310.pyc
/home/burger/worren_hu_ws/install/navigate_to_goal/lib/python3.10/site-packages/navigate_to_goal/__pycache__/get_object_range.cpython-310.pyc
/home/burger/worren_hu_ws/install/navigate_to_goal/share/ament_index/resource_index/packages/navigate_to_goal
/home/burger/worren_hu_ws/install/navigate_to_goal/share/navigate_to_goal/package.xml
/home/burger/worren_hu_ws/install/navigate_to_goal/lib/python3.10/site-packages/navigate_to_goal-0.0.0-py3.10.egg-info/entry_points.txt
/home/burger/worren_hu_ws/install/navigate_to_goal/lib/python3.10/site-packages/navigate_to_goal-0.0.0-py3.10.egg-info/SOURCES.txt
/home/burger/worren_hu_ws/install/navigate_to_goal/lib/python3.10/site-packages/navigate_to_goal-0.0.0-py3.10.egg-info/dependency_links.txt
/home/burger/worren_hu_ws/install/navigate_to_goal/lib/python3.10/site-packages/navigate_to_goal-0.0.0-py3.10.egg-info/PKG-INFO
/home/burger/worren_hu_ws/install/navigate_to_goal/lib/python3.10/site-packages/navigate_to_goal-0.0.0-py3.10.egg-info/zip-safe
/home/burger/worren_hu_ws/install/navigate_to_goal/lib/python3.10/site-packages/navigate_to_goal-0.0.0-py3.10.egg-info/requires.txt
/home/burger/worren_hu_ws/install/navigate_to_goal/lib/python3.10/site-packages/navigate_to_goal-0.0.0-py3.10.egg-info/top_level.txt
/home/burger/worren_hu_ws/install/navigate_to_goal/lib/navigate_to_goal/get_object_range
/home/burger/worren_hu_ws/install/navigate_to_goal/lib/navigate_to_goal/get_robot_location
/home/burger/worren_hu_ws/install/navigate_to_goal/lib/navigate_to_goal/go_to_goal
