[5.443s] DEBUG:colcon:Command line arguments: ['/usr/bin/colcon', 'build']
[5.444s] DEBUG:colcon:Parsed command line arguments: Namespace(log_base=None, log_level=None, verb_name='build', build_base='build', install_base='install', merge_install=False, symlink_install=False, test_result_base=None, continue_on_error=False, executor='parallel', parallel_workers=4, event_handlers=None, ignore_user_meta=False, metas=['./colcon.meta'], base_paths=['.'], packages_ignore=None, packages_ignore_regex=None, paths=None, packages_up_to=None, packages_up_to_regex=None, packages_above=None, packages_above_and_dependencies=None, packages_above_depth=None, packages_select_by_dep=None, packages_skip_by_dep=None, packages_skip_up_to=None, packages_select_build_failed=False, packages_skip_build_finished=False, packages_select_test_failures=False, packages_skip_test_passed=False, packages_select=None, packages_skip=None, packages_select_regex=None, packages_skip_regex=None, packages_start=None, packages_end=None, allow_overriding=[], cmake_args=None, cmake_target=None, cmake_target_skip_unavailable=False, cmake_clean_cache=False, cmake_clean_first=False, cmake_force_configure=False, ament_cmake_args=None, catkin_cmake_args=None, catkin_skip_building_tests=False, verb_parser=<colcon_defaults.argument_parser.defaults.DefaultArgumentsDecorator object at 0xffff9d33a440>, verb_extension=<colcon_core.verb.build.BuildVerb object at 0xffff9d52f940>, main=<bound method BuildVerb.main of <colcon_core.verb.build.BuildVerb object at 0xffff9d52f940>>)
[5.850s] Level 1:colcon.colcon_core.package_discovery:discover_packages(colcon_meta) check parameters
[5.850s] Level 1:colcon.colcon_core.package_discovery:discover_packages(recursive) check parameters
[5.850s] Level 1:colcon.colcon_core.package_discovery:discover_packages(ignore) check parameters
[5.851s] Level 1:colcon.colcon_core.package_discovery:discover_packages(path) check parameters
[5.851s] Level 1:colcon.colcon_core.package_discovery:discover_packages(colcon_meta) discover
[5.851s] Level 1:colcon.colcon_core.package_discovery:discover_packages(recursive) discover
[5.851s] INFO:colcon.colcon_core.package_discovery:Crawling recursively for packages in '/home/burger/worren_hu_ws'
[5.852s] Level 1:colcon.colcon_core.package_identification:_identify(.) by extensions ['ignore', 'ignore_ament_install']
[5.852s] Level 1:colcon.colcon_core.package_identification:_identify(.) by extension 'ignore'
[5.852s] Level 1:colcon.colcon_core.package_identification:_identify(.) by extension 'ignore_ament_install'
[5.853s] Level 1:colcon.colcon_core.package_identification:_identify(.) by extensions ['colcon_pkg']
[5.853s] Level 1:colcon.colcon_core.package_identification:_identify(.) by extension 'colcon_pkg'
[5.853s] Level 1:colcon.colcon_core.package_identification:_identify(.) by extensions ['colcon_meta']
[5.853s] Level 1:colcon.colcon_core.package_identification:_identify(.) by extension 'colcon_meta'
[5.853s] Level 1:colcon.colcon_core.package_identification:_identify(.) by extensions ['ros']
[5.853s] Level 1:colcon.colcon_core.package_identification:_identify(.) by extension 'ros'
[5.911s] Level 1:colcon.colcon_core.package_identification:_identify(.) by extensions ['cmake', 'python']
[5.912s] Level 1:colcon.colcon_core.package_identification:_identify(.) by extension 'cmake'
[5.912s] Level 1:colcon.colcon_core.package_identification:_identify(.) by extension 'python'
[5.912s] Level 1:colcon.colcon_core.package_identification:_identify(.) by extensions ['python_setup_py']
[5.912s] Level 1:colcon.colcon_core.package_identification:_identify(.) by extension 'python_setup_py'
[5.913s] Level 1:colcon.colcon_core.package_identification:_identify(build) by extensions ['ignore', 'ignore_ament_install']
[5.913s] Level 1:colcon.colcon_core.package_identification:_identify(build) by extension 'ignore'
[5.913s] Level 1:colcon.colcon_core.package_identification:_identify(build) ignored
[5.914s] Level 1:colcon.colcon_core.package_identification:_identify(install) by extensions ['ignore', 'ignore_ament_install']
[5.914s] Level 1:colcon.colcon_core.package_identification:_identify(install) by extension 'ignore'
[5.915s] Level 1:colcon.colcon_core.package_identification:_identify(install) ignored
[5.915s] Level 1:colcon.colcon_core.package_identification:_identify(log) by extensions ['ignore', 'ignore_ament_install']
[5.915s] Level 1:colcon.colcon_core.package_identification:_identify(log) by extension 'ignore'
[5.916s] Level 1:colcon.colcon_core.package_identification:_identify(log) ignored
[5.916s] Level 1:colcon.colcon_core.package_identification:_identify(src) by extensions ['ignore', 'ignore_ament_install']
[5.916s] Level 1:colcon.colcon_core.package_identification:_identify(src) by extension 'ignore'
[5.917s] Level 1:colcon.colcon_core.package_identification:_identify(src) by extension 'ignore_ament_install'
[5.917s] Level 1:colcon.colcon_core.package_identification:_identify(src) by extensions ['colcon_pkg']
[5.917s] Level 1:colcon.colcon_core.package_identification:_identify(src) by extension 'colcon_pkg'
[5.917s] Level 1:colcon.colcon_core.package_identification:_identify(src) by extensions ['colcon_meta']
[5.917s] Level 1:colcon.colcon_core.package_identification:_identify(src) by extension 'colcon_meta'
[5.917s] Level 1:colcon.colcon_core.package_identification:_identify(src) by extensions ['ros']
[5.918s] Level 1:colcon.colcon_core.package_identification:_identify(src) by extension 'ros'
[5.918s] Level 1:colcon.colcon_core.package_identification:_identify(src) by extensions ['cmake', 'python']
[5.918s] Level 1:colcon.colcon_core.package_identification:_identify(src) by extension 'cmake'
[5.918s] Level 1:colcon.colcon_core.package_identification:_identify(src) by extension 'python'
[5.918s] Level 1:colcon.colcon_core.package_identification:_identify(src) by extensions ['python_setup_py']
[5.918s] Level 1:colcon.colcon_core.package_identification:_identify(src) by extension 'python_setup_py'
[5.919s] Level 1:colcon.colcon_core.package_identification:_identify(src/follow_objects) by extensions ['ignore', 'ignore_ament_install']
[5.919s] Level 1:colcon.colcon_core.package_identification:_identify(src/follow_objects) by extension 'ignore'
[5.920s] Level 1:colcon.colcon_core.package_identification:_identify(src/follow_objects) by extension 'ignore_ament_install'
[5.920s] Level 1:colcon.colcon_core.package_identification:_identify(src/follow_objects) by extensions ['colcon_pkg']
[5.920s] Level 1:colcon.colcon_core.package_identification:_identify(src/follow_objects) by extension 'colcon_pkg'
[5.920s] Level 1:colcon.colcon_core.package_identification:_identify(src/follow_objects) by extensions ['colcon_meta']
[5.920s] Level 1:colcon.colcon_core.package_identification:_identify(src/follow_objects) by extension 'colcon_meta'
[5.920s] Level 1:colcon.colcon_core.package_identification:_identify(src/follow_objects) by extensions ['ros']
[5.921s] Level 1:colcon.colcon_core.package_identification:_identify(src/follow_objects) by extension 'ros'
[5.935s] DEBUG:colcon.colcon_core.package_identification:Package 'src/follow_objects' with type 'ros.ament_python' and name 'follow_objects'
[5.935s] Level 1:colcon.colcon_core.package_identification:_identify(src/raspicam_node) by extensions ['ignore', 'ignore_ament_install']
[5.936s] Level 1:colcon.colcon_core.package_identification:_identify(src/raspicam_node) by extension 'ignore'
[5.936s] Level 1:colcon.colcon_core.package_identification:_identify(src/raspicam_node) by extension 'ignore_ament_install'
[5.936s] Level 1:colcon.colcon_core.package_identification:_identify(src/raspicam_node) by extensions ['colcon_pkg']
[5.936s] Level 1:colcon.colcon_core.package_identification:_identify(src/raspicam_node) by extension 'colcon_pkg'
[5.937s] Level 1:colcon.colcon_core.package_identification:_identify(src/raspicam_node) by extensions ['colcon_meta']
[5.937s] Level 1:colcon.colcon_core.package_identification:_identify(src/raspicam_node) by extension 'colcon_meta'
[5.937s] Level 1:colcon.colcon_core.package_identification:_identify(src/raspicam_node) by extensions ['ros']
[5.937s] Level 1:colcon.colcon_core.package_identification:_identify(src/raspicam_node) by extension 'ros'
[5.942s] DEBUG:colcon.colcon_core.package_identification:Package 'src/raspicam_node' with type 'ros.catkin' and name 'raspicam_node'
[5.942s] Level 1:colcon.colcon_core.package_discovery:discover_packages(recursive) using defaults
[5.943s] Level 1:colcon.colcon_core.package_discovery:discover_packages(ignore) discover
[5.943s] Level 1:colcon.colcon_core.package_discovery:discover_packages(ignore) using defaults
[5.943s] Level 1:colcon.colcon_core.package_discovery:discover_packages(path) discover
[5.943s] Level 1:colcon.colcon_core.package_discovery:discover_packages(path) using defaults
[6.414s] Level 1:colcon.colcon_core.package_discovery:discover_packages(prefix_path) check parameters
[6.414s] Level 1:colcon.colcon_core.package_discovery:discover_packages(prefix_path) discover
[6.573s] DEBUG:colcon.colcon_installed_package_information.package_discovery:Found 8 installed packages in /home/burger/dontTouch_ws/install
[6.646s] DEBUG:colcon.colcon_installed_package_information.package_discovery:Found 244 installed packages in /opt/ros/humble
[6.652s] Level 1:colcon.colcon_core.package_discovery:discover_packages(prefix_path) using defaults
[7.017s] Level 5:colcon.colcon_core.verb:set package 'follow_objects' build argument 'cmake_args' from command line to 'None'
[7.017s] Level 5:colcon.colcon_core.verb:set package 'follow_objects' build argument 'cmake_target' from command line to 'None'
[7.018s] Level 5:colcon.colcon_core.verb:set package 'follow_objects' build argument 'cmake_target_skip_unavailable' from command line to 'False'
[7.018s] Level 5:colcon.colcon_core.verb:set package 'follow_objects' build argument 'cmake_clean_cache' from command line to 'False'
[7.018s] Level 5:colcon.colcon_core.verb:set package 'follow_objects' build argument 'cmake_clean_first' from command line to 'False'
[7.018s] Level 5:colcon.colcon_core.verb:set package 'follow_objects' build argument 'cmake_force_configure' from command line to 'False'
[7.018s] Level 5:colcon.colcon_core.verb:set package 'follow_objects' build argument 'ament_cmake_args' from command line to 'None'
[7.018s] Level 5:colcon.colcon_core.verb:set package 'follow_objects' build argument 'catkin_cmake_args' from command line to 'None'
[7.018s] Level 5:colcon.colcon_core.verb:set package 'follow_objects' build argument 'catkin_skip_building_tests' from command line to 'False'
[7.018s] DEBUG:colcon.colcon_core.verb:Building package 'follow_objects' with the following arguments: {'ament_cmake_args': None, 'build_base': '/home/burger/worren_hu_ws/build/follow_objects', 'catkin_cmake_args': None, 'catkin_skip_building_tests': False, 'cmake_args': None, 'cmake_clean_cache': False, 'cmake_clean_first': False, 'cmake_force_configure': False, 'cmake_target': None, 'cmake_target_skip_unavailable': False, 'install_base': '/home/burger/worren_hu_ws/install/follow_objects', 'merge_install': False, 'path': '/home/burger/worren_hu_ws/src/follow_objects', 'symlink_install': False, 'test_result_base': None}
[7.091s] Level 5:colcon.colcon_core.verb:set package 'raspicam_node' build argument 'cmake_args' from command line to 'None'
[7.091s] Level 5:colcon.colcon_core.verb:set package 'raspicam_node' build argument 'cmake_target' from command line to 'None'
[7.092s] Level 5:colcon.colcon_core.verb:set package 'raspicam_node' build argument 'cmake_target_skip_unavailable' from command line to 'False'
[7.092s] Level 5:colcon.colcon_core.verb:set package 'raspicam_node' build argument 'cmake_clean_cache' from command line to 'False'
[7.092s] Level 5:colcon.colcon_core.verb:set package 'raspicam_node' build argument 'cmake_clean_first' from command line to 'False'
[7.092s] Level 5:colcon.colcon_core.verb:set package 'raspicam_node' build argument 'cmake_force_configure' from command line to 'False'
[7.092s] Level 5:colcon.colcon_core.verb:set package 'raspicam_node' build argument 'ament_cmake_args' from command line to 'None'
[7.092s] Level 5:colcon.colcon_core.verb:set package 'raspicam_node' build argument 'catkin_cmake_args' from command line to 'None'
[7.092s] Level 5:colcon.colcon_core.verb:set package 'raspicam_node' build argument 'catkin_skip_building_tests' from command line to 'False'
[7.093s] DEBUG:colcon.colcon_core.verb:Building package 'raspicam_node' with the following arguments: {'ament_cmake_args': None, 'build_base': '/home/burger/worren_hu_ws/build/raspicam_node', 'catkin_cmake_args': None, 'catkin_skip_building_tests': False, 'cmake_args': None, 'cmake_clean_cache': False, 'cmake_clean_first': False, 'cmake_force_configure': False, 'cmake_target': None, 'cmake_target_skip_unavailable': False, 'install_base': '/home/burger/worren_hu_ws/install/raspicam_node', 'merge_install': False, 'path': '/home/burger/worren_hu_ws/src/raspicam_node', 'symlink_install': False, 'test_result_base': None}
[7.158s] INFO:colcon.colcon_core.executor:Executing jobs using 'parallel' executor
[7.228s] DEBUG:colcon.colcon_parallel_executor.executor.parallel:run_until_complete
[7.229s] INFO:colcon.colcon_ros.task.ament_python.build:Building ROS package in '/home/burger/worren_hu_ws/src/follow_objects' with build type 'ament_python'
[7.230s] Level 1:colcon.colcon_core.shell:create_environment_hook('follow_objects', 'ament_prefix_path')
[7.334s] INFO:colcon.colcon_core.plugin_system:Skipping extension 'colcon_core.shell.bat': Not used on non-Windows systems
[7.334s] INFO:colcon.colcon_core.shell:Creating environment hook '/home/burger/worren_hu_ws/install/follow_objects/share/follow_objects/hook/ament_prefix_path.ps1'
[7.344s] INFO:colcon.colcon_core.shell:Creating environment descriptor '/home/burger/worren_hu_ws/install/follow_objects/share/follow_objects/hook/ament_prefix_path.dsv'
[7.348s] INFO:colcon.colcon_core.shell:Creating environment hook '/home/burger/worren_hu_ws/install/follow_objects/share/follow_objects/hook/ament_prefix_path.sh'
[7.427s] INFO:colcon.colcon_core.shell:Skip shell extension 'powershell' for command environment: Not usable outside of PowerShell
[7.428s] DEBUG:colcon.colcon_core.shell:Skip shell extension 'dsv' for command environment
[7.661s] INFO:colcon.colcon_ros.task.catkin.build:Building ROS package in '/home/burger/worren_hu_ws/src/raspicam_node' with build type 'catkin'
[7.664s] INFO:colcon.colcon_cmake.task.cmake.build:Building CMake package in '/home/burger/worren_hu_ws/src/raspicam_node'
[7.733s] INFO:colcon.colcon_core.shell:Skip shell extension 'powershell' for command environment: Not usable outside of PowerShell
[7.733s] DEBUG:colcon.colcon_core.shell:Skip shell extension 'dsv' for command environment
[9.060s] DEBUG:colcon.colcon_parallel_executor.executor.parallel:closing loop
[9.061s] DEBUG:colcon.colcon_parallel_executor.executor.parallel:loop closed
[9.061s] DEBUG:colcon.colcon_parallel_executor.executor.parallel:run_until_complete finished with 'Command '['/usr/bin/python3', '-c', 'import sys;from contextlib import suppress;exec("with suppress(ImportError):    from setuptools.extern.packaging.specifiers    import SpecifierSet");exec("with suppress(ImportError):    from packaging.specifiers import SpecifierSet");from distutils.core import run_setup;dist = run_setup(    \'setup.py\', script_args=(\'--dry-run\',), stop_after=\'config\');skip_keys = (\'cmdclass\', \'distclass\', \'ext_modules\', \'metadata\');data = {    key: value for key, value in dist.__dict__.items()     if (        not key.startswith(\'_\') and         not callable(value) and         key not in skip_keys and         key not in dist.display_option_names    )};data[\'metadata\'] = {    k: v for k, v in dist.metadata.__dict__.items()     if k not in (\'license_files\', \'provides_extras\')};sys.stdout.buffer.write(repr(data).encode(\'utf-8\'))']' returned non-zero exit status 1.'
[9.061s] DEBUG:colcon.colcon_core.event_reactor:joining thread
[9.155s] INFO:colcon.colcon_core.plugin_system:Skipping extension 'colcon_notification.desktop_notification.notify_send': Could not find 'notify-send'
[9.155s] INFO:colcon.colcon_core.plugin_system:Skipping extension 'colcon_notification.desktop_notification.terminal_notifier': Not used on non-Darwin systems
[9.155s] INFO:colcon.colcon_core.plugin_system:Skipping extension 'colcon_notification.desktop_notification.win32': Not used on non-Windows systems
[9.155s] INFO:colcon.colcon_notification.desktop_notification:Sending desktop notification using 'notify2'
[9.158s] DEBUG:colcon.colcon_notification.desktop_notification.notify2:Failed to initialize notify2: org.freedesktop.DBus.Error.ServiceUnknown: The name org.freedesktop.Notifications was not provided by any .service files
[9.159s] DEBUG:colcon.colcon_core.event_reactor:joined thread
[9.237s] INFO:colcon.colcon_core.shell:Creating prefix script '/home/burger/worren_hu_ws/install/local_setup.ps1'
[9.242s] INFO:colcon.colcon_core.shell:Creating prefix util module '/home/burger/worren_hu_ws/install/_local_setup_util_ps1.py'
[9.251s] INFO:colcon.colcon_core.shell:Creating prefix chain script '/home/burger/worren_hu_ws/install/setup.ps1'
[9.324s] INFO:colcon.colcon_core.shell:Creating prefix script '/home/burger/worren_hu_ws/install/local_setup.sh'
[9.330s] INFO:colcon.colcon_core.shell:Creating prefix util module '/home/burger/worren_hu_ws/install/_local_setup_util_sh.py'
[9.332s] INFO:colcon.colcon_core.shell:Creating prefix chain script '/home/burger/worren_hu_ws/install/setup.sh'
[9.411s] INFO:colcon.colcon_core.shell:Creating prefix script '/home/burger/worren_hu_ws/install/local_setup.bash'
[9.417s] INFO:colcon.colcon_core.shell:Creating prefix chain script '/home/burger/worren_hu_ws/install/setup.bash'
[9.491s] INFO:colcon.colcon_core.shell:Creating prefix script '/home/burger/worren_hu_ws/install/local_setup.zsh'
[9.499s] INFO:colcon.colcon_core.shell:Creating prefix chain script '/home/burger/worren_hu_ws/install/setup.zsh'
