[4.743s] DEBUG:colcon:Command line arguments: ['/usr/bin/colcon', 'build', '--packages-select', 'py_pubsub']
[4.743s] DEBUG:colcon:Parsed command line arguments: Namespace(log_base=None, log_level=None, verb_name='build', build_base='build', install_base='install', merge_install=False, symlink_install=False, test_result_base=None, continue_on_error=False, executor='parallel', parallel_workers=4, event_handlers=None, ignore_user_meta=False, metas=['./colcon.meta'], base_paths=['.'], packages_ignore=None, packages_ignore_regex=None, paths=None, packages_up_to=None, packages_up_to_regex=None, packages_above=None, packages_above_and_dependencies=None, packages_above_depth=None, packages_select_by_dep=None, packages_skip_by_dep=None, packages_skip_up_to=None, packages_select_build_failed=False, packages_skip_build_finished=False, packages_select_test_failures=False, packages_skip_test_passed=False, packages_select=['py_pubsub'], packages_skip=None, packages_select_regex=None, packages_skip_regex=None, packages_start=None, packages_end=None, allow_overriding=[], cmake_args=None, cmake_target=None, cmake_target_skip_unavailable=False, cmake_clean_cache=False, cmake_clean_first=False, cmake_force_configure=False, ament_cmake_args=None, catkin_cmake_args=None, catkin_skip_building_tests=False, verb_parser=<colcon_defaults.argument_parser.defaults.DefaultArgumentsDecorator object at 0xffff7e65e380>, verb_extension=<colcon_core.verb.build.BuildVerb object at 0xffff7e833a60>, main=<bound method BuildVerb.main of <colcon_core.verb.build.BuildVerb object at 0xffff7e833a60>>)
[5.009s] Level 1:colcon.colcon_core.package_discovery:discover_packages(colcon_meta) check parameters
[5.009s] Level 1:colcon.colcon_core.package_discovery:discover_packages(recursive) check parameters
[5.009s] Level 1:colcon.colcon_core.package_discovery:discover_packages(ignore) check parameters
[5.010s] Level 1:colcon.colcon_core.package_discovery:discover_packages(path) check parameters
[5.010s] Level 1:colcon.colcon_core.package_discovery:discover_packages(colcon_meta) discover
[5.010s] Level 1:colcon.colcon_core.package_discovery:discover_packages(recursive) discover
[5.010s] INFO:colcon.colcon_core.package_discovery:Crawling recursively for packages in '/home/burger/worren_hu_ws'
[5.011s] Level 1:colcon.colcon_core.package_identification:_identify(.) by extensions ['ignore', 'ignore_ament_install']
[5.011s] Level 1:colcon.colcon_core.package_identification:_identify(.) by extension 'ignore'
[5.012s] Level 1:colcon.colcon_core.package_identification:_identify(.) by extension 'ignore_ament_install'
[5.012s] Level 1:colcon.colcon_core.package_identification:_identify(.) by extensions ['colcon_pkg']
[5.012s] Level 1:colcon.colcon_core.package_identification:_identify(.) by extension 'colcon_pkg'
[5.012s] Level 1:colcon.colcon_core.package_identification:_identify(.) by extensions ['colcon_meta']
[5.012s] Level 1:colcon.colcon_core.package_identification:_identify(.) by extension 'colcon_meta'
[5.013s] Level 1:colcon.colcon_core.package_identification:_identify(.) by extensions ['ros']
[5.013s] Level 1:colcon.colcon_core.package_identification:_identify(.) by extension 'ros'
[5.073s] Level 1:colcon.colcon_core.package_identification:_identify(.) by extensions ['cmake', 'python']
[5.073s] Level 1:colcon.colcon_core.package_identification:_identify(.) by extension 'cmake'
[5.073s] Level 1:colcon.colcon_core.package_identification:_identify(.) by extension 'python'
[5.074s] Level 1:colcon.colcon_core.package_identification:_identify(.) by extensions ['python_setup_py']
[5.074s] Level 1:colcon.colcon_core.package_identification:_identify(.) by extension 'python_setup_py'
[5.074s] Level 1:colcon.colcon_core.package_identification:_identify(build) by extensions ['ignore', 'ignore_ament_install']
[5.075s] Level 1:colcon.colcon_core.package_identification:_identify(build) by extension 'ignore'
[5.075s] Level 1:colcon.colcon_core.package_identification:_identify(build) ignored
[5.075s] Level 1:colcon.colcon_core.package_identification:_identify(install) by extensions ['ignore', 'ignore_ament_install']
[5.076s] Level 1:colcon.colcon_core.package_identification:_identify(install) by extension 'ignore'
[5.076s] Level 1:colcon.colcon_core.package_identification:_identify(install) ignored
[5.077s] Level 1:colcon.colcon_core.package_identification:_identify(log) by extensions ['ignore', 'ignore_ament_install']
[5.078s] Level 1:colcon.colcon_core.package_identification:_identify(log) by extension 'ignore'
[5.078s] Level 1:colcon.colcon_core.package_identification:_identify(log) ignored
[5.079s] Level 1:colcon.colcon_core.package_identification:_identify(src) by extensions ['ignore', 'ignore_ament_install']
[5.079s] Level 1:colcon.colcon_core.package_identification:_identify(src) by extension 'ignore'
[5.079s] Level 1:colcon.colcon_core.package_identification:_identify(src) by extension 'ignore_ament_install'
[5.079s] Level 1:colcon.colcon_core.package_identification:_identify(src) by extensions ['colcon_pkg']
[5.080s] Level 1:colcon.colcon_core.package_identification:_identify(src) by extension 'colcon_pkg'
[5.080s] Level 1:colcon.colcon_core.package_identification:_identify(src) by extensions ['colcon_meta']
[5.080s] Level 1:colcon.colcon_core.package_identification:_identify(src) by extension 'colcon_meta'
[5.080s] Level 1:colcon.colcon_core.package_identification:_identify(src) by extensions ['ros']
[5.080s] Level 1:colcon.colcon_core.package_identification:_identify(src) by extension 'ros'
[5.080s] Level 1:colcon.colcon_core.package_identification:_identify(src) by extensions ['cmake', 'python']
[5.081s] Level 1:colcon.colcon_core.package_identification:_identify(src) by extension 'cmake'
[5.081s] Level 1:colcon.colcon_core.package_identification:_identify(src) by extension 'python'
[5.081s] Level 1:colcon.colcon_core.package_identification:_identify(src) by extensions ['python_setup_py']
[5.081s] Level 1:colcon.colcon_core.package_identification:_identify(src) by extension 'python_setup_py'
[5.081s] Level 1:colcon.colcon_core.package_identification:_identify(src/follow_obj2) by extensions ['ignore', 'ignore_ament_install']
[5.082s] Level 1:colcon.colcon_core.package_identification:_identify(src/follow_obj2) by extension 'ignore'
[5.082s] Level 1:colcon.colcon_core.package_identification:_identify(src/follow_obj2) by extension 'ignore_ament_install'
[5.082s] Level 1:colcon.colcon_core.package_identification:_identify(src/follow_obj2) by extensions ['colcon_pkg']
[5.082s] Level 1:colcon.colcon_core.package_identification:_identify(src/follow_obj2) by extension 'colcon_pkg'
[5.083s] Level 1:colcon.colcon_core.package_identification:_identify(src/follow_obj2) by extensions ['colcon_meta']
[5.083s] Level 1:colcon.colcon_core.package_identification:_identify(src/follow_obj2) by extension 'colcon_meta'
[5.083s] Level 1:colcon.colcon_core.package_identification:_identify(src/follow_obj2) by extensions ['ros']
[5.083s] Level 1:colcon.colcon_core.package_identification:_identify(src/follow_obj2) by extension 'ros'
[5.091s] DEBUG:colcon.colcon_core.package_identification:Package 'src/follow_obj2' with type 'ros.ament_python' and name 'follow_obj2'
[5.092s] Level 1:colcon.colcon_core.package_identification:_identify(src/follow_objects) by extensions ['ignore', 'ignore_ament_install']
[5.093s] Level 1:colcon.colcon_core.package_identification:_identify(src/follow_objects) by extension 'ignore'
[5.093s] Level 1:colcon.colcon_core.package_identification:_identify(src/follow_objects) by extension 'ignore_ament_install'
[5.093s] Level 1:colcon.colcon_core.package_identification:_identify(src/follow_objects) by extensions ['colcon_pkg']
[5.093s] Level 1:colcon.colcon_core.package_identification:_identify(src/follow_objects) by extension 'colcon_pkg'
[5.093s] Level 1:colcon.colcon_core.package_identification:_identify(src/follow_objects) by extensions ['colcon_meta']
[5.093s] Level 1:colcon.colcon_core.package_identification:_identify(src/follow_objects) by extension 'colcon_meta'
[5.094s] Level 1:colcon.colcon_core.package_identification:_identify(src/follow_objects) by extensions ['ros']
[5.094s] Level 1:colcon.colcon_core.package_identification:_identify(src/follow_objects) by extension 'ros'
[5.096s] DEBUG:colcon.colcon_core.package_identification:Package 'src/follow_objects' with type 'ros.ament_python' and name 'follow_objects'
[5.097s] Level 1:colcon.colcon_core.package_identification:_identify(src/py_pubsub) by extensions ['ignore', 'ignore_ament_install']
[5.098s] Level 1:colcon.colcon_core.package_identification:_identify(src/py_pubsub) by extension 'ignore'
[5.098s] Level 1:colcon.colcon_core.package_identification:_identify(src/py_pubsub) by extension 'ignore_ament_install'
[5.098s] Level 1:colcon.colcon_core.package_identification:_identify(src/py_pubsub) by extensions ['colcon_pkg']
[5.098s] Level 1:colcon.colcon_core.package_identification:_identify(src/py_pubsub) by extension 'colcon_pkg'
[5.098s] Level 1:colcon.colcon_core.package_identification:_identify(src/py_pubsub) by extensions ['colcon_meta']
[5.099s] Level 1:colcon.colcon_core.package_identification:_identify(src/py_pubsub) by extension 'colcon_meta'
[5.099s] Level 1:colcon.colcon_core.package_identification:_identify(src/py_pubsub) by extensions ['ros']
[5.099s] Level 1:colcon.colcon_core.package_identification:_identify(src/py_pubsub) by extension 'ros'
[5.101s] DEBUG:colcon.colcon_core.package_identification:Package 'src/py_pubsub' with type 'ros.ament_python' and name 'py_pubsub'
[5.101s] Level 1:colcon.colcon_core.package_discovery:discover_packages(recursive) using defaults
[5.101s] Level 1:colcon.colcon_core.package_discovery:discover_packages(ignore) discover
[5.101s] Level 1:colcon.colcon_core.package_discovery:discover_packages(ignore) using defaults
[5.101s] Level 1:colcon.colcon_core.package_discovery:discover_packages(path) discover
[5.101s] Level 1:colcon.colcon_core.package_discovery:discover_packages(path) using defaults
[5.392s] INFO:colcon.colcon_core.package_selection:Skipping not selected package 'follow_obj2' in 'src/follow_obj2'
[5.393s] INFO:colcon.colcon_core.package_selection:Skipping not selected package 'follow_objects' in 'src/follow_objects'
[5.528s] Level 1:colcon.colcon_core.package_discovery:discover_packages(prefix_path) check parameters
[5.529s] Level 1:colcon.colcon_core.package_discovery:discover_packages(prefix_path) discover
[5.678s] DEBUG:colcon.colcon_installed_package_information.package_discovery:Found 8 installed packages in /home/burger/dontTouch_ws/install
[5.753s] DEBUG:colcon.colcon_installed_package_information.package_discovery:Found 244 installed packages in /opt/ros/humble
[5.759s] Level 1:colcon.colcon_core.package_discovery:discover_packages(prefix_path) using defaults
[6.097s] Level 5:colcon.colcon_core.verb:set package 'py_pubsub' build argument 'cmake_args' from command line to 'None'
[6.097s] Level 5:colcon.colcon_core.verb:set package 'py_pubsub' build argument 'cmake_target' from command line to 'None'
[6.097s] Level 5:colcon.colcon_core.verb:set package 'py_pubsub' build argument 'cmake_target_skip_unavailable' from command line to 'False'
[6.097s] Level 5:colcon.colcon_core.verb:set package 'py_pubsub' build argument 'cmake_clean_cache' from command line to 'False'
[6.098s] Level 5:colcon.colcon_core.verb:set package 'py_pubsub' build argument 'cmake_clean_first' from command line to 'False'
[6.098s] Level 5:colcon.colcon_core.verb:set package 'py_pubsub' build argument 'cmake_force_configure' from command line to 'False'
[6.098s] Level 5:colcon.colcon_core.verb:set package 'py_pubsub' build argument 'ament_cmake_args' from command line to 'None'
[6.098s] Level 5:colcon.colcon_core.verb:set package 'py_pubsub' build argument 'catkin_cmake_args' from command line to 'None'
[6.098s] Level 5:colcon.colcon_core.verb:set package 'py_pubsub' build argument 'catkin_skip_building_tests' from command line to 'False'
[6.098s] DEBUG:colcon.colcon_core.verb:Building package 'py_pubsub' with the following arguments: {'ament_cmake_args': None, 'build_base': '/home/burger/worren_hu_ws/build/py_pubsub', 'catkin_cmake_args': None, 'catkin_skip_building_tests': False, 'cmake_args': None, 'cmake_clean_cache': False, 'cmake_clean_first': False, 'cmake_force_configure': False, 'cmake_target': None, 'cmake_target_skip_unavailable': False, 'install_base': '/home/burger/worren_hu_ws/install/py_pubsub', 'merge_install': False, 'path': '/home/burger/worren_hu_ws/src/py_pubsub', 'symlink_install': False, 'test_result_base': None}
[6.171s] INFO:colcon.colcon_core.executor:Executing jobs using 'parallel' executor
[6.241s] DEBUG:colcon.colcon_parallel_executor.executor.parallel:run_until_complete
[6.242s] INFO:colcon.colcon_ros.task.ament_python.build:Building ROS package in '/home/burger/worren_hu_ws/src/py_pubsub' with build type 'ament_python'
[6.243s] Level 1:colcon.colcon_core.shell:create_environment_hook('py_pubsub', 'ament_prefix_path')
[6.326s] INFO:colcon.colcon_core.plugin_system:Skipping extension 'colcon_core.shell.bat': Not used on non-Windows systems
[6.326s] INFO:colcon.colcon_core.shell:Creating environment hook '/home/burger/worren_hu_ws/install/py_pubsub/share/py_pubsub/hook/ament_prefix_path.ps1'
[6.329s] INFO:colcon.colcon_core.shell:Creating environment descriptor '/home/burger/worren_hu_ws/install/py_pubsub/share/py_pubsub/hook/ament_prefix_path.dsv'
[6.331s] INFO:colcon.colcon_core.shell:Creating environment hook '/home/burger/worren_hu_ws/install/py_pubsub/share/py_pubsub/hook/ament_prefix_path.sh'
[6.402s] INFO:colcon.colcon_core.shell:Skip shell extension 'powershell' for command environment: Not usable outside of PowerShell
[6.402s] DEBUG:colcon.colcon_core.shell:Skip shell extension 'dsv' for command environment
[7.568s] INFO:colcon.colcon_core.task.python.build:Building Python package in '/home/burger/worren_hu_ws/src/py_pubsub'
[7.637s] INFO:colcon.colcon_core.shell:Skip shell extension 'powershell' for command environment: Not usable outside of PowerShell
[7.637s] DEBUG:colcon.colcon_core.shell:Skip shell extension 'dsv' for command environment
[10.961s] DEBUG:colcon.colcon_core.event_handler.log_command:Invoking command in '/home/burger/worren_hu_ws/src/py_pubsub': PYTHONPATH=/home/burger/worren_hu_ws/build/py_pubsub/prefix_override:/home/burger/worren_hu_ws/install/py_pubsub/lib/python3.10/site-packages:${PYTHONPATH} /usr/bin/python3 setup.py egg_info --egg-base ../../build/py_pubsub build --build-base /home/burger/worren_hu_ws/build/py_pubsub/build install --record /home/burger/worren_hu_ws/build/py_pubsub/install.log --single-version-externally-managed
[13.382s] DEBUG:colcon.colcon_core.event_handler.log_command:Invoked command in '/home/burger/worren_hu_ws/src/py_pubsub' returned '0': PYTHONPATH=/home/burger/worren_hu_ws/build/py_pubsub/prefix_override:/home/burger/worren_hu_ws/install/py_pubsub/lib/python3.10/site-packages:${PYTHONPATH} /usr/bin/python3 setup.py egg_info --egg-base ../../build/py_pubsub build --build-base /home/burger/worren_hu_ws/build/py_pubsub/build install --record /home/burger/worren_hu_ws/build/py_pubsub/install.log --single-version-externally-managed
[13.473s] Level 1:colcon.colcon_core.environment:checking '/home/burger/worren_hu_ws/install/py_pubsub' for CMake module files
[13.476s] Level 1:colcon.colcon_core.environment:checking '/home/burger/worren_hu_ws/install/py_pubsub' for CMake config files
[13.480s] Level 1:colcon.colcon_core.environment:checking '/home/burger/worren_hu_ws/install/py_pubsub/lib'
[13.481s] Level 1:colcon.colcon_core.environment:checking '/home/burger/worren_hu_ws/install/py_pubsub/bin'
[13.481s] Level 1:colcon.colcon_core.environment:checking '/home/burger/worren_hu_ws/install/py_pubsub/lib/pkgconfig/py_pubsub.pc'
[13.482s] Level 1:colcon.colcon_core.environment:checking '/home/burger/worren_hu_ws/install/py_pubsub/lib/python3.10/site-packages'
[13.482s] Level 1:colcon.colcon_core.shell:create_environment_hook('py_pubsub', 'pythonpath')
[13.559s] INFO:colcon.colcon_core.shell:Creating environment hook '/home/burger/worren_hu_ws/install/py_pubsub/share/py_pubsub/hook/pythonpath.ps1'
[13.561s] INFO:colcon.colcon_core.shell:Creating environment descriptor '/home/burger/worren_hu_ws/install/py_pubsub/share/py_pubsub/hook/pythonpath.dsv'
[13.563s] INFO:colcon.colcon_core.shell:Creating environment hook '/home/burger/worren_hu_ws/install/py_pubsub/share/py_pubsub/hook/pythonpath.sh'
[13.565s] Level 1:colcon.colcon_core.environment:checking '/home/burger/worren_hu_ws/install/py_pubsub/bin'
[13.565s] Level 1:colcon.colcon_core.environment:create_environment_scripts_only(py_pubsub)
[13.634s] INFO:colcon.colcon_core.shell:Creating package script '/home/burger/worren_hu_ws/install/py_pubsub/share/py_pubsub/package.ps1'
[13.639s] INFO:colcon.colcon_core.shell:Creating package descriptor '/home/burger/worren_hu_ws/install/py_pubsub/share/py_pubsub/package.dsv'
[13.644s] INFO:colcon.colcon_core.shell:Creating package script '/home/burger/worren_hu_ws/install/py_pubsub/share/py_pubsub/package.sh'
[13.650s] INFO:colcon.colcon_core.shell:Creating package script '/home/burger/worren_hu_ws/install/py_pubsub/share/py_pubsub/package.bash'
[13.655s] INFO:colcon.colcon_core.shell:Creating package script '/home/burger/worren_hu_ws/install/py_pubsub/share/py_pubsub/package.zsh'
[13.660s] Level 1:colcon.colcon_core.environment:create_file_with_runtime_dependencies(/home/burger/worren_hu_ws/install/py_pubsub/share/colcon-core/packages/py_pubsub)
[13.661s] DEBUG:colcon.colcon_parallel_executor.executor.parallel:closing loop
[13.662s] DEBUG:colcon.colcon_parallel_executor.executor.parallel:loop closed
[13.663s] DEBUG:colcon.colcon_parallel_executor.executor.parallel:run_until_complete finished with '0'
[13.663s] DEBUG:colcon.colcon_core.event_reactor:joining thread
[13.766s] INFO:colcon.colcon_core.plugin_system:Skipping extension 'colcon_notification.desktop_notification.notify_send': Could not find 'notify-send'
[13.766s] INFO:colcon.colcon_core.plugin_system:Skipping extension 'colcon_notification.desktop_notification.terminal_notifier': Not used on non-Darwin systems
[13.767s] INFO:colcon.colcon_core.plugin_system:Skipping extension 'colcon_notification.desktop_notification.win32': Not used on non-Windows systems
[13.767s] INFO:colcon.colcon_notification.desktop_notification:Sending desktop notification using 'notify2'
[13.770s] DEBUG:colcon.colcon_notification.desktop_notification.notify2:Failed to initialize notify2: org.freedesktop.DBus.Error.ServiceUnknown: The name org.freedesktop.Notifications was not provided by any .service files
[13.770s] DEBUG:colcon.colcon_core.event_reactor:joined thread
[13.839s] INFO:colcon.colcon_core.shell:Creating prefix script '/home/burger/worren_hu_ws/install/local_setup.ps1'
[13.844s] INFO:colcon.colcon_core.shell:Creating prefix util module '/home/burger/worren_hu_ws/install/_local_setup_util_ps1.py'
[13.849s] INFO:colcon.colcon_core.shell:Creating prefix chain script '/home/burger/worren_hu_ws/install/setup.ps1'
[13.927s] INFO:colcon.colcon_core.shell:Creating prefix script '/home/burger/worren_hu_ws/install/local_setup.sh'
[13.930s] INFO:colcon.colcon_core.shell:Creating prefix util module '/home/burger/worren_hu_ws/install/_local_setup_util_sh.py'
[13.932s] INFO:colcon.colcon_core.shell:Creating prefix chain script '/home/burger/worren_hu_ws/install/setup.sh'
[14.005s] INFO:colcon.colcon_core.shell:Creating prefix script '/home/burger/worren_hu_ws/install/local_setup.bash'
[14.007s] INFO:colcon.colcon_core.shell:Creating prefix chain script '/home/burger/worren_hu_ws/install/setup.bash'
[14.086s] INFO:colcon.colcon_core.shell:Creating prefix script '/home/burger/worren_hu_ws/install/local_setup.zsh'
[14.088s] INFO:colcon.colcon_core.shell:Creating prefix chain script '/home/burger/worren_hu_ws/install/setup.zsh'
