/home/burger/worren_hu_ws/install/teamwh_object_follower/lib/python3.10/site-packages/teamwh_object_follower/turn_turtlebot.py
/home/burger/worren_hu_ws/install/teamwh_object_follower/lib/python3.10/site-packages/teamwh_object_follower/get_obj_range.py
/home/burger/worren_hu_ws/install/teamwh_object_follower/lib/python3.10/site-packages/teamwh_object_follower/__init__.py
/home/burger/worren_hu_ws/install/teamwh_object_follower/lib/python3.10/site-packages/teamwh_object_follower/find_object2.py
/home/burger/worren_hu_ws/install/teamwh_object_follower/lib/python3.10/site-packages/teamwh_object_follower/__pycache__/turn_turtlebot.cpython-310.pyc
/home/burger/worren_hu_ws/install/teamwh_object_follower/lib/python3.10/site-packages/teamwh_object_follower/__pycache__/get_obj_range.cpython-310.pyc
/home/burger/worren_hu_ws/install/teamwh_object_follower/lib/python3.10/site-packages/teamwh_object_follower/__pycache__/__init__.cpython-310.pyc
/home/burger/worren_hu_ws/install/teamwh_object_follower/lib/python3.10/site-packages/teamwh_object_follower/__pycache__/find_object2.cpython-310.pyc
/home/burger/worren_hu_ws/install/teamwh_object_follower/share/ament_index/resource_index/packages/teamwh_object_follower
/home/burger/worren_hu_ws/install/teamwh_object_follower/share/teamwh_object_follower/package.xml
/home/burger/worren_hu_ws/install/teamwh_object_follower/lib/python3.10/site-packages/teamwh_object_follower-0.0.0-py3.10.egg-info/entry_points.txt
/home/burger/worren_hu_ws/install/teamwh_object_follower/lib/python3.10/site-packages/teamwh_object_follower-0.0.0-py3.10.egg-info/SOURCES.txt
/home/burger/worren_hu_ws/install/teamwh_object_follower/lib/python3.10/site-packages/teamwh_object_follower-0.0.0-py3.10.egg-info/dependency_links.txt
/home/burger/worren_hu_ws/install/teamwh_object_follower/lib/python3.10/site-packages/teamwh_object_follower-0.0.0-py3.10.egg-info/PKG-INFO
/home/burger/worren_hu_ws/install/teamwh_object_follower/lib/python3.10/site-packages/teamwh_object_follower-0.0.0-py3.10.egg-info/zip-safe
/home/burger/worren_hu_ws/install/teamwh_object_follower/lib/python3.10/site-packages/teamwh_object_follower-0.0.0-py3.10.egg-info/requires.txt
/home/burger/worren_hu_ws/install/teamwh_object_follower/lib/python3.10/site-packages/teamwh_object_follower-0.0.0-py3.10.egg-info/top_level.txt
/home/burger/worren_hu_ws/install/teamwh_object_follower/lib/teamwh_object_follower/find_object2
/home/burger/worren_hu_ws/install/teamwh_object_follower/lib/teamwh_object_follower/get_obj_range
/home/burger/worren_hu_ws/install/teamwh_object_follower/lib/teamwh_object_follower/turn_turtlebot
