[5.250s] DEBUG:colcon:Command line arguments: ['/usr/bin/colcon', 'build', '--symlink-install', '--packages-select', 'navigate_to_goal']
[5.251s] DEBUG:colcon:Parsed command line arguments: Namespace(log_base=None, log_level=None, verb_name='build', build_base='build', install_base='install', merge_install=False, symlink_install=True, test_result_base=None, continue_on_error=False, executor='parallel', parallel_workers=4, event_handlers=None, ignore_user_meta=False, metas=['./colcon.meta'], base_paths=['.'], packages_ignore=None, packages_ignore_regex=None, paths=None, packages_up_to=None, packages_up_to_regex=None, packages_above=None, packages_above_and_dependencies=None, packages_above_depth=None, packages_select_by_dep=None, packages_skip_by_dep=None, packages_skip_up_to=None, packages_select_build_failed=False, packages_skip_build_finished=False, packages_select_test_failures=False, packages_skip_test_passed=False, packages_select=['navigate_to_goal'], packages_skip=None, packages_select_regex=None, packages_skip_regex=None, packages_start=None, packages_end=None, allow_overriding=[], cmake_args=None, cmake_target=None, cmake_target_skip_unavailable=False, cmake_clean_cache=False, cmake_clean_first=False, cmake_force_configure=False, ament_cmake_args=None, catkin_cmake_args=None, catkin_skip_building_tests=False, verb_parser=<colcon_defaults.argument_parser.defaults.DefaultArgumentsDecorator object at 0xffff98c95960>, verb_extension=<colcon_core.verb.build.BuildVerb object at 0xffff98bdda80>, main=<bound method BuildVerb.main of <colcon_core.verb.build.BuildVerb object at 0xffff98bdda80>>)
[6.000s] Level 1:colcon.colcon_core.package_discovery:discover_packages(colcon_meta) check parameters
[6.001s] Level 1:colcon.colcon_core.package_discovery:discover_packages(recursive) check parameters
[6.001s] Level 1:colcon.colcon_core.package_discovery:discover_packages(ignore) check parameters
[6.001s] Level 1:colcon.colcon_core.package_discovery:discover_packages(path) check parameters
[6.001s] Level 1:colcon.colcon_core.package_discovery:discover_packages(colcon_meta) discover
[6.001s] Level 1:colcon.colcon_core.package_discovery:discover_packages(recursive) discover
[6.002s] INFO:colcon.colcon_core.package_discovery:Crawling recursively for packages in '/home/burger/worren_hu_ws'
[6.002s] Level 1:colcon.colcon_core.package_identification:_identify(.) by extensions ['ignore', 'ignore_ament_install']
[6.002s] Level 1:colcon.colcon_core.package_identification:_identify(.) by extension 'ignore'
[6.003s] Level 1:colcon.colcon_core.package_identification:_identify(.) by extension 'ignore_ament_install'
[6.003s] Level 1:colcon.colcon_core.package_identification:_identify(.) by extensions ['colcon_pkg']
[6.003s] Level 1:colcon.colcon_core.package_identification:_identify(.) by extension 'colcon_pkg'
[6.003s] Level 1:colcon.colcon_core.package_identification:_identify(.) by extensions ['colcon_meta']
[6.004s] Level 1:colcon.colcon_core.package_identification:_identify(.) by extension 'colcon_meta'
[6.004s] Level 1:colcon.colcon_core.package_identification:_identify(.) by extensions ['ros']
[6.004s] Level 1:colcon.colcon_core.package_identification:_identify(.) by extension 'ros'
[6.069s] Level 1:colcon.colcon_core.package_identification:_identify(.) by extensions ['cmake', 'python']
[6.069s] Level 1:colcon.colcon_core.package_identification:_identify(.) by extension 'cmake'
[6.069s] Level 1:colcon.colcon_core.package_identification:_identify(.) by extension 'python'
[6.070s] Level 1:colcon.colcon_core.package_identification:_identify(.) by extensions ['python_setup_py']
[6.070s] Level 1:colcon.colcon_core.package_identification:_identify(.) by extension 'python_setup_py'
[6.071s] Level 1:colcon.colcon_core.package_identification:_identify(build) by extensions ['ignore', 'ignore_ament_install']
[6.071s] Level 1:colcon.colcon_core.package_identification:_identify(build) by extension 'ignore'
[6.072s] Level 1:colcon.colcon_core.package_identification:_identify(build) ignored
[6.073s] Level 1:colcon.colcon_core.package_identification:_identify(install) by extensions ['ignore', 'ignore_ament_install']
[6.073s] Level 1:colcon.colcon_core.package_identification:_identify(install) by extension 'ignore'
[6.073s] Level 1:colcon.colcon_core.package_identification:_identify(install) ignored
[6.075s] Level 1:colcon.colcon_core.package_identification:_identify(log) by extensions ['ignore', 'ignore_ament_install']
[6.076s] Level 1:colcon.colcon_core.package_identification:_identify(log) by extension 'ignore'
[6.076s] Level 1:colcon.colcon_core.package_identification:_identify(log) ignored
[6.077s] Level 1:colcon.colcon_core.package_identification:_identify(src) by extensions ['ignore', 'ignore_ament_install']
[6.078s] Level 1:colcon.colcon_core.package_identification:_identify(src) by extension 'ignore'
[6.078s] Level 1:colcon.colcon_core.package_identification:_identify(src) by extension 'ignore_ament_install'
[6.079s] Level 1:colcon.colcon_core.package_identification:_identify(src) by extensions ['colcon_pkg']
[6.079s] Level 1:colcon.colcon_core.package_identification:_identify(src) by extension 'colcon_pkg'
[6.079s] Level 1:colcon.colcon_core.package_identification:_identify(src) by extensions ['colcon_meta']
[6.079s] Level 1:colcon.colcon_core.package_identification:_identify(src) by extension 'colcon_meta'
[6.080s] Level 1:colcon.colcon_core.package_identification:_identify(src) by extensions ['ros']
[6.080s] Level 1:colcon.colcon_core.package_identification:_identify(src) by extension 'ros'
[6.080s] Level 1:colcon.colcon_core.package_identification:_identify(src) by extensions ['cmake', 'python']
[6.081s] Level 1:colcon.colcon_core.package_identification:_identify(src) by extension 'cmake'
[6.081s] Level 1:colcon.colcon_core.package_identification:_identify(src) by extension 'python'
[6.081s] Level 1:colcon.colcon_core.package_identification:_identify(src) by extensions ['python_setup_py']
[6.081s] Level 1:colcon.colcon_core.package_identification:_identify(src) by extension 'python_setup_py'
[6.082s] Level 1:colcon.colcon_core.package_identification:_identify(src/follow_objects) by extensions ['ignore', 'ignore_ament_install']
[6.082s] Level 1:colcon.colcon_core.package_identification:_identify(src/follow_objects) by extension 'ignore'
[6.082s] Level 1:colcon.colcon_core.package_identification:_identify(src/follow_objects) by extension 'ignore_ament_install'
[6.083s] Level 1:colcon.colcon_core.package_identification:_identify(src/follow_objects) by extensions ['colcon_pkg']
[6.083s] Level 1:colcon.colcon_core.package_identification:_identify(src/follow_objects) by extension 'colcon_pkg'
[6.083s] Level 1:colcon.colcon_core.package_identification:_identify(src/follow_objects) by extensions ['colcon_meta']
[6.083s] Level 1:colcon.colcon_core.package_identification:_identify(src/follow_objects) by extension 'colcon_meta'
[6.084s] Level 1:colcon.colcon_core.package_identification:_identify(src/follow_objects) by extensions ['ros']
[6.084s] Level 1:colcon.colcon_core.package_identification:_identify(src/follow_objects) by extension 'ros'
[6.098s] DEBUG:colcon.colcon_core.package_identification:Package 'src/follow_objects' with type 'ros.ament_python' and name 'follow_objects'
[6.099s] Level 1:colcon.colcon_core.package_identification:_identify(src/navigate_to_goal) by extensions ['ignore', 'ignore_ament_install']
[6.099s] Level 1:colcon.colcon_core.package_identification:_identify(src/navigate_to_goal) by extension 'ignore'
[6.099s] Level 1:colcon.colcon_core.package_identification:_identify(src/navigate_to_goal) by extension 'ignore_ament_install'
[6.100s] Level 1:colcon.colcon_core.package_identification:_identify(src/navigate_to_goal) by extensions ['colcon_pkg']
[6.100s] Level 1:colcon.colcon_core.package_identification:_identify(src/navigate_to_goal) by extension 'colcon_pkg'
[6.100s] Level 1:colcon.colcon_core.package_identification:_identify(src/navigate_to_goal) by extensions ['colcon_meta']
[6.100s] Level 1:colcon.colcon_core.package_identification:_identify(src/navigate_to_goal) by extension 'colcon_meta'
[6.101s] Level 1:colcon.colcon_core.package_identification:_identify(src/navigate_to_goal) by extensions ['ros']
[6.101s] Level 1:colcon.colcon_core.package_identification:_identify(src/navigate_to_goal) by extension 'ros'
[6.104s] DEBUG:colcon.colcon_core.package_identification:Package 'src/navigate_to_goal' with type 'ros.ament_python' and name 'navigate_to_goal'
[6.105s] Level 1:colcon.colcon_core.package_identification:_identify(src/py_pubsub) by extensions ['ignore', 'ignore_ament_install']
[6.105s] Level 1:colcon.colcon_core.package_identification:_identify(src/py_pubsub) by extension 'ignore'
[6.106s] Level 1:colcon.colcon_core.package_identification:_identify(src/py_pubsub) by extension 'ignore_ament_install'
[6.106s] Level 1:colcon.colcon_core.package_identification:_identify(src/py_pubsub) by extensions ['colcon_pkg']
[6.106s] Level 1:colcon.colcon_core.package_identification:_identify(src/py_pubsub) by extension 'colcon_pkg'
[6.107s] Level 1:colcon.colcon_core.package_identification:_identify(src/py_pubsub) by extensions ['colcon_meta']
[6.107s] Level 1:colcon.colcon_core.package_identification:_identify(src/py_pubsub) by extension 'colcon_meta'
[6.107s] Level 1:colcon.colcon_core.package_identification:_identify(src/py_pubsub) by extensions ['ros']
[6.107s] Level 1:colcon.colcon_core.package_identification:_identify(src/py_pubsub) by extension 'ros'
[6.111s] DEBUG:colcon.colcon_core.package_identification:Package 'src/py_pubsub' with type 'ros.ament_python' and name 'py_pubsub'
[6.111s] Level 1:colcon.colcon_core.package_identification:_identify(src/teamwh_object_follower) by extensions ['ignore', 'ignore_ament_install']
[6.112s] Level 1:colcon.colcon_core.package_identification:_identify(src/teamwh_object_follower) by extension 'ignore'
[6.112s] Level 1:colcon.colcon_core.package_identification:_identify(src/teamwh_object_follower) by extension 'ignore_ament_install'
[6.112s] Level 1:colcon.colcon_core.package_identification:_identify(src/teamwh_object_follower) by extensions ['colcon_pkg']
[6.113s] Level 1:colcon.colcon_core.package_identification:_identify(src/teamwh_object_follower) by extension 'colcon_pkg'
[6.113s] Level 1:colcon.colcon_core.package_identification:_identify(src/teamwh_object_follower) by extensions ['colcon_meta']
[6.113s] Level 1:colcon.colcon_core.package_identification:_identify(src/teamwh_object_follower) by extension 'colcon_meta'
[6.113s] Level 1:colcon.colcon_core.package_identification:_identify(src/teamwh_object_follower) by extensions ['ros']
[6.113s] Level 1:colcon.colcon_core.package_identification:_identify(src/teamwh_object_follower) by extension 'ros'
[6.117s] DEBUG:colcon.colcon_core.package_identification:Package 'src/teamwh_object_follower' with type 'ros.ament_python' and name 'teamwh_object_follower'
[6.117s] Level 1:colcon.colcon_core.package_discovery:discover_packages(recursive) using defaults
[6.117s] Level 1:colcon.colcon_core.package_discovery:discover_packages(ignore) discover
[6.117s] Level 1:colcon.colcon_core.package_discovery:discover_packages(ignore) using defaults
[6.118s] Level 1:colcon.colcon_core.package_discovery:discover_packages(path) discover
[6.118s] Level 1:colcon.colcon_core.package_discovery:discover_packages(path) using defaults
[6.427s] INFO:colcon.colcon_core.package_selection:Skipping not selected package 'follow_objects' in 'src/follow_objects'
[6.427s] INFO:colcon.colcon_core.package_selection:Skipping not selected package 'py_pubsub' in 'src/py_pubsub'
[6.428s] INFO:colcon.colcon_core.package_selection:Skipping not selected package 'teamwh_object_follower' in 'src/teamwh_object_follower'
[6.558s] Level 1:colcon.colcon_core.package_discovery:discover_packages(prefix_path) check parameters
[6.558s] Level 1:colcon.colcon_core.package_discovery:discover_packages(prefix_path) discover
[6.715s] DEBUG:colcon.colcon_installed_package_information.package_discovery:Found 8 installed packages in /home/burger/dontTouch_ws/install
[6.791s] DEBUG:colcon.colcon_installed_package_information.package_discovery:Found 244 installed packages in /opt/ros/humble
[6.797s] Level 1:colcon.colcon_core.package_discovery:discover_packages(prefix_path) using defaults
[7.213s] Level 5:colcon.colcon_core.verb:set package 'navigate_to_goal' build argument 'cmake_args' from command line to 'None'
[7.213s] Level 5:colcon.colcon_core.verb:set package 'navigate_to_goal' build argument 'cmake_target' from command line to 'None'
[7.214s] Level 5:colcon.colcon_core.verb:set package 'navigate_to_goal' build argument 'cmake_target_skip_unavailable' from command line to 'False'
[7.214s] Level 5:colcon.colcon_core.verb:set package 'navigate_to_goal' build argument 'cmake_clean_cache' from command line to 'False'
[7.214s] Level 5:colcon.colcon_core.verb:set package 'navigate_to_goal' build argument 'cmake_clean_first' from command line to 'False'
[7.214s] Level 5:colcon.colcon_core.verb:set package 'navigate_to_goal' build argument 'cmake_force_configure' from command line to 'False'
[7.214s] Level 5:colcon.colcon_core.verb:set package 'navigate_to_goal' build argument 'ament_cmake_args' from command line to 'None'
[7.214s] Level 5:colcon.colcon_core.verb:set package 'navigate_to_goal' build argument 'catkin_cmake_args' from command line to 'None'
[7.214s] Level 5:colcon.colcon_core.verb:set package 'navigate_to_goal' build argument 'catkin_skip_building_tests' from command line to 'False'
[7.214s] DEBUG:colcon.colcon_core.verb:Building package 'navigate_to_goal' with the following arguments: {'ament_cmake_args': None, 'build_base': '/home/burger/worren_hu_ws/build/navigate_to_goal', 'catkin_cmake_args': None, 'catkin_skip_building_tests': False, 'cmake_args': None, 'cmake_clean_cache': False, 'cmake_clean_first': False, 'cmake_force_configure': False, 'cmake_target': None, 'cmake_target_skip_unavailable': False, 'install_base': '/home/burger/worren_hu_ws/install/navigate_to_goal', 'merge_install': False, 'path': '/home/burger/worren_hu_ws/src/navigate_to_goal', 'symlink_install': True, 'test_result_base': None}
[7.277s] INFO:colcon.colcon_core.executor:Executing jobs using 'parallel' executor
[7.350s] DEBUG:colcon.colcon_parallel_executor.executor.parallel:run_until_complete
[7.352s] INFO:colcon.colcon_ros.task.ament_python.build:Building ROS package in '/home/burger/worren_hu_ws/src/navigate_to_goal' with build type 'ament_python'
[7.353s] Level 1:colcon.colcon_core.shell:create_environment_hook('navigate_to_goal', 'ament_prefix_path')
[7.437s] INFO:colcon.colcon_core.plugin_system:Skipping extension 'colcon_core.shell.bat': Not used on non-Windows systems
[7.438s] INFO:colcon.colcon_core.shell:Creating environment hook '/home/burger/worren_hu_ws/install/navigate_to_goal/share/navigate_to_goal/hook/ament_prefix_path.ps1'
[7.441s] INFO:colcon.colcon_core.shell:Creating environment descriptor '/home/burger/worren_hu_ws/install/navigate_to_goal/share/navigate_to_goal/hook/ament_prefix_path.dsv'
[7.446s] INFO:colcon.colcon_core.shell:Creating environment hook '/home/burger/worren_hu_ws/install/navigate_to_goal/share/navigate_to_goal/hook/ament_prefix_path.sh'
[7.532s] INFO:colcon.colcon_core.shell:Skip shell extension 'powershell' for command environment: Not usable outside of PowerShell
[7.532s] DEBUG:colcon.colcon_core.shell:Skip shell extension 'dsv' for command environment
[9.117s] INFO:colcon.colcon_core.task.python.build:Building Python package in '/home/burger/worren_hu_ws/src/navigate_to_goal'
[9.185s] INFO:colcon.colcon_core.shell:Skip shell extension 'powershell' for command environment: Not usable outside of PowerShell
[9.186s] DEBUG:colcon.colcon_core.shell:Skip shell extension 'dsv' for command environment
[11.779s] DEBUG:colcon.colcon_core.event_handler.log_command:Invoking command in '/home/burger/worren_hu_ws/build/navigate_to_goal': PYTHONPATH=/home/burger/worren_hu_ws/build/navigate_to_goal/prefix_override:/home/burger/worren_hu_ws/install/navigate_to_goal/lib/python3.10/site-packages:${PYTHONPATH} /usr/bin/python3 setup.py develop --editable --build-directory /home/burger/worren_hu_ws/build/navigate_to_goal/build --no-deps install_data
[14.249s] Level 1:colcon.colcon_core.shell:create_environment_hook('navigate_to_goal', 'pythonpath_develop')
[14.261s] DEBUG:colcon.colcon_core.event_handler.log_command:Invoked command in '/home/burger/worren_hu_ws/build/navigate_to_goal' returned '0': PYTHONPATH=/home/burger/worren_hu_ws/build/navigate_to_goal/prefix_override:/home/burger/worren_hu_ws/install/navigate_to_goal/lib/python3.10/site-packages:${PYTHONPATH} /usr/bin/python3 setup.py develop --editable --build-directory /home/burger/worren_hu_ws/build/navigate_to_goal/build --no-deps install_data
[14.327s] INFO:colcon.colcon_core.shell:Creating environment hook '/home/burger/worren_hu_ws/build/navigate_to_goal/share/navigate_to_goal/hook/pythonpath_develop.ps1'
[14.329s] INFO:colcon.colcon_core.shell:Creating environment descriptor '/home/burger/worren_hu_ws/build/navigate_to_goal/share/navigate_to_goal/hook/pythonpath_develop.dsv'
[14.330s] INFO:colcon.colcon_core.shell:Creating environment hook '/home/burger/worren_hu_ws/build/navigate_to_goal/share/navigate_to_goal/hook/pythonpath_develop.sh'
[14.418s] Level 1:colcon.colcon_core.environment:checking '/home/burger/worren_hu_ws/install/navigate_to_goal' for CMake module files
[14.421s] Level 1:colcon.colcon_core.environment:checking '/home/burger/worren_hu_ws/install/navigate_to_goal' for CMake config files
[14.424s] Level 1:colcon.colcon_core.environment:checking '/home/burger/worren_hu_ws/install/navigate_to_goal/lib'
[14.425s] Level 1:colcon.colcon_core.environment:checking '/home/burger/worren_hu_ws/install/navigate_to_goal/bin'
[14.426s] Level 1:colcon.colcon_core.environment:checking '/home/burger/worren_hu_ws/install/navigate_to_goal/lib/pkgconfig/navigate_to_goal.pc'
[14.427s] Level 1:colcon.colcon_core.environment:checking '/home/burger/worren_hu_ws/install/navigate_to_goal/lib/python3.10/site-packages'
[14.428s] Level 1:colcon.colcon_core.shell:create_environment_hook('navigate_to_goal', 'pythonpath')
[14.502s] INFO:colcon.colcon_core.shell:Creating environment hook '/home/burger/worren_hu_ws/install/navigate_to_goal/share/navigate_to_goal/hook/pythonpath.ps1'
[14.504s] INFO:colcon.colcon_core.shell:Creating environment descriptor '/home/burger/worren_hu_ws/install/navigate_to_goal/share/navigate_to_goal/hook/pythonpath.dsv'
[14.506s] INFO:colcon.colcon_core.shell:Creating environment hook '/home/burger/worren_hu_ws/install/navigate_to_goal/share/navigate_to_goal/hook/pythonpath.sh'
[14.509s] Level 1:colcon.colcon_core.environment:checking '/home/burger/worren_hu_ws/install/navigate_to_goal/bin'
[14.509s] Level 1:colcon.colcon_core.environment:create_environment_scripts_only(navigate_to_goal)
[14.574s] INFO:colcon.colcon_core.shell:Creating package script '/home/burger/worren_hu_ws/install/navigate_to_goal/share/navigate_to_goal/package.ps1'
[14.580s] INFO:colcon.colcon_core.shell:Creating package descriptor '/home/burger/worren_hu_ws/install/navigate_to_goal/share/navigate_to_goal/package.dsv'
[14.586s] INFO:colcon.colcon_core.shell:Creating package script '/home/burger/worren_hu_ws/install/navigate_to_goal/share/navigate_to_goal/package.sh'
[14.592s] INFO:colcon.colcon_core.shell:Creating package script '/home/burger/worren_hu_ws/install/navigate_to_goal/share/navigate_to_goal/package.bash'
[14.598s] INFO:colcon.colcon_core.shell:Creating package script '/home/burger/worren_hu_ws/install/navigate_to_goal/share/navigate_to_goal/package.zsh'
[14.605s] Level 1:colcon.colcon_core.environment:create_file_with_runtime_dependencies(/home/burger/worren_hu_ws/install/navigate_to_goal/share/colcon-core/packages/navigate_to_goal)
[14.607s] DEBUG:colcon.colcon_parallel_executor.executor.parallel:closing loop
[14.609s] DEBUG:colcon.colcon_parallel_executor.executor.parallel:loop closed
[14.609s] DEBUG:colcon.colcon_parallel_executor.executor.parallel:run_until_complete finished with '0'
[14.609s] DEBUG:colcon.colcon_core.event_reactor:joining thread
[14.756s] INFO:colcon.colcon_core.plugin_system:Skipping extension 'colcon_notification.desktop_notification.notify_send': Could not find 'notify-send'
[14.757s] INFO:colcon.colcon_core.plugin_system:Skipping extension 'colcon_notification.desktop_notification.terminal_notifier': Not used on non-Darwin systems
[14.757s] INFO:colcon.colcon_core.plugin_system:Skipping extension 'colcon_notification.desktop_notification.win32': Not used on non-Windows systems
[14.757s] INFO:colcon.colcon_notification.desktop_notification:Sending desktop notification using 'notify2'
[14.817s] DEBUG:colcon.colcon_notification.desktop_notification.notify2:Failed to initialize notify2: org.freedesktop.DBus.Error.ServiceUnknown: The name org.freedesktop.Notifications was not provided by any .service files
[14.817s] DEBUG:colcon.colcon_core.event_reactor:joined thread
[14.922s] INFO:colcon.colcon_core.shell:Creating prefix script '/home/burger/worren_hu_ws/install/local_setup.ps1'
[14.926s] INFO:colcon.colcon_core.shell:Creating prefix util module '/home/burger/worren_hu_ws/install/_local_setup_util_ps1.py'
[14.935s] INFO:colcon.colcon_core.shell:Creating prefix chain script '/home/burger/worren_hu_ws/install/setup.ps1'
[15.013s] INFO:colcon.colcon_core.shell:Creating prefix script '/home/burger/worren_hu_ws/install/local_setup.sh'
[15.019s] INFO:colcon.colcon_core.shell:Creating prefix util module '/home/burger/worren_hu_ws/install/_local_setup_util_sh.py'
[15.021s] INFO:colcon.colcon_core.shell:Creating prefix chain script '/home/burger/worren_hu_ws/install/setup.sh'
[15.096s] INFO:colcon.colcon_core.shell:Creating prefix script '/home/burger/worren_hu_ws/install/local_setup.bash'
[15.101s] INFO:colcon.colcon_core.shell:Creating prefix chain script '/home/burger/worren_hu_ws/install/setup.bash'
[15.181s] INFO:colcon.colcon_core.shell:Creating prefix script '/home/burger/worren_hu_ws/install/local_setup.zsh'
[15.186s] INFO:colcon.colcon_core.shell:Creating prefix chain script '/home/burger/worren_hu_ws/install/setup.zsh'
