[14.485s] DEBUG:colcon:Command line arguments: ['/usr/bin/colcon', 'build', '--packages-select', 'teamwh_object_follower']
[14.493s] DEBUG:colcon:Parsed command line arguments: Namespace(log_base=None, log_level=None, verb_name='build', build_base='build', install_base='install', merge_install=False, symlink_install=False, test_result_base=None, continue_on_error=False, executor='parallel', parallel_workers=4, event_handlers=None, ignore_user_meta=False, metas=['./colcon.meta'], base_paths=['.'], packages_ignore=None, packages_ignore_regex=None, paths=None, packages_up_to=None, packages_up_to_regex=None, packages_above=None, packages_above_and_dependencies=None, packages_above_depth=None, packages_select_by_dep=None, packages_skip_by_dep=None, packages_skip_up_to=None, packages_select_build_failed=False, packages_skip_build_finished=False, packages_select_test_failures=False, packages_skip_test_passed=False, packages_select=['teamwh_object_follower'], packages_skip=None, packages_select_regex=None, packages_skip_regex=None, packages_start=None, packages_end=None, allow_overriding=[], cmake_args=None, cmake_target=None, cmake_target_skip_unavailable=False, cmake_clean_cache=False, cmake_clean_first=False, cmake_force_configure=False, ament_cmake_args=None, catkin_cmake_args=None, catkin_skip_building_tests=False, verb_parser=<colcon_defaults.argument_parser.defaults.DefaultArgumentsDecorator object at 0xffffbb355960>, verb_extension=<colcon_core.verb.build.BuildVerb object at 0xffffbb29f100>, main=<bound method BuildVerb.main of <colcon_core.verb.build.BuildVerb object at 0xffffbb29f100>>)
[15.091s] Level 1:colcon.colcon_core.package_discovery:discover_packages(colcon_meta) check parameters
[15.093s] Level 1:colcon.colcon_core.package_discovery:discover_packages(recursive) check parameters
[15.103s] Level 1:colcon.colcon_core.package_discovery:discover_packages(ignore) check parameters
[15.104s] Level 1:colcon.colcon_core.package_discovery:discover_packages(path) check parameters
[15.105s] Level 1:colcon.colcon_core.package_discovery:discover_packages(colcon_meta) discover
[15.107s] Level 1:colcon.colcon_core.package_discovery:discover_packages(recursive) discover
[15.109s] INFO:colcon.colcon_core.package_discovery:Crawling recursively for packages in '/home/burger/worren_hu_ws'
[15.111s] Level 1:colcon.colcon_core.package_identification:_identify(.) by extensions ['ignore', 'ignore_ament_install']
[15.118s] Level 1:colcon.colcon_core.package_identification:_identify(.) by extension 'ignore'
[15.119s] Level 1:colcon.colcon_core.package_identification:_identify(.) by extension 'ignore_ament_install'
[15.120s] Level 1:colcon.colcon_core.package_identification:_identify(.) by extensions ['colcon_pkg']
[15.121s] Level 1:colcon.colcon_core.package_identification:_identify(.) by extension 'colcon_pkg'
[15.122s] Level 1:colcon.colcon_core.package_identification:_identify(.) by extensions ['colcon_meta']
[15.123s] Level 1:colcon.colcon_core.package_identification:_identify(.) by extension 'colcon_meta'
[15.124s] Level 1:colcon.colcon_core.package_identification:_identify(.) by extensions ['ros']
[15.125s] Level 1:colcon.colcon_core.package_identification:_identify(.) by extension 'ros'
[15.277s] Level 1:colcon.colcon_core.package_identification:_identify(.) by extensions ['cmake', 'python']
[15.278s] Level 1:colcon.colcon_core.package_identification:_identify(.) by extension 'cmake'
[15.284s] Level 1:colcon.colcon_core.package_identification:_identify(.) by extension 'python'
[15.285s] Level 1:colcon.colcon_core.package_identification:_identify(.) by extensions ['python_setup_py']
[15.286s] Level 1:colcon.colcon_core.package_identification:_identify(.) by extension 'python_setup_py'
[15.292s] Level 1:colcon.colcon_core.package_identification:_identify(build) by extensions ['ignore', 'ignore_ament_install']
[15.293s] Level 1:colcon.colcon_core.package_identification:_identify(build) by extension 'ignore'
[15.295s] Level 1:colcon.colcon_core.package_identification:_identify(build) ignored
[15.297s] Level 1:colcon.colcon_core.package_identification:_identify(install) by extensions ['ignore', 'ignore_ament_install']
[15.299s] Level 1:colcon.colcon_core.package_identification:_identify(install) by extension 'ignore'
[15.300s] Level 1:colcon.colcon_core.package_identification:_identify(install) ignored
[15.303s] Level 1:colcon.colcon_core.package_identification:_identify(log) by extensions ['ignore', 'ignore_ament_install']
[15.304s] Level 1:colcon.colcon_core.package_identification:_identify(log) by extension 'ignore'
[15.306s] Level 1:colcon.colcon_core.package_identification:_identify(log) ignored
[15.307s] Level 1:colcon.colcon_core.package_identification:_identify(src) by extensions ['ignore', 'ignore_ament_install']
[15.309s] Level 1:colcon.colcon_core.package_identification:_identify(src) by extension 'ignore'
[15.310s] Level 1:colcon.colcon_core.package_identification:_identify(src) by extension 'ignore_ament_install'
[15.311s] Level 1:colcon.colcon_core.package_identification:_identify(src) by extensions ['colcon_pkg']
[15.312s] Level 1:colcon.colcon_core.package_identification:_identify(src) by extension 'colcon_pkg'
[15.312s] Level 1:colcon.colcon_core.package_identification:_identify(src) by extensions ['colcon_meta']
[15.313s] Level 1:colcon.colcon_core.package_identification:_identify(src) by extension 'colcon_meta'
[15.314s] Level 1:colcon.colcon_core.package_identification:_identify(src) by extensions ['ros']
[15.314s] Level 1:colcon.colcon_core.package_identification:_identify(src) by extension 'ros'
[15.314s] Level 1:colcon.colcon_core.package_identification:_identify(src) by extensions ['cmake', 'python']
[15.315s] Level 1:colcon.colcon_core.package_identification:_identify(src) by extension 'cmake'
[15.315s] Level 1:colcon.colcon_core.package_identification:_identify(src) by extension 'python'
[15.316s] Level 1:colcon.colcon_core.package_identification:_identify(src) by extensions ['python_setup_py']
[15.316s] Level 1:colcon.colcon_core.package_identification:_identify(src) by extension 'python_setup_py'
[15.331s] Level 1:colcon.colcon_core.package_identification:_identify(src/follow_objects) by extensions ['ignore', 'ignore_ament_install']
[15.336s] Level 1:colcon.colcon_core.package_identification:_identify(src/follow_objects) by extension 'ignore'
[15.336s] Level 1:colcon.colcon_core.package_identification:_identify(src/follow_objects) by extension 'ignore_ament_install'
[15.337s] Level 1:colcon.colcon_core.package_identification:_identify(src/follow_objects) by extensions ['colcon_pkg']
[15.337s] Level 1:colcon.colcon_core.package_identification:_identify(src/follow_objects) by extension 'colcon_pkg'
[15.337s] Level 1:colcon.colcon_core.package_identification:_identify(src/follow_objects) by extensions ['colcon_meta']
[15.338s] Level 1:colcon.colcon_core.package_identification:_identify(src/follow_objects) by extension 'colcon_meta'
[15.338s] Level 1:colcon.colcon_core.package_identification:_identify(src/follow_objects) by extensions ['ros']
[15.338s] Level 1:colcon.colcon_core.package_identification:_identify(src/follow_objects) by extension 'ros'
[15.364s] DEBUG:colcon.colcon_core.package_identification:Package 'src/follow_objects' with type 'ros.ament_python' and name 'follow_objects'
[15.365s] Level 1:colcon.colcon_core.package_identification:_identify(src/py_pubsub) by extensions ['ignore', 'ignore_ament_install']
[15.366s] Level 1:colcon.colcon_core.package_identification:_identify(src/py_pubsub) by extension 'ignore'
[15.371s] Level 1:colcon.colcon_core.package_identification:_identify(src/py_pubsub) by extension 'ignore_ament_install'
[15.371s] Level 1:colcon.colcon_core.package_identification:_identify(src/py_pubsub) by extensions ['colcon_pkg']
[15.372s] Level 1:colcon.colcon_core.package_identification:_identify(src/py_pubsub) by extension 'colcon_pkg'
[15.372s] Level 1:colcon.colcon_core.package_identification:_identify(src/py_pubsub) by extensions ['colcon_meta']
[15.373s] Level 1:colcon.colcon_core.package_identification:_identify(src/py_pubsub) by extension 'colcon_meta'
[15.373s] Level 1:colcon.colcon_core.package_identification:_identify(src/py_pubsub) by extensions ['ros']
[15.373s] Level 1:colcon.colcon_core.package_identification:_identify(src/py_pubsub) by extension 'ros'
[15.375s] DEBUG:colcon.colcon_core.package_identification:Package 'src/py_pubsub' with type 'ros.ament_python' and name 'py_pubsub'
[15.377s] Level 1:colcon.colcon_core.package_identification:_identify(src/teamwh_object_follower) by extensions ['ignore', 'ignore_ament_install']
[15.378s] Level 1:colcon.colcon_core.package_identification:_identify(src/teamwh_object_follower) by extension 'ignore'
[15.379s] Level 1:colcon.colcon_core.package_identification:_identify(src/teamwh_object_follower) by extension 'ignore_ament_install'
[15.380s] Level 1:colcon.colcon_core.package_identification:_identify(src/teamwh_object_follower) by extensions ['colcon_pkg']
[15.380s] Level 1:colcon.colcon_core.package_identification:_identify(src/teamwh_object_follower) by extension 'colcon_pkg'
[15.380s] Level 1:colcon.colcon_core.package_identification:_identify(src/teamwh_object_follower) by extensions ['colcon_meta']
[15.381s] Level 1:colcon.colcon_core.package_identification:_identify(src/teamwh_object_follower) by extension 'colcon_meta'
[15.382s] Level 1:colcon.colcon_core.package_identification:_identify(src/teamwh_object_follower) by extensions ['ros']
[15.383s] Level 1:colcon.colcon_core.package_identification:_identify(src/teamwh_object_follower) by extension 'ros'
[15.386s] DEBUG:colcon.colcon_core.package_identification:Package 'src/teamwh_object_follower' with type 'ros.ament_python' and name 'teamwh_object_follower'
[15.386s] Level 1:colcon.colcon_core.package_discovery:discover_packages(recursive) using defaults
[15.386s] Level 1:colcon.colcon_core.package_discovery:discover_packages(ignore) discover
[15.387s] Level 1:colcon.colcon_core.package_discovery:discover_packages(ignore) using defaults
[15.387s] Level 1:colcon.colcon_core.package_discovery:discover_packages(path) discover
[15.387s] Level 1:colcon.colcon_core.package_discovery:discover_packages(path) using defaults
[16.196s] INFO:colcon.colcon_core.package_selection:Skipping not selected package 'follow_objects' in 'src/follow_objects'
[16.196s] INFO:colcon.colcon_core.package_selection:Skipping not selected package 'py_pubsub' in 'src/py_pubsub'
[16.534s] Level 1:colcon.colcon_core.package_discovery:discover_packages(prefix_path) check parameters
[16.534s] Level 1:colcon.colcon_core.package_discovery:discover_packages(prefix_path) discover
[16.823s] DEBUG:colcon.colcon_installed_package_information.package_discovery:Found 8 installed packages in /home/burger/dontTouch_ws/install
[16.968s] DEBUG:colcon.colcon_installed_package_information.package_discovery:Found 244 installed packages in /opt/ros/humble
[16.977s] Level 1:colcon.colcon_core.package_discovery:discover_packages(prefix_path) using defaults
[18.060s] Level 5:colcon.colcon_core.verb:set package 'teamwh_object_follower' build argument 'cmake_args' from command line to 'None'
[18.061s] Level 5:colcon.colcon_core.verb:set package 'teamwh_object_follower' build argument 'cmake_target' from command line to 'None'
[18.061s] Level 5:colcon.colcon_core.verb:set package 'teamwh_object_follower' build argument 'cmake_target_skip_unavailable' from command line to 'False'
[18.061s] Level 5:colcon.colcon_core.verb:set package 'teamwh_object_follower' build argument 'cmake_clean_cache' from command line to 'False'
[18.061s] Level 5:colcon.colcon_core.verb:set package 'teamwh_object_follower' build argument 'cmake_clean_first' from command line to 'False'
[18.061s] Level 5:colcon.colcon_core.verb:set package 'teamwh_object_follower' build argument 'cmake_force_configure' from command line to 'False'
[18.062s] Level 5:colcon.colcon_core.verb:set package 'teamwh_object_follower' build argument 'ament_cmake_args' from command line to 'None'
[18.062s] Level 5:colcon.colcon_core.verb:set package 'teamwh_object_follower' build argument 'catkin_cmake_args' from command line to 'None'
[18.062s] Level 5:colcon.colcon_core.verb:set package 'teamwh_object_follower' build argument 'catkin_skip_building_tests' from command line to 'False'
[18.062s] DEBUG:colcon.colcon_core.verb:Building package 'teamwh_object_follower' with the following arguments: {'ament_cmake_args': None, 'build_base': '/home/burger/worren_hu_ws/build/teamwh_object_follower', 'catkin_cmake_args': None, 'catkin_skip_building_tests': False, 'cmake_args': None, 'cmake_clean_cache': False, 'cmake_clean_first': False, 'cmake_force_configure': False, 'cmake_target': None, 'cmake_target_skip_unavailable': False, 'install_base': '/home/burger/worren_hu_ws/install/teamwh_object_follower', 'merge_install': False, 'path': '/home/burger/worren_hu_ws/src/teamwh_object_follower', 'symlink_install': False, 'test_result_base': None}
[18.242s] INFO:colcon.colcon_core.executor:Executing jobs using 'parallel' executor
[18.545s] DEBUG:colcon.colcon_parallel_executor.executor.parallel:run_until_complete
[18.546s] INFO:colcon.colcon_ros.task.ament_python.build:Building ROS package in '/home/burger/worren_hu_ws/src/teamwh_object_follower' with build type 'ament_python'
[18.547s] Level 1:colcon.colcon_core.shell:create_environment_hook('teamwh_object_follower', 'ament_prefix_path')
[18.784s] INFO:colcon.colcon_core.plugin_system:Skipping extension 'colcon_core.shell.bat': Not used on non-Windows systems
[18.786s] INFO:colcon.colcon_core.shell:Creating environment hook '/home/burger/worren_hu_ws/install/teamwh_object_follower/share/teamwh_object_follower/hook/ament_prefix_path.ps1'
[18.791s] INFO:colcon.colcon_core.shell:Creating environment descriptor '/home/burger/worren_hu_ws/install/teamwh_object_follower/share/teamwh_object_follower/hook/ament_prefix_path.dsv'
[18.796s] INFO:colcon.colcon_core.shell:Creating environment hook '/home/burger/worren_hu_ws/install/teamwh_object_follower/share/teamwh_object_follower/hook/ament_prefix_path.sh'
[19.009s] INFO:colcon.colcon_core.shell:Skip shell extension 'powershell' for command environment: Not usable outside of PowerShell
[19.010s] DEBUG:colcon.colcon_core.shell:Skip shell extension 'dsv' for command environment
[22.049s] INFO:colcon.colcon_core.task.python.build:Building Python package in '/home/burger/worren_hu_ws/src/teamwh_object_follower'
[22.133s] INFO:colcon.colcon_core.shell:Skip shell extension 'powershell' for command environment: Not usable outside of PowerShell
[22.133s] DEBUG:colcon.colcon_core.shell:Skip shell extension 'dsv' for command environment
[24.411s] DEBUG:colcon.colcon_core.event_handler.log_command:Invoking command in '/home/burger/worren_hu_ws/src/teamwh_object_follower': PYTHONPATH=/home/burger/worren_hu_ws/build/teamwh_object_follower/prefix_override:/home/burger/worren_hu_ws/install/teamwh_object_follower/lib/python3.10/site-packages:${PYTHONPATH} /usr/bin/python3 setup.py egg_info --egg-base ../../build/teamwh_object_follower build --build-base /home/burger/worren_hu_ws/build/teamwh_object_follower/build install --record /home/burger/worren_hu_ws/build/teamwh_object_follower/install.log --single-version-externally-managed
[26.062s] DEBUG:colcon.colcon_core.event_handler.log_command:Invoked command in '/home/burger/worren_hu_ws/src/teamwh_object_follower' returned '0': PYTHONPATH=/home/burger/worren_hu_ws/build/teamwh_object_follower/prefix_override:/home/burger/worren_hu_ws/install/teamwh_object_follower/lib/python3.10/site-packages:${PYTHONPATH} /usr/bin/python3 setup.py egg_info --egg-base ../../build/teamwh_object_follower build --build-base /home/burger/worren_hu_ws/build/teamwh_object_follower/build install --record /home/burger/worren_hu_ws/build/teamwh_object_follower/install.log --single-version-externally-managed
[26.147s] Level 1:colcon.colcon_core.environment:checking '/home/burger/worren_hu_ws/install/teamwh_object_follower' for CMake module files
[26.150s] Level 1:colcon.colcon_core.environment:checking '/home/burger/worren_hu_ws/install/teamwh_object_follower' for CMake config files
[26.154s] Level 1:colcon.colcon_core.environment:checking '/home/burger/worren_hu_ws/install/teamwh_object_follower/lib'
[26.155s] Level 1:colcon.colcon_core.environment:checking '/home/burger/worren_hu_ws/install/teamwh_object_follower/bin'
[26.156s] Level 1:colcon.colcon_core.environment:checking '/home/burger/worren_hu_ws/install/teamwh_object_follower/lib/pkgconfig/teamwh_object_follower.pc'
[26.157s] Level 1:colcon.colcon_core.environment:checking '/home/burger/worren_hu_ws/install/teamwh_object_follower/lib/python3.10/site-packages'
[26.157s] Level 1:colcon.colcon_core.shell:create_environment_hook('teamwh_object_follower', 'pythonpath')
[26.235s] INFO:colcon.colcon_core.shell:Creating environment hook '/home/burger/worren_hu_ws/install/teamwh_object_follower/share/teamwh_object_follower/hook/pythonpath.ps1'
[26.239s] INFO:colcon.colcon_core.shell:Creating environment descriptor '/home/burger/worren_hu_ws/install/teamwh_object_follower/share/teamwh_object_follower/hook/pythonpath.dsv'
[26.241s] INFO:colcon.colcon_core.shell:Creating environment hook '/home/burger/worren_hu_ws/install/teamwh_object_follower/share/teamwh_object_follower/hook/pythonpath.sh'
[26.244s] Level 1:colcon.colcon_core.environment:checking '/home/burger/worren_hu_ws/install/teamwh_object_follower/bin'
[26.245s] Level 1:colcon.colcon_core.environment:create_environment_scripts_only(teamwh_object_follower)
[26.318s] INFO:colcon.colcon_core.shell:Creating package script '/home/burger/worren_hu_ws/install/teamwh_object_follower/share/teamwh_object_follower/package.ps1'
[26.322s] INFO:colcon.colcon_core.shell:Creating package descriptor '/home/burger/worren_hu_ws/install/teamwh_object_follower/share/teamwh_object_follower/package.dsv'
[26.325s] INFO:colcon.colcon_core.shell:Creating package script '/home/burger/worren_hu_ws/install/teamwh_object_follower/share/teamwh_object_follower/package.sh'
[26.329s] INFO:colcon.colcon_core.shell:Creating package script '/home/burger/worren_hu_ws/install/teamwh_object_follower/share/teamwh_object_follower/package.bash'
[26.333s] INFO:colcon.colcon_core.shell:Creating package script '/home/burger/worren_hu_ws/install/teamwh_object_follower/share/teamwh_object_follower/package.zsh'
[26.336s] Level 1:colcon.colcon_core.environment:create_file_with_runtime_dependencies(/home/burger/worren_hu_ws/install/teamwh_object_follower/share/colcon-core/packages/teamwh_object_follower)
[26.338s] DEBUG:colcon.colcon_parallel_executor.executor.parallel:closing loop
[26.340s] DEBUG:colcon.colcon_parallel_executor.executor.parallel:loop closed
[26.340s] DEBUG:colcon.colcon_parallel_executor.executor.parallel:run_until_complete finished with '0'
[26.341s] DEBUG:colcon.colcon_core.event_reactor:joining thread
[26.441s] INFO:colcon.colcon_core.plugin_system:Skipping extension 'colcon_notification.desktop_notification.notify_send': Could not find 'notify-send'
[26.442s] INFO:colcon.colcon_core.plugin_system:Skipping extension 'colcon_notification.desktop_notification.terminal_notifier': Not used on non-Darwin systems
[26.442s] INFO:colcon.colcon_core.plugin_system:Skipping extension 'colcon_notification.desktop_notification.win32': Not used on non-Windows systems
[26.442s] INFO:colcon.colcon_notification.desktop_notification:Sending desktop notification using 'notify2'
[26.447s] DEBUG:colcon.colcon_notification.desktop_notification.notify2:Failed to initialize notify2: org.freedesktop.DBus.Error.ServiceUnknown: The name org.freedesktop.Notifications was not provided by any .service files
[26.447s] DEBUG:colcon.colcon_core.event_reactor:joined thread
[26.567s] INFO:colcon.colcon_core.shell:Creating prefix script '/home/burger/worren_hu_ws/install/local_setup.ps1'
[26.571s] INFO:colcon.colcon_core.shell:Creating prefix util module '/home/burger/worren_hu_ws/install/_local_setup_util_ps1.py'
[26.577s] INFO:colcon.colcon_core.shell:Creating prefix chain script '/home/burger/worren_hu_ws/install/setup.ps1'
[26.665s] INFO:colcon.colcon_core.shell:Creating prefix script '/home/burger/worren_hu_ws/install/local_setup.sh'
[26.668s] INFO:colcon.colcon_core.shell:Creating prefix util module '/home/burger/worren_hu_ws/install/_local_setup_util_sh.py'
[26.671s] INFO:colcon.colcon_core.shell:Creating prefix chain script '/home/burger/worren_hu_ws/install/setup.sh'
[26.755s] INFO:colcon.colcon_core.shell:Creating prefix script '/home/burger/worren_hu_ws/install/local_setup.bash'
[26.758s] INFO:colcon.colcon_core.shell:Creating prefix chain script '/home/burger/worren_hu_ws/install/setup.bash'
[26.840s] INFO:colcon.colcon_core.shell:Creating prefix script '/home/burger/worren_hu_ws/install/local_setup.zsh'
[26.843s] INFO:colcon.colcon_core.shell:Creating prefix chain script '/home/burger/worren_hu_ws/install/setup.zsh'
