running egg_info
creating build/follow_objects/follow_objects.egg-info
writing build/follow_objects/follow_objects.egg-info/PKG-INFO
writing dependency_links to build/follow_objects/follow_objects.egg-info/dependency_links.txt
writing entry points to build/follow_objects/follow_objects.egg-info/entry_points.txt
writing requirements to build/follow_objects/follow_objects.egg-info/requires.txt
writing top-level names to build/follow_objects/follow_objects.egg-info/top_level.txt
writing manifest file 'build/follow_objects/follow_objects.egg-info/SOURCES.txt'
reading manifest file 'build/follow_objects/follow_objects.egg-info/SOURCES.txt'
adding license file 'LICENSE'
writing manifest file 'build/follow_objects/follow_objects.egg-info/SOURCES.txt'
running build
running build_py
creating /home/worren_hu/ros2_ws/src/follow_objects/build/follow_objects/build
creating /home/worren_hu/ros2_ws/src/follow_objects/build/follow_objects/build/lib
creating /home/worren_hu/ros2_ws/src/follow_objects/build/follow_objects/build/lib/follow_objects
copying follow_objects/__init__.py -> /home/worren_hu/ros2_ws/src/follow_objects/build/follow_objects/build/lib/follow_objects
copying follow_objects/turn_turtlebot.py -> /home/worren_hu/ros2_ws/src/follow_objects/build/follow_objects/build/lib/follow_objects
copying follow_objects/find_object.py -> /home/worren_hu/ros2_ws/src/follow_objects/build/follow_objects/build/lib/follow_objects
copying follow_objects/my_node.py -> /home/worren_hu/ros2_ws/src/follow_objects/build/follow_objects/build/lib/follow_objects
copying follow_objects/view_image_raw.py -> /home/worren_hu/ros2_ws/src/follow_objects/build/follow_objects/build/lib/follow_objects
copying follow_objects/find_object2.py -> /home/worren_hu/ros2_ws/src/follow_objects/build/follow_objects/build/lib/follow_objects
running install
/usr/lib/python3/dist-packages/setuptools/command/install.py:34: SetuptoolsDeprecationWarning: setup.py install is deprecated. Use build and pip and other standards-based tools.
  warnings.warn(
running install_lib
creating /home/worren_hu/ros2_ws/src/follow_objects/install/follow_objects/lib/python3.10/site-packages/follow_objects
copying /home/worren_hu/ros2_ws/src/follow_objects/build/follow_objects/build/lib/follow_objects/__init__.py -> /home/worren_hu/ros2_ws/src/follow_objects/install/follow_objects/lib/python3.10/site-packages/follow_objects
copying /home/worren_hu/ros2_ws/src/follow_objects/build/follow_objects/build/lib/follow_objects/turn_turtlebot.py -> /home/worren_hu/ros2_ws/src/follow_objects/install/follow_objects/lib/python3.10/site-packages/follow_objects
copying /home/worren_hu/ros2_ws/src/follow_objects/build/follow_objects/build/lib/follow_objects/find_object.py -> /home/worren_hu/ros2_ws/src/follow_objects/install/follow_objects/lib/python3.10/site-packages/follow_objects
copying /home/worren_hu/ros2_ws/src/follow_objects/build/follow_objects/build/lib/follow_objects/my_node.py -> /home/worren_hu/ros2_ws/src/follow_objects/install/follow_objects/lib/python3.10/site-packages/follow_objects
copying /home/worren_hu/ros2_ws/src/follow_objects/build/follow_objects/build/lib/follow_objects/view_image_raw.py -> /home/worren_hu/ros2_ws/src/follow_objects/install/follow_objects/lib/python3.10/site-packages/follow_objects
copying /home/worren_hu/ros2_ws/src/follow_objects/build/follow_objects/build/lib/follow_objects/find_object2.py -> /home/worren_hu/ros2_ws/src/follow_objects/install/follow_objects/lib/python3.10/site-packages/follow_objects
byte-compiling /home/worren_hu/ros2_ws/src/follow_objects/install/follow_objects/lib/python3.10/site-packages/follow_objects/__init__.py to __init__.cpython-310.pyc
byte-compiling /home/worren_hu/ros2_ws/src/follow_objects/install/follow_objects/lib/python3.10/site-packages/follow_objects/turn_turtlebot.py to turn_turtlebot.cpython-310.pyc
byte-compiling /home/worren_hu/ros2_ws/src/follow_objects/install/follow_objects/lib/python3.10/site-packages/follow_objects/find_object.py to find_object.cpython-310.pyc
byte-compiling /home/worren_hu/ros2_ws/src/follow_objects/install/follow_objects/lib/python3.10/site-packages/follow_objects/my_node.py to my_node.cpython-310.pyc
byte-compiling /home/worren_hu/ros2_ws/src/follow_objects/install/follow_objects/lib/python3.10/site-packages/follow_objects/view_image_raw.py to view_image_raw.cpython-310.pyc
byte-compiling /home/worren_hu/ros2_ws/src/follow_objects/install/follow_objects/lib/python3.10/site-packages/follow_objects/find_object2.py to find_object2.cpython-310.pyc
running install_data
creating /home/worren_hu/ros2_ws/src/follow_objects/install/follow_objects/share/ament_index
creating /home/worren_hu/ros2_ws/src/follow_objects/install/follow_objects/share/ament_index/resource_index
creating /home/worren_hu/ros2_ws/src/follow_objects/install/follow_objects/share/ament_index/resource_index/packages
copying resource/follow_objects -> /home/worren_hu/ros2_ws/src/follow_objects/install/follow_objects/share/ament_index/resource_index/packages
copying package.xml -> /home/worren_hu/ros2_ws/src/follow_objects/install/follow_objects/share/follow_objects
creating /home/worren_hu/ros2_ws/src/follow_objects/install/follow_objects/share/follow_objects/launch
copying launch/follow_object_launch.py -> /home/worren_hu/ros2_ws/src/follow_objects/install/follow_objects/share/follow_objects/launch
running install_egg_info
Copying build/follow_objects/follow_objects.egg-info to /home/worren_hu/ros2_ws/src/follow_objects/install/follow_objects/lib/python3.10/site-packages/follow_objects-0.0.0-py3.10.egg-info
running install_scripts
Installing my_node = follow_objects.my_node:mainfind_object2 = follow_objects.find_object2:mainturn_turtlebot script to /home/worren_hu/ros2_ws/src/follow_objects/install/follow_objects/lib/follow_objects
writing list of installed files to '/home/worren_hu/ros2_ws/src/follow_objects/build/follow_objects/install.log'
