[0.699s] Invoking command in '/home/worren_hu/ros2_ws/src/follow_objects': PYTHONPATH=/home/worren_hu/ros2_ws/src/follow_objects/build/follow_objects/prefix_override:/home/worren_hu/ros2_ws/src/follow_objects/install/follow_objects/lib/python3.10/site-packages:${PYTHONPATH} /usr/bin/python3 setup.py egg_info --egg-base build/follow_objects build --build-base /home/worren_hu/ros2_ws/src/follow_objects/build/follow_objects/build install --record /home/worren_hu/ros2_ws/src/follow_objects/build/follow_objects/install.log --single-version-externally-managed
[0.914s] running egg_info
[0.914s] creating build/follow_objects/follow_objects.egg-info
[0.914s] writing build/follow_objects/follow_objects.egg-info/PKG-INFO
[0.915s] writing dependency_links to build/follow_objects/follow_objects.egg-info/dependency_links.txt
[0.915s] writing entry points to build/follow_objects/follow_objects.egg-info/entry_points.txt
[0.915s] writing requirements to build/follow_objects/follow_objects.egg-info/requires.txt
[0.915s] writing top-level names to build/follow_objects/follow_objects.egg-info/top_level.txt
[0.915s] writing manifest file 'build/follow_objects/follow_objects.egg-info/SOURCES.txt'
[0.917s] reading manifest file 'build/follow_objects/follow_objects.egg-info/SOURCES.txt'
[0.917s] adding license file 'LICENSE'
[0.918s] writing manifest file 'build/follow_objects/follow_objects.egg-info/SOURCES.txt'
[0.918s] running build
[0.918s] running build_py
[0.918s] creating /home/worren_hu/ros2_ws/src/follow_objects/build/follow_objects/build
[0.918s] creating /home/worren_hu/ros2_ws/src/follow_objects/build/follow_objects/build/lib
[0.918s] creating /home/worren_hu/ros2_ws/src/follow_objects/build/follow_objects/build/lib/follow_objects
[0.918s] copying follow_objects/__init__.py -> /home/worren_hu/ros2_ws/src/follow_objects/build/follow_objects/build/lib/follow_objects
[0.919s] copying follow_objects/turn_turtlebot.py -> /home/worren_hu/ros2_ws/src/follow_objects/build/follow_objects/build/lib/follow_objects
[0.919s] copying follow_objects/find_object.py -> /home/worren_hu/ros2_ws/src/follow_objects/build/follow_objects/build/lib/follow_objects
[0.919s] copying follow_objects/my_node.py -> /home/worren_hu/ros2_ws/src/follow_objects/build/follow_objects/build/lib/follow_objects
[0.919s] copying follow_objects/view_image_raw.py -> /home/worren_hu/ros2_ws/src/follow_objects/build/follow_objects/build/lib/follow_objects
[0.919s] copying follow_objects/find_object2.py -> /home/worren_hu/ros2_ws/src/follow_objects/build/follow_objects/build/lib/follow_objects
[0.919s] running install
[0.919s] /usr/lib/python3/dist-packages/setuptools/command/install.py:34: SetuptoolsDeprecationWarning: setup.py install is deprecated. Use build and pip and other standards-based tools.
[0.920s]   warnings.warn(
[0.920s] running install_lib
[0.921s] creating /home/worren_hu/ros2_ws/src/follow_objects/install/follow_objects/lib/python3.10/site-packages/follow_objects
[0.921s] copying /home/worren_hu/ros2_ws/src/follow_objects/build/follow_objects/build/lib/follow_objects/__init__.py -> /home/worren_hu/ros2_ws/src/follow_objects/install/follow_objects/lib/python3.10/site-packages/follow_objects
[0.921s] copying /home/worren_hu/ros2_ws/src/follow_objects/build/follow_objects/build/lib/follow_objects/turn_turtlebot.py -> /home/worren_hu/ros2_ws/src/follow_objects/install/follow_objects/lib/python3.10/site-packages/follow_objects
[0.921s] copying /home/worren_hu/ros2_ws/src/follow_objects/build/follow_objects/build/lib/follow_objects/find_object.py -> /home/worren_hu/ros2_ws/src/follow_objects/install/follow_objects/lib/python3.10/site-packages/follow_objects
[0.921s] copying /home/worren_hu/ros2_ws/src/follow_objects/build/follow_objects/build/lib/follow_objects/my_node.py -> /home/worren_hu/ros2_ws/src/follow_objects/install/follow_objects/lib/python3.10/site-packages/follow_objects
[0.921s] copying /home/worren_hu/ros2_ws/src/follow_objects/build/follow_objects/build/lib/follow_objects/view_image_raw.py -> /home/worren_hu/ros2_ws/src/follow_objects/install/follow_objects/lib/python3.10/site-packages/follow_objects
[0.921s] copying /home/worren_hu/ros2_ws/src/follow_objects/build/follow_objects/build/lib/follow_objects/find_object2.py -> /home/worren_hu/ros2_ws/src/follow_objects/install/follow_objects/lib/python3.10/site-packages/follow_objects
[0.922s] byte-compiling /home/worren_hu/ros2_ws/src/follow_objects/install/follow_objects/lib/python3.10/site-packages/follow_objects/__init__.py to __init__.cpython-310.pyc
[0.923s] byte-compiling /home/worren_hu/ros2_ws/src/follow_objects/install/follow_objects/lib/python3.10/site-packages/follow_objects/turn_turtlebot.py to turn_turtlebot.cpython-310.pyc
[0.923s] byte-compiling /home/worren_hu/ros2_ws/src/follow_objects/install/follow_objects/lib/python3.10/site-packages/follow_objects/find_object.py to find_object.cpython-310.pyc
[0.924s] byte-compiling /home/worren_hu/ros2_ws/src/follow_objects/install/follow_objects/lib/python3.10/site-packages/follow_objects/my_node.py to my_node.cpython-310.pyc
[0.924s] byte-compiling /home/worren_hu/ros2_ws/src/follow_objects/install/follow_objects/lib/python3.10/site-packages/follow_objects/view_image_raw.py to view_image_raw.cpython-310.pyc
[0.924s] byte-compiling /home/worren_hu/ros2_ws/src/follow_objects/install/follow_objects/lib/python3.10/site-packages/follow_objects/find_object2.py to find_object2.cpython-310.pyc
[0.926s] running install_data
[0.926s] creating /home/worren_hu/ros2_ws/src/follow_objects/install/follow_objects/share/ament_index
[0.926s] creating /home/worren_hu/ros2_ws/src/follow_objects/install/follow_objects/share/ament_index/resource_index
[0.926s] creating /home/worren_hu/ros2_ws/src/follow_objects/install/follow_objects/share/ament_index/resource_index/packages
[0.926s] copying resource/follow_objects -> /home/worren_hu/ros2_ws/src/follow_objects/install/follow_objects/share/ament_index/resource_index/packages
[0.926s] copying package.xml -> /home/worren_hu/ros2_ws/src/follow_objects/install/follow_objects/share/follow_objects
[0.927s] creating /home/worren_hu/ros2_ws/src/follow_objects/install/follow_objects/share/follow_objects/launch
[0.927s] copying launch/follow_object_launch.py -> /home/worren_hu/ros2_ws/src/follow_objects/install/follow_objects/share/follow_objects/launch
[0.927s] running install_egg_info
[0.928s] Copying build/follow_objects/follow_objects.egg-info to /home/worren_hu/ros2_ws/src/follow_objects/install/follow_objects/lib/python3.10/site-packages/follow_objects-0.0.0-py3.10.egg-info
[0.929s] running install_scripts
[0.958s] Installing my_node = follow_objects.my_node:mainfind_object2 = follow_objects.find_object2:mainturn_turtlebot script to /home/worren_hu/ros2_ws/src/follow_objects/install/follow_objects/lib/follow_objects
[0.960s] writing list of installed files to '/home/worren_hu/ros2_ws/src/follow_objects/build/follow_objects/install.log'
[0.985s] Invoked command in '/home/worren_hu/ros2_ws/src/follow_objects' returned '0': PYTHONPATH=/home/worren_hu/ros2_ws/src/follow_objects/build/follow_objects/prefix_override:/home/worren_hu/ros2_ws/src/follow_objects/install/follow_objects/lib/python3.10/site-packages:${PYTHONPATH} /usr/bin/python3 setup.py egg_info --egg-base build/follow_objects build --build-base /home/worren_hu/ros2_ws/src/follow_objects/build/follow_objects/build install --record /home/worren_hu/ros2_ws/src/follow_objects/build/follow_objects/install.log --single-version-externally-managed
