[4.910s] DEBUG:colcon:Command line arguments: ['/usr/bin/colcon', 'build', '--packages-select', 'teamwh_object_follower']
[4.910s] DEBUG:colcon:Parsed command line arguments: Namespace(log_base=None, log_level=None, verb_name='build', build_base='build', install_base='install', merge_install=False, symlink_install=False, test_result_base=None, continue_on_error=False, executor='parallel', parallel_workers=4, event_handlers=None, ignore_user_meta=False, metas=['./colcon.meta'], base_paths=['.'], packages_ignore=None, packages_ignore_regex=None, paths=None, packages_up_to=None, packages_up_to_regex=None, packages_above=None, packages_above_and_dependencies=None, packages_above_depth=None, packages_select_by_dep=None, packages_skip_by_dep=None, packages_skip_up_to=None, packages_select_build_failed=False, packages_skip_build_finished=False, packages_select_test_failures=False, packages_skip_test_passed=False, packages_select=['teamwh_object_follower'], packages_skip=None, packages_select_regex=None, packages_skip_regex=None, packages_start=None, packages_end=None, allow_overriding=[], cmake_args=None, cmake_target=None, cmake_target_skip_unavailable=False, cmake_clean_cache=False, cmake_clean_first=False, cmake_force_configure=False, ament_cmake_args=None, catkin_cmake_args=None, catkin_skip_building_tests=False, verb_parser=<colcon_defaults.argument_parser.defaults.DefaultArgumentsDecorator object at 0xffffabead870>, verb_extension=<colcon_core.verb.build.BuildVerb object at 0xffffabdf4c40>, main=<bound method BuildVerb.main of <colcon_core.verb.build.BuildVerb object at 0xffffabdf4c40>>)
[5.139s] Level 1:colcon.colcon_core.package_discovery:discover_packages(colcon_meta) check parameters
[5.140s] Level 1:colcon.colcon_core.package_discovery:discover_packages(recursive) check parameters
[5.140s] Level 1:colcon.colcon_core.package_discovery:discover_packages(ignore) check parameters
[5.140s] Level 1:colcon.colcon_core.package_discovery:discover_packages(path) check parameters
[5.140s] Level 1:colcon.colcon_core.package_discovery:discover_packages(colcon_meta) discover
[5.141s] Level 1:colcon.colcon_core.package_discovery:discover_packages(recursive) discover
[5.141s] INFO:colcon.colcon_core.package_discovery:Crawling recursively for packages in '/home/burger/worren_hu_ws'
[5.142s] Level 1:colcon.colcon_core.package_identification:_identify(.) by extensions ['ignore', 'ignore_ament_install']
[5.142s] Level 1:colcon.colcon_core.package_identification:_identify(.) by extension 'ignore'
[5.142s] Level 1:colcon.colcon_core.package_identification:_identify(.) by extension 'ignore_ament_install'
[5.142s] Level 1:colcon.colcon_core.package_identification:_identify(.) by extensions ['colcon_pkg']
[5.143s] Level 1:colcon.colcon_core.package_identification:_identify(.) by extension 'colcon_pkg'
[5.143s] Level 1:colcon.colcon_core.package_identification:_identify(.) by extensions ['colcon_meta']
[5.143s] Level 1:colcon.colcon_core.package_identification:_identify(.) by extension 'colcon_meta'
[5.143s] Level 1:colcon.colcon_core.package_identification:_identify(.) by extensions ['ros']
[5.143s] Level 1:colcon.colcon_core.package_identification:_identify(.) by extension 'ros'
[5.192s] Level 1:colcon.colcon_core.package_identification:_identify(.) by extensions ['cmake', 'python']
[5.193s] Level 1:colcon.colcon_core.package_identification:_identify(.) by extension 'cmake'
[5.193s] Level 1:colcon.colcon_core.package_identification:_identify(.) by extension 'python'
[5.193s] Level 1:colcon.colcon_core.package_identification:_identify(.) by extensions ['python_setup_py']
[5.193s] Level 1:colcon.colcon_core.package_identification:_identify(.) by extension 'python_setup_py'
[5.194s] Level 1:colcon.colcon_core.package_identification:_identify(build) by extensions ['ignore', 'ignore_ament_install']
[5.194s] Level 1:colcon.colcon_core.package_identification:_identify(build) by extension 'ignore'
[5.195s] Level 1:colcon.colcon_core.package_identification:_identify(build) ignored
[5.195s] Level 1:colcon.colcon_core.package_identification:_identify(install) by extensions ['ignore', 'ignore_ament_install']
[5.196s] Level 1:colcon.colcon_core.package_identification:_identify(install) by extension 'ignore'
[5.196s] Level 1:colcon.colcon_core.package_identification:_identify(install) ignored
[5.197s] Level 1:colcon.colcon_core.package_identification:_identify(log) by extensions ['ignore', 'ignore_ament_install']
[5.198s] Level 1:colcon.colcon_core.package_identification:_identify(log) by extension 'ignore'
[5.198s] Level 1:colcon.colcon_core.package_identification:_identify(log) ignored
[5.198s] Level 1:colcon.colcon_core.package_identification:_identify(src) by extensions ['ignore', 'ignore_ament_install']
[5.199s] Level 1:colcon.colcon_core.package_identification:_identify(src) by extension 'ignore'
[5.199s] Level 1:colcon.colcon_core.package_identification:_identify(src) by extension 'ignore_ament_install'
[5.199s] Level 1:colcon.colcon_core.package_identification:_identify(src) by extensions ['colcon_pkg']
[5.199s] Level 1:colcon.colcon_core.package_identification:_identify(src) by extension 'colcon_pkg'
[5.200s] Level 1:colcon.colcon_core.package_identification:_identify(src) by extensions ['colcon_meta']
[5.200s] Level 1:colcon.colcon_core.package_identification:_identify(src) by extension 'colcon_meta'
[5.200s] Level 1:colcon.colcon_core.package_identification:_identify(src) by extensions ['ros']
[5.200s] Level 1:colcon.colcon_core.package_identification:_identify(src) by extension 'ros'
[5.200s] Level 1:colcon.colcon_core.package_identification:_identify(src) by extensions ['cmake', 'python']
[5.201s] Level 1:colcon.colcon_core.package_identification:_identify(src) by extension 'cmake'
[5.201s] Level 1:colcon.colcon_core.package_identification:_identify(src) by extension 'python'
[5.201s] Level 1:colcon.colcon_core.package_identification:_identify(src) by extensions ['python_setup_py']
[5.201s] Level 1:colcon.colcon_core.package_identification:_identify(src) by extension 'python_setup_py'
[5.202s] Level 1:colcon.colcon_core.package_identification:_identify(src/follow_objects) by extensions ['ignore', 'ignore_ament_install']
[5.202s] Level 1:colcon.colcon_core.package_identification:_identify(src/follow_objects) by extension 'ignore'
[5.202s] Level 1:colcon.colcon_core.package_identification:_identify(src/follow_objects) by extension 'ignore_ament_install'
[5.202s] Level 1:colcon.colcon_core.package_identification:_identify(src/follow_objects) by extensions ['colcon_pkg']
[5.203s] Level 1:colcon.colcon_core.package_identification:_identify(src/follow_objects) by extension 'colcon_pkg'
[5.203s] Level 1:colcon.colcon_core.package_identification:_identify(src/follow_objects) by extensions ['colcon_meta']
[5.203s] Level 1:colcon.colcon_core.package_identification:_identify(src/follow_objects) by extension 'colcon_meta'
[5.203s] Level 1:colcon.colcon_core.package_identification:_identify(src/follow_objects) by extensions ['ros']
[5.203s] Level 1:colcon.colcon_core.package_identification:_identify(src/follow_objects) by extension 'ros'
[5.212s] DEBUG:colcon.colcon_core.package_identification:Package 'src/follow_objects' with type 'ros.ament_python' and name 'follow_objects'
[5.213s] Level 1:colcon.colcon_core.package_identification:_identify(src/py_pubsub) by extensions ['ignore', 'ignore_ament_install']
[5.214s] Level 1:colcon.colcon_core.package_identification:_identify(src/py_pubsub) by extension 'ignore'
[5.214s] Level 1:colcon.colcon_core.package_identification:_identify(src/py_pubsub) by extension 'ignore_ament_install'
[5.214s] Level 1:colcon.colcon_core.package_identification:_identify(src/py_pubsub) by extensions ['colcon_pkg']
[5.214s] Level 1:colcon.colcon_core.package_identification:_identify(src/py_pubsub) by extension 'colcon_pkg'
[5.215s] Level 1:colcon.colcon_core.package_identification:_identify(src/py_pubsub) by extensions ['colcon_meta']
[5.215s] Level 1:colcon.colcon_core.package_identification:_identify(src/py_pubsub) by extension 'colcon_meta'
[5.215s] Level 1:colcon.colcon_core.package_identification:_identify(src/py_pubsub) by extensions ['ros']
[5.215s] Level 1:colcon.colcon_core.package_identification:_identify(src/py_pubsub) by extension 'ros'
[5.217s] DEBUG:colcon.colcon_core.package_identification:Package 'src/py_pubsub' with type 'ros.ament_python' and name 'py_pubsub'
[5.218s] Level 1:colcon.colcon_core.package_identification:_identify(src/teamwh_object_follower) by extensions ['ignore', 'ignore_ament_install']
[5.218s] Level 1:colcon.colcon_core.package_identification:_identify(src/teamwh_object_follower) by extension 'ignore'
[5.218s] Level 1:colcon.colcon_core.package_identification:_identify(src/teamwh_object_follower) by extension 'ignore_ament_install'
[5.219s] Level 1:colcon.colcon_core.package_identification:_identify(src/teamwh_object_follower) by extensions ['colcon_pkg']
[5.219s] Level 1:colcon.colcon_core.package_identification:_identify(src/teamwh_object_follower) by extension 'colcon_pkg'
[5.219s] Level 1:colcon.colcon_core.package_identification:_identify(src/teamwh_object_follower) by extensions ['colcon_meta']
[5.219s] Level 1:colcon.colcon_core.package_identification:_identify(src/teamwh_object_follower) by extension 'colcon_meta'
[5.219s] Level 1:colcon.colcon_core.package_identification:_identify(src/teamwh_object_follower) by extensions ['ros']
[5.219s] Level 1:colcon.colcon_core.package_identification:_identify(src/teamwh_object_follower) by extension 'ros'
[5.222s] DEBUG:colcon.colcon_core.package_identification:Package 'src/teamwh_object_follower' with type 'ros.ament_python' and name 'teamwh_object_follower'
[5.222s] Level 1:colcon.colcon_core.package_discovery:discover_packages(recursive) using defaults
[5.222s] Level 1:colcon.colcon_core.package_discovery:discover_packages(ignore) discover
[5.222s] Level 1:colcon.colcon_core.package_discovery:discover_packages(ignore) using defaults
[5.222s] Level 1:colcon.colcon_core.package_discovery:discover_packages(path) discover
[5.222s] Level 1:colcon.colcon_core.package_discovery:discover_packages(path) using defaults
[5.522s] INFO:colcon.colcon_core.package_selection:Skipping not selected package 'follow_objects' in 'src/follow_objects'
[5.522s] INFO:colcon.colcon_core.package_selection:Skipping not selected package 'py_pubsub' in 'src/py_pubsub'
[5.672s] Level 1:colcon.colcon_core.package_discovery:discover_packages(prefix_path) check parameters
[5.672s] Level 1:colcon.colcon_core.package_discovery:discover_packages(prefix_path) discover
[5.821s] DEBUG:colcon.colcon_installed_package_information.package_discovery:Found 8 installed packages in /home/burger/dontTouch_ws/install
[5.902s] DEBUG:colcon.colcon_installed_package_information.package_discovery:Found 244 installed packages in /opt/ros/humble
[5.907s] Level 1:colcon.colcon_core.package_discovery:discover_packages(prefix_path) using defaults
[6.314s] Level 5:colcon.colcon_core.verb:set package 'teamwh_object_follower' build argument 'cmake_args' from command line to 'None'
[6.314s] Level 5:colcon.colcon_core.verb:set package 'teamwh_object_follower' build argument 'cmake_target' from command line to 'None'
[6.315s] Level 5:colcon.colcon_core.verb:set package 'teamwh_object_follower' build argument 'cmake_target_skip_unavailable' from command line to 'False'
[6.315s] Level 5:colcon.colcon_core.verb:set package 'teamwh_object_follower' build argument 'cmake_clean_cache' from command line to 'False'
[6.315s] Level 5:colcon.colcon_core.verb:set package 'teamwh_object_follower' build argument 'cmake_clean_first' from command line to 'False'
[6.315s] Level 5:colcon.colcon_core.verb:set package 'teamwh_object_follower' build argument 'cmake_force_configure' from command line to 'False'
[6.315s] Level 5:colcon.colcon_core.verb:set package 'teamwh_object_follower' build argument 'ament_cmake_args' from command line to 'None'
[6.315s] Level 5:colcon.colcon_core.verb:set package 'teamwh_object_follower' build argument 'catkin_cmake_args' from command line to 'None'
[6.315s] Level 5:colcon.colcon_core.verb:set package 'teamwh_object_follower' build argument 'catkin_skip_building_tests' from command line to 'False'
[6.315s] DEBUG:colcon.colcon_core.verb:Building package 'teamwh_object_follower' with the following arguments: {'ament_cmake_args': None, 'build_base': '/home/burger/worren_hu_ws/build/teamwh_object_follower', 'catkin_cmake_args': None, 'catkin_skip_building_tests': False, 'cmake_args': None, 'cmake_clean_cache': False, 'cmake_clean_first': False, 'cmake_force_configure': False, 'cmake_target': None, 'cmake_target_skip_unavailable': False, 'install_base': '/home/burger/worren_hu_ws/install/teamwh_object_follower', 'merge_install': False, 'path': '/home/burger/worren_hu_ws/src/teamwh_object_follower', 'symlink_install': False, 'test_result_base': None}
[6.389s] INFO:colcon.colcon_core.executor:Executing jobs using 'parallel' executor
[6.458s] DEBUG:colcon.colcon_parallel_executor.executor.parallel:run_until_complete
[6.460s] INFO:colcon.colcon_ros.task.ament_python.build:Building ROS package in '/home/burger/worren_hu_ws/src/teamwh_object_follower' with build type 'ament_python'
[6.460s] Level 1:colcon.colcon_core.shell:create_environment_hook('teamwh_object_follower', 'ament_prefix_path')
[6.538s] INFO:colcon.colcon_core.plugin_system:Skipping extension 'colcon_core.shell.bat': Not used on non-Windows systems
[6.539s] INFO:colcon.colcon_core.shell:Creating environment hook '/home/burger/worren_hu_ws/install/teamwh_object_follower/share/teamwh_object_follower/hook/ament_prefix_path.ps1'
[6.544s] INFO:colcon.colcon_core.shell:Creating environment descriptor '/home/burger/worren_hu_ws/install/teamwh_object_follower/share/teamwh_object_follower/hook/ament_prefix_path.dsv'
[6.548s] INFO:colcon.colcon_core.shell:Creating environment hook '/home/burger/worren_hu_ws/install/teamwh_object_follower/share/teamwh_object_follower/hook/ament_prefix_path.sh'
[6.625s] INFO:colcon.colcon_core.shell:Skip shell extension 'powershell' for command environment: Not usable outside of PowerShell
[6.625s] DEBUG:colcon.colcon_core.shell:Skip shell extension 'dsv' for command environment
[8.247s] INFO:colcon.colcon_core.task.python.build:Building Python package in '/home/burger/worren_hu_ws/src/teamwh_object_follower'
[8.316s] INFO:colcon.colcon_core.shell:Skip shell extension 'powershell' for command environment: Not usable outside of PowerShell
[8.316s] DEBUG:colcon.colcon_core.shell:Skip shell extension 'dsv' for command environment
[10.439s] DEBUG:colcon.colcon_core.event_handler.log_command:Invoking command in '/home/burger/worren_hu_ws/src/teamwh_object_follower': PYTHONPATH=/home/burger/worren_hu_ws/build/teamwh_object_follower/prefix_override:/home/burger/worren_hu_ws/install/teamwh_object_follower/lib/python3.10/site-packages:${PYTHONPATH} /usr/bin/python3 setup.py egg_info --egg-base ../../build/teamwh_object_follower build --build-base /home/burger/worren_hu_ws/build/teamwh_object_follower/build install --record /home/burger/worren_hu_ws/build/teamwh_object_follower/install.log --single-version-externally-managed
[12.021s] DEBUG:colcon.colcon_core.event_handler.log_command:Invoked command in '/home/burger/worren_hu_ws/src/teamwh_object_follower' returned '0': PYTHONPATH=/home/burger/worren_hu_ws/build/teamwh_object_follower/prefix_override:/home/burger/worren_hu_ws/install/teamwh_object_follower/lib/python3.10/site-packages:${PYTHONPATH} /usr/bin/python3 setup.py egg_info --egg-base ../../build/teamwh_object_follower build --build-base /home/burger/worren_hu_ws/build/teamwh_object_follower/build install --record /home/burger/worren_hu_ws/build/teamwh_object_follower/install.log --single-version-externally-managed
[12.110s] Level 1:colcon.colcon_core.environment:checking '/home/burger/worren_hu_ws/install/teamwh_object_follower' for CMake module files
[12.112s] Level 1:colcon.colcon_core.environment:checking '/home/burger/worren_hu_ws/install/teamwh_object_follower' for CMake config files
[12.118s] Level 1:colcon.colcon_core.environment:checking '/home/burger/worren_hu_ws/install/teamwh_object_follower/lib'
[12.119s] Level 1:colcon.colcon_core.environment:checking '/home/burger/worren_hu_ws/install/teamwh_object_follower/bin'
[12.119s] Level 1:colcon.colcon_core.environment:checking '/home/burger/worren_hu_ws/install/teamwh_object_follower/lib/pkgconfig/teamwh_object_follower.pc'
[12.120s] Level 1:colcon.colcon_core.environment:checking '/home/burger/worren_hu_ws/install/teamwh_object_follower/lib/python3.10/site-packages'
[12.121s] Level 1:colcon.colcon_core.shell:create_environment_hook('teamwh_object_follower', 'pythonpath')
[12.194s] INFO:colcon.colcon_core.shell:Creating environment hook '/home/burger/worren_hu_ws/install/teamwh_object_follower/share/teamwh_object_follower/hook/pythonpath.ps1'
[12.197s] INFO:colcon.colcon_core.shell:Creating environment descriptor '/home/burger/worren_hu_ws/install/teamwh_object_follower/share/teamwh_object_follower/hook/pythonpath.dsv'
[12.199s] INFO:colcon.colcon_core.shell:Creating environment hook '/home/burger/worren_hu_ws/install/teamwh_object_follower/share/teamwh_object_follower/hook/pythonpath.sh'
[12.202s] Level 1:colcon.colcon_core.environment:checking '/home/burger/worren_hu_ws/install/teamwh_object_follower/bin'
[12.202s] Level 1:colcon.colcon_core.environment:create_environment_scripts_only(teamwh_object_follower)
[12.271s] INFO:colcon.colcon_core.shell:Creating package script '/home/burger/worren_hu_ws/install/teamwh_object_follower/share/teamwh_object_follower/package.ps1'
[12.275s] INFO:colcon.colcon_core.shell:Creating package descriptor '/home/burger/worren_hu_ws/install/teamwh_object_follower/share/teamwh_object_follower/package.dsv'
[12.278s] INFO:colcon.colcon_core.shell:Creating package script '/home/burger/worren_hu_ws/install/teamwh_object_follower/share/teamwh_object_follower/package.sh'
[12.282s] INFO:colcon.colcon_core.shell:Creating package script '/home/burger/worren_hu_ws/install/teamwh_object_follower/share/teamwh_object_follower/package.bash'
[12.285s] INFO:colcon.colcon_core.shell:Creating package script '/home/burger/worren_hu_ws/install/teamwh_object_follower/share/teamwh_object_follower/package.zsh'
[12.288s] Level 1:colcon.colcon_core.environment:create_file_with_runtime_dependencies(/home/burger/worren_hu_ws/install/teamwh_object_follower/share/colcon-core/packages/teamwh_object_follower)
[12.290s] DEBUG:colcon.colcon_parallel_executor.executor.parallel:closing loop
[12.291s] DEBUG:colcon.colcon_parallel_executor.executor.parallel:loop closed
[12.291s] DEBUG:colcon.colcon_parallel_executor.executor.parallel:run_until_complete finished with '0'
[12.291s] DEBUG:colcon.colcon_core.event_reactor:joining thread
[12.414s] INFO:colcon.colcon_core.plugin_system:Skipping extension 'colcon_notification.desktop_notification.notify_send': Could not find 'notify-send'
[12.415s] INFO:colcon.colcon_core.plugin_system:Skipping extension 'colcon_notification.desktop_notification.terminal_notifier': Not used on non-Darwin systems
[12.415s] INFO:colcon.colcon_core.plugin_system:Skipping extension 'colcon_notification.desktop_notification.win32': Not used on non-Windows systems
[12.416s] INFO:colcon.colcon_notification.desktop_notification:Sending desktop notification using 'notify2'
[12.421s] DEBUG:colcon.colcon_notification.desktop_notification.notify2:Failed to initialize notify2: org.freedesktop.DBus.Error.ServiceUnknown: The name org.freedesktop.Notifications was not provided by any .service files
[12.422s] DEBUG:colcon.colcon_core.event_reactor:joined thread
[12.533s] INFO:colcon.colcon_core.shell:Creating prefix script '/home/burger/worren_hu_ws/install/local_setup.ps1'
[12.537s] INFO:colcon.colcon_core.shell:Creating prefix util module '/home/burger/worren_hu_ws/install/_local_setup_util_ps1.py'
[12.543s] INFO:colcon.colcon_core.shell:Creating prefix chain script '/home/burger/worren_hu_ws/install/setup.ps1'
[12.625s] INFO:colcon.colcon_core.shell:Creating prefix script '/home/burger/worren_hu_ws/install/local_setup.sh'
[12.627s] INFO:colcon.colcon_core.shell:Creating prefix util module '/home/burger/worren_hu_ws/install/_local_setup_util_sh.py'
[12.630s] INFO:colcon.colcon_core.shell:Creating prefix chain script '/home/burger/worren_hu_ws/install/setup.sh'
[12.706s] INFO:colcon.colcon_core.shell:Creating prefix script '/home/burger/worren_hu_ws/install/local_setup.bash'
[12.708s] INFO:colcon.colcon_core.shell:Creating prefix chain script '/home/burger/worren_hu_ws/install/setup.bash'
[12.791s] INFO:colcon.colcon_core.shell:Creating prefix script '/home/burger/worren_hu_ws/install/local_setup.zsh'
[12.794s] INFO:colcon.colcon_core.shell:Creating prefix chain script '/home/burger/worren_hu_ws/install/setup.zsh'
